output file: PAChain.2.32.log
tot grids = 764659
cell vol = 81675.0924  sum(weights) = 59071.9382
tot grids = 764659
cell vol = 81675.0924  sum(weights) = 59071.9382
tot grids = 764659
cell vol = 81675.0924  sum(weights) = 59071.9382
tot grids = 764659
cell vol = 81675.0924  sum(weights) = 59071.9382
tot grids = 764659
cell vol = 81675.0924  sum(weights) = 59071.9382
tot grids = 764659
cell vol = 81675.0924  sum(weights) = 59071.9382
tot grids = 764659
cell vol = 81675.0924  sum(weights) = 59071.9382
tot grids = 764659
cell vol = 81675.0924  sum(weights) = 59071.9382
tot grids = 764659
cell vol = 81675.0924  sum(weights) = 59071.9382
tot grids = 764659
cell vol = 81675.0924  sum(weights) = 59071.9382
tot grids = 764659
cell vol = 81675.0924  sum(weights) = 59071.9382
tot grids = 764659
cell vol = 81675.0924  sum(weights) = 59071.9382
tot grids = 764659
cell vol = 81675.0924  sum(weights) = 59071.9382
tot grids = 764659
cell vol = 81675.0924  sum(weights) = 59071.9382
tot grids = 764659
cell vol = 81675.0924  sum(weights) = 59071.9382
tot grids = 764659
cell vol = 81675.0924  sum(weights) = 59071.9382
tot grids = 764659
cell vol = 81675.0924  sum(weights) = 59071.9382
tot grids = 764659
cell vol = 81675.0924  sum(weights) = 59071.9382
tot grids = 764659
cell vol = 81675.0924  sum(weights) = 59071.9382
tot grids = 764659
cell vol = 81675.0924  sum(weights) = 59071.9382
tot grids = 764659
cell vol = 81675.0924  sum(weights) = 59071.9382
tot grids = 764659
cell vol = 81675.0924  sum(weights) = 59071.9382
tot grids = 764659
cell vol = 81675.0924  sum(weights) = 59071.9382
tot grids = 764659
cell vol = 81675.0924  sum(weights) = 59071.9382
tot grids = 764659
cell vol = 81675.0924  sum(weights) = 59071.9382
tot grids = 764659
cell vol = 81675.0924  sum(weights) = 59071.9382
tot grids = 764659
cell vol = 81675.0924  sum(weights) = 59071.9382
tot grids = 764659
cell vol = 81675.0924  sum(weights) = 59071.9382
tot grids = 764659
cell vol = 81675.0924  sum(weights) = 59071.9382
tot grids = 764659
cell vol = 81675.0924  sum(weights) = 59071.9382
tot grids = 764659
cell vol = 81675.0924  sum(weights) = 59071.9382
tot grids = 764659
cell vol = 81675.0924  sum(weights) = 59071.9382
tot grids = 764659
cell vol = 81675.0924  sum(weights) = 59071.9382
Results: LASSI 
Ionization Energy:  5.702035375886493
ElectAtt   Energy:  -2.54829894686697
Band Gap:  8.250334322753464
Results: PDFT
Ionization Energy:  4.361114047159388
ElectAtt   Energy:  2.380242080057991
Band Gap:  1.9808719671013972
