output file: PAChain.2.54.log
tot grids = 1290425
cell vol = 137826.718  sum(weights) = 99715.3451
tot grids = 1290425
cell vol = 137826.718  sum(weights) = 99715.3451
tot grids = 1290425
cell vol = 137826.718  sum(weights) = 99715.3451
tot grids = 1290425
cell vol = 137826.718  sum(weights) = 99715.3451
tot grids = 1290425
cell vol = 137826.718  sum(weights) = 99715.3451
tot grids = 1290425
cell vol = 137826.718  sum(weights) = 99715.3451
tot grids = 1290425
cell vol = 137826.718  sum(weights) = 99715.3451
tot grids = 1290425
cell vol = 137826.718  sum(weights) = 99715.3451
tot grids = 1290425
cell vol = 137826.718  sum(weights) = 99715.3451
tot grids = 1290425
cell vol = 137826.718  sum(weights) = 99715.3451
tot grids = 1290425
cell vol = 137826.718  sum(weights) = 99715.3451
tot grids = 1290425
cell vol = 137826.718  sum(weights) = 99715.3451
tot grids = 1290425
cell vol = 137826.718  sum(weights) = 99715.3451
tot grids = 1290425
cell vol = 137826.718  sum(weights) = 99715.3451
tot grids = 1290425
cell vol = 137826.718  sum(weights) = 99715.3451
tot grids = 1290425
cell vol = 137826.718  sum(weights) = 99715.3451
tot grids = 1290425
cell vol = 137826.718  sum(weights) = 99715.3451
tot grids = 1290425
cell vol = 137826.718  sum(weights) = 99715.3451
tot grids = 1290425
cell vol = 137826.718  sum(weights) = 99715.3451
tot grids = 1290425
cell vol = 137826.718  sum(weights) = 99715.3451
tot grids = 1290425
cell vol = 137826.718  sum(weights) = 99715.3451
tot grids = 1290425
cell vol = 137826.718  sum(weights) = 99715.3451
tot grids = 1290425
cell vol = 137826.718  sum(weights) = 99715.3451
tot grids = 1290425
cell vol = 137826.718  sum(weights) = 99715.3451
tot grids = 1290425
cell vol = 137826.718  sum(weights) = 99715.3451
tot grids = 1290425
cell vol = 137826.718  sum(weights) = 99715.3451
tot grids = 1290425
cell vol = 137826.718  sum(weights) = 99715.3451
tot grids = 1290425
cell vol = 137826.718  sum(weights) = 99715.3451
tot grids = 1290425
cell vol = 137826.718  sum(weights) = 99715.3451
tot grids = 1290425
cell vol = 137826.718  sum(weights) = 99715.3451
tot grids = 1290425
cell vol = 137826.718  sum(weights) = 99715.3451
tot grids = 1290425
cell vol = 137826.718  sum(weights) = 99715.3451
tot grids = 1290425
cell vol = 137826.718  sum(weights) = 99715.3451
tot grids = 1290425
cell vol = 137826.718  sum(weights) = 99715.3451
tot grids = 1290425
cell vol = 137826.718  sum(weights) = 99715.3451
tot grids = 1290425
cell vol = 137826.718  sum(weights) = 99715.3451
tot grids = 1290425
cell vol = 137826.718  sum(weights) = 99715.3451
tot grids = 1290425
cell vol = 137826.718  sum(weights) = 99715.3451
tot grids = 1290425
cell vol = 137826.718  sum(weights) = 99715.3451
tot grids = 1290425
cell vol = 137826.718  sum(weights) = 99715.3451
tot grids = 1290425
cell vol = 137826.718  sum(weights) = 99715.3451
tot grids = 1290425
cell vol = 137826.718  sum(weights) = 99715.3451
tot grids = 1290425
cell vol = 137826.718  sum(weights) = 99715.3451
tot grids = 1290425
cell vol = 137826.718  sum(weights) = 99715.3451
tot grids = 1290425
cell vol = 137826.718  sum(weights) = 99715.3451
tot grids = 1290425
cell vol = 137826.718  sum(weights) = 99715.3451
tot grids = 1290425
cell vol = 137826.718  sum(weights) = 99715.3451
tot grids = 1290425
cell vol = 137826.718  sum(weights) = 99715.3451
tot grids = 1290425
cell vol = 137826.718  sum(weights) = 99715.3451
tot grids = 1290425
cell vol = 137826.718  sum(weights) = 99715.3451
tot grids = 1290425
cell vol = 137826.718  sum(weights) = 99715.3451
tot grids = 1290425
cell vol = 137826.718  sum(weights) = 99715.3451
tot grids = 1290425
cell vol = 137826.718  sum(weights) = 99715.3451
tot grids = 1290425
cell vol = 137826.718  sum(weights) = 99715.3451
tot grids = 1290425
cell vol = 137826.718  sum(weights) = 99715.3451
Results: LASSI 
Ionization Energy:  7.03048403811959
ElectAtt   Energy:  -2.5474715927344898
Band Gap:  9.57795563085408
Results: PDFT
Ionization Energy:  4.4252510832694885
ElectAtt   Energy:  2.267259936002721
Band Gap:  2.1579911472667677
