output file: PAChain.4.32.log
tot grids = 764659
cell vol = 81675.0924  sum(weights) = 59071.9382
tot grids = 764659
cell vol = 81675.0924  sum(weights) = 59071.9382
tot grids = 764659
cell vol = 81675.0924  sum(weights) = 59071.9382
tot grids = 764659
cell vol = 81675.0924  sum(weights) = 59071.9382
tot grids = 764659
cell vol = 81675.0924  sum(weights) = 59071.9382
tot grids = 764659
cell vol = 81675.0924  sum(weights) = 59071.9382
tot grids = 764659
cell vol = 81675.0924  sum(weights) = 59071.9382
tot grids = 764659
cell vol = 81675.0924  sum(weights) = 59071.9382
tot grids = 764659
cell vol = 81675.0924  sum(weights) = 59071.9382
tot grids = 764659
cell vol = 81675.0924  sum(weights) = 59071.9382
tot grids = 764659
cell vol = 81675.0924  sum(weights) = 59071.9382
tot grids = 764659
cell vol = 81675.0924  sum(weights) = 59071.9382
tot grids = 764659
cell vol = 81675.0924  sum(weights) = 59071.9382
tot grids = 764659
cell vol = 81675.0924  sum(weights) = 59071.9382
tot grids = 764659
cell vol = 81675.0924  sum(weights) = 59071.9382
tot grids = 764659
cell vol = 81675.0924  sum(weights) = 59071.9382
tot grids = 764659
cell vol = 81675.0924  sum(weights) = 59071.9382
Results: LASSI 
Ionization Energy:  5.135663644713295
ElectAtt   Energy:  -1.7866702599692623
Band Gap:  6.922333904682557
Results: PDFT
Ionization Energy:  4.232337530227323
ElectAtt   Energy:  2.9374405381522593
Band Gap:  1.2948969920750635
