#INFO: **** input file is /project/lgagliardi/jangidbhavnesh/Re/Final/PolyAcetyleneChain/EOMCCSDBands/polyacetylene.las.py ****
import os
import sys
import pickle
import numpy as np
from functools import reduce
from pyscf import lib
from pyscf.pbc import scf, df
from pyscf.pbc import gto as pgto
from mrh.my_pyscf.mcscf.lasscf_o0 import LASSCF
from mrh.my_pyscf.lassi import lassi
from mrh.my_pyscf import mcpdft

def get_xyz(nU=1, d= 2.47):
    coords = [
    ("C", -0.5892731038,  0.3262391909,  0.0000000000),
    ("H", -0.5866101958,  1.4126530287,  0.0000000000),
    ("C",  0.5916281105, -0.3261693897,  0.0000000000),
    ("H",  0.5889652025, -1.4125832275,  0.0000000000)]

    translated_coords = []
    for t in range(nU):
        shift = t * d
        translated_coords.extend([(elem, x + shift, y, z) 
            for elem, x, y, z in coords])
    return translated_coords


def getCell(nC, nkpts=1, d=2.47, maxMem=500000, basis='321G', pseudo=None):
    """
    Build the Cell object
    """
    cell = pgto.Cell()
    cell.atom = get_xyz(nU=1, d=d)
    cell.a = np.diag([2.47, 17.5, 17.5])
    cell.basis = basis
    cell.pseudo = pseudo
    cell.precision=1e-12
    cell.verbose = lib.logger.INFO
    cell.max_memory = maxMem
    cell.output = f"PAChain.{2}.{nkpts}.log"
    cell.build()
    return cell

def runSCF(cell, nC, nkpts):
    """
    Mean-Field Calculation
    """
    nmp = [nkpts, 1, 1]
    kpts = cell.make_kpts(nmp)
    kmf = scf.KRHF(cell, kpts=kpts).density_fit()
    kmf.max_cycle=1000
    kmf.chkfile = f'PAchain.{2}.{nkpts}.chk'
    kmf.exxdiv = None
    kmf.conv_tol = 1e-12
    kmf.kernel()

    if not kmf.converged:
        kmf.newton().run()

    assert kmf, "mean-field didn't converge"
    return kmf


def runCCSDBands(cell, kmf, nkpts):
    from pyscf.pbc import gto, cc
    from pyscf.pbc.cc import eom_kccsd_rhf as eom_krccsd
    kpts = cell.make_kpts([nkpts, 1, 1])
    mycc = cc.KRCCSD(kmf)
    ekrcc = mycc.kernel()[0]
    eomip = mycc.ipccsd(nroots=1)[0]
    eomea = mycc.eaccsd(nroots=1)[0]
    return ekrcc, eomip, eomea, kmf.kpts

def savepickel(mf, lsi, pdftenergy=0, nCfrag=2, nC=2, R=2.47):
    """
    Save the LAS Band Structure Data
    """

    civec = lsi.get_sivec_vacuum_shuffle(state=0)
    nfrags = int(nC/nCfrag)
    charges = util.las_charges(lsi._las)

    data = {"energies_lassi":lsi.e_roots,
            "energies_lassipdft":pdftenergy,
            "civecs":civec,
            "charges":charges,
            "nfrags":nfrags,
            "dist":R,
            "mf_coeff":mf.mo_coeff,
            "mf_occ":mf.mo_occ,
            "mf_ene":mf.mo_energy}

if __name__ == "__main__":

    nC = int(sys.argv[1]) # No of CH-atoms
    nCfrag = min(2, nC)
    nfrags = int(nC/nCfrag)
    assert nC%2==0
    d = 2.47

    for nkpts in [1, 2, 4, 8, 16]:

        cell =  getCell(nC, nkpts=nkpts, d=d, maxMem=900000, basis='321G')

        kmf = runSCF(cell, nC, nkpts)

        e, eip, ea, k = runCCSDBands(cell, kmf, nkpts)

        data = {
        'eip': eip,
        'ea': ea,
        'k': k}

        with open(f"PAChain.{2}.{nkpts}.pkl", "wb") as f:
            pickle.dump(data, f)

        print("Results:")
        print("Ionization Energy: {:.2f}".format((max(eip)[0])))
        print("ElectAtt Energy: {:.2f}".format((min(ea)[0])))
        print("Band Gap: {:.2f}".format((max(eip) + min(ea))[0]))
#INFO: ******************** input file end ********************


System: uname_result(system='Linux', node='midway3-0543.rcc.local', release='4.18.0-305.3.1.el8.x86_64', version='#1 SMP Tue Jun 1 16:14:33 UTC 2021', machine='x86_64')  Threads 128
Python 3.9.13 (main, Aug 25 2022, 23:26:10) 
[GCC 11.2.0]
numpy 1.26.2  scipy 1.11.4  h5py 3.10.0
Date: Thu Mar 13 09:14:39 2025
PySCF version 2.8.0
PySCF path  /home/jangidbhavnesh/bin/pyscf
GIT ORIG_HEAD a0665c4a7bf54e33f01295b3eea390be7a17d76d
GIT HEAD (branch master) 6f6d3741bf42543e02ccaa1d4ef43d9bf83b3dda
mrh path  /home/jangidbhavnesh/bin/mrh
GIT ORIG_HEAD ed1f605b415d72e71fb56d97b9d163809b62b172
GIT HEAD (branch master) ea89791c15c26abd3b0f0efdeadd7a286ca4585a

[ENV] PYSCF_EXT_PATH /home/jangidbhavnesh/bin/pyscf:/home/jangidbhavnesh/bin/pyscf-forge:/home/jangidbhavnesh/bin/dmrgscf:/home/jangidbhavnesh/bin:
[CONFIG] conf_file /home/jangidbhavnesh/.pyscf_conf.py
[INPUT] verbose = 4
[INPUT] num. atoms = 4
[INPUT] num. electrons = 14
[INPUT] charge = 0
[INPUT] spin (= nelec alpha-beta = 2S) = 0
[INPUT] symmetry False subgroup None
[INPUT] Mole.unit = angstrom
[INPUT] Symbol           X                Y                Z      unit          X                Y                Z       unit  Magmom
[INPUT]  1 C     -0.589273103800   0.326239190900   0.000000000000 AA   -1.113564778754   0.616502721901   0.000000000000 Bohr   0.0
[INPUT]  2 H     -0.586610195800   1.412653028700   0.000000000000 AA   -1.108532611939   2.669527333280   0.000000000000 Bohr   0.0
[INPUT]  3 C      0.591628110500  -0.326169389700   0.000000000000 AA    1.118015096439  -0.616370816750   0.000000000000 Bohr   0.0
[INPUT]  4 H      0.588965202500  -1.412583227500   0.000000000000 AA    1.112982929624  -2.669395428129   0.000000000000 Bohr   0.0

nuclear repulsion = 47.7395420522365
number of shells = 14
number of NR pGTOs = 36
number of NR cGTOs = 22
basis = 321G
ecp = {}
CPU time:      8863.30
lattice vectors  a1 [4.667623528, 0.000000000, 0.000000000]
                 a2 [0.000000000, 33.070207180, 0.000000000]
                 a3 [0.000000000, 0.000000000, 33.070207180]
dimension = 3
low_dim_ft_type = None
Cell volume = 5104.69
rcut = 20.04810639385171 (nimgs = [5 1 1])
lattice sum = 59 cells
precision = 1e-12
pseudo = None
ke_cutoff = 20215.295844348162
    = [ 301 2119 2119] mesh (1351538461 PWs)


******** <class 'pyscf.pbc.scf.khf.KRHF'> ********
method = KRHF
initial guess = minao
damping factor = 0
level_shift factor = 0
DIIS = <class 'pyscf.scf.diis.CDIIS'>
diis_start_cycle = 1
diis_space = 8
diis_damp = 0
SCF conv_tol = 1e-12
SCF conv_tol_grad = None
SCF max_cycles = 1000
direct_scf = True
direct_scf_tol = 1e-13
chkfile to save SCF result = PAchain.2.8.chk
max_memory 900000 MB (current use 1576 MB)


******** PBC SCF flags ********
N kpts = 8
Exchange divergence treatment (exxdiv) = None
DF object = <pyscf.pbc.df.df.GDF object at 0x7f4cca9c28e0>
Set gradient conv threshold to 1e-06


******** <class 'pyscf.pbc.df.rsdf_builder._RSNucBuilder'> ********
mesh = [ 9 59 59] (31329 PWs)
ke_cutoff = 14.496330542290359
omega = 0.43120453093153466
exclude_d_aux = False
exclude_dd_block = True
j2c_eig_always = False
has_long_range = True


******** <class 'pyscf.pbc.df.df.GDF'> ********
auxbasis = None
exp_to_discard = None
_cderi_to_save = /tmp/jobs/29239886/tmp9jib_r0_
len(kpts) = 8
Default auxbasis def2-svp-jkfit is used for C 321G
Default auxbasis def2-svp-jkfit is used for H 321G
Drop 0 primitive fitting functions
make aux basis, num shells = 62, num cGTOs = 186
auxcell.rcut 24.28800816642883


******** <class 'pyscf.pbc.df.rsdf_builder._RSGDFBuilder'> ********
mesh = [ 7 35 35] (8575 PWs)
ke_cutoff = 5.216194205832188
omega = 0.24922919841484065
exclude_d_aux = True
exclude_dd_block = True
j2c_eig_always = False
has_long_range = True
init E= -76.4568124526776
HOMO = -0.0695507814227  LUMO = -0.0222396706029
cycle= 1 E= -75.8663629680666  delta_E= 0.59  |g|= 0.592  |ddm|= 5.61
HOMO = -0.137697960913  LUMO = -0.00124588572029
cycle= 2 E= -75.8851289363182  delta_E= -0.0188  |g|= 0.154  |ddm|= 1.38
HOMO = -0.121442552965  LUMO = 0.0386305264518
cycle= 3 E= -75.8862526493089  delta_E= -0.00112  |g|= 0.0424  |ddm|= 0.31
HOMO = -0.132262436757  LUMO = 0.0340390753418
cycle= 4 E= -75.8863381860148  delta_E= -8.55e-05  |g|= 0.00439  |ddm|= 0.0717
HOMO = -0.133121207149  LUMO = 0.035416942079
cycle= 5 E= -75.8863410719588  delta_E= -2.89e-06  |g|= 0.000776  |ddm|= 0.014
HOMO = -0.133401745818  LUMO = 0.0357107899096
cycle= 6 E= -75.8863411811328  delta_E= -1.09e-07  |g|= 6.88e-05  |ddm|= 0.00299
HOMO = -0.13341907702  LUMO = 0.0357221969628
cycle= 7 E= -75.8863411816511  delta_E= -5.18e-10  |g|= 5.58e-06  |ddm|= 0.000229
HOMO = -0.133420420586  LUMO = 0.0357227533426
cycle= 8 E= -75.8863411816534  delta_E= -2.36e-12  |g|= 6.42e-07  |ddm|= 1.71e-05
HOMO = -0.133420528458  LUMO = 0.0357225358062
cycle= 9 E= -75.8863411816537  delta_E= -2.27e-13  |g|= 3.88e-08  |ddm|= 1.19e-06
HOMO = -0.133420529137  LUMO = 0.0357225411135
Extra cycle  E= -75.8863411816535  delta_E= 1.71e-13  |g|= 9.8e-09  |ddm|= 7.4e-08
converged SCF energy = -75.8863411816535

******** <class 'pyscf.pbc.cc.kccsd_rhf.RCCSD'> ********
CC2 = 0
CCSD nocc = 7, nmo = 22
max_cycle = 50
direct = 1
conv_tol = 1e-07
conv_tol_normt = 1e-05
diis_space = 6
diis_start_cycle = 0
diis_start_energy_diff = 1e+09
max_memory 900000 MB (current use 1670 MB)


******** <class 'pyscf.pbc.df.rsdf_builder._RSNucBuilder'> ********
mesh = [ 9 59 59] (31329 PWs)
ke_cutoff = 14.496330542290359
omega = 0.43120453093153466
exclude_d_aux = False
exclude_dd_block = True
j2c_eig_always = False
has_long_range = True
using incore ERI storage
Init t2, MP2 energy (with fock eigenvalue shift) = -0.178149084041893
Init E_corr(RCCSD) = -0.178149084041893
cycle = 1  E_corr(RCCSD) = -0.18414486724568  dE = -0.0059957832  norm(t1,t2) = 0.145143
cycle = 2  E_corr(RCCSD) = -0.190487500768574  dE = -0.00634263352  norm(t1,t2) = 0.0667013
cycle = 3  E_corr(RCCSD) = -0.192162535540757  dE = -0.00167503477  norm(t1,t2) = 0.0334065
cycle = 4  E_corr(RCCSD) = -0.193475417344276  dE = -0.0013128818  norm(t1,t2) = 0.0192312
cycle = 5  E_corr(RCCSD) = -0.193599482083959  dE = -0.00012406474  norm(t1,t2) = 0.0061323
cycle = 6  E_corr(RCCSD) = -0.193488356668016  dE = 0.000111125416  norm(t1,t2) = 0.00283502
cycle = 7  E_corr(RCCSD) = -0.193471608668166  dE = 1.67479998e-05  norm(t1,t2) = 0.00110786
cycle = 8  E_corr(RCCSD) = -0.193484915117171  dE = -1.3306449e-05  norm(t1,t2) = 0.000623433
cycle = 9  E_corr(RCCSD) = -0.193479532720986  dE = 5.38239618e-06  norm(t1,t2) = 0.000329059
cycle = 10  E_corr(RCCSD) = -0.193482022154125  dE = -2.48943314e-06  norm(t1,t2) = 0.000113496
cycle = 11  E_corr(RCCSD) = -0.193482895463119  dE = -8.73308993e-07  norm(t1,t2) = 5.05263e-05
cycle = 12  E_corr(RCCSD) = -0.193483129174163  dE = -2.33711044e-07  norm(t1,t2) = 1.92999e-05
cycle = 13  E_corr(RCCSD) = -0.193483251156747  dE = -1.21982584e-07  norm(t1,t2) = 7.88293e-06
cycle = 14  E_corr(RCCSD) = -0.193483269747292  dE = -1.85905446e-08  norm(t1,t2) = 3.75189e-06
RCCSD converged
E(RCCSD) = -76.0798244514008  E_corr = -0.1934832697472919

******** <class 'pyscf.pbc.cc.eom_kccsd_rhf.EOMIP'> ********
max_space = 20
max_cycle = 50
conv_tol = 1e-07
partition = None
max_memory 900000 MB (current use 2661 MB)


******** <class 'pyscf.pbc.df.rsdf_builder._RSNucBuilder'> ********
mesh = [ 9 59 59] (31329 PWs)
ke_cutoff = 14.496330542290359
omega = 0.43120453093153466
exclude_d_aux = False
exclude_dd_block = True
j2c_eig_always = False
has_long_range = True
using incore ERI storage
EOM-CCSD root 0 E = 0.3255125596847778  qpwt = 0.949261
EOM-CCSD root 0 E = 0.3340338934055977  qpwt = 0.895271
EOM-CCSD root 0 E = 0.2882012224200063  qpwt = 0.911045
EOM-CCSD root 0 E = 0.2083871781491587  qpwt = 0.948326
EOM-CCSD root 0 E = 0.1350233805081807  qpwt = 0.966396
EOM-CCSD root 0 E = 0.2083871781491579  qpwt = 0.948326
EOM-CCSD root 0 E = 0.2882012224200052  qpwt = 0.911045
EOM-CCSD root 0 E = 0.3340338934055967  qpwt = 0.895271

******** <class 'pyscf.pbc.cc.eom_kccsd_rhf.EOMEA'> ********
max_space = 20
max_cycle = 50
conv_tol = 1e-07
partition = None
max_memory 900000 MB (current use 2644 MB)


******** <class 'pyscf.pbc.df.rsdf_builder._RSNucBuilder'> ********
mesh = [ 9 59 59] (31329 PWs)
ke_cutoff = 14.496330542290359
omega = 0.43120453093153466
exclude_d_aux = False
exclude_dd_block = True
j2c_eig_always = False
has_long_range = True
using incore ERI storage
EOM-CCSD root 0 E = 0.2078977734936633  qpwt = 0.96771
EOM-CCSD root 0 E = 0.2269648113346859  qpwt = 0.965436
EOM-CCSD root 0 E = 0.1943067107912017  qpwt = 0.910616
EOM-CCSD root 0 E = 0.1000331588161042  qpwt = 0.947166
EOM-CCSD root 0 E = 0.01735890215713971  qpwt = 0.964611
EOM-CCSD root 0 E = 0.1000331588161004  qpwt = 0.947166
EOM-CCSD root 0 E = 0.1943067107911916  qpwt = 0.910616
EOM-CCSD root 0 E = 0.2269648113347076  qpwt = 0.965436
