#INFO: **** input file is /project/lgagliardi/jangidbhavnesh/Re/Final/PolyAcetyleneChain/EOMCCSDBands/polyacetylene.las.py ****
import os
import sys
import pickle
import numpy as np
from functools import reduce
from pyscf import lib
from pyscf.pbc import scf, df
from pyscf.pbc import gto as pgto
from mrh.my_pyscf.mcscf.lasscf_o0 import LASSCF
from mrh.my_pyscf.lassi import lassi
from mrh.my_pyscf import mcpdft

def get_xyz(nU=1, d= 2.47):
    coords = [
    ("C", -0.5892731038,  0.3262391909,  0.0000000000),
    ("H", -0.5866101958,  1.4126530287,  0.0000000000),
    ("C",  0.5916281105, -0.3261693897,  0.0000000000),
    ("H",  0.5889652025, -1.4125832275,  0.0000000000)]

    translated_coords = []
    for t in range(nU):
        shift = t * d
        translated_coords.extend([(elem, x + shift, y, z) 
            for elem, x, y, z in coords])
    return translated_coords


def getCell(nC, nkpts=1, d=2.47, maxMem=500000, basis='321G', pseudo=None):
    """
    Build the Cell object
    """
    cell = pgto.Cell()
    cell.atom = get_xyz(nU=1, d=d)
    cell.a = np.diag([2.47, 17.5, 17.5])
    cell.basis = basis
    cell.pseudo = pseudo
    cell.precision=1e-12
    cell.verbose = lib.logger.INFO
    cell.max_memory = maxMem
    cell.output = f"PAChain.{2}.{nkpts}.log"
    cell.build()
    return cell

def runSCF(cell, nC, nkpts):
    """
    Mean-Field Calculation
    """
    nmp = [nkpts, 1, 1]
    kpts = cell.make_kpts(nmp)
    kmf = scf.KRHF(cell, kpts=kpts).density_fit()
    kmf.max_cycle=1000
    kmf.chkfile = f'PAchain.{2}.{nkpts}.chk'
    kmf.exxdiv = None
    kmf.conv_tol = 1e-12
    kmf.kernel()

    if not kmf.converged:
        kmf.newton().run()

    assert kmf, "mean-field didn't converge"
    return kmf


def runCCSDBands(cell, kmf, nkpts):
    from pyscf.pbc import gto, cc
    from pyscf.pbc.cc import eom_kccsd_rhf as eom_krccsd
    kpts = cell.make_kpts([nkpts, 1, 1])
    mycc = cc.KRCCSD(kmf)
    ekrcc = mycc.kernel()[0]
    eomip = mycc.ipccsd(nroots=1)[0]
    eomea = mycc.eaccsd(nroots=1)[0]
    return ekrcc, eomip, eomea, kmf.kpts

def savepickel(mf, lsi, pdftenergy=0, nCfrag=2, nC=2, R=2.47):
    """
    Save the LAS Band Structure Data
    """

    civec = lsi.get_sivec_vacuum_shuffle(state=0)
    nfrags = int(nC/nCfrag)
    charges = util.las_charges(lsi._las)

    data = {"energies_lassi":lsi.e_roots,
            "energies_lassipdft":pdftenergy,
            "civecs":civec,
            "charges":charges,
            "nfrags":nfrags,
            "dist":R,
            "mf_coeff":mf.mo_coeff,
            "mf_occ":mf.mo_occ,
            "mf_ene":mf.mo_energy}

if __name__ == "__main__":

    nC = int(sys.argv[1]) # No of CH-atoms
    nCfrag = min(2, nC)
    nfrags = int(nC/nCfrag)
    assert nC%2==0
    d = 2.47

    for nkpts in [1, 2, 4, 8, 16]:

        cell =  getCell(nC, nkpts=nkpts, d=d, maxMem=900000, basis='321G')

        kmf = runSCF(cell, nC, nkpts)

        e, eip, ea, k = runCCSDBands(cell, kmf, nkpts)

        data = {
        'eip': eip,
        'ea': ea,
        'k': k}

        with open(f"PAChain.{2}.{nkpts}.pkl", "wb") as f:
            pickle.dump(data, f)

        print("Results:")
        print("Ionization Energy: {:.2f}".format((max(eip)[0])))
        print("ElectAtt Energy: {:.2f}".format((min(ea)[0])))
        print("Band Gap: {:.2f}".format((max(eip) + min(ea))[0]))
#INFO: ******************** input file end ********************


System: uname_result(system='Linux', node='midway3-0543.rcc.local', release='4.18.0-305.3.1.el8.x86_64', version='#1 SMP Tue Jun 1 16:14:33 UTC 2021', machine='x86_64')  Threads 128
Python 3.9.13 (main, Aug 25 2022, 23:26:10) 
[GCC 11.2.0]
numpy 1.26.2  scipy 1.11.4  h5py 3.10.0
Date: Thu Mar 13 09:13:20 2025
PySCF version 2.8.0
PySCF path  /home/jangidbhavnesh/bin/pyscf
GIT ORIG_HEAD a0665c4a7bf54e33f01295b3eea390be7a17d76d
GIT HEAD (branch master) 6f6d3741bf42543e02ccaa1d4ef43d9bf83b3dda
mrh path  /home/jangidbhavnesh/bin/mrh
GIT ORIG_HEAD ed1f605b415d72e71fb56d97b9d163809b62b172
GIT HEAD (branch master) ea89791c15c26abd3b0f0efdeadd7a286ca4585a

[ENV] PYSCF_EXT_PATH /home/jangidbhavnesh/bin/pyscf:/home/jangidbhavnesh/bin/pyscf-forge:/home/jangidbhavnesh/bin/dmrgscf:/home/jangidbhavnesh/bin:
[CONFIG] conf_file /home/jangidbhavnesh/.pyscf_conf.py
[INPUT] verbose = 4
[INPUT] num. atoms = 4
[INPUT] num. electrons = 14
[INPUT] charge = 0
[INPUT] spin (= nelec alpha-beta = 2S) = 0
[INPUT] symmetry False subgroup None
[INPUT] Mole.unit = angstrom
[INPUT] Symbol           X                Y                Z      unit          X                Y                Z       unit  Magmom
[INPUT]  1 C     -0.589273103800   0.326239190900   0.000000000000 AA   -1.113564778754   0.616502721901   0.000000000000 Bohr   0.0
[INPUT]  2 H     -0.586610195800   1.412653028700   0.000000000000 AA   -1.108532611939   2.669527333280   0.000000000000 Bohr   0.0
[INPUT]  3 C      0.591628110500  -0.326169389700   0.000000000000 AA    1.118015096439  -0.616370816750   0.000000000000 Bohr   0.0
[INPUT]  4 H      0.588965202500  -1.412583227500   0.000000000000 AA    1.112982929624  -2.669395428129   0.000000000000 Bohr   0.0

nuclear repulsion = 47.7395420522365
number of shells = 14
number of NR pGTOs = 36
number of NR cGTOs = 22
basis = 321G
ecp = {}
CPU time:        24.92
lattice vectors  a1 [4.667623528, 0.000000000, 0.000000000]
                 a2 [0.000000000, 33.070207180, 0.000000000]
                 a3 [0.000000000, 0.000000000, 33.070207180]
dimension = 3
low_dim_ft_type = None
Cell volume = 5104.69
rcut = 20.04810639385171 (nimgs = [5 1 1])
lattice sum = 59 cells
precision = 1e-12
pseudo = None
ke_cutoff = 20215.295844348162
    = [ 301 2119 2119] mesh (1351538461 PWs)


******** <class 'pyscf.pbc.scf.khf.KRHF'> ********
method = KRHF
initial guess = minao
damping factor = 0
level_shift factor = 0
DIIS = <class 'pyscf.scf.diis.CDIIS'>
diis_start_cycle = 1
diis_space = 8
diis_damp = 0
SCF conv_tol = 1e-12
SCF conv_tol_grad = None
SCF max_cycles = 1000
direct_scf = True
direct_scf_tol = 1e-13
chkfile to save SCF result = PAchain.2.1.chk
max_memory 900000 MB (current use 135 MB)


******** PBC SCF flags ********
N kpts = 1
Exchange divergence treatment (exxdiv) = None
DF object = <pyscf.pbc.df.df.GDF object at 0x7f4d7d27ed90>
Set gradient conv threshold to 1e-06


******** <class 'pyscf.pbc.df.rsdf_builder._RSNucBuilder'> ********
mesh = [11 65 65] (46475 PWs)
ke_cutoff = 18.482293656651073
omega = 0.48613475923419847
exclude_d_aux = False
exclude_dd_block = True
j2c_eig_always = False
has_long_range = True


******** <class 'pyscf.pbc.df.df.GDF'> ********
auxbasis = None
exp_to_discard = None
_cderi_to_save = /tmp/jobs/29239886/tmp6pb7ue9g
len(kpts) = 1
Default auxbasis def2-svp-jkfit is used for C 321G
Default auxbasis def2-svp-jkfit is used for H 321G
Drop 0 primitive fitting functions
make aux basis, num shells = 62, num cGTOs = 186
auxcell.rcut 24.28800816642883


******** <class 'pyscf.pbc.df.rsdf_builder._RSGDFBuilder'> ********
mesh = [ 9 49 49] (21609 PWs)
ke_cutoff = 10.39629018186623
omega = 0.34621218152489003
exclude_d_aux = True
exclude_dd_block = True
j2c_eig_always = False
has_long_range = True
init E= -77.5987766568051
HOMO = -0.447541801001  LUMO = 0.110521673579
cycle= 1 E= -78.0849299408594  delta_E= -0.486  |g|= 0.244  |ddm|= 2.15
HOMO = -0.6868959964  LUMO = 0.216163692942
cycle= 2 E= -78.1004720357651  delta_E= -0.0155  |g|= 0.0582  |ddm|=  0.3
HOMO = -0.706733895191  LUMO = 0.223118994319
cycle= 3 E= -78.1019090647458  delta_E= -0.00144  |g|= 0.0133  |ddm|= 0.123
HOMO = -0.703909363893  LUMO = 0.228554632215
cycle= 4 E= -78.1019916207958  delta_E= -8.26e-05  |g|= 0.00236  |ddm|= 0.0287
HOMO = -0.704433681379  LUMO = 0.228582785507
cycle= 5 E= -78.1019944828146  delta_E= -2.86e-06  |g|= 0.000278  |ddm|= 0.00398
HOMO = -0.704389407467  LUMO = 0.228634911682
cycle= 6 E= -78.1019945201944  delta_E= -3.74e-08  |g|= 5.08e-05  |ddm|= 0.000463
HOMO = -0.704381490512  LUMO = 0.228630614001
cycle= 7 E= -78.1019945214839  delta_E= -1.29e-09  |g|= 4.14e-06  |ddm|= 0.000107
HOMO = -0.704381878125  LUMO = 0.228631947087
cycle= 8 E= -78.1019945214925  delta_E= -8.58e-12  |g|= 8.13e-07  |ddm|= 1.03e-05
HOMO = -0.704381784702  LUMO = 0.228631709183
cycle= 9 E= -78.1019945214927  delta_E= -2.27e-13  |g|= 1.6e-07  |ddm|= 1.77e-06
HOMO = -0.704381821537  LUMO = 0.22863174794
Extra cycle  E= -78.1019945214927  delta_E= 2.84e-14  |g|= 6.53e-08  |ddm|= 2e-07
converged SCF energy = -78.1019945214927

******** <class 'pyscf.pbc.cc.kccsd_rhf.RCCSD'> ********
CC2 = 0
CCSD nocc = 7, nmo = 22
max_cycle = 50
direct = 1
conv_tol = 1e-07
conv_tol_normt = 1e-05
diis_space = 6
diis_start_cycle = 0
diis_start_energy_diff = 1e+09
max_memory 900000 MB (current use 580 MB)


******** <class 'pyscf.pbc.df.rsdf_builder._RSNucBuilder'> ********
mesh = [11 65 65] (46475 PWs)
ke_cutoff = 18.482293656651073
omega = 0.48613475923419847
exclude_d_aux = False
exclude_dd_block = True
j2c_eig_always = False
has_long_range = True
using incore ERI storage
Init t2, MP2 energy (with fock eigenvalue shift) = -0.162342876007459
Init E_corr(RCCSD) = -0.162342876007459
cycle = 1  E_corr(RCCSD) = -0.173826498908907  dE = -0.0114836229  norm(t1,t2) = 0.0451855
cycle = 2  E_corr(RCCSD) = -0.17918343290442  dE = -0.005356934  norm(t1,t2) = 0.0177148
cycle = 3  E_corr(RCCSD) = -0.181090416486067  dE = -0.00190698358  norm(t1,t2) = 0.00799605
cycle = 4  E_corr(RCCSD) = -0.181974633151209  dE = -0.000884216665  norm(t1,t2) = 0.0036415
cycle = 5  E_corr(RCCSD) = -0.18200066867436  dE = -2.60355232e-05  norm(t1,t2) = 0.00077177
cycle = 6  E_corr(RCCSD) = -0.181984597334001  dE = 1.60713404e-05  norm(t1,t2) = 0.000254453
cycle = 7  E_corr(RCCSD) = -0.181984467679002  dE = 1.29654999e-07  norm(t1,t2) = 3.72328e-05
cycle = 8  E_corr(RCCSD) = -0.181985668953008  dE = -1.20127401e-06  norm(t1,t2) = 9.17485e-06
cycle = 9  E_corr(RCCSD) = -0.181985554150104  dE = 1.14802904e-07  norm(t1,t2) = 3.00657e-06
cycle = 10  E_corr(RCCSD) = -0.181985579992289  dE = -2.58421841e-08  norm(t1,t2) = 9.3408e-07
RCCSD converged
E(RCCSD) = -78.283980101485  E_corr = -0.1819855799922886
<class 'pyscf.pbc.cc.eom_kccsd_rhf.EOMIP'> does not have attributes  nonzero_opadding nonzero_vpadding kpts kconserv

******** <class 'pyscf.pbc.cc.eom_kccsd_rhf.EOMIP'> ********
max_space = 20
max_cycle = 50
conv_tol = 1e-07
partition = None
max_memory 900000 MB (current use 655 MB)


******** <class 'pyscf.pbc.df.rsdf_builder._RSNucBuilder'> ********
mesh = [11 65 65] (46475 PWs)
ke_cutoff = 18.482293656651073
omega = 0.48613475923419847
exclude_d_aux = False
exclude_dd_block = True
j2c_eig_always = False
has_long_range = True
using incore ERI storage
EOM-CCSD root 0 E = 0.6650414378742779  qpwt = 0.971092
<class 'pyscf.pbc.cc.eom_kccsd_rhf.EOMEA'> does not have attributes  nonzero_opadding nonzero_vpadding kpts kconserv

******** <class 'pyscf.pbc.cc.eom_kccsd_rhf.EOMEA'> ********
max_space = 20
max_cycle = 50
conv_tol = 1e-07
partition = None
max_memory 900000 MB (current use 664 MB)


******** <class 'pyscf.pbc.df.rsdf_builder._RSNucBuilder'> ********
mesh = [11 65 65] (46475 PWs)
ke_cutoff = 18.482293656651073
omega = 0.48613475923419847
exclude_d_aux = False
exclude_dd_block = True
j2c_eig_always = False
has_long_range = True
using incore ERI storage
EOM-CCSD root 0 E = 0.1782325874351755  qpwt = 0.97191
