Discarded 16 diffused primitive functions, 0 contracted functions
#INFO: **** input file is /project/lgagliardi/jangidbhavnesh/Re/Final/MottTransition/NewGeometry/NiO.py ****
import os, sys
import shutil
import numpy as np
import scipy.linalg as la
from pyscf.pbc import scf, gto, df, dft, tools
from pyscf.tools import molden
from pyscf import mcpdft, lib, mcscf
from pyscf.mcscf import avas,project_init_guess
from pyscf import mcscf, dmrgscf
from functools import reduce
from pyscf import __config__
from pyscf.pbc.tools import k2gamma
# Import mcpdft from mrh
from mrh.my_pyscf import mcpdft
from pyscf.tools import molden
pre_orth_method = getattr(__config__, 'pbc_scf_analyze_pre_orth_method', 'ANO')

def getCell(nd=2.085, spin=0, maxMem=200000, basis='def2SVP', pseudo=None):
    cell = gto.Cell()
    cell.a = [[2*nd, nd, nd], [nd, 2*nd, nd], [2*nd, 2*nd, 4*nd]]
    cell.atom= f'''
Ni 0 0 0
Ni {2*nd} {2*nd} {2*nd}
Ni {nd} {nd} {2*nd}
Ni {3*nd} {3*nd} {4*nd}
O {nd} {nd} {nd}
O {3*nd} {3*nd} {3*nd}
O {2*nd} {2*nd} {3*nd}
O {4*nd} {4*nd} {5*nd}
    '''
    cell.basis = basis
    cell.pseudo = pseudo
    cell.output=f'NiO_{nd}.log'
    cell.verbose=lib.logger.INFO
    cell.precision=1e-12
    cell.exp_to_discard=0.1
    cell.spin=0
    cell.max_memory = maxMem
    cell.build()
    return cell

def get_gdf(cell, filename, restart=True):
    if not os.path.exists(filename) or restart:
        gdf = df.GDF(cell)
        gdf._cderi_to_save = filename
        gdf.build()
    return filename

def initguess(mol, mf, ao_label: list, activespacesize:int):
    '''
    Based on the ao_label find the orb which has
    highest character of that ao
    '''
    from pyscf.lo import orth
    baslst = mol.search_ao_label(ao_label)
    assert len(baslst) >=activespacesize
    orbindex=[]
    if len(mf.mo_coeff) > 1:
        mo_coeff = mf.mo_coeff[0]
    else:
        mo_coeff = mf.mo_coeff
    
    nkpts, nao = 1, mf.mo_coeff.shape[1]
    s_sc = mf.get_ovlp()
    orth_coeff = orth.orth_ao(mol, 'meta_lowdin',pre_orth_ao=None, s=s_sc)
    C = reduce(np.dot,(orth_coeff.T.conj(), s_sc, mf.mo_coeff))
    for orb in baslst:
        ao = C[orb]
        A = np.argsort(ao*ao.conj())[-activespacesize:][::-1]
        for element in A:
            if element not in orbindex:
                orbindex.append(element)
                break
    orbind = [x+1 for x in orbindex]
    return sorted(orbind[:activespacesize])

def runSCF(cell,nd=2.085, Restricted=True, Unrestricted=False):
    '''
    Run the Hartree Fock
    '''
    if Restricted:
        kmf = scf.ROHF(cell).density_fit()
    elif Unrestricted:
        kmf = scf.UHF(cell).density_fit()
    else:
        raise NotImplementedError

    kmf.max_cycle=100
    kmf.chkfile = f'NiO_{nd}.chk'
    kmf.init_guess='chk'
    kmf.with_df._cderi = get_gdf(cell, kmf.chkfile.rstrip('.chk')+'.h5', restart=False)
    kmf.exxdiv = None
    kmf.conv_tol = 1e-10
    kmf.kernel()

    if not kmf.converged:
        kmf.newton().run()

    assert kmf, "mean-field didn't converge"
    return kmf

def getfrags(nfrags: int):
    '''
    If NiO is in POSCAR Format where first N-atoms are Ni and
    next N-atoms are O, then get the frag atom no
    '''
    assert nfrags>=1, "You should know what you are doing"
    frags = []
    offset = nfrags * 2
    for i in range(nfrags):
        frag = [i * 2, i * 2 + offset, i * 2 + 1, i * 2 + offset + 1]
        frags.append(frag)
    return frags

def runLASSCF(cell, kmf):
    nfrags = 2
    ncas = 10 
    nelec = 16
    norb  = tuple([ncas,]*nfrags)
    nele  = tuple([nelec,]*nfrags)
    nspin = tuple([1,]*nfrags)

    orblst = initguess(cell, kmf, ao_label=['Ni 3d', ], activespacesize=sum(norb))

    frags = getfrags(nfrags)
    from mrh.my_pyscf.mcscf.lasscf_o0 import LASSCF
    las = LASSCF(kmf, norb, nele, spin_sub=nspin)
    sortedmo = las.sort_mo(orblst, kmf.mo_coeff)
    mo0 = las.localize_init_guess(frags, sortedmo)
    #mo0 = sortedmo
    molden.from_mo(cell, f'NiO.{nfrags}.las.molden', mo0[:, las.ncore:las.ncore+(ncas*nfrags)])
    las_weights,las_charges,las_spins,las_smults=genModelSpace(nfrags)
    las = las.state_average(las_weights,las_charges,las_spins,las_smults)
    elasci = las.lasci_(mo0)
    las.mo_coeff = mo0
    return las

# Model Space for the band gap
def genModelSpace(nfrags):
    las_charges = []
    las_spins = [] #2s
    las_smults = [] #2s+1

    las_charges += [[0]*nfrags]
    las_spins += [[0]*nfrags]
    las_smults += [[las_spins[0][0]+1]*nfrags]

    for i in range(nfrags):
        idxarr = np.eye(nfrags)[:,i].astype(int)
        las_charges += [list(idxarr)]
        spins = idxarr
        las_spins += [list(spins)]
        las_smults += [list(spins + 1)]

    for i in range(nfrags):
        idxarr = np.eye(nfrags)[:,i].astype(int)
        las_charges += [list(-idxarr)]
        spins = idxarr
        las_spins += [list(spins)]
        las_smults += [list(spins + 1)]

    nrootspaces = len(las_charges)
    las_weights = np.ones(nrootspaces)/nrootspaces
    return las_weights,las_charges,las_spins,las_smults

def processlas(las):
    from periodiclas.tools import sign_control, util
    las.ci = sign_control.fix_sign(las)
    las.dump_spaces()
    return las

def runLASSI(las):
    from mrh.my_pyscf.lassi import lassi
    lsi = lassi.LASSI(las)
    energies_lassi, civecs_lassi = lsi.kernel()
    return lsi, energies_lassi

def runLASSIPDFT(lsi, states=[0]):
    from mrh.my_pyscf import mcpdft
    mc = mcpdft.LASSI(lsi, 'tPBE', states=states)
    energies = mc.kernel()[0]
    return energies

def getBANDGAP(nele, lsi, energies_lassi):
    stateidx = [
        np.where((np.asarray(lsi.rootsym)[:, :2].sum(axis=1) == nele))[0],
        np.where((np.asarray(lsi.rootsym)[:, :2].sum(axis=1) == nele - 1))[0],
        np.where((np.asarray(lsi.rootsym)[:, :2].sum(axis=1) == nele + 1))[0]]
    stateidx = [list(x) for x in stateidx]
    ip = 27.21139*(min(energies_lassi[stateidx[1]]) - min(energies_lassi[stateidx[0]]))
    ea = 27.21139*(min(energies_lassi[stateidx[0]]) - min(energies_lassi[stateidx[2]]))
    return ip, ea

def getNatorbOcc(nele, lsi):
    from mrh.my_pyscf.lassi.lassi import root_make_rdm12s
    stateidx = [
        np.where((np.asarray(lsi.rootsym)[:, :2].sum(axis=1) == nele))[0],
        np.where((np.asarray(lsi.rootsym)[:, :2].sum(axis=1) == nele - 1))[0],
        np.where((np.asarray(lsi.rootsym)[:, :2].sum(axis=1) == nele + 1))[0]]
    stateidx = [int(list(x)[0]) for x in stateidx]
    for state in stateidx:
        natorb_casdm1 = root_make_rdm12s (lsi, lsi.ci, lsi.si, state=state, opt=lsi.opt)[0].sum (0)
        mo_occ = lsi._las.canonicalize (natorb_casdm1=natorb_casdm1)[2]
        mo_occ = [x for x in mo_occ if 0 < x < 2]
        print("State-",state, mo_occ)

def savepickel(mf, lsi, pdftenergy=0, R=2.47):
    """
    Save the LAS Band Structure Data
    """

    from periodiclas.tools import sign_control, util
    civec = lsi.get_sivec_vacuum_shuffle(state=0)
    charges = util.las_charges(lsi._las)

    data = {"energies_lassi":lsi.e_roots,
            "energies_lassipdft":pdftenergy,
            "civecs":civec,
            "charges":charges,
            "dist":R,
            "mf_coeff":mf.mo_coeff,
            "mf_occ":mf.mo_occ,
            "mf_ene":mf.mo_energy}


if __name__ == "__main__":
    nd = 2.085
    for nd in [1.7, 2.1, 2.3, 2.7, 3.1, 3.5, 3.9]:
        cell =  getCell(nd, maxMem=500000, basis='gth-dzvp-molopt-sr', pseudo='gth-pade')
        kmf = runSCF(cell, nd, Restricted=True, Unrestricted=False)

        #molden.from_mo(cell, f'NiO_{nU}.molden', kmf.mo_coeff)
        las = runLASSCF(cell, kmf)
        las = processlas(las)

        lsi,energies_lassi = runLASSI(las)
        IP_LASSI, EA_LASSI = getBANDGAP(32, lsi,energies_lassi)
        energies_mcpdft = runLASSIPDFT(lsi, states=[x for x in range(len(energies_lassi))])
        IP_PDFT, EA_PDFT = getBANDGAP(32, lsi,np.asarray(energies_mcpdft))
        
        savepickel(kmf, lsi, pdftenergy=energies_mcpdft, R=nd)

        print("Results: LASSI ", )
        print("Ionization Energy: ", IP_LASSI)
        print("ElectAtt   Energy: ", EA_LASSI)
        print("Band Gap: ", IP_LASSI-EA_LASSI)

        print("Results: PDFT", )
        print("Ionization Energy: ", IP_PDFT)
        print("ElectAtt   Energy: ", EA_PDFT)
        print("Band Gap: ", IP_PDFT-EA_PDFT)

#INFO: ******************** input file end ********************


System: uname_result(system='Linux', node='midway3-0555.rcc.local', release='4.18.0-305.3.1.el8.x86_64', version='#1 SMP Tue Jun 1 16:14:33 UTC 2021', machine='x86_64')  Threads 128
Python 3.9.13 (main, Aug 25 2022, 23:26:10) 
[GCC 11.2.0]
numpy 1.26.2  scipy 1.11.4  h5py 3.10.0
Date: Fri Mar 14 23:25:27 2025
PySCF version 2.8.0
PySCF path  /home/jangidbhavnesh/bin/pyscf
GIT ORIG_HEAD a0665c4a7bf54e33f01295b3eea390be7a17d76d
GIT HEAD (branch master) 6f6d3741bf42543e02ccaa1d4ef43d9bf83b3dda
mrh path  /home/jangidbhavnesh/bin/mrh
GIT ORIG_HEAD ed1f605b415d72e71fb56d97b9d163809b62b172
GIT HEAD (branch master) ea89791c15c26abd3b0f0efdeadd7a286ca4585a

[ENV] PYSCF_EXT_PATH /home/jangidbhavnesh/bin/pyscf:/home/jangidbhavnesh/bin/pyscf-forge:/home/jangidbhavnesh/bin/dmrgscf:/home/jangidbhavnesh/bin:
[CONFIG] conf_file /home/jangidbhavnesh/.pyscf_conf.py
[INPUT] verbose = 4
[INPUT] num. atoms = 8
[INPUT] num. electrons = 96
[INPUT] charge = 0
[INPUT] spin (= nelec alpha-beta = 2S) = 0
[INPUT] symmetry False subgroup None
[INPUT] Mole.unit = angstrom
[INPUT] Symbol           X                Y                Z      unit          X                Y                Z       unit  Magmom
[INPUT]  1 Ni     0.000000000000   0.000000000000   0.000000000000 AA    0.000000000000   0.000000000000   0.000000000000 Bohr   0.0
[INPUT]  2 Ni     5.400000000000   5.400000000000   5.400000000000 AA   10.204521072651  10.204521072651  10.204521072651 Bohr   0.0
[INPUT]  3 Ni     2.700000000000   2.700000000000   5.400000000000 AA    5.102260536326   5.102260536326  10.204521072651 Bohr   0.0
[INPUT]  4 Ni     8.100000000000   8.100000000000  10.800000000000 AA   15.306781608977  15.306781608977  20.409042145303 Bohr   0.0
[INPUT]  5 O      2.700000000000   2.700000000000   2.700000000000 AA    5.102260536326   5.102260536326   5.102260536326 Bohr   0.0
[INPUT]  6 O      8.100000000000   8.100000000000   8.100000000000 AA   15.306781608977  15.306781608977  15.306781608977 Bohr   0.0
[INPUT]  7 O      5.400000000000   5.400000000000   8.100000000000 AA   10.204521072651  10.204521072651  15.306781608977 Bohr   0.0
[INPUT]  8 O     10.800000000000  10.800000000000  13.500000000000 AA   20.409042145303  20.409042145303  25.511302681628 Bohr   0.0

nuclear repulsion = -369.626881336433
number of shells = 28
number of NR pGTOs = 500
number of NR cGTOs = 156
basis = gth-dzvp-molopt-sr
ecp = {}
CPU time:     46898.71
lattice vectors  a1 [10.204521073, 5.102260536, 5.102260536]
                 a2 [5.102260536, 10.204521073, 5.102260536]
                 a3 [10.204521073, 10.204521073, 20.409042145]
dimension = 3
low_dim_ft_type = None
Cell volume = 1062.62
exp_to_discard = 0.1
rcut = 21.840927745318478 (nimgs = [4 4 2])
lattice sum = 1623 cells
precision = 1e-12
pseudo = gth-pade
ke_cutoff = 1563.543132532536
    = [225 225 447] mesh (22629375 PWs)


******** <class 'pyscf.pbc.df.df.GDF'> ********
auxbasis = None
exp_to_discard = 0.1
_cderi_to_save = NiO_2.7.h5
len(kpts) = 1
ETB for O: l = 0, exps = 0.32498323008 * 2^n , n = 0..6
ETB for O: l = 1, exps = 0.32498323008 * 2^n , n = 0..6
ETB for O: l = 2, exps = 0.32498323008 * 2^n , n = 0..6
ETB for O: l = 3, exps = 0.32498323008 * 2^n , n = 0..6
ETB for O: l = 4, exps = 0.32498323008 * 2^n , n = 0..6
ETB for Ni: l = 0, exps = 0.689956484316 * 2^n , n = 0..4
ETB for Ni: l = 1, exps = 0.689956484316 * 2^n , n = 0..4
ETB for Ni: l = 2, exps = 0.689956484316 * 2^n , n = 0..4
ETB for Ni: l = 3, exps = 0.689956484316 * 2^n , n = 0..4
ETB for Ni: l = 4, exps = 0.689956484316 * 2^n , n = 0..4
ETB for Ni: l = 5, exps = 0.689956484316 * 2^n , n = 0..4
ETB for Ni: l = 6, exps = 0.689956484316 * 2^n , n = 0..4

WARN: Even tempered Gaussians are generated as DF auxbasis for  O Ni

Drop 0 primitive fitting functions
make aux basis, num shells = 280, num cGTOs = 1680
auxcell.rcut 14.405988831603228


******** <class 'pyscf.pbc.df.rsdf_builder._RSGDFBuilder'> ********
mesh = [15 15 27] (6075 PWs)
ke_cutoff = 5.339246130516481
omega = 0.24519924884636377
exclude_d_aux = True
exclude_dd_block = True
j2c_eig_always = False
has_long_range = True


******** <class 'pyscf.pbc.scf.rohf.ROHF'> ********
method = ROHF
initial guess = chk
damping factor = 0
level_shift factor = 0
DIIS = <class 'pyscf.scf.diis.CDIIS'>
diis_start_cycle = 1
diis_space = 8
diis_damp = 0
SCF conv_tol = 1e-10
SCF conv_tol_grad = None
SCF max_cycles = 100
direct_scf = True
direct_scf_tol = 1e-13
chkfile to save SCF result = NiO_2.7.chk
max_memory 500000 MB (current use 7343 MB)
******** PBC SCF flags ********
kpt = [0. 0. 0.]
Exchange divergence treatment (exxdiv) = None
DF object = <pyscf.pbc.df.df.GDF object at 0x7f24083f76d0>
number of electrons per cell  alpha = 48 beta = 48
Set gradient conv threshold to 1e-05

WARN: Fail in reading NiO_2.7.chk. Use MINAO initial guess



******** <class 'pyscf.pbc.df.rsdf_builder._RSNucBuilder'> ********
mesh = [25 25 47] (29375 PWs)
ke_cutoff = 16.71278818368768
omega = 0.4430954711393873
exclude_d_aux = False
exclude_dd_block = True
j2c_eig_always = False
has_long_range = True
init E= -721.005759838999
  HOMO = 0.665926473187079  LUMO = 0.673841833126455
cycle= 1 E= -710.242477373915  delta_E= 10.8  |g|=   10  |ddm|=  5.2
  HOMO = 0.452515304468632  LUMO = 0.46809052360857
cycle= 2 E= -683.627524312274  delta_E= 26.6  |g|= 12.1  |ddm|= 9.71
  HOMO = 0.359844456894399  LUMO = 0.409086550762137
cycle= 3 E= -720.272656939033  delta_E= -36.6  |g|= 4.59  |ddm|= 8.48
  HOMO = 0.279295626073795  LUMO = 0.478469745011845
cycle= 4 E= -723.76870286652  delta_E= -3.5  |g|= 1.78  |ddm|= 2.66
  HOMO = 0.171491153355199  LUMO = 0.441567069855181
cycle= 5 E= -723.907402061834  delta_E= -0.139  |g|= 1.09  |ddm|= 0.973
  HOMO = 0.240779352676559  LUMO = 0.407109370012235
cycle= 6 E= -724.157308849641  delta_E= -0.25  |g|= 0.21  |ddm|= 0.613
  HOMO = 0.255059379372302  LUMO = 0.401797340945999
cycle= 7 E= -724.166304213874  delta_E= -0.009  |g|= 0.0175  |ddm|= 0.138
  HOMO = 0.255004643996018  LUMO = 0.402092079490323
cycle= 8 E= -724.166692694223  delta_E= -0.000388  |g|= 0.0158  |ddm|= 0.0254
  HOMO = 0.254946272029573  LUMO = 0.402064909863652
cycle= 9 E= -724.16715322498  delta_E= -0.000461  |g|= 0.0158  |ddm|= 0.0307
  HOMO = 0.255077276625186  LUMO = 0.402526612998288
cycle= 10 E= -724.16573531162  delta_E= 0.00142  |g|= 0.0154  |ddm|= 0.0956
  HOMO = 0.258781629009219  LUMO = 0.439850405406592
cycle= 11 E= -724.153341742639  delta_E= 0.0124  |g|= 0.0769  |ddm|= 0.923
  HOMO = 0.259297041154756  LUMO = 0.452211432047916
cycle= 12 E= -724.151586764171  delta_E= 0.00175  |g|= 0.102  |ddm|= 0.103
  HOMO = 0.258767898222093  LUMO = 0.438073722915287
cycle= 13 E= -724.153624259707  delta_E= -0.00204  |g|= 0.0731  |ddm|= 0.12
  HOMO = 0.258083264818181  LUMO = 0.423352401645646
cycle= 14 E= -724.155997512647  delta_E= -0.00237  |g|= 0.0431  |ddm|= 0.171
  HOMO = 0.259177291179795  LUMO = 0.437156412229149
cycle= 15 E= -724.152671122622  delta_E= 0.00333  |g|= 0.0721  |ddm|= 0.285
  HOMO = 0.261003535306118  LUMO = 0.451223644446651
cycle= 16 E= -724.148320457135  delta_E= 0.00435  |g|=  0.1  |ddm|= 0.578
  HOMO = 0.260768306082837  LUMO = 0.448603263289407
cycle= 17 E= -724.148536304326  delta_E= -0.000216  |g|= 0.0946  |ddm|= 0.00476
  HOMO = 0.260402874089749  LUMO = 0.439755254252362
cycle= 18 E= -724.148992373343  delta_E= -0.000456  |g|= 0.0764  |ddm|= 0.0544
  HOMO = 0.259272419555979  LUMO = 0.407919659558357
cycle= 19 E= -724.150194606085  delta_E= -0.0012  |g|= 0.0107  |ddm|= 0.0601
  HOMO = 0.25964227892414  LUMO = 0.413684316863309
cycle= 20 E= -724.149629823913  delta_E= 0.000565  |g|= 0.0211  |ddm|= 0.239
  HOMO = 0.259622904341479  LUMO = 0.410378717790607
cycle= 21 E= -724.149621194753  delta_E= 8.63e-06  |g|= 0.0146  |ddm|= 0.119
  HOMO = 0.259398979185839  LUMO = 0.399714503419026
cycle= 22 E= -724.149654913866  delta_E= -3.37e-05  |g|= 0.00732  |ddm|= 0.0282
  HOMO = 0.259461979409771  LUMO = 0.403033618518196
cycle= 23 E= -724.149665348981  delta_E= -1.04e-05  |g|= 0.000527  |ddm|= 0.0232
  HOMO = 0.259478697838856  LUMO = 0.403212478616804
cycle= 24 E= -724.149665319072  delta_E= 2.99e-08  |g|= 9.66e-05  |ddm|= 0.00586
  HOMO = 0.259480360324971  LUMO = 0.403258682644447
cycle= 25 E= -724.149665313605  delta_E= 5.47e-09  |g|= 3.14e-05  |ddm|= 0.00115
  HOMO = 0.259480417465039  LUMO = 0.403263690038342
cycle= 26 E= -724.149665313743  delta_E= -1.38e-10  |g|= 1.58e-05  |ddm|= 0.000318
  HOMO = 0.259480226874571  LUMO = 0.403254503221319
cycle= 27 E= -724.149665313704  delta_E= 3.82e-11  |g|= 4.04e-06  |ddm|= 0.000144
  HOMO = 0.259480313472798  LUMO = 0.403255741362816
Extra cycle  E= -724.149665313707  delta_E= -2.5e-12  |g|= 2.86e-06  |ddm|= 3.59e-06
converged SCF energy = -724.149665313707


******** <class 'pyscf.pbc.df.rsdf_builder._RSNucBuilder'> ********
mesh = [25 25 47] (29375 PWs)
ke_cutoff = 16.71278818368768
omega = 0.4430954711393873
exclude_d_aux = False
exclude_dd_block = True
j2c_eig_always = False
has_long_range = True


******** <class 'pyscf.pbc.df.rsdf_builder._RSNucBuilder'> ********
mesh = [25 25 47] (29375 PWs)
ke_cutoff = 16.71278818368768
omega = 0.4430954711393873
exclude_d_aux = False
exclude_dd_block = True
j2c_eig_always = False
has_long_range = True


******** <class 'pyscf.pbc.df.rsdf_builder._RSNucBuilder'> ********
mesh = [25 25 47] (29375 PWs)
ke_cutoff = 16.71278818368768
omega = 0.4430954711393873
exclude_d_aux = False
exclude_dd_block = True
j2c_eig_always = False
has_long_range = True
Entering product-state fixed-point CI iteration
Cycle 0: max grad = 3.424652e-02 ; sigma = 0.000000e+00 ; 0/2 fragment CI solvers converged
Cycle 1: max grad = 1.476918e-06 ; sigma = 1.912715e-08 ; 2/2 fragment CI solvers converged
Cycle 2: max grad = 3.153644e-09 ; sigma = 0.000000e+00 ; 2/2 fragment CI solvers converged
Product_state fixed-point CI iteration converged after 2 cycles
Entering product-state fixed-point CI iteration
Cycle 0: max grad = 3.424652e-02 ; sigma = 0.000000e+00 ; 0/2 fragment CI solvers converged
Cycle 1: max grad = 9.255065e-04 ; sigma = 4.896556e-02 ; 1/2 fragment CI solvers converged
Cycle 2: max grad = 8.057805e-04 ; sigma = 4.846636e-05 ; 1/2 fragment CI solvers converged
Cycle 3: max grad = 9.715338e-04 ; sigma = 1.194886e-05 ; 1/2 fragment CI solvers converged
Cycle 4: max grad = 9.925354e-04 ; sigma = 2.418200e-08 ; 1/2 fragment CI solvers converged
Cycle 5: max grad = 9.901622e-04 ; sigma = 4.421315e-08 ; 1/2 fragment CI solvers converged
Cycle 6: max grad = 9.866844e-04 ; sigma = 5.863541e-10 ; 1/2 fragment CI solvers converged
Cycle 7: max grad = 9.875904e-04 ; sigma = 9.293899e-12 ; 1/2 fragment CI solvers converged
Cycle 8: max grad = 9.875909e-04 ; sigma = 1.563194e-13 ; 1/2 fragment CI solvers converged
Cycle 9: max grad = 9.875907e-04 ; sigma = 1.278977e-13 ; 1/2 fragment CI solvers converged
Cycle 10: max grad = 9.875907e-04 ; sigma = 1.065814e-13 ; 1/2 fragment CI solvers converged
Cycle 11: max grad = 9.875907e-04 ; sigma = 8.526513e-14 ; 1/2 fragment CI solvers converged
Cycle 12: max grad = 9.875907e-04 ; sigma = 9.947598e-14 ; 1/2 fragment CI solvers converged
Cycle 13: max grad = 9.875907e-04 ; sigma = 6.394885e-14 ; 1/2 fragment CI solvers converged
Cycle 14: max grad = 9.875907e-04 ; sigma = 6.394885e-14 ; 1/2 fragment CI solvers converged
Cycle 15: max grad = 9.875907e-04 ; sigma = 7.105427e-14 ; 1/2 fragment CI solvers converged
Cycle 16: max grad = 9.875907e-04 ; sigma = 8.526513e-14 ; 1/2 fragment CI solvers converged
Cycle 17: max grad = 9.875907e-04 ; sigma = 1.705303e-13 ; 1/2 fragment CI solvers converged
Cycle 18: max grad = 9.875907e-04 ; sigma = 1.350031e-13 ; 1/2 fragment CI solvers converged
Cycle 19: max grad = 9.875907e-04 ; sigma = 1.350031e-13 ; 1/2 fragment CI solvers converged
Cycle 20: max grad = 9.875907e-04 ; sigma = 7.815970e-14 ; 1/2 fragment CI solvers converged
Cycle 21: max grad = 9.875907e-04 ; sigma = 1.421085e-13 ; 1/2 fragment CI solvers converged
Cycle 22: max grad = 9.875907e-04 ; sigma = 1.136868e-13 ; 1/2 fragment CI solvers converged
Cycle 23: max grad = 9.875907e-04 ; sigma = 1.207923e-13 ; 1/2 fragment CI solvers converged
Cycle 24: max grad = 9.875907e-04 ; sigma = 1.421085e-13 ; 1/2 fragment CI solvers converged
Cycle 25: max grad = 9.875907e-04 ; sigma = 7.815970e-14 ; 1/2 fragment CI solvers converged
Cycle 26: max grad = 9.875907e-04 ; sigma = 7.815970e-14 ; 1/2 fragment CI solvers converged
Cycle 27: max grad = 9.875907e-04 ; sigma = 1.065814e-13 ; 1/2 fragment CI solvers converged
Cycle 28: max grad = 9.875907e-04 ; sigma = 7.815970e-14 ; 1/2 fragment CI solvers converged
Cycle 29: max grad = 9.875907e-04 ; sigma = 8.526513e-14 ; 1/2 fragment CI solvers converged
Cycle 30: max grad = 9.875907e-04 ; sigma = 7.815970e-14 ; 1/2 fragment CI solvers converged
Cycle 31: max grad = 9.875907e-04 ; sigma = 7.105427e-15 ; 1/2 fragment CI solvers converged
Cycle 32: max grad = 9.875907e-04 ; sigma = 4.973799e-14 ; 1/2 fragment CI solvers converged
Cycle 33: max grad = 9.875907e-04 ; sigma = 1.350031e-13 ; 1/2 fragment CI solvers converged
Cycle 34: max grad = 9.875907e-04 ; sigma = 7.105427e-14 ; 1/2 fragment CI solvers converged
Cycle 35: max grad = 9.875907e-04 ; sigma = 1.207923e-13 ; 1/2 fragment CI solvers converged
Cycle 36: max grad = 9.875907e-04 ; sigma = 1.492140e-13 ; 1/2 fragment CI solvers converged
Cycle 37: max grad = 9.875907e-04 ; sigma = 6.394885e-14 ; 1/2 fragment CI solvers converged
Cycle 38: max grad = 9.875907e-04 ; sigma = 8.526513e-14 ; 1/2 fragment CI solvers converged
Cycle 39: max grad = 9.875907e-04 ; sigma = 4.263256e-14 ; 1/2 fragment CI solvers converged
Cycle 40: max grad = 9.875907e-04 ; sigma = 5.684342e-14 ; 1/2 fragment CI solvers converged
Cycle 41: max grad = 9.875907e-04 ; sigma = 1.350031e-13 ; 1/2 fragment CI solvers converged
Cycle 42: max grad = 9.875907e-04 ; sigma = 7.105427e-14 ; 1/2 fragment CI solvers converged
Cycle 43: max grad = 9.875907e-04 ; sigma = 6.394885e-14 ; 1/2 fragment CI solvers converged
Cycle 44: max grad = 9.875907e-04 ; sigma = 7.815970e-14 ; 1/2 fragment CI solvers converged
Cycle 45: max grad = 9.875907e-04 ; sigma = 5.684342e-14 ; 1/2 fragment CI solvers converged
Cycle 46: max grad = 9.875907e-04 ; sigma = 1.136868e-13 ; 1/2 fragment CI solvers converged
Cycle 47: max grad = 9.875907e-04 ; sigma = 1.634248e-13 ; 1/2 fragment CI solvers converged
Cycle 48: max grad = 9.875907e-04 ; sigma = 1.136868e-13 ; 1/2 fragment CI solvers converged
Cycle 49: max grad = 9.875907e-04 ; sigma = 9.237056e-14 ; 1/2 fragment CI solvers converged
Product_state fixed-point CI iteration NOT converged after 49 cycles
Debugging CI and gradient vectors...
Fragment 0
CI vector norm = 1.0
Gradient norm = 4.421781e-03
Previous CI vector leading components (0/1):
u002222222 : 4.130222e-01
u020222222 : -4.105366e-01
0u02222222 : -3.775432e-01
0u20222222 : 3.729618e-01
0duu222222 : -3.410533e-01
d0uu222222 : 3.089957e-01
02ud222u22 : -9.268172e-02
0202222u22 : -8.968489e-02
20ud222u22 : 8.864324e-02
0220222u22 : 8.855134e-02
Current CI vector leading components (0/1):
u002222222 : -4.130222e-01
u020222222 : 4.105366e-01
0u02222222 : 3.775432e-01
0u20222222 : -3.729618e-01
0duu222222 : 3.410533e-01
d0uu222222 : -3.089957e-01
02ud222u22 : 9.268172e-02
0202222u22 : 8.968489e-02
20ud222u22 : -8.864324e-02
0220222u22 : -8.855134e-02
Grad vector leading components (0/1):
u220220222 : -9.875907e-04
2u2022du22 : -8.188065e-04
u202222022 : 8.032531e-04
2u20du2222 : -7.209007e-04
2u02222022 : -7.170065e-04
2u02du2222 : 6.699318e-04
222u0d2u22 : 6.019467e-04
0202222u22 : 5.818318e-04
2udu22du22 : -5.725977e-04
dduu22u222 : -5.719917e-04
Fragment 1
CI vector norm = 1.0
Gradient norm = 1.939040e-14
Previous CI vector leading components (0/1):
dduu222222 : -4.992405e-01
0202222222 : 4.287803e-01
2002222222 : -4.271913e-01
0220222222 : -4.270925e-01
2020222222 : 4.255104e-01
02du222222 : 9.456444e-02
20du222222 : -9.421477e-02
02d2u22222 : -1.844770e-02
20d2u22222 : 1.836878e-02
022du22222 : -1.374958e-02
Current CI vector leading components (0/1):
dduu222222 : -4.992405e-01
0202222222 : 4.287803e-01
2002222222 : -4.271913e-01
0220222222 : -4.270925e-01
2020222222 : 4.255104e-01
02du222222 : 9.456444e-02
20du222222 : -9.421477e-02
02d2u22222 : -1.844770e-02
20d2u22222 : 1.836878e-02
022du22222 : -1.374958e-02
Grad vector leading components (0/1):
dudu222222 : 1.421085e-14
2002222222 : 8.881784e-15
0220222222 : 5.329071e-15
dduu222222 : -4.615110e-15
ddu2u22222 : 3.285061e-15
ddu22u2222 : 1.930975e-15
02du222222 : -1.884111e-15
0202222222 : -1.776357e-15
dud2u22222 : 1.720846e-15
022d22222u : 1.668223e-15

WARN: State 1 LASCI not converged!

Entering product-state fixed-point CI iteration
Cycle 0: max grad = 3.424633e-02 ; sigma = 0.000000e+00 ; 0/2 fragment CI solvers converged
Cycle 1: max grad = 8.795179e-04 ; sigma = 4.896625e-02 ; 1/2 fragment CI solvers converged
Cycle 2: max grad = 7.525474e-04 ; sigma = 4.858960e-05 ; 1/2 fragment CI solvers converged
Cycle 3: max grad = 9.573088e-04 ; sigma = 1.279149e-05 ; 1/2 fragment CI solvers converged
Cycle 4: max grad = 9.715045e-04 ; sigma = 1.070951e-08 ; 1/2 fragment CI solvers converged
Cycle 5: max grad = 9.706684e-04 ; sigma = 6.770780e-08 ; 1/2 fragment CI solvers converged
Cycle 6: max grad = 9.686400e-04 ; sigma = 3.005958e-09 ; 1/2 fragment CI solvers converged
Cycle 7: max grad = 9.684332e-04 ; sigma = 8.106582e-11 ; 1/2 fragment CI solvers converged
Cycle 8: max grad = 9.684340e-04 ; sigma = 9.947598e-14 ; 1/2 fragment CI solvers converged
Cycle 9: max grad = 9.684339e-04 ; sigma = 1.918465e-13 ; 1/2 fragment CI solvers converged
Cycle 10: max grad = 9.684339e-04 ; sigma = 1.350031e-13 ; 1/2 fragment CI solvers converged
Cycle 11: max grad = 9.684339e-04 ; sigma = 1.705303e-13 ; 1/2 fragment CI solvers converged
Cycle 12: max grad = 9.684339e-04 ; sigma = 7.105427e-14 ; 1/2 fragment CI solvers converged
Cycle 13: max grad = 9.684339e-04 ; sigma = 1.278977e-13 ; 1/2 fragment CI solvers converged
Cycle 14: max grad = 9.684339e-04 ; sigma = 1.136868e-13 ; 1/2 fragment CI solvers converged
Cycle 15: max grad = 9.684339e-04 ; sigma = 7.815970e-14 ; 1/2 fragment CI solvers converged
Cycle 16: max grad = 9.684339e-04 ; sigma = 9.947598e-14 ; 1/2 fragment CI solvers converged
Cycle 17: max grad = 9.684339e-04 ; sigma = 9.947598e-14 ; 1/2 fragment CI solvers converged
Cycle 18: max grad = 9.684339e-04 ; sigma = 1.278977e-13 ; 1/2 fragment CI solvers converged
Cycle 19: max grad = 9.684339e-04 ; sigma = 4.263256e-14 ; 1/2 fragment CI solvers converged
Cycle 20: max grad = 9.684339e-04 ; sigma = 1.136868e-13 ; 1/2 fragment CI solvers converged
Cycle 21: max grad = 9.684339e-04 ; sigma = 9.237056e-14 ; 1/2 fragment CI solvers converged
Cycle 22: max grad = 9.684339e-04 ; sigma = 8.526513e-14 ; 1/2 fragment CI solvers converged
Cycle 23: max grad = 9.684339e-04 ; sigma = 5.684342e-14 ; 1/2 fragment CI solvers converged
Cycle 24: max grad = 9.684339e-04 ; sigma = 3.552714e-14 ; 1/2 fragment CI solvers converged
Cycle 25: max grad = 9.684339e-04 ; sigma = 7.105427e-14 ; 1/2 fragment CI solvers converged
Cycle 26: max grad = 9.684339e-04 ; sigma = 5.684342e-14 ; 1/2 fragment CI solvers converged
Cycle 27: max grad = 9.684339e-04 ; sigma = 1.065814e-13 ; 1/2 fragment CI solvers converged
Cycle 28: max grad = 9.684339e-04 ; sigma = 5.684342e-14 ; 1/2 fragment CI solvers converged
Cycle 29: max grad = 9.684339e-04 ; sigma = 1.776357e-13 ; 1/2 fragment CI solvers converged
Cycle 30: max grad = 9.684339e-04 ; sigma = 7.815970e-14 ; 1/2 fragment CI solvers converged
Cycle 31: max grad = 9.684339e-04 ; sigma = 4.263256e-14 ; 1/2 fragment CI solvers converged
Cycle 32: max grad = 9.684339e-04 ; sigma = 1.421085e-14 ; 1/2 fragment CI solvers converged
Cycle 33: max grad = 9.684339e-04 ; sigma = 6.394885e-14 ; 1/2 fragment CI solvers converged
Cycle 34: max grad = 9.684339e-04 ; sigma = 4.263256e-14 ; 1/2 fragment CI solvers converged
Cycle 35: max grad = 9.684339e-04 ; sigma = 1.278977e-13 ; 1/2 fragment CI solvers converged
Cycle 36: max grad = 9.684339e-04 ; sigma = 2.842171e-14 ; 1/2 fragment CI solvers converged
Cycle 37: max grad = 9.684339e-04 ; sigma = 9.947598e-14 ; 1/2 fragment CI solvers converged
Cycle 38: max grad = 9.684339e-04 ; sigma = 9.237056e-14 ; 1/2 fragment CI solvers converged
Cycle 39: max grad = 9.684339e-04 ; sigma = 9.947598e-14 ; 1/2 fragment CI solvers converged
Cycle 40: max grad = 9.684339e-04 ; sigma = 3.552714e-14 ; 1/2 fragment CI solvers converged
Cycle 41: max grad = 9.684339e-04 ; sigma = 1.421085e-14 ; 1/2 fragment CI solvers converged
Cycle 42: max grad = 9.684339e-04 ; sigma = 1.278977e-13 ; 1/2 fragment CI solvers converged
Cycle 43: max grad = 9.684339e-04 ; sigma = 1.136868e-13 ; 1/2 fragment CI solvers converged
Cycle 44: max grad = 9.684339e-04 ; sigma = 1.847411e-13 ; 1/2 fragment CI solvers converged
Cycle 45: max grad = 9.684339e-04 ; sigma = 1.492140e-13 ; 1/2 fragment CI solvers converged
Cycle 46: max grad = 9.684339e-04 ; sigma = 7.105427e-14 ; 1/2 fragment CI solvers converged
Cycle 47: max grad = 9.684339e-04 ; sigma = 9.947598e-14 ; 1/2 fragment CI solvers converged
Cycle 48: max grad = 9.684339e-04 ; sigma = 9.947598e-14 ; 1/2 fragment CI solvers converged
Cycle 49: max grad = 9.684339e-04 ; sigma = 8.526513e-14 ; 1/2 fragment CI solvers converged
Product_state fixed-point CI iteration NOT converged after 49 cycles
Debugging CI and gradient vectors...
Fragment 0
CI vector norm = 1.0
Gradient norm = 2.002799e-14
Previous CI vector leading components (0/1):
dduu222222 : -4.992409e-01
0202222222 : 4.287782e-01
2002222222 : -4.271893e-01
0220222222 : -4.270905e-01
2020222222 : 4.255084e-01
02du222222 : 9.458671e-02
20du222222 : -9.423696e-02
02d2u22222 : 1.844610e-02
20d2u22222 : -1.836720e-02
022du22222 : 1.374165e-02
Current CI vector leading components (0/1):
dduu222222 : -4.992409e-01
0202222222 : 4.287782e-01
2002222222 : -4.271893e-01
0220222222 : -4.270905e-01
2020222222 : 4.255084e-01
02du222222 : 9.458671e-02
20du222222 : -9.423696e-02
02d2u22222 : 1.844610e-02
20d2u22222 : -1.836720e-02
022du22222 : 1.374165e-02
Grad vector leading components (0/1):
dudu222222 : -1.110223e-14
dduu222222 : 8.461036e-15
0202222222 : 7.105427e-15
ddu2u22222 : -6.041308e-15
ddu22u2222 : -5.766885e-15
dd2uu22222 : -4.895543e-15
dud2u22222 : 4.718448e-15
02du222222 : -2.512148e-15
dd2u2u2222 : -1.983055e-15
2002222222 : -1.776357e-15
Fragment 1
CI vector norm = 1.0000000000000002
Gradient norm = 4.394787e-03
Previous CI vector leading components (0/1):
u002222222 : 4.135063e-01
u020222222 : -4.109789e-01
0u02222222 : -3.770716e-01
0u20222222 : 3.725557e-01
0duu222222 : -3.413123e-01
d0uu222222 : 3.086838e-01
02ud222u22 : -9.260173e-02
0202222u22 : -8.993825e-02
0220222u22 : 8.879607e-02
20ud222u22 : 8.855666e-02
Current CI vector leading components (0/1):
u002222222 : -4.135063e-01
u020222222 : 4.109789e-01
0u02222222 : 3.770716e-01
0u20222222 : -3.725557e-01
0duu222222 : 3.413123e-01
d0uu222222 : -3.086838e-01
02ud222u22 : 9.260173e-02
0202222u22 : 8.993825e-02
0220222u22 : -8.879607e-02
20ud222u22 : -8.855666e-02
Grad vector leading components (0/1):
u220220222 : -9.684339e-04
2u2022du22 : -7.967612e-04
u202222022 : 7.826094e-04
2u02222022 : -7.151608e-04
2u20du2222 : -6.791959e-04
2u02du2222 : 6.309438e-04
222u0d2u22 : -6.120831e-04
0202222u22 : 5.843937e-04
2udu22du22 : -5.756038e-04
dduu22u222 : -5.747421e-04

WARN: State 2 LASCI not converged!

Entering product-state fixed-point CI iteration
Cycle 0: max grad = 3.424652e-02 ; sigma = 0.000000e+00 ; 0/2 fragment CI solvers converged
Cycle 1: max grad = 5.708622e-04 ; sigma = 5.948001e-02 ; 2/2 fragment CI solvers converged
Cycle 2: max grad = 4.670666e-05 ; sigma = 3.409957e-05 ; 2/2 fragment CI solvers converged
Cycle 3: max grad = 6.151854e-05 ; sigma = 3.819663e-06 ; 2/2 fragment CI solvers converged
Cycle 4: max grad = 4.603763e-06 ; sigma = 3.940005e-07 ; 2/2 fragment CI solvers converged
Cycle 5: max grad = 5.753221e-06 ; sigma = 3.701602e-08 ; 2/2 fragment CI solvers converged
Cycle 6: max grad = 4.265427e-07 ; sigma = 3.446125e-09 ; 2/2 fragment CI solvers converged
Cycle 7: max grad = 5.302962e-07 ; sigma = 3.177973e-10 ; 2/2 fragment CI solvers converged
Cycle 8: max grad = 3.928179e-08 ; sigma = 2.923883e-11 ; 2/2 fragment CI solvers converged
Product_state fixed-point CI iteration converged after 8 cycles
Entering product-state fixed-point CI iteration
Cycle 0: max grad = 3.424633e-02 ; sigma = 0.000000e+00 ; 0/2 fragment CI solvers converged
Cycle 1: max grad = 5.708647e-04 ; sigma = 5.947997e-02 ; 2/2 fragment CI solvers converged
Cycle 2: max grad = 4.670647e-05 ; sigma = 3.409975e-05 ; 2/2 fragment CI solvers converged
Cycle 3: max grad = 6.151598e-05 ; sigma = 3.819509e-06 ; 2/2 fragment CI solvers converged
Cycle 4: max grad = 4.603531e-06 ; sigma = 3.939662e-07 ; 2/2 fragment CI solvers converged
Cycle 5: max grad = 5.752713e-06 ; sigma = 3.701107e-08 ; 2/2 fragment CI solvers converged
Cycle 6: max grad = 4.265015e-07 ; sigma = 3.445649e-09 ; 2/2 fragment CI solvers converged
Cycle 7: max grad = 5.302250e-07 ; sigma = 3.177902e-10 ; 2/2 fragment CI solvers converged
Cycle 8: max grad = 3.927618e-08 ; sigma = 2.928857e-11 ; 2/2 fragment CI solvers converged
Product_state fixed-point CI iteration converged after 8 cycles
LASCI state-average energy = -724.241347326521
LASCI state 0 energy = -724.504687501703
LASCI state 1 energy = -724.321594793032
LASCI state 2 energy = -724.321595074807
LASCI state 3 energy = -724.029429747309
LASCI state 4 energy = -724.029429515753
******** LAS space tables ********
LAS space 0: (16e+16e,20o) wfynsm=A
Converged? True
E(LAS) = -724.504687501703
S^2 = 0.0000000 (Pure)
Space table
 frag    (ae+be,no)  2S+1   ir   lroots
    0   (8e+8e,10o)     1    A        1
    1   (8e+8e,10o)     1    A        1
LAS space 1: (16e+15e,20o) wfynsm=A
Converged? False
E(LAS) = -724.321594793032
S^2 = 0.7500000 (Pure)
Space table
 frag    (ae+be,no)  2S+1   ir   lroots
    0   (8e+7e,10o)     2    A        1
    1   (8e+8e,10o)     1    A        1
LAS space 2: (16e+15e,20o) wfynsm=A
Converged? False
E(LAS) = -724.321595074807
S^2 = 0.7500000 (Pure)
Space table
 frag    (ae+be,no)  2S+1   ir   lroots
    0   (8e+8e,10o)     1    A        1
    1   (8e+7e,10o)     2    A        1
LAS space 3: (17e+16e,20o) wfynsm=A
Converged? True
E(LAS) = -724.029429747309
S^2 = 0.7500000 (Pure)
Space table
 frag    (ae+be,no)  2S+1   ir   lroots
    0   (9e+8e,10o)     2    A        1
    1   (8e+8e,10o)     1    A        1
LAS space 4: (17e+16e,20o) wfynsm=A
Converged? True
E(LAS) = -724.029429515753
S^2 = 0.7500000 (Pure)
Space table
 frag    (ae+be,no)  2S+1   ir   lroots
    0   (8e+8e,10o)     1    A        1
    1   (9e+8e,10o)     2    A        1

WARN: LASSI state preparation step not converged!

LASSI op_o0 memory check: 1709.058096 MB needed of 491315.890176 MB available (500000 MB max)


******** <class 'pyscf.pbc.df.rsdf_builder._RSNucBuilder'> ********
mesh = [25 25 47] (29375 PWs)
ke_cutoff = 16.71278818368768
omega = 0.4430954711393873
exclude_d_aux = False
exclude_dd_block = True
j2c_eig_always = False
has_long_range = True
Symmetry analysis of 5 LAS rootspaces:
 ix            Energy  <S**2>  Neleca  Nelecb  Nelec   Wfnsym
  0   -724.5046875017   0.000      16      16      32       A
  1   -724.3215947930   0.750      16      15      31       A
  2   -724.3215950748   0.750      16      15      31       A
  3   -724.0294297473   0.750      17      16      33       A
  4   -724.0294295158   0.750      17      16      33       A
Build + diag H matrix LASSI symmetry block 0
['neleca', 'nelecb', 'irrep'] = (17, 16, 0)
(2 rootspaces; 2 states)
LASSI op_o0 memory check: 123.54336 MB needed of 491312.760832 MB available (500000 MB max)
2/2 linearly independent model states
Build + diag H matrix LASSI symmetry block 1
['neleca', 'nelecb', 'irrep'] = (16, 15, 0)
(2 rootspaces; 2 states)
LASSI op_o0 memory check: 1652.196096 MB needed of 491312.760832 MB available (500000 MB max)
2/2 linearly independent model states
Build + diag H matrix LASSI symmetry block 2
['neleca', 'nelecb', 'irrep'] = (16, 16, 0)
(1 rootspaces; 1 states)
LASSI eigenvalues (5 total):
 ix            Energy  <S**2>  Neleca  Nelecb  Wfnsym
  0   -724.5046875017   0.000      16      16       A
  1   -724.3222669704   0.750      16      15       A
  2   -724.3209228974   0.750      16      15       A
  3   -724.0299988211   0.750      17      16       A
  4   -724.0288604420   0.750      17      16       A
Building tPBE functional
Building tPBE functional
Periodic OT-FNAL class is used
LASSI op_o0 memory check: 1709.058096 MB needed of 491312.760832 MB available (500000 MB max)


******** <class 'pyscf.pbc.df.rsdf_builder._RSNucBuilder'> ********
mesh = [25 25 47] (29375 PWs)
ke_cutoff = 16.71278818368768
omega = 0.4430954711393873
exclude_d_aux = False
exclude_dd_block = True
j2c_eig_always = False
has_long_range = True
MC-PDFT state 0 E = -740.9955665768936, Eot(tPBE) = -81.25060500241864


******** <class 'pyscf.pbc.df.rsdf_builder._RSNucBuilder'> ********
mesh = [25 25 47] (29375 PWs)
ke_cutoff = 16.71278818368768
omega = 0.4430954711393873
exclude_d_aux = False
exclude_dd_block = True
j2c_eig_always = False
has_long_range = True
MC-PDFT state 1 E = -740.8088847960807, Eot(tPBE) = -80.15244840159284


******** <class 'pyscf.pbc.df.rsdf_builder._RSNucBuilder'> ********
mesh = [25 25 47] (29375 PWs)
ke_cutoff = 16.71278818368768
omega = 0.4430954711393873
exclude_d_aux = False
exclude_dd_block = True
j2c_eig_always = False
has_long_range = True
MC-PDFT state 2 E = -740.8077148912372, Eot(tPBE) = -80.15315719087637


******** <class 'pyscf.pbc.df.rsdf_builder._RSNucBuilder'> ********
mesh = [25 25 47] (29375 PWs)
ke_cutoff = 16.71278818368768
omega = 0.4430954711393873
exclude_d_aux = False
exclude_dd_block = True
j2c_eig_always = False
has_long_range = True
MC-PDFT state 3 E = -740.9203922484793, Eot(tPBE) = -82.23899581169906


******** <class 'pyscf.pbc.df.rsdf_builder._RSNucBuilder'> ********
mesh = [25 25 47] (29375 PWs)
ke_cutoff = 16.71278818368768
omega = 0.4430954711393873
exclude_d_aux = False
exclude_dd_block = True
j2c_eig_always = False
has_long_range = True
MC-PDFT state 4 E = -740.9193984215549, Eot(tPBE) = -82.23943474427638
