Discarded 16 diffused primitive functions, 0 contracted functions
#INFO: **** input file is /project/lgagliardi/jangidbhavnesh/Re/Final/MottTransition/NewGeometry/NiO.py ****
import os, sys
import shutil
import numpy as np
import scipy.linalg as la
from pyscf.pbc import scf, gto, df, dft, tools
from pyscf.tools import molden
from pyscf import mcpdft, lib, mcscf
from pyscf.mcscf import avas,project_init_guess
from pyscf import mcscf, dmrgscf
from functools import reduce
from pyscf import __config__
from pyscf.pbc.tools import k2gamma
# Import mcpdft from mrh
from mrh.my_pyscf import mcpdft
from pyscf.tools import molden
pre_orth_method = getattr(__config__, 'pbc_scf_analyze_pre_orth_method', 'ANO')

def getCell(nd=2.085, spin=0, maxMem=200000, basis='def2SVP', pseudo=None):
    cell = gto.Cell()
    cell.a = [[2*nd, nd, nd], [nd, 2*nd, nd], [2*nd, 2*nd, 4*nd]]
    cell.atom= f'''
Ni 0 0 0
Ni {2*nd} {2*nd} {2*nd}
Ni {nd} {nd} {2*nd}
Ni {3*nd} {3*nd} {4*nd}
O {nd} {nd} {nd}
O {3*nd} {3*nd} {3*nd}
O {2*nd} {2*nd} {3*nd}
O {4*nd} {4*nd} {5*nd}
    '''
    cell.basis = basis
    cell.pseudo = pseudo
    cell.output=f'NiO_{nd}.log'
    cell.verbose=lib.logger.INFO
    cell.precision=1e-12
    cell.exp_to_discard=0.1
    cell.spin=0
    cell.max_memory = maxMem
    cell.build()
    return cell

def get_gdf(cell, filename, restart=True):
    if not os.path.exists(filename) or restart:
        gdf = df.GDF(cell)
        gdf._cderi_to_save = filename
        gdf.build()
    return filename

def initguess(mol, mf, ao_label: list, activespacesize:int):
    '''
    Based on the ao_label find the orb which has
    highest character of that ao
    '''
    from pyscf.lo import orth
    baslst = mol.search_ao_label(ao_label)
    assert len(baslst) >=activespacesize
    orbindex=[]
    if len(mf.mo_coeff) > 1:
        mo_coeff = mf.mo_coeff[0]
    else:
        mo_coeff = mf.mo_coeff
    
    nkpts, nao = 1, mf.mo_coeff.shape[1]
    s_sc = mf.get_ovlp()
    orth_coeff = orth.orth_ao(mol, 'meta_lowdin',pre_orth_ao=None, s=s_sc)
    C = reduce(np.dot,(orth_coeff.T.conj(), s_sc, mf.mo_coeff))
    for orb in baslst:
        ao = C[orb]
        A = np.argsort(ao*ao.conj())[-activespacesize:][::-1]
        for element in A:
            if element not in orbindex:
                orbindex.append(element)
                break
    orbind = [x+1 for x in orbindex]
    return sorted(orbind[:activespacesize])

def runSCF(cell,nd=2.085, Restricted=True, Unrestricted=False):
    '''
    Run the Hartree Fock
    '''
    if Restricted:
        kmf = scf.ROHF(cell).density_fit()
    elif Unrestricted:
        kmf = scf.UHF(cell).density_fit()
    else:
        raise NotImplementedError

    kmf.max_cycle=100
    kmf.chkfile = f'NiO_{nd}.chk'
    kmf.init_guess='chk'
    kmf.with_df._cderi = get_gdf(cell, kmf.chkfile.rstrip('.chk')+'.h5', restart=False)
    kmf.exxdiv = None
    kmf.conv_tol = 1e-10
    kmf.kernel()

    if not kmf.converged:
        kmf.newton().run()

    assert kmf, "mean-field didn't converge"
    return kmf

def getfrags(nfrags: int):
    '''
    If NiO is in POSCAR Format where first N-atoms are Ni and
    next N-atoms are O, then get the frag atom no
    '''
    assert nfrags>=1, "You should know what you are doing"
    frags = []
    offset = nfrags * 2
    for i in range(nfrags):
        frag = [i * 2, i * 2 + offset, i * 2 + 1, i * 2 + offset + 1]
        frags.append(frag)
    return frags

def runLASSCF(cell, kmf):
    nfrags = 2
    ncas = 10 
    nelec = 16
    norb  = tuple([ncas,]*nfrags)
    nele  = tuple([nelec,]*nfrags)
    nspin = tuple([1,]*nfrags)

    orblst = initguess(cell, kmf, ao_label=['Ni 3d', ], activespacesize=sum(norb))

    frags = getfrags(nfrags)
    from mrh.my_pyscf.mcscf.lasscf_o0 import LASSCF
    las = LASSCF(kmf, norb, nele, spin_sub=nspin)
    sortedmo = las.sort_mo(orblst, kmf.mo_coeff)
    mo0 = las.localize_init_guess(frags, sortedmo)
    #mo0 = sortedmo
    molden.from_mo(cell, f'NiO.{nfrags}.las.molden', mo0[:, las.ncore:las.ncore+(ncas*nfrags)])
    las_weights,las_charges,las_spins,las_smults=genModelSpace(nfrags)
    las = las.state_average(las_weights,las_charges,las_spins,las_smults)
    elasci = las.lasci_(mo0)
    las.mo_coeff = mo0
    return las

# Model Space for the band gap
def genModelSpace(nfrags):
    las_charges = []
    las_spins = [] #2s
    las_smults = [] #2s+1

    las_charges += [[0]*nfrags]
    las_spins += [[0]*nfrags]
    las_smults += [[las_spins[0][0]+1]*nfrags]

    for i in range(nfrags):
        idxarr = np.eye(nfrags)[:,i].astype(int)
        las_charges += [list(idxarr)]
        spins = idxarr
        las_spins += [list(spins)]
        las_smults += [list(spins + 1)]

    for i in range(nfrags):
        idxarr = np.eye(nfrags)[:,i].astype(int)
        las_charges += [list(-idxarr)]
        spins = idxarr
        las_spins += [list(spins)]
        las_smults += [list(spins + 1)]

    nrootspaces = len(las_charges)
    las_weights = np.ones(nrootspaces)/nrootspaces
    return las_weights,las_charges,las_spins,las_smults

def processlas(las):
    from periodiclas.tools import sign_control, util
    las.ci = sign_control.fix_sign(las)
    las.dump_spaces()
    return las

def runLASSI(las):
    from mrh.my_pyscf.lassi import lassi
    lsi = lassi.LASSI(las)
    energies_lassi, civecs_lassi = lsi.kernel()
    return lsi, energies_lassi

def runLASSIPDFT(lsi, states=[0]):
    from mrh.my_pyscf import mcpdft
    mc = mcpdft.LASSI(lsi, 'tPBE', states=states)
    energies = mc.kernel()[0]
    return energies

def getBANDGAP(nele, lsi, energies_lassi):
    stateidx = [
        np.where((np.asarray(lsi.rootsym)[:, :2].sum(axis=1) == nele))[0],
        np.where((np.asarray(lsi.rootsym)[:, :2].sum(axis=1) == nele - 1))[0],
        np.where((np.asarray(lsi.rootsym)[:, :2].sum(axis=1) == nele + 1))[0]]
    stateidx = [list(x) for x in stateidx]
    ip = 27.21139*(min(energies_lassi[stateidx[1]]) - min(energies_lassi[stateidx[0]]))
    ea = 27.21139*(min(energies_lassi[stateidx[0]]) - min(energies_lassi[stateidx[2]]))
    return ip, ea

def getNatorbOcc(nele, lsi):
    from mrh.my_pyscf.lassi.lassi import root_make_rdm12s
    stateidx = [
        np.where((np.asarray(lsi.rootsym)[:, :2].sum(axis=1) == nele))[0],
        np.where((np.asarray(lsi.rootsym)[:, :2].sum(axis=1) == nele - 1))[0],
        np.where((np.asarray(lsi.rootsym)[:, :2].sum(axis=1) == nele + 1))[0]]
    stateidx = [int(list(x)[0]) for x in stateidx]
    for state in stateidx:
        natorb_casdm1 = root_make_rdm12s (lsi, lsi.ci, lsi.si, state=state, opt=lsi.opt)[0].sum (0)
        mo_occ = lsi._las.canonicalize (natorb_casdm1=natorb_casdm1)[2]
        mo_occ = [x for x in mo_occ if 0 < x < 2]
        print("State-",state, mo_occ)

def savepickel(mf, lsi, pdftenergy=0, R=2.47):
    """
    Save the LAS Band Structure Data
    """

    from periodiclas.tools import sign_control, util
    civec = lsi.get_sivec_vacuum_shuffle(state=0)
    charges = util.las_charges(lsi._las)

    data = {"energies_lassi":lsi.e_roots,
            "energies_lassipdft":pdftenergy,
            "civecs":civec,
            "charges":charges,
            "dist":R,
            "mf_coeff":mf.mo_coeff,
            "mf_occ":mf.mo_occ,
            "mf_ene":mf.mo_energy}


if __name__ == "__main__":
    for nd in np.arange(1.5, 3.6, 0.1):
        cell =  getCell(nd, maxMem=500000, basis='gth-dzvp-molopt-sr', pseudo='gth-pade')
        kmf = runSCF(cell, nd, Restricted=True, Unrestricted=False)

        las = runLASSCF(cell, kmf)
        las = processlas(las)

        lsi,energies_lassi = runLASSI(las)
        IP_LASSI, EA_LASSI = getBANDGAP(32, lsi,energies_lassi)
        energies_mcpdft = runLASSIPDFT(lsi, states=[x for x in range(len(energies_lassi))])
        IP_PDFT, EA_PDFT = getBANDGAP(32, lsi,np.asarray(energies_mcpdft))
        
        savepickel(kmf, lsi, pdftenergy=energies_mcpdft, R=nd)

        print("Results: LASSI ", )
        print("Ionization Energy: ", IP_LASSI)
        print("ElectAtt   Energy: ", EA_LASSI)
        print("Band Gap: ", IP_LASSI-EA_LASSI)

        print("Results: PDFT", )
        print("Ionization Energy: ", IP_PDFT)
        print("ElectAtt   Energy: ", EA_PDFT)
        print("Band Gap: ", IP_PDFT-EA_PDFT)

#INFO: ******************** input file end ********************


System: uname_result(system='Linux', node='midway3-0555.rcc.local', release='4.18.0-305.3.1.el8.x86_64', version='#1 SMP Tue Jun 1 16:14:33 UTC 2021', machine='x86_64')  Threads 128
Python 3.9.13 (main, Aug 25 2022, 23:26:10) 
[GCC 11.2.0]
numpy 1.26.2  scipy 1.11.4  h5py 3.10.0
Date: Sat Mar 15 00:32:30 2025
PySCF version 2.8.0
PySCF path  /home/jangidbhavnesh/bin/pyscf
GIT ORIG_HEAD a0665c4a7bf54e33f01295b3eea390be7a17d76d
GIT HEAD (branch master) 6f6d3741bf42543e02ccaa1d4ef43d9bf83b3dda
mrh path  /home/jangidbhavnesh/bin/mrh
GIT ORIG_HEAD ed1f605b415d72e71fb56d97b9d163809b62b172
GIT HEAD (branch master) ea89791c15c26abd3b0f0efdeadd7a286ca4585a

[ENV] PYSCF_EXT_PATH /home/jangidbhavnesh/bin/pyscf:/home/jangidbhavnesh/bin/pyscf-forge:/home/jangidbhavnesh/bin/dmrgscf:/home/jangidbhavnesh/bin:
[CONFIG] conf_file /home/jangidbhavnesh/.pyscf_conf.py
[INPUT] verbose = 4
[INPUT] num. atoms = 8
[INPUT] num. electrons = 96
[INPUT] charge = 0
[INPUT] spin (= nelec alpha-beta = 2S) = 0
[INPUT] symmetry False subgroup None
[INPUT] Mole.unit = angstrom
[INPUT] Symbol           X                Y                Z      unit          X                Y                Z       unit  Magmom
[INPUT]  1 Ni     0.000000000000   0.000000000000   0.000000000000 AA    0.000000000000   0.000000000000   0.000000000000 Bohr   0.0
[INPUT]  2 Ni     5.200000000000   5.200000000000   5.200000000000 AA    9.826575847738   9.826575847738   9.826575847738 Bohr   0.0
[INPUT]  3 Ni     2.600000000000   2.600000000000   5.200000000000 AA    4.913287923869   4.913287923869   9.826575847738 Bohr   0.0
[INPUT]  4 Ni     7.800000000000   7.800000000000  10.400000000000 AA   14.739863771607  14.739863771607  19.653151695477 Bohr   0.0
[INPUT]  5 O      2.600000000000   2.600000000000   2.600000000000 AA    4.913287923869   4.913287923869   4.913287923869 Bohr   0.0
[INPUT]  6 O      7.800000000000   7.800000000000   7.800000000000 AA   14.739863771607  14.739863771607  14.739863771607 Bohr   0.0
[INPUT]  7 O      5.200000000000   5.200000000000   7.800000000000 AA    9.826575847738   9.826575847738  14.739863771607 Bohr   0.0
[INPUT]  8 O     10.400000000000  10.400000000000  13.000000000000 AA   19.653151695477  19.653151695477  24.566439619346 Bohr   0.0

nuclear repulsion = -383.843299849373
number of shells = 28
number of NR pGTOs = 500
number of NR cGTOs = 156
basis = gth-dzvp-molopt-sr
ecp = {}
CPU time:    251915.91
lattice vectors  a1 [9.826575848, 4.913287924, 4.913287924]
                 a2 [4.913287924, 9.826575848, 4.913287924]
                 a3 [9.826575848, 9.826575848, 19.653151695]
dimension = 3
low_dim_ft_type = None
Cell volume = 948.87
exp_to_discard = 0.1
rcut = 21.840927745318478 (nimgs = [4 4 2])
lattice sum = 1643 cells
precision = 1e-12
pseudo = gth-pade
ke_cutoff = 1563.543132532536
    = [217 217 431] mesh (20295359 PWs)


******** <class 'pyscf.pbc.df.df.GDF'> ********
auxbasis = None
exp_to_discard = 0.1
_cderi_to_save = NiO_2.600000000000001.h5
len(kpts) = 1
ETB for O: l = 0, exps = 0.32498323008 * 2^n , n = 0..6
ETB for O: l = 1, exps = 0.32498323008 * 2^n , n = 0..6
ETB for O: l = 2, exps = 0.32498323008 * 2^n , n = 0..6
ETB for O: l = 3, exps = 0.32498323008 * 2^n , n = 0..6
ETB for O: l = 4, exps = 0.32498323008 * 2^n , n = 0..6
ETB for Ni: l = 0, exps = 0.689956484316 * 2^n , n = 0..4
ETB for Ni: l = 1, exps = 0.689956484316 * 2^n , n = 0..4
ETB for Ni: l = 2, exps = 0.689956484316 * 2^n , n = 0..4
ETB for Ni: l = 3, exps = 0.689956484316 * 2^n , n = 0..4
ETB for Ni: l = 4, exps = 0.689956484316 * 2^n , n = 0..4
ETB for Ni: l = 5, exps = 0.689956484316 * 2^n , n = 0..4
ETB for Ni: l = 6, exps = 0.689956484316 * 2^n , n = 0..4

WARN: Even tempered Gaussians are generated as DF auxbasis for  O Ni

Drop 0 primitive fitting functions
make aux basis, num shells = 280, num cGTOs = 1680
auxcell.rcut 14.405988831603228


******** <class 'pyscf.pbc.df.rsdf_builder._RSGDFBuilder'> ********
mesh = [15 15 27] (6075 PWs)
ke_cutoff = 5.757855664417919
omega = 0.2539831927921597
exclude_d_aux = True
exclude_dd_block = True
j2c_eig_always = False
has_long_range = True


******** <class 'pyscf.pbc.scf.rohf.ROHF'> ********
method = ROHF
initial guess = chk
damping factor = 0
level_shift factor = 0
DIIS = <class 'pyscf.scf.diis.CDIIS'>
diis_start_cycle = 1
diis_space = 8
diis_damp = 0
SCF conv_tol = 1e-10
SCF conv_tol_grad = None
SCF max_cycles = 100
direct_scf = True
direct_scf_tol = 1e-13
chkfile to save SCF result = NiO_2.600000000000001.chk
max_memory 500000 MB (current use 18374 MB)
******** PBC SCF flags ********
kpt = [0. 0. 0.]
Exchange divergence treatment (exxdiv) = None
DF object = <pyscf.pbc.df.df.GDF object at 0x7f457c269430>
number of electrons per cell  alpha = 48 beta = 48
Set gradient conv threshold to 1e-05

WARN: Fail in reading NiO_2.600000000000001.chk. Use MINAO initial guess



******** <class 'pyscf.pbc.df.rsdf_builder._RSNucBuilder'> ********
mesh = [25 25 47] (29375 PWs)
ke_cutoff = 18.0231103341839
omega = 0.4595268103656228
exclude_d_aux = False
exclude_dd_block = True
j2c_eig_always = False
has_long_range = True
init E= -720.621538824928

WARN: HOMO 0.704663894218497 >= LUMO 0.704663894310525

cycle= 1 E= -706.732142945486  delta_E= 13.9  |g|= 10.8  |ddm|= 5.75
  HOMO = 0.437187727310618  LUMO = 0.441997234274534
cycle= 2 E= -674.819981776059  delta_E= 31.9  |g|= 12.5  |ddm|= 9.99
  HOMO = 0.548124513659291  LUMO = 0.58290052746962
cycle= 3 E= -698.612451379478  delta_E= -23.8  |g|= 8.71  |ddm|= 8.85
  HOMO = 0.506545497252447  LUMO = 0.513029151522118
cycle= 4 E= -707.340607676198  delta_E= -8.73  |g|=  7.9  |ddm|= 6.29
  HOMO = 0.333903737310958  LUMO = 0.34759193653231
cycle= 5 E= -717.434699047138  delta_E= -10.1  |g|=  5.1  |ddm|= 5.28

WARN: HOMO 0.273162916097303 >= LUMO 0.273407275954009

cycle= 6 E= -721.409994389719  delta_E= -3.98  |g|= 2.79  |ddm|= 2.33
  HOMO = 0.274851896403766  LUMO = 0.276038873486487
cycle= 7 E= -718.181770985463  delta_E= 3.23  |g|= 4.77  |ddm|= 3.99
  HOMO = 0.262326323871068  LUMO = 0.265502828465891
cycle= 8 E= -720.7947334624  delta_E= -2.61  |g|=  3.3  |ddm|=    2
  HOMO = 0.250073955941802  LUMO = 0.255059814142131
cycle= 9 E= -721.827690917265  delta_E= -1.03  |g|= 2.71  |ddm|= 2.47
  HOMO = 0.276031314201702  LUMO = 0.279037397066842
cycle= 10 E= -720.653067945016  delta_E= 1.17  |g|=  3.3  |ddm|= 2.62
  HOMO = 0.262185450259824  LUMO = 0.29325397452708
cycle= 11 E= -723.530427672816  delta_E= -2.88  |g|= 1.41  |ddm|= 2.71
  HOMO = 0.255642930316251  LUMO = 0.382114284300259
cycle= 12 E= -723.717618428059  delta_E= -0.187  |g|= 0.998  |ddm|= 0.596
  HOMO = 0.287689784254756  LUMO = 0.419604421765411
cycle= 13 E= -723.833478415491  delta_E= -0.116  |g|= 0.582  |ddm|= 0.317
  HOMO = 0.281411617018271  LUMO = 0.442645095888242
cycle= 14 E= -723.874239401603  delta_E= -0.0408  |g|= 0.251  |ddm|= 0.242
  HOMO = 0.288938846870575  LUMO = 0.46381972224414
cycle= 15 E= -723.882821651486  delta_E= -0.00858  |g|= 0.156  |ddm|= 0.162
  HOMO = 0.285903657733914  LUMO = 0.461213324726306
cycle= 16 E= -723.886466652446  delta_E= -0.00365  |g|= 0.0952  |ddm|= 0.0707
  HOMO = 0.28368420399701  LUMO = 0.45899353908377
cycle= 17 E= -723.888710681688  delta_E= -0.00224  |g|= 0.0442  |ddm|= 0.0691
  HOMO = 0.283520454030071  LUMO = 0.458526290417742
cycle= 18 E= -723.889404197003  delta_E= -0.000694  |g|= 0.0281  |ddm|= 0.0331
  HOMO = 0.283559360526417  LUMO = 0.458095664954719
cycle= 19 E= -723.890207319767  delta_E= -0.000803  |g|= 0.0203  |ddm|= 0.0403
  HOMO = 0.283327756392808  LUMO = 0.457933443326318
cycle= 20 E= -723.890842248847  delta_E= -0.000635  |g|= 0.0198  |ddm|= 0.0336
  HOMO = 0.28329850561327  LUMO = 0.457743395726442
cycle= 21 E= -723.891619919979  delta_E= -0.000778  |g|= 0.0197  |ddm|= 0.0415
  HOMO = 0.283151724233431  LUMO = 0.457723222051375
cycle= 22 E= -723.893658466591  delta_E= -0.00204  |g|= 0.0194  |ddm|= 0.11
  HOMO = 0.282549106284695  LUMO = 0.460538242520209
cycle= 23 E= -723.898732149772  delta_E= -0.00507  |g|= 0.0199  |ddm|= 0.287
  HOMO = 0.28273730921992  LUMO = 0.458433560709351
cycle= 24 E= -723.898831021936  delta_E= -9.89e-05  |g|= 0.0185  |ddm|= 0.00825
  HOMO = 0.28162422268322  LUMO = 0.465586365921436
cycle= 25 E= -723.904842924728  delta_E= -0.00601  |g|= 0.0275  |ddm|= 0.387
  HOMO = 0.281864472735126  LUMO = 0.454164441354312
cycle= 26 E= -723.904722367521  delta_E= 0.000121  |g|= 0.0168  |ddm|= 0.0389
  HOMO = 0.279627486421642  LUMO = 0.532462926341416
cycle= 27 E= -723.907424365585  delta_E= -0.0027  |g|= 0.159  |ddm|= 1.05
  HOMO = 0.280444285602834  LUMO = 0.484792527617037
cycle= 28 E= -723.912078932725  delta_E= -0.00465  |g|= 0.065  |ddm|= 0.335
  HOMO = 0.280154333156953  LUMO = 0.502754914810804
cycle= 29 E= -723.912129652841  delta_E= -5.07e-05  |g|= 0.102  |ddm|= 0.285
  HOMO = 0.280638006649883  LUMO = 0.485175306796625
cycle= 30 E= -723.914561242834  delta_E= -0.00243  |g|= 0.0661  |ddm|= 0.0693
  HOMO = 0.281123313578412  LUMO = 0.463311295176796
cycle= 31 E= -723.916562259205  delta_E= -0.002  |g|= 0.0228  |ddm|= 0.114
  HOMO = 0.280237163133698  LUMO = 0.49445874255431
cycle= 32 E= -723.915149855722  delta_E= 0.00141  |g|= 0.0842  |ddm|= 0.356
  HOMO = 0.281109863797459  LUMO = 0.44551641734771
cycle= 33 E= -723.916968324348  delta_E= -0.00182  |g|= 0.0168  |ddm|= 0.316
  HOMO = 0.280502337047766  LUMO = 0.469213254950113
cycle= 34 E= -723.917483393805  delta_E= -0.000515  |g|= 0.0342  |ddm|= 0.357
  HOMO = 0.280750598918674  LUMO = 0.45070703263325
cycle= 35 E= -723.917739658326  delta_E= -0.000256  |g|= 0.00543  |ddm|= 0.163
  HOMO = 0.28065389796131  LUMO = 0.455022137463565
cycle= 36 E= -723.917991210434  delta_E= -0.000252  |g|= 0.006  |ddm|= 0.163
  HOMO = 0.280703388223566  LUMO = 0.452505965413388
cycle= 37 E= -723.917997790076  delta_E= -6.58e-06  |g|= 0.00283  |ddm|= 0.0189
  HOMO = 0.280626242292173  LUMO = 0.453522016821025
cycle= 38 E= -723.918046221446  delta_E= -4.84e-05  |g|= 0.00316  |ddm|= 0.082
  HOMO = 0.280659843563415  LUMO = 0.452400882065968
cycle= 39 E= -723.918060495619  delta_E= -1.43e-05  |g|= 0.00208  |ddm|= 0.0115
  HOMO = 0.280655224515069  LUMO = 0.452063967718342
cycle= 40 E= -723.918070762268  delta_E= -1.03e-05  |g|= 0.00214  |ddm|= 0.0126
  HOMO = 0.280669284523983  LUMO = 0.451816132417459
cycle= 41 E= -723.918082253074  delta_E= -1.15e-05  |g|= 0.00231  |ddm|= 0.0132
  HOMO = 0.280654506941018  LUMO = 0.452546622367213
cycle= 42 E= -723.918102784629  delta_E= -2.05e-05  |g|= 0.00182  |ddm|= 0.0262
  HOMO = 0.280658890960142  LUMO = 0.452679543559434
cycle= 43 E= -723.918185357028  delta_E= -8.26e-05  |g|= 0.00129  |ddm|= 0.0648
  HOMO = 0.280655912012317  LUMO = 0.452654367229826
cycle= 44 E= -723.918220363513  delta_E= -3.5e-05  |g|= 0.000932  |ddm|= 0.0496
  HOMO = 0.280644080452514  LUMO = 0.452522733551288
cycle= 45 E= -723.918229425424  delta_E= -9.06e-06  |g|= 0.000625  |ddm|= 0.0252
  HOMO = 0.280651039712659  LUMO = 0.452395855598494
cycle= 46 E= -723.918230982215  delta_E= -1.56e-06  |g|= 0.000455  |ddm|= 0.0106
  HOMO = 0.280636503388268  LUMO = 0.452509461821075
cycle= 47 E= -723.918231563851  delta_E= -5.82e-07  |g|= 0.000309  |ddm|= 0.00706
  HOMO = 0.280638393282838  LUMO = 0.452484852518855
cycle= 48 E= -723.918231798271  delta_E= -2.34e-07  |g|= 7.7e-05  |ddm|= 0.00592
  HOMO = 0.280641899187203  LUMO = 0.452469545372619
cycle= 49 E= -723.918231799274  delta_E= -1e-09  |g|= 4.97e-05  |ddm|= 0.000551
  HOMO = 0.280641052331202  LUMO = 0.452469510757923
cycle= 50 E= -723.91823180047  delta_E= -1.2e-09  |g|= 1.81e-05  |ddm|= 0.000396
  HOMO = 0.280641265450409  LUMO = 0.45246561830248
cycle= 51 E= -723.918231800254  delta_E= 2.16e-10  |g|= 9.46e-06  |ddm|= 0.000158
  HOMO = 0.280641547796809  LUMO = 0.452464521985905
cycle= 52 E= -723.918231800444  delta_E= -1.89e-10  |g|= 4.54e-06  |ddm|= 9.33e-05
  HOMO = 0.280641562779974  LUMO = 0.452465088773202
cycle= 53 E= -723.918231800677  delta_E= -2.34e-10  |g|= 4.02e-06  |ddm|= 0.000127
  HOMO = 0.280641539247259  LUMO = 0.452465051823641
cycle= 54 E= -723.918231800738  delta_E= -6.13e-11  |g|= 3.11e-06  |ddm|= 5.19e-05
  HOMO = 0.280641424366695  LUMO = 0.452465092302139
Extra cycle  E= -723.918231800752  delta_E= -1.35e-11  |g|= 3.16e-06  |ddm|= 4.84e-06
converged SCF energy = -723.918231800752


******** <class 'pyscf.pbc.df.rsdf_builder._RSNucBuilder'> ********
mesh = [25 25 47] (29375 PWs)
ke_cutoff = 18.0231103341839
omega = 0.4595268103656228
exclude_d_aux = False
exclude_dd_block = True
j2c_eig_always = False
has_long_range = True


******** <class 'pyscf.pbc.df.rsdf_builder._RSNucBuilder'> ********
mesh = [25 25 47] (29375 PWs)
ke_cutoff = 18.0231103341839
omega = 0.4595268103656228
exclude_d_aux = False
exclude_dd_block = True
j2c_eig_always = False
has_long_range = True


******** <class 'pyscf.pbc.df.rsdf_builder._RSNucBuilder'> ********
mesh = [25 25 47] (29375 PWs)
ke_cutoff = 18.0231103341839
omega = 0.4595268103656228
exclude_d_aux = False
exclude_dd_block = True
j2c_eig_always = False
has_long_range = True
Entering product-state fixed-point CI iteration
Cycle 0: max grad = 2.997922e-02 ; sigma = 0.000000e+00 ; 0/2 fragment CI solvers converged
Cycle 1: max grad = 3.179463e-05 ; sigma = 8.953847e-09 ; 2/2 fragment CI solvers converged
Cycle 2: max grad = 4.041530e-05 ; sigma = 2.969138e-09 ; 2/2 fragment CI solvers converged
Cycle 3: max grad = 6.588784e-07 ; sigma = 5.115908e-13 ; 2/2 fragment CI solvers converged
Product_state fixed-point CI iteration converged after 3 cycles
Entering product-state fixed-point CI iteration
Cycle 0: max grad = 3.154663e-02 ; sigma = 0.000000e+00 ; 0/2 fragment CI solvers converged
Cycle 1: max grad = 4.647012e-04 ; sigma = 6.238008e-02 ; 1/2 fragment CI solvers converged
Cycle 2: max grad = 3.161483e-05 ; sigma = 1.985533e-05 ; 2/2 fragment CI solvers converged
Cycle 3: max grad = 2.476091e-06 ; sigma = 4.521100e-08 ; 2/2 fragment CI solvers converged
Cycle 4: max grad = 1.841972e-06 ; sigma = 6.534151e-11 ; 2/2 fragment CI solvers converged
Product_state fixed-point CI iteration converged after 4 cycles
Entering product-state fixed-point CI iteration
Cycle 0: max grad = 3.154684e-02 ; sigma = 0.000000e+00 ; 0/2 fragment CI solvers converged
Cycle 1: max grad = 4.646959e-04 ; sigma = 6.238016e-02 ; 1/2 fragment CI solvers converged
Cycle 2: max grad = 3.161253e-05 ; sigma = 1.985684e-05 ; 2/2 fragment CI solvers converged
Cycle 3: max grad = 2.474882e-06 ; sigma = 4.520813e-08 ; 2/2 fragment CI solvers converged
Cycle 4: max grad = 1.843017e-06 ; sigma = 6.516387e-11 ; 2/2 fragment CI solvers converged
Product_state fixed-point CI iteration converged after 4 cycles
Entering product-state fixed-point CI iteration
Cycle 0: max grad = 2.997922e-02 ; sigma = 0.000000e+00 ; 0/2 fragment CI solvers converged
Cycle 1: max grad = 5.591625e-04 ; sigma = 7.170132e-02 ; 2/2 fragment CI solvers converged
Cycle 2: max grad = 4.296552e-05 ; sigma = 2.592249e-05 ; 2/2 fragment CI solvers converged
Cycle 3: max grad = 6.005293e-06 ; sigma = 2.822481e-07 ; 2/2 fragment CI solvers converged
Cycle 4: max grad = 4.494797e-07 ; sigma = 2.975298e-09 ; 2/2 fragment CI solvers converged
Cycle 5: max grad = 6.224323e-08 ; sigma = 3.096545e-11 ; 2/2 fragment CI solvers converged
Product_state fixed-point CI iteration converged after 5 cycles
Entering product-state fixed-point CI iteration
Cycle 0: max grad = 2.997894e-02 ; sigma = 0.000000e+00 ; 0/2 fragment CI solvers converged
Cycle 1: max grad = 5.591510e-04 ; sigma = 7.170140e-02 ; 2/2 fragment CI solvers converged
Cycle 2: max grad = 4.296433e-05 ; sigma = 2.592212e-05 ; 2/2 fragment CI solvers converged
Cycle 3: max grad = 6.005455e-06 ; sigma = 2.822571e-07 ; 2/2 fragment CI solvers converged
Cycle 4: max grad = 4.494882e-07 ; sigma = 2.975476e-09 ; 2/2 fragment CI solvers converged
Cycle 5: max grad = 6.224780e-08 ; sigma = 3.083755e-11 ; 2/2 fragment CI solvers converged
Product_state fixed-point CI iteration converged after 5 cycles
LASCI state-average energy = -723.951844403477
LASCI state 0 energy = -724.191477270679
LASCI state 1 energy = -724.106773324653
LASCI state 2 energy = -724.106773208723
LASCI state 3 energy = -723.677099146092
LASCI state 4 energy = -723.677099067239
******** LAS space tables ********
LAS space 0: (16e+16e,20o) wfynsm=A
Converged? True
E(LAS) = -724.191477270679
S^2 = 0.0000000 (Pure)
Space table
 frag    (ae+be,no)  2S+1   ir   lroots
    0   (8e+8e,10o)     1    A        1
    1   (8e+8e,10o)     1    A        1
LAS space 1: (16e+15e,20o) wfynsm=A
Converged? True
E(LAS) = -724.106773324653
S^2 = 0.7500000 (Pure)
Space table
 frag    (ae+be,no)  2S+1   ir   lroots
    0   (8e+7e,10o)     2    A        1
    1   (8e+8e,10o)     1    A        1
LAS space 2: (16e+15e,20o) wfynsm=A
Converged? True
E(LAS) = -724.106773208723
S^2 = 0.7500000 (Pure)
Space table
 frag    (ae+be,no)  2S+1   ir   lroots
    0   (8e+8e,10o)     1    A        1
    1   (8e+7e,10o)     2    A        1
LAS space 3: (17e+16e,20o) wfynsm=A
Converged? True
E(LAS) = -723.677099146092
S^2 = 0.7500000 (Pure)
Space table
 frag    (ae+be,no)  2S+1   ir   lroots
    0   (9e+8e,10o)     2    A        1
    1   (8e+8e,10o)     1    A        1
LAS space 4: (17e+16e,20o) wfynsm=A
Converged? True
E(LAS) = -723.677099067239
S^2 = 0.7500000 (Pure)
Space table
 frag    (ae+be,no)  2S+1   ir   lroots
    0   (8e+8e,10o)     1    A        1
    1   (9e+8e,10o)     2    A        1
LASSI op_o0 memory check: 1709.058096 MB needed of 480426.563584 MB available (500000 MB max)


******** <class 'pyscf.pbc.df.rsdf_builder._RSNucBuilder'> ********
mesh = [25 25 47] (29375 PWs)
ke_cutoff = 18.0231103341839
omega = 0.4595268103656228
exclude_d_aux = False
exclude_dd_block = True
j2c_eig_always = False
has_long_range = True
Symmetry analysis of 5 LAS rootspaces:
 ix            Energy  <S**2>  Neleca  Nelecb  Nelec   Wfnsym
  0   -724.1914772707   0.000      16      16      32       A
  1   -724.1067733247   0.750      16      15      31       A
  2   -724.1067732087   0.750      16      15      31       A
  3   -723.6770991461   0.750      17      16      33       A
  4   -723.6770990672   0.750      17      16      33       A
Build + diag H matrix LASSI symmetry block 0
['neleca', 'nelecb', 'irrep'] = (17, 16, 0)
(2 rootspaces; 2 states)
LASSI op_o0 memory check: 123.54336 MB needed of 480376.272896 MB available (500000 MB max)
2/2 linearly independent model states
Build + diag H matrix LASSI symmetry block 1
['neleca', 'nelecb', 'irrep'] = (16, 15, 0)
(2 rootspaces; 2 states)
LASSI op_o0 memory check: 1652.196096 MB needed of 480376.272896 MB available (500000 MB max)
2/2 linearly independent model states
Build + diag H matrix LASSI symmetry block 2
['neleca', 'nelecb', 'irrep'] = (16, 16, 0)
(1 rootspaces; 1 states)
LASSI eigenvalues (5 total):
 ix            Energy  <S**2>  Neleca  Nelecb  Wfnsym
  0   -724.1914772707   0.000      16      16       A
  1   -724.1067788349   0.750      16      15       A
  2   -724.1067676985   0.750      16      15       A
  3   -723.6770998273   0.750      17      16       A
  4   -723.6770983860   0.750      17      16       A
Building tPBE functional
Building tPBE functional
Periodic OT-FNAL class is used
LASSI op_o0 memory check: 1709.058096 MB needed of 480376.272896 MB available (500000 MB max)


******** <class 'pyscf.pbc.df.rsdf_builder._RSNucBuilder'> ********
mesh = [25 25 47] (29375 PWs)
ke_cutoff = 18.0231103341839
omega = 0.4595268103656228
exclude_d_aux = False
exclude_dd_block = True
j2c_eig_always = False
has_long_range = True
MC-PDFT state 0 E = -741.1958487808753, Eot(tPBE) = -81.35425381488847


******** <class 'pyscf.pbc.df.rsdf_builder._RSNucBuilder'> ********
mesh = [25 25 47] (29375 PWs)
ke_cutoff = 18.0231103341839
omega = 0.4595268103656228
exclude_d_aux = False
exclude_dd_block = True
j2c_eig_always = False
has_long_range = True
MC-PDFT state 1 E = -741.0631808688019, Eot(tPBE) = -80.19580384590414


******** <class 'pyscf.pbc.df.rsdf_builder._RSNucBuilder'> ********
mesh = [25 25 47] (29375 PWs)
ke_cutoff = 18.0231103341839
omega = 0.4595268103656228
exclude_d_aux = False
exclude_dd_block = True
j2c_eig_always = False
has_long_range = True
MC-PDFT state 2 E = -741.0631704717257, Eot(tPBE) = -80.19581510602961


******** <class 'pyscf.pbc.df.rsdf_builder._RSNucBuilder'> ********
mesh = [25 25 47] (29375 PWs)
ke_cutoff = 18.0231103341839
omega = 0.4595268103656228
exclude_d_aux = False
exclude_dd_block = True
j2c_eig_always = False
has_long_range = True
MC-PDFT state 3 E = -741.0432906554292, Eot(tPBE) = -82.34155312453596


******** <class 'pyscf.pbc.df.rsdf_builder._RSNucBuilder'> ********
mesh = [25 25 47] (29375 PWs)
ke_cutoff = 18.0231103341839
omega = 0.4595268103656228
exclude_d_aux = False
exclude_dd_block = True
j2c_eig_always = False
has_long_range = True
MC-PDFT state 4 E = -741.0432898943222, Eot(tPBE) = -82.34155421683141
