[midway3-0542.rcc.local:3464431] mca_base_component_repository_open: unable to open mca_op_avx: /software/openmpi-4.1.0-el8-x86_64/lib/openmpi/mca_op_avx.so: undefined symbol: ompi_op_base_module_t_class (ignored)
MPI INIT: rank 0 of 1

********************************** INPUT START **********************************
nelec                                                            5
spin                                                             1
twodot_to_onedot                                                28
orbitals                                                   FCIDUMP
maxiter                                                         36
sweep_tol                                               1.0000e-07
outputlevel                                                      2
hf_occ                                                    integral
twopdm                                                            
prefix                                          /tmp/jobs/29444628
num_thrds                                                      128
mem                                                          500 g
schedule                  Sweep   0-   3 : Mmps =   200 Noise =    0.0001 DavTol =    0.0001
                          Sweep   4-   7 : Mmps =   400 Noise =    0.0001 DavTol =    0.0001
                          Sweep   8-  11 : Mmps =   800 Noise =    0.0001 DavTol =    0.0001
                          Sweep  12-  15 : Mmps =  1600 Noise =    0.0001 DavTol =    0.0001
                          Sweep  16-  17 : Mmps =  2000 Noise =    0.0001 DavTol =    0.0001
                          Sweep  18-  19 : Mmps =  2000 Noise =     1e-05 DavTol =     1e-05
                          Sweep  20-  21 : Mmps =  2000 Noise =     1e-06 DavTol =     1e-06
                          Sweep  22-  23 : Mmps =  2000 Noise =     1e-07 DavTol =     1e-07
                          Sweep  24-  35 : Mmps =  2000 Noise =         0 DavTol =     1e-08
irrep                                                            1
********************************** INPUT END   **********************************

SPIN ADAPTED - REAL DOMAIN - DOUBLE PREC
qc mpo type =  QCTypes.Conventional
 UseMainStack = 0 MinDiskUsage = 1 MinMemUsage = 0 IBuf = 0 OBuf = 0
 FPCompression: prec = 1.00e-16 chunk = 1024
 IMain = 0 B / 32.6 GB DMain = 0 B / 168 GB ISeco = 0 B / 14.0 GB DSeco = 0 B / 251 GB
 OpenMP = 1 TBB = 0 BLIS = 0 MKL = GNU 2020.0.1 SeqType = Tasked MKLIntLen = 8
 THREADING = 2 layers : Global | Operator BatchedGEMM 
 NUMBER : Global = 128 Operator = 128 Quanta = 0 MKL = 1
 COMPLEX = 1 SINGLE-PREC = 0 KSYMM = 0
using fiedler reorder =  [2 3 0 1]
read integral finished 0.033979665488004684
integral sym error =            0
MinMPOMemUsage =  False
MPS =  CCRR 0 2 < N=5 S=1/2 PG=0 >
GS INIT MPS BOND DIMS =       1     3     7     4     1
build mpo start ...
build mpo finished ... Tread = 0.000 Twrite = 0.000 T = 0.054
simpl mpo start ...
simpl mpo finished ... Tread = 0.000 Twrite = 0.000 T = 0.089
GS MPO BOND DIMS =       7    16     7     1
build 1pdm mpo 0.17906932532787323
build identity mpo 0.2432035245001316
para mpo finished 0.30937357246875763
Environment initialization | Nsites =     4 | Center =     0
 INIT-R <-- Site =    1 ..  Bmem =   120 B Rmem =   120 B T = 0.08
 INIT-R <-- Site =    0 ..  Bmem = 1.86 KB Rmem = 1.12 KB T = 0.06
Time init sweep =        0.138 | MaxBmem = 1.86 KB | MaxRmem = 1.12 KB
 | Tread = 0.000 | Twrite = 0.049 | Tfpread = 0.000 | Tfpwrite = 0.049 | data = 1.36 KB | cpsd = 1.08 KB | Tasync = 0.000

env init finished 0.44826505333185196

Sweep =    0 | Direction =  forward | Bond dimension =  200 | Noise =  1.00e-04 | Dav threshold =  1.00e-04
 --> Site =    0-   1 .. Mmps =    3 Ndav =  11 E =     -1.6690788186 Error = 0.00e+00 FLOPS = 1.50e+04 Tdav = 0.54 T = 0.69
 --> Site =    1-   2 .. Mmps =    9 Ndav =   3 E =     -1.6752835322 Error = 0.00e+00 FLOPS = 1.44e+04 Tdav = 0.26 T = 0.51
 --> Site =    2-   3 .. Mmps =   14 Ndav =   1 E =     -1.6752835322 Error = 1.78e-18 FLOPS = 7.03e+05 Tdav = 0.00 T = 0.14
Time elapsed =      1.344 | E =      -1.6752835322 | DW = 1.78459e-18
Time sweep =        1.344 | 12.5 KFLOP/SWP
 | Tcomm = 0.001 | Tidle = 0.000 | Twait = 0.000 | Dmem = 2.17 KB (14%) | Imem = 9.46 KB (94%) | Hmem = 5.54 KB | Wmem = 160 B | Pmem = 776 B
 | Tread = 0.075 | Twrite = 0.051 | Tfpread = 0.075 | Tfpwrite = 0.051 | Tmporead = 0.000
 | data = 1.98 KB | cpsd = 1.52 KB | Tasync = 0.000
 | Trot = 0.024 | Tctr = 0.012 | Tint = 0.025 | Tmid = 0.012 | Tdctr = 0.038 | Tdiag = 0.141 | Tinfo = 0.000
 | Teff = 0.303 | Tprt = 0.088 | Teig = 0.802 | Tblk = 1.218 | Tmve = 0.126 | Tdm = 0.000 | Tsplt = 0.025 | Tsvd = 0.000 | Torth = 0.000

Sweep =    1 | Direction = backward | Bond dimension =  200 | Noise =  1.00e-04 | Dav threshold =  1.00e-04
 <-- Site =    2-   3 .. Mmps =    3 Ndav =   1 E =     -1.6752835322 Error = 0.00e+00 FLOPS = 7.07e+05 Tdav = 0.00 T = 0.00
 <-- Site =    1-   2 .. Mmps =    9 Ndav =   1 E =     -1.6752835322 Error = 0.00e+00 FLOPS = 4.97e+05 Tdav = 0.00 T = 0.01
 <-- Site =    0-   1 .. Mmps =   14 Ndav =   1 E =     -1.6752835322 Error = 2.91e-16 FLOPS = 5.87e+05 Tdav = 0.00 T = 0.01
Time elapsed =      1.363 | E =      -1.6752835322 | DE = 0.00e+00 | DW = 2.91201e-16
Time sweep =        0.019 | 3.17 KFLOP/SWP
 | Tcomm = 0.000 | Tidle = 0.000 | Twait = 0.000 | Dmem = 2.17 KB (14%) | Imem = 9.46 KB (94%) | Hmem = 5.54 KB | Wmem = 160 B | Pmem = 776 B
 | Tread = 0.000 | Twrite = 0.000 | Tfpread = 0.000 | Tfpwrite = 0.000 | Tmporead = 0.000
 | data = 2.09 KB | cpsd = 1.60 KB | Tasync = 0.000
 | Trot = 0.000 | Tctr = 0.000 | Tint = 0.000 | Tmid = 0.000 | Tdctr = 0.000 | Tdiag = 0.005 | Tinfo = 0.000
 | Teff = 0.006 | Tprt = 0.004 | Teig = 0.006 | Tblk = 0.017 | Tmve = 0.002 | Tdm = 0.000 | Tsplt = 0.000 | Tsvd = 0.000 | Torth = 0.000

Sweep =    2 | Direction =  forward | Bond dimension =  200 | Noise =  1.00e-04 | Dav threshold =  1.00e-04
 --> Site =    0-   1 .. Mmps =    3 Ndav =   1 E =     -1.6752835322 Error = 0.00e+00 FLOPS = 5.05e+05 Tdav = 0.00 T = 0.01
 --> Site =    1-   2 .. Mmps =    9 Ndav =   1 E =     -1.6752835322 Error = 0.00e+00 FLOPS = 7.22e+05 Tdav = 0.00 T = 0.01
 --> Site =    2-   3 .. Mmps =   14 Ndav =   1 E =     -1.6752835322 Error = 5.39e-18 FLOPS = 7.58e+05 Tdav = 0.00 T = 0.01
Time elapsed =      1.381 | E =      -1.6752835322 | DE = -1.33e-15 | DW = 5.38904e-18
Time sweep =        0.017 | 3.17 KFLOP/SWP
 | Tcomm = 0.000 | Tidle = 0.000 | Twait = 0.000 | Dmem = 2.17 KB (14%) | Imem = 9.46 KB (94%) | Hmem = 5.54 KB | Wmem = 160 B | Pmem = 776 B
 | Tread = 0.000 | Twrite = 0.000 | Tfpread = 0.000 | Tfpwrite = 0.000 | Tmporead = 0.000
 | data = 1.98 KB | cpsd = 1.52 KB | Tasync = 0.000
 | Trot = 0.000 | Tctr = 0.000 | Tint = 0.000 | Tmid = 0.000 | Tdctr = 0.000 | Tdiag = 0.004 | Tinfo = 0.000
 | Teff = 0.005 | Tprt = 0.005 | Teig = 0.005 | Tblk = 0.016 | Tmve = 0.002 | Tdm = 0.000 | Tsplt = 0.000 | Tsvd = 0.000 | Torth = 0.000

Sweep =    3 | Direction = backward | Bond dimension =  200 | Noise =  1.00e-04 | Dav threshold =  1.00e-04
 <-- Site =    2-   3 .. Mmps =    3 Ndav =   1 E =     -1.6752835322 Error = 0.00e+00 FLOPS = 6.53e+05 Tdav = 0.00 T = 0.01
 <-- Site =    1-   2 .. Mmps =    9 Ndav =   1 E =     -1.6752835322 Error = 0.00e+00 FLOPS = 6.95e+05 Tdav = 0.00 T = 0.01
 <-- Site =    0-   1 .. Mmps =   14 Ndav =   1 E =     -1.6752835322 Error = 1.37e-16 FLOPS = 5.64e+05 Tdav = 0.00 T = 0.01
Time elapsed =      1.400 | E =      -1.6752835322 | DE = 8.88e-16 | DW = 1.36994e-16
Time sweep =        0.020 | 3.17 KFLOP/SWP
 | Tcomm = 0.000 | Tidle = 0.000 | Twait = 0.000 | Dmem = 2.17 KB (14%) | Imem = 9.46 KB (94%) | Hmem = 5.54 KB | Wmem = 160 B | Pmem = 776 B
 | Tread = 0.000 | Twrite = 0.000 | Tfpread = 0.000 | Tfpwrite = 0.000 | Tmporead = 0.000
 | data = 2.09 KB | cpsd = 1.60 KB | Tasync = 0.000
 | Trot = 0.000 | Tctr = 0.000 | Tint = 0.000 | Tmid = 0.000 | Tdctr = 0.000 | Tdiag = 0.006 | Tinfo = 0.000
 | Teff = 0.008 | Tprt = 0.004 | Teig = 0.005 | Tblk = 0.018 | Tmve = 0.001 | Tdm = 0.000 | Tsplt = 0.000 | Tsvd = 0.000 | Torth = 0.000

Sweep =    4 | Direction =  forward | Bond dimension =  400 | Noise =  1.00e-04 | Dav threshold =  1.00e-04
 --> Site =    0-   1 .. Mmps =    3 Ndav =   1 E =     -1.6752835322 Error = 0.00e+00 FLOPS = 7.95e+05 Tdav = 0.00 T = 0.01
 --> Site =    1-   2 .. Mmps =    9 Ndav =   1 E =     -1.6752835322 Error = 0.00e+00 FLOPS = 7.53e+05 Tdav = 0.00 T = 0.01
 --> Site =    2-   3 .. Mmps =   14 Ndav =   1 E =     -1.6752835322 Error = 4.29e-18 FLOPS = 6.15e+05 Tdav = 0.00 T = 0.01
Time elapsed =      1.419 | E =      -1.6752835322 | DE = 4.44e-16 | DW = 4.29194e-18
Time sweep =        0.018 | 3.17 KFLOP/SWP
 | Tcomm = 0.000 | Tidle = 0.000 | Twait = 0.000 | Dmem = 2.17 KB (14%) | Imem = 9.46 KB (94%) | Hmem = 5.54 KB | Wmem = 160 B | Pmem = 776 B
 | Tread = 0.000 | Twrite = 0.000 | Tfpread = 0.000 | Tfpwrite = 0.000 | Tmporead = 0.000
 | data = 1.98 KB | cpsd = 1.52 KB | Tasync = 0.000
 | Trot = 0.000 | Tctr = 0.000 | Tint = 0.000 | Tmid = 0.000 | Tdctr = 0.000 | Tdiag = 0.004 | Tinfo = 0.000
 | Teff = 0.006 | Tprt = 0.006 | Teig = 0.005 | Tblk = 0.017 | Tmve = 0.001 | Tdm = 0.000 | Tsplt = 0.000 | Tsvd = 0.000 | Torth = 0.000

Sweep =    5 | Direction = backward | Bond dimension =  400 | Noise =  1.00e-04 | Dav threshold =  1.00e-04
 <-- Site =    2-   3 .. Mmps =    3 Ndav =   1 E =     -1.6752835322 Error = 0.00e+00 FLOPS = 5.70e+05 Tdav = 0.00 T = 0.01
 <-- Site =    1-   2 .. Mmps =    9 Ndav =   1 E =     -1.6752835322 Error = 0.00e+00 FLOPS = 6.88e+05 Tdav = 0.00 T = 0.01
 <-- Site =    0-   1 .. Mmps =   14 Ndav =   1 E =     -1.6752835322 Error = 1.37e-16 FLOPS = 6.89e+05 Tdav = 0.00 T = 0.01
Time elapsed =      1.436 | E =      -1.6752835322 | DE = -4.44e-16 | DW = 1.36870e-16
Time sweep =        0.017 | 3.17 KFLOP/SWP
 | Tcomm = 0.000 | Tidle = 0.000 | Twait = 0.000 | Dmem = 2.17 KB (14%) | Imem = 9.46 KB (94%) | Hmem = 5.54 KB | Wmem = 160 B | Pmem = 776 B
 | Tread = 0.000 | Twrite = 0.000 | Tfpread = 0.000 | Tfpwrite = 0.000 | Tmporead = 0.000
 | data = 2.09 KB | cpsd = 1.60 KB | Tasync = 0.000
 | Trot = 0.000 | Tctr = 0.000 | Tint = 0.000 | Tmid = 0.000 | Tdctr = 0.000 | Tdiag = 0.005 | Tinfo = 0.000
 | Teff = 0.006 | Tprt = 0.004 | Teig = 0.005 | Tblk = 0.016 | Tmve = 0.001 | Tdm = 0.000 | Tsplt = 0.000 | Tsvd = 0.000 | Torth = 0.000

Sweep =    6 | Direction =  forward | Bond dimension =  400 | Noise =  1.00e-04 | Dav threshold =  1.00e-04
 --> Site =    0-   1 .. Mmps =    3 Ndav =   1 E =     -1.6752835322 Error = 0.00e+00 FLOPS = 7.89e+05 Tdav = 0.00 T = 0.00
 --> Site =    1-   2 .. Mmps =    9 Ndav =   1 E =     -1.6752835322 Error = 0.00e+00 FLOPS = 6.91e+05 Tdav = 0.00 T = 0.01
 --> Site =    2-   3 .. Mmps =   14 Ndav =   1 E =     -1.6752835322 Error = 1.67e-17 FLOPS = 7.09e+05 Tdav = 0.00 T = 0.01
Time elapsed =      1.453 | E =      -1.6752835322 | DE = 1.33e-15 | DW = 1.67360e-17
Time sweep =        0.017 | 3.17 KFLOP/SWP
 | Tcomm = 0.000 | Tidle = 0.000 | Twait = 0.000 | Dmem = 2.17 KB (14%) | Imem = 9.46 KB (94%) | Hmem = 5.54 KB | Wmem = 160 B | Pmem = 776 B
 | Tread = 0.000 | Twrite = 0.000 | Tfpread = 0.000 | Tfpwrite = 0.000 | Tmporead = 0.000
 | data = 1.98 KB | cpsd = 1.52 KB | Tasync = 0.000
 | Trot = 0.000 | Tctr = 0.000 | Tint = 0.000 | Tmid = 0.000 | Tdctr = 0.000 | Tdiag = 0.004 | Tinfo = 0.000
 | Teff = 0.005 | Tprt = 0.005 | Teig = 0.004 | Tblk = 0.015 | Tmve = 0.001 | Tdm = 0.000 | Tsplt = 0.000 | Tsvd = 0.000 | Torth = 0.000

Sweep =    7 | Direction = backward | Bond dimension =  400 | Noise =  1.00e-04 | Dav threshold =  1.00e-04
 <-- Site =    2-   3 .. Mmps =    3 Ndav =   1 E =     -1.6752835322 Error = 0.00e+00 FLOPS = 5.95e+05 Tdav = 0.00 T = 0.01
 <-- Site =    1-   2 .. Mmps =    9 Ndav =   1 E =     -1.6752835322 Error = 0.00e+00 FLOPS = 6.45e+05 Tdav = 0.00 T = 0.01
 <-- Site =    0-   1 .. Mmps =   14 Ndav =   1 E =     -1.6752835322 Error = 3.11e-17 FLOPS = 6.80e+05 Tdav = 0.00 T = 0.01
Time elapsed =      1.471 | E =      -1.6752835322 | DE = -8.88e-16 | DW = 3.10676e-17
Time sweep =        0.018 | 3.17 KFLOP/SWP
 | Tcomm = 0.000 | Tidle = 0.000 | Twait = 0.000 | Dmem = 2.17 KB (14%) | Imem = 9.46 KB (94%) | Hmem = 5.54 KB | Wmem = 160 B | Pmem = 776 B
 | Tread = 0.000 | Twrite = 0.000 | Tfpread = 0.000 | Tfpwrite = 0.000 | Tmporead = 0.000
 | data = 2.09 KB | cpsd = 1.60 KB | Tasync = 0.000
 | Trot = 0.000 | Tctr = 0.000 | Tint = 0.000 | Tmid = 0.000 | Tdctr = 0.000 | Tdiag = 0.005 | Tinfo = 0.000
 | Teff = 0.006 | Tprt = 0.005 | Teig = 0.005 | Tblk = 0.017 | Tmve = 0.001 | Tdm = 0.000 | Tsplt = 0.000 | Tsvd = 0.000 | Torth = 0.000

Sweep =    8 | Direction =  forward | Bond dimension =  800 | Noise =  1.00e-04 | Dav threshold =  1.00e-04
 --> Site =    0-   1 .. Mmps =    3 Ndav =   1 E =     -1.6752835322 Error = 0.00e+00 FLOPS = 7.43e+05 Tdav = 0.00 T = 0.01
 --> Site =    1-   2 .. Mmps =    9 Ndav =   1 E =     -1.6752835322 Error = 0.00e+00 FLOPS = 7.33e+05 Tdav = 0.00 T = 0.01
 --> Site =    2-   3 .. Mmps =   14 Ndav =   1 E =     -1.6752835322 Error = 1.36e-17 FLOPS = 6.75e+05 Tdav = 0.00 T = 0.01
Time elapsed =      1.489 | E =      -1.6752835322 | DE = 8.88e-16 | DW = 1.36439e-17
Time sweep =        0.018 | 3.17 KFLOP/SWP
 | Tcomm = 0.000 | Tidle = 0.000 | Twait = 0.000 | Dmem = 2.17 KB (14%) | Imem = 9.46 KB (94%) | Hmem = 5.54 KB | Wmem = 160 B | Pmem = 776 B
 | Tread = 0.000 | Twrite = 0.000 | Tfpread = 0.000 | Tfpwrite = 0.000 | Tmporead = 0.000
 | data = 1.98 KB | cpsd = 1.52 KB | Tasync = 0.000
 | Trot = 0.000 | Tctr = 0.000 | Tint = 0.000 | Tmid = 0.000 | Tdctr = 0.000 | Tdiag = 0.004 | Tinfo = 0.000
 | Teff = 0.005 | Tprt = 0.006 | Teig = 0.005 | Tblk = 0.017 | Tmve = 0.001 | Tdm = 0.000 | Tsplt = 0.000 | Tsvd = 0.000 | Torth = 0.000

Sweep =    9 | Direction = backward | Bond dimension =  800 | Noise =  1.00e-04 | Dav threshold =  1.00e-04
 <-- Site =    2-   3 .. Mmps =    3 Ndav =   1 E =     -1.6752835322 Error = 0.00e+00 FLOPS = 6.26e+05 Tdav = 0.00 T = 0.01
 <-- Site =    1-   2 .. Mmps =    9 Ndav =   1 E =     -1.6752835322 Error = 0.00e+00 FLOPS = 6.64e+05 Tdav = 0.00 T = 0.01
 <-- Site =    0-   1 .. Mmps =   14 Ndav =   1 E =     -1.6752835322 Error = 8.13e-17 FLOPS = 7.76e+05 Tdav = 0.00 T = 0.01
Time elapsed =      1.509 | E =      -1.6752835322 | DE = -8.88e-16 | DW = 8.13186e-17
Time sweep =        0.019 | 3.17 KFLOP/SWP
 | Tcomm = 0.000 | Tidle = 0.000 | Twait = 0.000 | Dmem = 2.17 KB (14%) | Imem = 9.46 KB (94%) | Hmem = 5.54 KB | Wmem = 160 B | Pmem = 776 B
 | Tread = 0.000 | Twrite = 0.000 | Tfpread = 0.000 | Tfpwrite = 0.000 | Tmporead = 0.000
 | data = 2.09 KB | cpsd = 1.60 KB | Tasync = 0.000
 | Trot = 0.000 | Tctr = 0.000 | Tint = 0.000 | Tmid = 0.000 | Tdctr = 0.000 | Tdiag = 0.005 | Tinfo = 0.000
 | Teff = 0.007 | Tprt = 0.006 | Teig = 0.005 | Tblk = 0.018 | Tmve = 0.001 | Tdm = 0.000 | Tsplt = 0.000 | Tsvd = 0.000 | Torth = 0.000

Sweep =   10 | Direction =  forward | Bond dimension =  800 | Noise =  1.00e-04 | Dav threshold =  1.00e-04
 --> Site =    0-   1 .. Mmps =    3 Ndav =   1 E =     -1.6752835322 Error = 0.00e+00 FLOPS = 6.72e+05 Tdav = 0.00 T = 0.00
 --> Site =    1-   2 .. Mmps =    9 Ndav =   1 E =     -1.6752835322 Error = 0.00e+00 FLOPS = 6.67e+05 Tdav = 0.00 T = 0.01
 --> Site =    2-   3 .. Mmps =   14 Ndav =   1 E =     -1.6752835322 Error = 8.76e-18 FLOPS = 6.97e+05 Tdav = 0.00 T = 0.01
Time elapsed =      1.526 | E =      -1.6752835322 | DE = 1.33e-15 | DW = 8.76002e-18
Time sweep =        0.017 | 3.17 KFLOP/SWP
 | Tcomm = 0.000 | Tidle = 0.000 | Twait = 0.000 | Dmem = 2.17 KB (14%) | Imem = 9.46 KB (94%) | Hmem = 5.54 KB | Wmem = 160 B | Pmem = 776 B
 | Tread = 0.000 | Twrite = 0.000 | Tfpread = 0.000 | Tfpwrite = 0.000 | Tmporead = 0.000
 | data = 1.98 KB | cpsd = 1.52 KB | Tasync = 0.000
 | Trot = 0.000 | Tctr = 0.000 | Tint = 0.000 | Tmid = 0.000 | Tdctr = 0.000 | Tdiag = 0.004 | Tinfo = 0.000
 | Teff = 0.006 | Tprt = 0.004 | Teig = 0.005 | Tblk = 0.016 | Tmve = 0.001 | Tdm = 0.000 | Tsplt = 0.000 | Tsvd = 0.000 | Torth = 0.000

Sweep =   11 | Direction = backward | Bond dimension =  800 | Noise =  1.00e-04 | Dav threshold =  1.00e-04
 <-- Site =    2-   3 .. Mmps =    3 Ndav =   1 E =     -1.6752835322 Error = 0.00e+00 FLOPS = 5.60e+05 Tdav = 0.00 T = 0.01
 <-- Site =    1-   2 .. Mmps =    9 Ndav =   1 E =     -1.6752835322 Error = 0.00e+00 FLOPS = 6.12e+05 Tdav = 0.00 T = 0.01
 <-- Site =    0-   1 .. Mmps =   14 Ndav =   1 E =     -1.6752835322 Error = 1.35e-16 FLOPS = 7.18e+05 Tdav = 0.00 T = 0.01
Time elapsed =      1.545 | E =      -1.6752835322 | DE = 4.44e-16 | DW = 1.35006e-16
Time sweep =        0.018 | 3.17 KFLOP/SWP
 | Tcomm = 0.000 | Tidle = 0.000 | Twait = 0.000 | Dmem = 2.17 KB (14%) | Imem = 9.46 KB (94%) | Hmem = 5.54 KB | Wmem = 160 B | Pmem = 776 B
 | Tread = 0.000 | Twrite = 0.000 | Tfpread = 0.000 | Tfpwrite = 0.000 | Tmporead = 0.000
 | data = 2.09 KB | cpsd = 1.60 KB | Tasync = 0.000
 | Trot = 0.000 | Tctr = 0.000 | Tint = 0.000 | Tmid = 0.000 | Tdctr = 0.000 | Tdiag = 0.004 | Tinfo = 0.000
 | Teff = 0.006 | Tprt = 0.005 | Teig = 0.005 | Tblk = 0.017 | Tmve = 0.001 | Tdm = 0.000 | Tsplt = 0.000 | Tsvd = 0.000 | Torth = 0.000

Sweep =   12 | Direction =  forward | Bond dimension = 1600 | Noise =  1.00e-04 | Dav threshold =  1.00e-04
 --> Site =    0-   1 .. Mmps =    3 Ndav =   1 E =     -1.6752835322 Error = 0.00e+00 FLOPS = 7.63e+05 Tdav = 0.00 T = 0.00
 --> Site =    1-   2 .. Mmps =    9 Ndav =   1 E =     -1.6752835322 Error = 0.00e+00 FLOPS = 6.61e+05 Tdav = 0.00 T = 0.01
 --> Site =    2-   3 .. Mmps =   14 Ndav =   1 E =     -1.6752835322 Error = 4.26e-18 FLOPS = 7.01e+05 Tdav = 0.00 T = 0.01
Time elapsed =      1.562 | E =      -1.6752835322 | DE = 0.00e+00 | DW = 4.26499e-18
Time sweep =        0.017 | 3.17 KFLOP/SWP
 | Tcomm = 0.000 | Tidle = 0.000 | Twait = 0.000 | Dmem = 2.17 KB (14%) | Imem = 9.46 KB (94%) | Hmem = 5.54 KB | Wmem = 160 B | Pmem = 776 B
 | Tread = 0.000 | Twrite = 0.000 | Tfpread = 0.000 | Tfpwrite = 0.000 | Tmporead = 0.000
 | data = 1.98 KB | cpsd = 1.52 KB | Tasync = 0.000
 | Trot = 0.000 | Tctr = 0.000 | Tint = 0.000 | Tmid = 0.000 | Tdctr = 0.000 | Tdiag = 0.005 | Tinfo = 0.000
 | Teff = 0.006 | Tprt = 0.004 | Teig = 0.005 | Tblk = 0.016 | Tmve = 0.001 | Tdm = 0.000 | Tsplt = 0.000 | Tsvd = 0.000 | Torth = 0.000

Sweep =   13 | Direction = backward | Bond dimension = 1600 | Noise =  1.00e-04 | Dav threshold =  1.00e-04
 <-- Site =    2-   3 .. Mmps =    3 Ndav =   1 E =     -1.6752835322 Error = 0.00e+00 FLOPS = 6.61e+05 Tdav = 0.00 T = 0.00
 <-- Site =    1-   2 .. Mmps =    9 Ndav =   1 E =     -1.6752835322 Error = 0.00e+00 FLOPS = 6.41e+05 Tdav = 0.00 T = 0.01
 <-- Site =    0-   1 .. Mmps =   14 Ndav =   1 E =     -1.6752835322 Error = 1.34e-16 FLOPS = 6.02e+05 Tdav = 0.00 T = 0.01
Time elapsed =      1.579 | E =      -1.6752835322 | DE = -8.88e-16 | DW = 1.34166e-16
Time sweep =        0.017 | 3.17 KFLOP/SWP
 | Tcomm = 0.000 | Tidle = 0.000 | Twait = 0.000 | Dmem = 2.17 KB (14%) | Imem = 9.46 KB (94%) | Hmem = 5.54 KB | Wmem = 160 B | Pmem = 776 B
 | Tread = 0.000 | Twrite = 0.000 | Tfpread = 0.000 | Tfpwrite = 0.000 | Tmporead = 0.000
 | data = 2.09 KB | cpsd = 1.60 KB | Tasync = 0.000
 | Trot = 0.000 | Tctr = 0.000 | Tint = 0.000 | Tmid = 0.000 | Tdctr = 0.000 | Tdiag = 0.004 | Tinfo = 0.000
 | Teff = 0.005 | Tprt = 0.004 | Teig = 0.005 | Tblk = 0.016 | Tmve = 0.001 | Tdm = 0.000 | Tsplt = 0.000 | Tsvd = 0.000 | Torth = 0.000

Sweep =   14 | Direction =  forward | Bond dimension = 1600 | Noise =  1.00e-04 | Dav threshold =  1.00e-04
 --> Site =    0-   1 .. Mmps =    3 Ndav =   1 E =     -1.6752835322 Error = 0.00e+00 FLOPS = 5.04e+05 Tdav = 0.00 T = 0.01
 --> Site =    1-   2 .. Mmps =    9 Ndav =   1 E =     -1.6752835322 Error = 0.00e+00 FLOPS = 7.06e+05 Tdav = 0.00 T = 0.01
 --> Site =    2-   3 .. Mmps =   14 Ndav =   1 E =     -1.6752835322 Error = 1.27e-17 FLOPS = 8.01e+05 Tdav = 0.00 T = 0.01
Time elapsed =      1.598 | E =      -1.6752835322 | DE = -4.44e-16 | DW = 1.26679e-17
Time sweep =        0.019 | 3.17 KFLOP/SWP
 | Tcomm = 0.000 | Tidle = 0.000 | Twait = 0.000 | Dmem = 2.17 KB (14%) | Imem = 9.46 KB (94%) | Hmem = 5.54 KB | Wmem = 160 B | Pmem = 776 B
 | Tread = 0.000 | Twrite = 0.000 | Tfpread = 0.000 | Tfpwrite = 0.000 | Tmporead = 0.000
 | data = 1.98 KB | cpsd = 1.52 KB | Tasync = 0.000
 | Trot = 0.000 | Tctr = 0.000 | Tint = 0.000 | Tmid = 0.000 | Tdctr = 0.000 | Tdiag = 0.005 | Tinfo = 0.000
 | Teff = 0.006 | Tprt = 0.005 | Teig = 0.005 | Tblk = 0.017 | Tmve = 0.001 | Tdm = 0.000 | Tsplt = 0.000 | Tsvd = 0.000 | Torth = 0.000

Sweep =   15 | Direction = backward | Bond dimension = 1600 | Noise =  1.00e-04 | Dav threshold =  1.00e-04
 <-- Site =    2-   3 .. Mmps =    3 Ndav =   1 E =     -1.6752835322 Error = 0.00e+00 FLOPS = 6.51e+05 Tdav = 0.00 T = 0.01
 <-- Site =    1-   2 .. Mmps =    9 Ndav =   1 E =     -1.6752835322 Error = 0.00e+00 FLOPS = 5.96e+05 Tdav = 0.00 T = 0.01
 <-- Site =    0-   1 .. Mmps =   14 Ndav =   1 E =     -1.6752835322 Error = 8.16e-17 FLOPS = 5.09e+05 Tdav = 0.00 T = 0.01
Time elapsed =      1.616 | E =      -1.6752835322 | DE = 4.44e-16 | DW = 8.16263e-17
Time sweep =        0.018 | 3.17 KFLOP/SWP
 | Tcomm = 0.000 | Tidle = 0.000 | Twait = 0.000 | Dmem = 2.17 KB (14%) | Imem = 9.46 KB (94%) | Hmem = 5.54 KB | Wmem = 160 B | Pmem = 776 B
 | Tread = 0.000 | Twrite = 0.000 | Tfpread = 0.000 | Tfpwrite = 0.000 | Tmporead = 0.000
 | data = 2.09 KB | cpsd = 1.60 KB | Tasync = 0.000
 | Trot = 0.000 | Tctr = 0.000 | Tint = 0.000 | Tmid = 0.000 | Tdctr = 0.000 | Tdiag = 0.004 | Tinfo = 0.000
 | Teff = 0.006 | Tprt = 0.005 | Teig = 0.006 | Tblk = 0.017 | Tmve = 0.001 | Tdm = 0.000 | Tsplt = 0.000 | Tsvd = 0.000 | Torth = 0.000

Sweep =   16 | Direction =  forward | Bond dimension = 2000 | Noise =  1.00e-04 | Dav threshold =  1.00e-04
 --> Site =    0-   1 .. Mmps =    3 Ndav =   1 E =     -1.6752835322 Error = 0.00e+00 FLOPS = 7.25e+05 Tdav = 0.00 T = 0.01
 --> Site =    1-   2 .. Mmps =    9 Ndav =   1 E =     -1.6752835322 Error = 0.00e+00 FLOPS = 6.94e+05 Tdav = 0.00 T = 0.01
 --> Site =    2-   3 .. Mmps =   14 Ndav =   1 E =     -1.6752835322 Error = 9.45e-18 FLOPS = 6.12e+05 Tdav = 0.00 T = 0.01
Time elapsed =      1.633 | E =      -1.6752835322 | DE = -8.88e-16 | DW = 9.45082e-18
Time sweep =        0.017 | 3.17 KFLOP/SWP
 | Tcomm = 0.000 | Tidle = 0.000 | Twait = 0.000 | Dmem = 2.17 KB (14%) | Imem = 9.46 KB (94%) | Hmem = 5.54 KB | Wmem = 160 B | Pmem = 776 B
 | Tread = 0.000 | Twrite = 0.000 | Tfpread = 0.000 | Tfpwrite = 0.000 | Tmporead = 0.000
 | data = 1.98 KB | cpsd = 1.52 KB | Tasync = 0.000
 | Trot = 0.000 | Tctr = 0.000 | Tint = 0.000 | Tmid = 0.000 | Tdctr = 0.000 | Tdiag = 0.005 | Tinfo = 0.000
 | Teff = 0.006 | Tprt = 0.004 | Teig = 0.005 | Tblk = 0.016 | Tmve = 0.001 | Tdm = 0.000 | Tsplt = 0.000 | Tsvd = 0.000 | Torth = 0.000

Sweep =   17 | Direction = backward | Bond dimension = 2000 | Noise =  1.00e-04 | Dav threshold =  1.00e-04
 <-- Site =    2-   3 .. Mmps =    3 Ndav =   1 E =     -1.6752835322 Error = 0.00e+00 FLOPS = 7.46e+05 Tdav = 0.00 T = 0.01
 <-- Site =    1-   2 .. Mmps =    9 Ndav =   1 E =     -1.6752835322 Error = 0.00e+00 FLOPS = 7.42e+05 Tdav = 0.00 T = 0.01
 <-- Site =    0-   1 .. Mmps =   14 Ndav =   1 E =     -1.6752835322 Error = 2.93e-17 FLOPS = 6.85e+05 Tdav = 0.00 T = 0.01
Time elapsed =      1.652 | E =      -1.6752835322 | DE = 8.88e-16 | DW = 2.93185e-17
Time sweep =        0.019 | 3.17 KFLOP/SWP
 | Tcomm = 0.000 | Tidle = 0.000 | Twait = 0.000 | Dmem = 2.17 KB (14%) | Imem = 9.46 KB (94%) | Hmem = 5.54 KB | Wmem = 160 B | Pmem = 776 B
 | Tread = 0.000 | Twrite = 0.000 | Tfpread = 0.000 | Tfpwrite = 0.000 | Tmporead = 0.000
 | data = 2.09 KB | cpsd = 1.60 KB | Tasync = 0.000
 | Trot = 0.000 | Tctr = 0.000 | Tint = 0.000 | Tmid = 0.000 | Tdctr = 0.000 | Tdiag = 0.005 | Tinfo = 0.000
 | Teff = 0.006 | Tprt = 0.005 | Teig = 0.004 | Tblk = 0.017 | Tmve = 0.001 | Tdm = 0.000 | Tsplt = 0.000 | Tsvd = 0.000 | Torth = 0.000

Sweep =   18 | Direction =  forward | Bond dimension = 2000 | Noise =  1.00e-05 | Dav threshold =  1.00e-05
 --> Site =    0-   1 .. Mmps =    3 Ndav =   1 E =     -1.6752835322 Error = 0.00e+00 FLOPS = 6.15e+05 Tdav = 0.00 T = 0.00
 --> Site =    1-   2 .. Mmps =    9 Ndav =   1 E =     -1.6752835322 Error = 0.00e+00 FLOPS = 6.54e+05 Tdav = 0.00 T = 0.01
 --> Site =    2-   3 .. Mmps =   14 Ndav =   1 E =     -1.6752835322 Error = 1.66e-23 FLOPS = 5.52e+05 Tdav = 0.00 T = 0.01
Time elapsed =      1.670 | E =      -1.6752835322 | DE = 4.44e-16 | DW = 1.65576e-23
Time sweep =        0.018 | 3.17 KFLOP/SWP
 | Tcomm = 0.000 | Tidle = 0.000 | Twait = 0.000 | Dmem = 2.17 KB (14%) | Imem = 9.46 KB (94%) | Hmem = 5.54 KB | Wmem = 160 B | Pmem = 776 B
 | Tread = 0.000 | Twrite = 0.000 | Tfpread = 0.000 | Tfpwrite = 0.000 | Tmporead = 0.000
 | data = 1.98 KB | cpsd = 1.52 KB | Tasync = 0.000
 | Trot = 0.000 | Tctr = 0.000 | Tint = 0.000 | Tmid = 0.000 | Tdctr = 0.000 | Tdiag = 0.004 | Tinfo = 0.000
 | Teff = 0.006 | Tprt = 0.005 | Teig = 0.005 | Tblk = 0.016 | Tmve = 0.001 | Tdm = 0.000 | Tsplt = 0.000 | Tsvd = 0.000 | Torth = 0.000

Sweep =   19 | Direction = backward | Bond dimension = 2000 | Noise =  1.00e-05 | Dav threshold =  1.00e-05
 <-- Site =    2-   3 .. Mmps =    3 Ndav =   1 E =     -1.6752835322 Error = 0.00e+00 FLOPS = 8.31e+05 Tdav = 0.00 T = 0.00
 <-- Site =    1-   2 .. Mmps =    9 Ndav =   1 E =     -1.6752835322 Error = 0.00e+00 FLOPS = 6.35e+05 Tdav = 0.00 T = 0.01
 <-- Site =    0-   1 .. Mmps =   14 Ndav =   1 E =     -1.6752835322 Error = 1.79e-16 FLOPS = 6.67e+05 Tdav = 0.00 T = 0.01
Time elapsed =      1.687 | E =      -1.6752835322 | DE = 4.44e-16 | DW = 1.79358e-16
Time sweep =        0.017 | 3.17 KFLOP/SWP
 | Tcomm = 0.000 | Tidle = 0.000 | Twait = 0.000 | Dmem = 2.17 KB (14%) | Imem = 9.46 KB (94%) | Hmem = 5.54 KB | Wmem = 160 B | Pmem = 776 B
 | Tread = 0.000 | Twrite = 0.000 | Tfpread = 0.000 | Tfpwrite = 0.000 | Tmporead = 0.000
 | data = 2.09 KB | cpsd = 1.61 KB | Tasync = 0.000
 | Trot = 0.000 | Tctr = 0.000 | Tint = 0.000 | Tmid = 0.000 | Tdctr = 0.000 | Tdiag = 0.003 | Tinfo = 0.000
 | Teff = 0.005 | Tprt = 0.005 | Teig = 0.005 | Tblk = 0.016 | Tmve = 0.001 | Tdm = 0.000 | Tsplt = 0.000 | Tsvd = 0.000 | Torth = 0.000

Sweep =   20 | Direction =  forward | Bond dimension = 2000 | Noise =  1.00e-06 | Dav threshold =  1.00e-06
 --> Site =    0-   1 .. Mmps =    3 Ndav =   2 E =     -1.6752918141 Error = 0.00e+00 FLOPS = 8.03e+05 Tdav = 0.00 T = 0.01
 --> Site =    1-   2 .. Mmps =    9 Ndav =   1 E =     -1.6752918141 Error = 0.00e+00 FLOPS = 6.06e+05 Tdav = 0.00 T = 0.01
 --> Site =    2-   3 .. Mmps =   14 Ndav =   1 E =     -1.6752918141 Error = 1.49e-17 FLOPS = 6.44e+05 Tdav = 0.00 T = 0.01
Time elapsed =      1.706 | E =      -1.6752918141 | DE = -8.28e-06 | DW = 1.48626e-17
Time sweep =        0.019 | 4.15 KFLOP/SWP
 | Tcomm = 0.000 | Tidle = 0.000 | Twait = 0.000 | Dmem = 2.17 KB (14%) | Imem = 9.46 KB (94%) | Hmem = 5.54 KB | Wmem = 160 B | Pmem = 776 B
 | Tread = 0.000 | Twrite = 0.000 | Tfpread = 0.000 | Tfpwrite = 0.000 | Tmporead = 0.000
 | data = 1.98 KB | cpsd = 1.50 KB | Tasync = 0.000
 | Trot = 0.000 | Tctr = 0.000 | Tint = 0.000 | Tmid = 0.000 | Tdctr = 0.000 | Tdiag = 0.004 | Tinfo = 0.000
 | Teff = 0.006 | Tprt = 0.005 | Teig = 0.006 | Tblk = 0.017 | Tmve = 0.001 | Tdm = 0.000 | Tsplt = 0.000 | Tsvd = 0.000 | Torth = 0.000

Sweep =   21 | Direction = backward | Bond dimension = 2000 | Noise =  1.00e-06 | Dav threshold =  1.00e-06
 <-- Site =    2-   3 .. Mmps =    3 Ndav =   1 E =     -1.6752918141 Error = 0.00e+00 FLOPS = 6.85e+05 Tdav = 0.00 T = 0.00
 <-- Site =    1-   2 .. Mmps =    9 Ndav =   1 E =     -1.6752918141 Error = 0.00e+00 FLOPS = 5.47e+05 Tdav = 0.00 T = 0.01
 <-- Site =    0-   1 .. Mmps =   14 Ndav =   1 E =     -1.6752918141 Error = 1.41e-20 FLOPS = 3.37e+05 Tdav = 0.00 T = 0.01
Time elapsed =      1.728 | E =      -1.6752918141 | DE = -4.44e-16 | DW = 1.40568e-20
Time sweep =        0.023 | 3.17 KFLOP/SWP
 | Tcomm = 0.000 | Tidle = 0.000 | Twait = 0.000 | Dmem = 2.17 KB (14%) | Imem = 9.46 KB (94%) | Hmem = 5.54 KB | Wmem = 160 B | Pmem = 776 B
 | Tread = 0.000 | Twrite = 0.000 | Tfpread = 0.000 | Tfpwrite = 0.000 | Tmporead = 0.000
 | data = 2.09 KB | cpsd = 1.59 KB | Tasync = 0.000
 | Trot = 0.000 | Tctr = 0.000 | Tint = 0.000 | Tmid = 0.000 | Tdctr = 0.000 | Tdiag = 0.007 | Tinfo = 0.000
 | Teff = 0.008 | Tprt = 0.005 | Teig = 0.007 | Tblk = 0.021 | Tmve = 0.001 | Tdm = 0.000 | Tsplt = 0.000 | Tsvd = 0.000 | Torth = 0.000

Sweep =   22 | Direction =  forward | Bond dimension = 2000 | Noise =  1.00e-07 | Dav threshold =  1.00e-07
 --> Site =    0-   1 .. Mmps =    3 Ndav =   3 E =     -1.6752929262 Error = 0.00e+00 FLOPS = 7.77e+05 Tdav = 0.00 T = 0.01
 --> Site =    1-   2 .. Mmps =    9 Ndav =   1 E =     -1.6752929262 Error = 0.00e+00 FLOPS = 6.95e+05 Tdav = 0.00 T = 0.01
 --> Site =    2-   3 .. Mmps =   14 Ndav =   1 E =     -1.6752929262 Error = 7.62e-17 FLOPS = 7.27e+05 Tdav = 0.00 T = 0.01
Time elapsed =      1.749 | E =      -1.6752929262 | DE = -1.11e-06 | DW = 7.61575e-17
Time sweep =        0.021 | 5.13 KFLOP/SWP
 | Tcomm = 0.000 | Tidle = 0.000 | Twait = 0.000 | Dmem = 2.17 KB (14%) | Imem = 9.46 KB (94%) | Hmem = 5.54 KB | Wmem = 160 B | Pmem = 776 B
 | Tread = 0.000 | Twrite = 0.000 | Tfpread = 0.000 | Tfpwrite = 0.000 | Tmporead = 0.000
 | data = 1.98 KB | cpsd = 1.47 KB | Tasync = 0.000
 | Trot = 0.000 | Tctr = 0.000 | Tint = 0.000 | Tmid = 0.000 | Tdctr = 0.000 | Tdiag = 0.005 | Tinfo = 0.000
 | Teff = 0.007 | Tprt = 0.005 | Teig = 0.007 | Tblk = 0.020 | Tmve = 0.001 | Tdm = 0.000 | Tsplt = 0.000 | Tsvd = 0.000 | Torth = 0.000

Sweep =   23 | Direction = backward | Bond dimension = 2000 | Noise =  1.00e-07 | Dav threshold =  1.00e-07
 <-- Site =    2-   3 .. Mmps =    3 Ndav =   1 E =     -1.6752929262 Error = 0.00e+00 FLOPS = 6.14e+05 Tdav = 0.00 T = 0.01
 <-- Site =    1-   2 .. Mmps =    9 Ndav =   1 E =     -1.6752929262 Error = 0.00e+00 FLOPS = 5.93e+05 Tdav = 0.00 T = 0.01
 <-- Site =    0-   1 .. Mmps =   14 Ndav =   1 E =     -1.6752929262 Error = 2.56e-19 FLOPS = 7.23e+05 Tdav = 0.00 T = 0.01
Time elapsed =      1.768 | E =      -1.6752929262 | DE = 1.33e-15 | DW = 2.55505e-19
Time sweep =        0.018 | 3.17 KFLOP/SWP
 | Tcomm = 0.000 | Tidle = 0.000 | Twait = 0.000 | Dmem = 2.17 KB (14%) | Imem = 9.46 KB (94%) | Hmem = 5.54 KB | Wmem = 160 B | Pmem = 776 B
 | Tread = 0.000 | Twrite = 0.000 | Tfpread = 0.000 | Tfpwrite = 0.000 | Tmporead = 0.000
 | data = 2.09 KB | cpsd = 1.56 KB | Tasync = 0.000
 | Trot = 0.000 | Tctr = 0.000 | Tint = 0.000 | Tmid = 0.000 | Tdctr = 0.000 | Tdiag = 0.005 | Tinfo = 0.000
 | Teff = 0.006 | Tprt = 0.004 | Teig = 0.005 | Tblk = 0.017 | Tmve = 0.001 | Tdm = 0.000 | Tsplt = 0.000 | Tsvd = 0.000 | Torth = 0.000

Sweep =   24 | Direction =  forward | Bond dimension = 2000 | Noise =  0.00e+00 | Dav threshold =  1.00e-08
 --> Site =    0-   1 .. Mmps =    3 Ndav =   2 E =     -1.6752929505 Error = 0.00e+00 FLOPS = 6.28e+05 Tdav = 0.00 T = 0.01
 --> Site =    1-   2 .. Mmps =    7 Ndav =   1 E =     -1.6752929505 Error = 5.17e-26 FLOPS = 5.02e+05 Tdav = 0.00 T = 0.01
 --> Site =    2-   3 .. Mmps =    4 Ndav =   1 E =     -1.6752929505 Error = 5.88e-18 FLOPS = 4.41e+05 Tdav = 0.00 T = 0.01
Time elapsed =      1.784 | E =      -1.6752929505 | DE = -2.43e-08 | DW = 5.87708e-18
Time sweep =        0.016 | 3.89 KFLOP/SWP
 | Tcomm = 0.000 | Tidle = 0.000 | Twait = 0.000 | Dmem = 2.17 KB (14%) | Imem = 9.46 KB (94%) | Hmem = 5.54 KB | Wmem = 160 B | Pmem = 0 B
 | Tread = 0.000 | Twrite = 0.000 | Tfpread = 0.000 | Tfpwrite = 0.000 | Tmporead = 0.000
 | data = 1.24 KB | cpsd = 960 B | Tasync = 0.000
 | Trot = 0.000 | Tctr = 0.000 | Tint = 0.000 | Tmid = 0.000 | Tdctr = 0.000 | Tdiag = 0.005 | Tinfo = 0.000
 | Teff = 0.006 | Tprt = 0.000 | Teig = 0.007 | Tblk = 0.015 | Tmve = 0.001 | Tdm = 0.000 | Tsplt = 0.000 | Tsvd = 0.000 | Torth = 0.000

Sweep =   25 | Direction = backward | Bond dimension = 2000 | Noise =  0.00e+00 | Dav threshold =  1.00e-08
 <-- Site =    2-   3 .. Mmps =    3 Ndav =   1 E =     -1.6752929505 Error = 0.00e+00 FLOPS = 5.87e+05 Tdav = 0.00 T = 0.00
 <-- Site =    1-   2 .. Mmps =    7 Ndav =   1 E =     -1.6752929505 Error = 0.00e+00 FLOPS = 6.77e+05 Tdav = 0.00 T = 0.00
 <-- Site =    0-   1 .. Mmps =    4 Ndav =   1 E =     -1.6752929505 Error = 1.41e-17 FLOPS = 5.41e+05 Tdav = 0.00 T = 0.00
Time elapsed =      1.797 | E =      -1.6752929505 | DE = 4.44e-16 | DW = 1.40565e-17
Time sweep =        0.013 | 2.65 KFLOP/SWP
 | Tcomm = 0.000 | Tidle = 0.000 | Twait = 0.000 | Dmem = 1.44 KB (21%) | Imem = 9.46 KB (94%) | Hmem = 3.89 KB | Wmem = 160 B | Pmem = 0 B
 | Tread = 0.000 | Twrite = 0.000 | Tfpread = 0.000 | Tfpwrite = 0.000 | Tmporead = 0.000
 | data = 1.36 KB | cpsd = 1.02 KB | Tasync = 0.000
 | Trot = 0.000 | Tctr = 0.000 | Tint = 0.000 | Tmid = 0.000 | Tdctr = 0.000 | Tdiag = 0.005 | Tinfo = 0.000
 | Teff = 0.006 | Tprt = 0.000 | Teig = 0.004 | Tblk = 0.011 | Tmve = 0.001 | Tdm = 0.000 | Tsplt = 0.000 | Tsvd = 0.000 | Torth = 0.000

Sweep =   26 | Direction =  forward | Bond dimension = 2000 | Noise =  0.00e+00 | Dav threshold =  1.00e-08
 --> Site =    0-   1 .. Mmps =    3 Ndav =   1 E =     -1.6752929505 Error = 0.00e+00 FLOPS = 7.25e+03 Tdav = 0.10 T = 0.14
 --> Site =    1-   2 .. Mmps =    7 Ndav =   1 E =     -1.6752929505 Error = 0.00e+00 FLOPS = 1.15e+04 Tdav = 0.11 T = 0.31
 --> Site =    2-   3 .. Mmps =    4 Ndav =   1 E =     -1.6752929505 Error = 6.88e-18 FLOPS = 7.41e+03 Tdav = 0.10 T = 0.27
Time elapsed =      2.523 | E =      -1.6752929505 | DE = 8.88e-16 | DW = 6.87550e-18
Time sweep =        0.727 | 2.65 KFLOP/SWP
 | Tcomm = 0.000 | Tidle = 0.000 | Twait = 0.000 | Dmem = 1.44 KB (21%) | Imem = 9.46 KB (94%) | Hmem = 3.89 KB | Wmem = 160 B | Pmem = 0 B
 | Tread = 0.050 | Twrite = 0.046 | Tfpread = 0.050 | Tfpwrite = 0.046 | Tmporead = 0.000
 | data = 1.24 KB | cpsd = 960 B | Tasync = 0.000
 | Trot = 0.025 | Tctr = 0.020 | Tint = 0.031 | Tmid = 0.012 | Tdctr = 0.038 | Tdiag = 0.132 | Tinfo = 0.000
 | Teff = 0.244 | Tprt = 0.000 | Teig = 0.309 | Tblk = 0.592 | Tmve = 0.135 | Tdm = 0.000 | Tsplt = 0.037 | Tsvd = 0.000 | Torth = 0.000

Sweep =   27 | Direction = backward | Bond dimension = 2000 | Noise =  0.00e+00 | Dav threshold =  1.00e-08
 <-- Site =    2-   3 .. Mmps =    3 Ndav =   1 E =     -1.6752929505 Error = 0.00e+00 FLOPS = 2.42e+05 Tdav = 0.00 T = 0.01
 <-- Site =    1-   2 .. Mmps =    7 Ndav =   1 E =     -1.6752929505 Error = 5.80e-20 FLOPS = 4.77e+05 Tdav = 0.00 T = 0.01
 <-- Site =    0-   1 .. Mmps =    4 Ndav =   1 E =     -1.6752929505 Error = 9.81e-20 FLOPS = 3.73e+05 Tdav = 0.00 T = 0.01
Time elapsed =      2.549 | E =      -1.6752929505 | DE = -4.44e-16 | DW = 9.81312e-20
Time sweep =        0.026 | 2.65 KFLOP/SWP
 | Tcomm = 0.000 | Tidle = 0.000 | Twait = 0.000 | Dmem = 1.44 KB (21%) | Imem = 9.46 KB (94%) | Hmem = 3.89 KB | Wmem = 160 B | Pmem = 0 B
 | Tread = 0.000 | Twrite = 0.000 | Tfpread = 0.000 | Tfpwrite = 0.000 | Tmporead = 0.000
 | data = 1.36 KB | cpsd = 1.02 KB | Tasync = 0.000
 | Trot = 0.001 | Tctr = 0.000 | Tint = 0.000 | Tmid = 0.000 | Tdctr = 0.000 | Tdiag = 0.006 | Tinfo = 0.000
 | Teff = 0.014 | Tprt = 0.000 | Teig = 0.008 | Tblk = 0.023 | Tmve = 0.002 | Tdm = 0.000 | Tsplt = 0.000 | Tsvd = 0.000 | Torth = 0.000


Sweep =    0 | Direction =  forward | Bond dimension = 2000 | Noise =  0.00e+00 | Dav threshold =  1.00e-08
 --> Site =    0 .. Mmps =    3 Ndav =   1 E =     -1.6752929505 Error = 0.00e+00 FLOPS = 6.30e+02 Tdav = 0.10 T = 0.19
 --> Site =    1 .. Mmps =    7 Ndav =   1 E =     -1.6752929505 Error = 5.17e-26 FLOPS = 4.89e+05 Tdav = 0.00 T = 0.02
 --> Site =    2 .. Mmps =    4 Ndav =   1 E =     -1.6752929505 Error = 6.61e-18 FLOPS = 6.67e+05 Tdav = 0.00 T = 0.01
 --> Site =    3 .. Mmps =    1 Ndav =   1 E =     -1.6752929505 Error = 2.36e-16 FLOPS = 4.75e+04 Tdav = 0.00 T = 0.00
Time elapsed =      2.852 | E =      -1.6752929505 | DW = 2.35928e-16
Time sweep =        0.303 | 2.33 KFLOP/SWP
 | Tcomm = 0.000 | Tidle = 0.000 | Twait = 0.000 | Dmem = 1.26 KB (10%) | Imem = 6.02 KB (90%) | Hmem = 3.16 KB | Wmem = 136 B | Pmem = 0 B
 | Tread = 0.022 | Twrite = 0.024 | Tfpread = 0.022 | Tfpwrite = 0.023 | Tmporead = 0.000
 | data = 1.65 KB | cpsd = 1.30 KB | Tasync = 0.000
 | Trot = 0.025 | Tctr = 0.013 | Tint = 0.011 | Tmid = 0.000 | Tdctr = 0.000 | Tdiag = 0.052 | Tinfo = 0.000
 | Teff = 0.084 | Tprt = 0.000 | Teig = 0.110 | Tblk = 0.208 | Tmve = 0.016 | Tdm = 0.000 | Tsplt = 0.013 | Tsvd = 0.000 | Torth = 0.000

Sweep =    1 | Direction = backward | Bond dimension = 2000 | Noise =  0.00e+00 | Dav threshold =  1.00e-08
 <-- Site =    3 .. Mmps =    3 Ndav =   1 E =     -1.6752929505 Error = 0.00e+00 FLOPS = 4.39e+04 Tdav = 0.00 T = 0.00
 <-- Site =    2 .. Mmps =    7 Ndav =   1 E =     -1.6752929505 Error = 1.48e-20 FLOPS = 4.29e+05 Tdav = 0.00 T = 0.01
 <-- Site =    1 .. Mmps =    4 Ndav =   1 E =     -1.6752929505 Error = 2.32e-17 FLOPS = 4.33e+05 Tdav = 0.00 T = 0.01
 <-- Site =    0 .. Mmps =    1 Ndav =   1 E =     -1.6752929505 Error = 6.66e-18 FLOPS = 4.31e+04 Tdav = 0.00 T = 0.01
Time elapsed =      2.873 | E =      -1.6752929505 | DE = 4.44e-16 | DW = 2.31767e-17
Time sweep =        0.021 | 2.33 KFLOP/SWP
 | Tcomm = 0.000 | Tidle = 0.000 | Twait = 0.000 | Dmem = 1.26 KB (10%) | Imem = 6.02 KB (90%) | Hmem = 3.16 KB | Wmem = 136 B | Pmem = 0 B
 | Tread = 0.000 | Twrite = 0.000 | Tfpread = 0.000 | Tfpwrite = 0.000 | Tmporead = 0.000
 | data = 1.45 KB | cpsd = 1.12 KB | Tasync = 0.000
 | Trot = 0.001 | Tctr = 0.001 | Tint = 0.000 | Tmid = 0.000 | Tdctr = 0.000 | Tdiag = 0.007 | Tinfo = 0.000
 | Teff = 0.009 | Tprt = 0.000 | Teig = 0.008 | Tblk = 0.018 | Tmve = 0.003 | Tdm = 0.000 | Tsplt = 0.000 | Tsvd = 0.000 | Torth = 0.000

Final canonical form =  SRRR 0
DMRG Energy =   -1.675292950492403
npdm string = ['((C+(C+D)0)1+D)0']

Build NPDM MPO | Nsites =     4 | Nmaxops =  4 | SymbolFree = T | Cutoff = 0.00e+00
  -- Parallel | Size =   1 | Rank =   0 | ExeModel = Distributed | Center =     2
 Site =     0 /     4 .. L =       15 (     15)  R =        1 (      1)* M =            0 Tmid = 0.000 T = 0.000
 Site =     1 /     4 .. L =       37 (     37)  R =       49 (     49)* M =          113 (         113 = 100%) Tmid = 0.000 T = 0.000
 Site =     2 /     4 .. L =       59 (     59)* R =       25 (     25)* M =          183 (         183 = 100%) Tmid = 0.000 T = 0.000
 Site =     3 /     4 .. L =        1 (      1)* R =       15 (     15)  M =          136 (         136 = 100%) Tmid = 0.000 T = 0.000
Ttotal =      0.000

Environment initialization | Nsites =     4 | Center =     0
 INIT-R <-- Site =    2 ..  Bmem =   176 B Rmem =   176 B T = 0.06
 INIT-R <-- Site =    1 ..  Bmem =   176 B Rmem = 1.32 KB T = 0.06
 INIT-R <-- Site =    0 ..  Bmem = 1.32 KB Rmem = 0.99 KB T = 0.06
Time init sweep =        0.188 | MaxBmem = 1.32 KB | MaxRmem = 0.99 KB
 | Tread = 0.000 | Twrite = 0.076 | Tfpread = 0.000 | Tfpwrite = 0.075 | data = 2.48 KB | cpsd = 1.94 KB | Tasync = 0.000


Expectation | Direction =  forward | BRA bond dimension =  200 | KET bond dimension =  200
 --> Site =    0 .. Nterms =           56 Error =  0.000000000000/ 0.000000000000 FLOPS = 5.15e+04 Tmult = 0.00 T = 0.03
 --> Site =    1 .. Nterms =           78 Error =  0.000000000000/ 0.000000000000 FLOPS = 2.32e+05 Tmult = 0.01 T = 0.01
 --> Site =    2 .. Nterms =           66 Error =  0.000000000000/ 0.000000000000 FLOPS = 1.44e+05 Tmult = 0.01 T = 0.01
 --> Site =    3 .. Nterms =            0 Error =  0.000000000000/ 0.000000000000 FLOPS = 0.00e+00 Tmult = 0.00 T = 0.00
Time elapsed =      0.044
Time sweep =        0.044 | 2.80 KFLOP/SWP
 | Tcomm = 0.000 | Tidle = 0.000 | Twait = 0.000
 | Dmem = 6.53 KB (14%) | Imem = 1.94 KB (71%) | Hmem = 5.75 KB | Wmem = 112 B | MaxBmem = 2.21 KB | MaxRmem = 5.58 KB
 | Tread = 0.000 | Twrite = 0.000 | Tfpread = 0.000 | Tfpwrite = 0.000 | data = 7.96 KB | cpsd = 6.20 KB | Tasync = 0.000
 | Trot = 0.011 | Tctr = 0.000 | Tint = 0.000 | Tmid = 0.000 | Tdctr = 0.000 | Tdiag = 0.000 | Tinfo = 0.000
 | Teff = 0.001 | Texpt = 0.018 | Tblk = 0.044 | Tmve = 0.000

NPDM Sorting | Nsites =     4 | Nmaxops =  4 | DotSite = 0 | SymbolFree = T | Compressed = T | LowMem = F | Mem = 2.00 KB
 Site =     0 ..  T = 0.000
 Site =     1 ..  T = 0.000
 Site =     2 ..  T = 0.000
Ttotal =      0.001

MPI FINALIZE: rank 0 of 1
