[midway3-0542.rcc.local:3464119] mca_base_component_repository_open: unable to open mca_op_avx: /software/openmpi-4.1.0-el8-x86_64/lib/openmpi/mca_op_avx.so: undefined symbol: ompi_op_base_module_t_class (ignored)
MPI INIT: rank 0 of 1

********************************** INPUT START **********************************
nelec                                                            4
spin                                                             0
twodot_to_onedot                                                28
orbitals                                                   FCIDUMP
maxiter                                                         36
sweep_tol                                               1.0000e-07
outputlevel                                                      2
hf_occ                                                    integral
twopdm                                                            
prefix                                          /tmp/jobs/29444628
num_thrds                                                      128
mem                                                          500 g
schedule                  Sweep   0-   3 : Mmps =   200 Noise =    0.0001 DavTol =    0.0001
                          Sweep   4-   7 : Mmps =   400 Noise =    0.0001 DavTol =    0.0001
                          Sweep   8-  11 : Mmps =   800 Noise =    0.0001 DavTol =    0.0001
                          Sweep  12-  15 : Mmps =  1600 Noise =    0.0001 DavTol =    0.0001
                          Sweep  16-  17 : Mmps =  2000 Noise =    0.0001 DavTol =    0.0001
                          Sweep  18-  19 : Mmps =  2000 Noise =     1e-05 DavTol =     1e-05
                          Sweep  20-  21 : Mmps =  2000 Noise =     1e-06 DavTol =     1e-06
                          Sweep  22-  23 : Mmps =  2000 Noise =     1e-07 DavTol =     1e-07
                          Sweep  24-  35 : Mmps =  2000 Noise =         0 DavTol =     1e-08
irrep                                                            1
********************************** INPUT END   **********************************

SPIN ADAPTED - REAL DOMAIN - DOUBLE PREC
qc mpo type =  QCTypes.Conventional
 UseMainStack = 0 MinDiskUsage = 1 MinMemUsage = 0 IBuf = 0 OBuf = 0
 FPCompression: prec = 1.00e-16 chunk = 1024
 IMain = 0 B / 32.6 GB DMain = 0 B / 168 GB ISeco = 0 B / 14.0 GB DSeco = 0 B / 251 GB
 OpenMP = 1 TBB = 0 BLIS = 0 MKL = GNU 2020.0.1 SeqType = Tasked MKLIntLen = 8
 THREADING = 2 layers : Global | Operator BatchedGEMM 
 NUMBER : Global = 128 Operator = 128 Quanta = 0 MKL = 1
 COMPLEX = 1 SINGLE-PREC = 0 KSYMM = 0
using fiedler reorder =  [2 3 0 1]
read integral finished 0.03239474445581436
integral sym error =            0
MinMPOMemUsage =  False
MPS =  CCRR 0 2 < N=4 S=0 PG=0 >
GS INIT MPS BOND DIMS =       1     3    10     3     1
build mpo start ...
build mpo finished ... Tread = 0.000 Twrite = 0.000 T = 0.044
simpl mpo start ...
simpl mpo finished ... Tread = 0.000 Twrite = 0.000 T = 0.088
GS MPO BOND DIMS =       7    16     7     1
build 1pdm mpo 0.17293257266283035
build identity mpo 0.23508331179618835
para mpo finished 0.2977500781416893
Environment initialization | Nsites =     4 | Center =     0
 INIT-R <-- Site =    1 ..  Bmem =   120 B Rmem =   120 B T = 0.07
 INIT-R <-- Site =    0 ..  Bmem = 2.04 KB Rmem = 2.04 KB T = 0.07
Time init sweep =        0.144 | MaxBmem = 2.04 KB | MaxRmem = 2.04 KB
 | Tread = 0.000 | Twrite = 0.051 | Tfpread = 0.000 | Tfpwrite = 0.051 | data = 2.27 KB | cpsd = 1.77 KB | Tasync = 0.000

env init finished 0.4418432451784611

Sweep =    0 | Direction =  forward | Bond dimension =  200 | Noise =  1.00e-04 | Dav threshold =  1.00e-04
 --> Site =    0-   1 .. Mmps =    3 Ndav =  11 E =     -1.9100602471 Error = 0.00e+00 FLOPS = 4.57e+04 Tdav = 0.26 T = 0.36
 --> Site =    1-   2 .. Mmps =   10 Ndav =   1 E =     -1.9100602471 Error = 0.00e+00 FLOPS = 4.64e+05 Tdav = 0.00 T = 0.01
 --> Site =    2-   3 .. Mmps =   12 Ndav =   1 E =     -1.9100602471 Error = 7.91e-17 FLOPS = 4.83e+05 Tdav = 0.00 T = 0.01
Time elapsed =      0.382 | E =      -1.9100602471 | DW = 7.90582e-17
Time sweep =        0.382 | 13.6 KFLOP/SWP
 | Tcomm = 0.002 | Tidle = 0.000 | Twait = 0.000 | Dmem = 2.35 KB (13%) | Imem = 10.2 KB (93%) | Hmem = 5.59 KB | Wmem = 160 B | Pmem = 856 B
 | Tread = 0.025 | Twrite = 0.000 | Tfpread = 0.025 | Tfpwrite = 0.000 | Tmporead = 0.000
 | data = 2.16 KB | cpsd = 1.65 KB | Tasync = 0.000
 | Trot = 0.000 | Tctr = 0.000 | Tint = 0.000 | Tmid = 0.000 | Tdctr = 0.000 | Tdiag = 0.057 | Tinfo = 0.000
 | Teff = 0.108 | Tprt = 0.009 | Teig = 0.261 | Tblk = 0.379 | Tmve = 0.002 | Tdm = 0.000 | Tsplt = 0.000 | Tsvd = 0.000 | Torth = 0.000

Sweep =    1 | Direction = backward | Bond dimension =  200 | Noise =  1.00e-04 | Dav threshold =  1.00e-04
 <-- Site =    2-   3 .. Mmps =    3 Ndav =   1 E =     -1.9100602471 Error = 0.00e+00 FLOPS = 6.34e+05 Tdav = 0.00 T = 0.01
 <-- Site =    1-   2 .. Mmps =   10 Ndav =   1 E =     -1.9100602471 Error = 0.00e+00 FLOPS = 4.37e+05 Tdav = 0.00 T = 0.01
 <-- Site =    0-   1 .. Mmps =   12 Ndav =   1 E =     -1.9100602471 Error = 2.34e-21 FLOPS = 3.66e+05 Tdav = 0.00 T = 0.01
Time elapsed =      0.407 | E =      -1.9100602471 | DE = 6.22e-15 | DW = 2.34184e-21
Time sweep =        0.026 | 3.25 KFLOP/SWP
 | Tcomm = 0.000 | Tidle = 0.000 | Twait = 0.000 | Dmem = 2.35 KB (13%) | Imem = 10.2 KB (93%) | Hmem = 5.59 KB | Wmem = 160 B | Pmem = 856 B
 | Tread = 0.000 | Twrite = 0.000 | Tfpread = 0.000 | Tfpwrite = 0.000 | Tmporead = 0.000
 | data = 2.27 KB | cpsd = 1.73 KB | Tasync = 0.000
 | Trot = 0.000 | Tctr = 0.000 | Tint = 0.000 | Tmid = 0.000 | Tdctr = 0.000 | Tdiag = 0.008 | Tinfo = 0.000
 | Teff = 0.009 | Tprt = 0.006 | Teig = 0.007 | Tblk = 0.024 | Tmve = 0.002 | Tdm = 0.000 | Tsplt = 0.000 | Tsvd = 0.000 | Torth = 0.000

Sweep =    2 | Direction =  forward | Bond dimension =  200 | Noise =  1.00e-04 | Dav threshold =  1.00e-04
 --> Site =    0-   1 .. Mmps =    3 Ndav =   1 E =     -1.9100602471 Error = 0.00e+00 FLOPS = 5.74e+05 Tdav = 0.00 T = 0.01
 --> Site =    1-   2 .. Mmps =   10 Ndav =   1 E =     -1.9100602471 Error = 0.00e+00 FLOPS = 5.32e+05 Tdav = 0.00 T = 0.01
 --> Site =    2-   3 .. Mmps =   12 Ndav =   1 E =     -1.9100602471 Error = 1.18e-17 FLOPS = 7.29e+05 Tdav = 0.00 T = 0.01
Time elapsed =      0.428 | E =      -1.9100602471 | DE = 0.00e+00 | DW = 1.18357e-17
Time sweep =        0.021 | 3.25 KFLOP/SWP
 | Tcomm = 0.000 | Tidle = 0.000 | Twait = 0.000 | Dmem = 2.35 KB (13%) | Imem = 10.2 KB (93%) | Hmem = 5.59 KB | Wmem = 160 B | Pmem = 856 B
 | Tread = 0.000 | Twrite = 0.000 | Tfpread = 0.000 | Tfpwrite = 0.000 | Tmporead = 0.000
 | data = 2.16 KB | cpsd = 1.65 KB | Tasync = 0.000
 | Trot = 0.000 | Tctr = 0.000 | Tint = 0.000 | Tmid = 0.000 | Tdctr = 0.000 | Tdiag = 0.005 | Tinfo = 0.000
 | Teff = 0.007 | Tprt = 0.006 | Teig = 0.006 | Tblk = 0.019 | Tmve = 0.002 | Tdm = 0.000 | Tsplt = 0.000 | Tsvd = 0.000 | Torth = 0.000

Sweep =    3 | Direction = backward | Bond dimension =  200 | Noise =  1.00e-04 | Dav threshold =  1.00e-04
 <-- Site =    2-   3 .. Mmps =    3 Ndav =   1 E =     -1.9100602471 Error = 0.00e+00 FLOPS = 6.79e+05 Tdav = 0.00 T = 0.01
 <-- Site =    1-   2 .. Mmps =   10 Ndav =   1 E =     -1.9100602471 Error = 0.00e+00 FLOPS = 6.23e+05 Tdav = 0.00 T = 0.01
 <-- Site =    0-   1 .. Mmps =   12 Ndav =   1 E =     -1.9100602471 Error = 3.39e-17 FLOPS = 5.98e+05 Tdav = 0.00 T = 0.01
Time elapsed =      0.448 | E =      -1.9100602471 | DE = 0.00e+00 | DW = 3.38534e-17
Time sweep =        0.020 | 3.25 KFLOP/SWP
 | Tcomm = 0.000 | Tidle = 0.000 | Twait = 0.000 | Dmem = 2.35 KB (13%) | Imem = 10.2 KB (93%) | Hmem = 5.59 KB | Wmem = 160 B | Pmem = 856 B
 | Tread = 0.000 | Twrite = 0.000 | Tfpread = 0.000 | Tfpwrite = 0.000 | Tmporead = 0.000
 | data = 2.27 KB | cpsd = 1.73 KB | Tasync = 0.000
 | Trot = 0.000 | Tctr = 0.000 | Tint = 0.000 | Tmid = 0.000 | Tdctr = 0.000 | Tdiag = 0.005 | Tinfo = 0.000
 | Teff = 0.006 | Tprt = 0.006 | Teig = 0.005 | Tblk = 0.018 | Tmve = 0.001 | Tdm = 0.000 | Tsplt = 0.000 | Tsvd = 0.000 | Torth = 0.000

Sweep =    4 | Direction =  forward | Bond dimension =  400 | Noise =  1.00e-04 | Dav threshold =  1.00e-04
 --> Site =    0-   1 .. Mmps =    3 Ndav =   1 E =     -1.9100602471 Error = 0.00e+00 FLOPS = 4.09e+05 Tdav = 0.00 T = 0.01
 --> Site =    1-   2 .. Mmps =   10 Ndav =   1 E =     -1.9100602471 Error = 0.00e+00 FLOPS = 4.26e+05 Tdav = 0.00 T = 0.01
 --> Site =    2-   3 .. Mmps =   12 Ndav =   1 E =     -1.9100602471 Error = 4.32e-17 FLOPS = 5.93e+05 Tdav = 0.00 T = 0.01
Time elapsed =      0.471 | E =      -1.9100602471 | DE = 8.88e-16 | DW = 4.32130e-17
Time sweep =        0.023 | 3.25 KFLOP/SWP
 | Tcomm = 0.000 | Tidle = 0.000 | Twait = 0.000 | Dmem = 2.35 KB (13%) | Imem = 10.2 KB (93%) | Hmem = 5.59 KB | Wmem = 160 B | Pmem = 856 B
 | Tread = 0.000 | Twrite = 0.000 | Tfpread = 0.000 | Tfpwrite = 0.000 | Tmporead = 0.000
 | data = 2.16 KB | cpsd = 1.65 KB | Tasync = 0.000
 | Trot = 0.000 | Tctr = 0.000 | Tint = 0.000 | Tmid = 0.000 | Tdctr = 0.000 | Tdiag = 0.005 | Tinfo = 0.000
 | Teff = 0.006 | Tprt = 0.007 | Teig = 0.007 | Tblk = 0.021 | Tmve = 0.001 | Tdm = 0.000 | Tsplt = 0.000 | Tsvd = 0.000 | Torth = 0.000

Sweep =    5 | Direction = backward | Bond dimension =  400 | Noise =  1.00e-04 | Dav threshold =  1.00e-04
 <-- Site =    2-   3 .. Mmps =    3 Ndav =   1 E =     -1.9100602471 Error = 0.00e+00 FLOPS = 5.03e+05 Tdav = 0.00 T = 0.01
 <-- Site =    1-   2 .. Mmps =   10 Ndav =   1 E =     -1.9100602471 Error = 0.00e+00 FLOPS = 4.73e+05 Tdav = 0.00 T = 0.01
 <-- Site =    0-   1 .. Mmps =   12 Ndav =   1 E =     -1.9100602471 Error = 3.35e-17 FLOPS = 3.78e+05 Tdav = 0.00 T = 0.01
Time elapsed =      0.492 | E =      -1.9100602471 | DE = -8.88e-16 | DW = 3.34950e-17
Time sweep =        0.022 | 3.25 KFLOP/SWP
 | Tcomm = 0.000 | Tidle = 0.000 | Twait = 0.000 | Dmem = 2.35 KB (13%) | Imem = 10.2 KB (93%) | Hmem = 5.59 KB | Wmem = 160 B | Pmem = 856 B
 | Tread = 0.000 | Twrite = 0.000 | Tfpread = 0.000 | Tfpwrite = 0.000 | Tmporead = 0.000
 | data = 2.27 KB | cpsd = 1.73 KB | Tasync = 0.000
 | Trot = 0.000 | Tctr = 0.000 | Tint = 0.000 | Tmid = 0.000 | Tdctr = 0.000 | Tdiag = 0.004 | Tinfo = 0.000
 | Teff = 0.006 | Tprt = 0.006 | Teig = 0.007 | Tblk = 0.020 | Tmve = 0.001 | Tdm = 0.000 | Tsplt = 0.000 | Tsvd = 0.000 | Torth = 0.000

Sweep =    6 | Direction =  forward | Bond dimension =  400 | Noise =  1.00e-04 | Dav threshold =  1.00e-04
 --> Site =    0-   1 .. Mmps =    3 Ndav =   1 E =     -1.9100602471 Error = 0.00e+00 FLOPS = 6.82e+05 Tdav = 0.00 T = 0.00
 --> Site =    1-   2 .. Mmps =   10 Ndav =   1 E =     -1.9100602471 Error = 0.00e+00 FLOPS = 5.35e+05 Tdav = 0.00 T = 0.01
 --> Site =    2-   3 .. Mmps =   12 Ndav =   1 E =     -1.9100602471 Error = 8.72e-17 FLOPS = 5.16e+05 Tdav = 0.00 T = 0.01
Time elapsed =      0.513 | E =      -1.9100602471 | DE = -8.88e-16 | DW = 8.72016e-17
Time sweep =        0.020 | 3.25 KFLOP/SWP
 | Tcomm = 0.000 | Tidle = 0.000 | Twait = 0.000 | Dmem = 2.35 KB (13%) | Imem = 10.2 KB (93%) | Hmem = 5.59 KB | Wmem = 160 B | Pmem = 856 B
 | Tread = 0.000 | Twrite = 0.000 | Tfpread = 0.000 | Tfpwrite = 0.000 | Tmporead = 0.000
 | data = 2.16 KB | cpsd = 1.65 KB | Tasync = 0.000
 | Trot = 0.000 | Tctr = 0.000 | Tint = 0.000 | Tmid = 0.000 | Tdctr = 0.000 | Tdiag = 0.005 | Tinfo = 0.000
 | Teff = 0.006 | Tprt = 0.006 | Teig = 0.006 | Tblk = 0.019 | Tmve = 0.001 | Tdm = 0.000 | Tsplt = 0.000 | Tsvd = 0.000 | Torth = 0.000

Sweep =    7 | Direction = backward | Bond dimension =  400 | Noise =  1.00e-04 | Dav threshold =  1.00e-04
 <-- Site =    2-   3 .. Mmps =    3 Ndav =   1 E =     -1.9100602471 Error = 0.00e+00 FLOPS = 4.64e+05 Tdav = 0.00 T = 0.01
 <-- Site =    1-   2 .. Mmps =   10 Ndav =   1 E =     -1.9100602471 Error = 0.00e+00 FLOPS = 5.56e+05 Tdav = 0.00 T = 0.01
 <-- Site =    0-   1 .. Mmps =   12 Ndav =   1 E =     -1.9100602471 Error = 5.83e-17 FLOPS = 3.80e+05 Tdav = 0.00 T = 0.01
Time elapsed =      0.534 | E =      -1.9100602471 | DE = 0.00e+00 | DW = 5.83068e-17
Time sweep =        0.021 | 3.25 KFLOP/SWP
 | Tcomm = 0.000 | Tidle = 0.000 | Twait = 0.000 | Dmem = 2.35 KB (13%) | Imem = 10.2 KB (93%) | Hmem = 5.59 KB | Wmem = 160 B | Pmem = 856 B
 | Tread = 0.000 | Twrite = 0.000 | Tfpread = 0.000 | Tfpwrite = 0.000 | Tmporead = 0.000
 | data = 2.27 KB | cpsd = 1.73 KB | Tasync = 0.000
 | Trot = 0.000 | Tctr = 0.000 | Tint = 0.000 | Tmid = 0.000 | Tdctr = 0.000 | Tdiag = 0.005 | Tinfo = 0.000
 | Teff = 0.006 | Tprt = 0.005 | Teig = 0.007 | Tblk = 0.020 | Tmve = 0.002 | Tdm = 0.000 | Tsplt = 0.000 | Tsvd = 0.000 | Torth = 0.000

Sweep =    8 | Direction =  forward | Bond dimension =  800 | Noise =  1.00e-04 | Dav threshold =  1.00e-04
 --> Site =    0-   1 .. Mmps =    3 Ndav =   1 E =     -1.9100602471 Error = 0.00e+00 FLOPS = 6.58e+05 Tdav = 0.00 T = 0.00
 --> Site =    1-   2 .. Mmps =   10 Ndav =   1 E =     -1.9100602471 Error = 0.00e+00 FLOPS = 6.00e+05 Tdav = 0.00 T = 0.01
 --> Site =    2-   3 .. Mmps =   12 Ndav =   1 E =     -1.9100602471 Error = 7.93e-17 FLOPS = 7.65e+05 Tdav = 0.00 T = 0.01
Time elapsed =      0.552 | E =      -1.9100602471 | DE = 4.44e-16 | DW = 7.93484e-17
Time sweep =        0.018 | 3.25 KFLOP/SWP
 | Tcomm = 0.000 | Tidle = 0.000 | Twait = 0.000 | Dmem = 2.35 KB (13%) | Imem = 10.2 KB (93%) | Hmem = 5.59 KB | Wmem = 160 B | Pmem = 856 B
 | Tread = 0.000 | Twrite = 0.000 | Tfpread = 0.000 | Tfpwrite = 0.000 | Tmporead = 0.000
 | data = 2.16 KB | cpsd = 1.65 KB | Tasync = 0.000
 | Trot = 0.000 | Tctr = 0.000 | Tint = 0.000 | Tmid = 0.000 | Tdctr = 0.000 | Tdiag = 0.004 | Tinfo = 0.000
 | Teff = 0.005 | Tprt = 0.005 | Teig = 0.005 | Tblk = 0.017 | Tmve = 0.002 | Tdm = 0.000 | Tsplt = 0.000 | Tsvd = 0.000 | Torth = 0.000

Sweep =    9 | Direction = backward | Bond dimension =  800 | Noise =  1.00e-04 | Dav threshold =  1.00e-04
 <-- Site =    2-   3 .. Mmps =    3 Ndav =   1 E =     -1.9100602471 Error = 0.00e+00 FLOPS = 6.96e+05 Tdav = 0.00 T = 0.01
 <-- Site =    1-   2 .. Mmps =   10 Ndav =   1 E =     -1.9100602471 Error = 0.00e+00 FLOPS = 5.50e+05 Tdav = 0.00 T = 0.01
 <-- Site =    0-   1 .. Mmps =   12 Ndav =   1 E =     -1.9100602471 Error = 1.09e-17 FLOPS = 4.33e+05 Tdav = 0.00 T = 0.01
Time elapsed =      0.573 | E =      -1.9100602471 | DE = -4.44e-16 | DW = 1.08955e-17
Time sweep =        0.021 | 3.25 KFLOP/SWP
 | Tcomm = 0.000 | Tidle = 0.000 | Twait = 0.000 | Dmem = 2.35 KB (13%) | Imem = 10.2 KB (93%) | Hmem = 5.59 KB | Wmem = 160 B | Pmem = 856 B
 | Tread = 0.000 | Twrite = 0.000 | Tfpread = 0.000 | Tfpwrite = 0.000 | Tmporead = 0.000
 | data = 2.27 KB | cpsd = 1.73 KB | Tasync = 0.000
 | Trot = 0.000 | Tctr = 0.000 | Tint = 0.000 | Tmid = 0.000 | Tdctr = 0.000 | Tdiag = 0.005 | Tinfo = 0.000
 | Teff = 0.007 | Tprt = 0.006 | Teig = 0.006 | Tblk = 0.019 | Tmve = 0.002 | Tdm = 0.000 | Tsplt = 0.000 | Tsvd = 0.000 | Torth = 0.000

Sweep =   10 | Direction =  forward | Bond dimension =  800 | Noise =  1.00e-04 | Dav threshold =  1.00e-04
 --> Site =    0-   1 .. Mmps =    3 Ndav =   1 E =     -1.9100602471 Error = 0.00e+00 FLOPS = 6.59e+05 Tdav = 0.00 T = 0.01
 --> Site =    1-   2 .. Mmps =   10 Ndav =   1 E =     -1.9100602471 Error = 0.00e+00 FLOPS = 1.11e+04 Tdav = 0.11 T = 0.32
 --> Site =    2-   3 .. Mmps =   12 Ndav =   1 E =     -1.9100602471 Error = 8.71e-17 FLOPS = 4.80e+05 Tdav = 0.00 T = 0.01
Time elapsed =      0.905 | E =      -1.9100602471 | DE = 8.88e-16 | DW = 8.71272e-17
Time sweep =        0.332 | 3.25 KFLOP/SWP
 | Tcomm = 0.000 | Tidle = 0.000 | Twait = 0.000 | Dmem = 2.35 KB (13%) | Imem = 10.2 KB (93%) | Hmem = 5.59 KB | Wmem = 160 B | Pmem = 856 B
 | Tread = 0.044 | Twrite = 0.025 | Tfpread = 0.044 | Tfpwrite = 0.025 | Tmporead = 0.000
 | data = 2.16 KB | cpsd = 1.65 KB | Tasync = 0.000
 | Trot = 0.000 | Tctr = 0.000 | Tint = 0.007 | Tmid = 0.000 | Tdctr = 0.037 | Tdiag = 0.054 | Tinfo = 0.000
 | Teff = 0.142 | Tprt = 0.043 | Teig = 0.112 | Tblk = 0.298 | Tmve = 0.033 | Tdm = 0.000 | Tsplt = 0.000 | Tsvd = 0.000 | Torth = 0.000

Sweep =   11 | Direction = backward | Bond dimension =  800 | Noise =  1.00e-04 | Dav threshold =  1.00e-04
 <-- Site =    2-   3 .. Mmps =    3 Ndav =   1 E =     -1.9100602471 Error = 0.00e+00 FLOPS = 4.13e+05 Tdav = 0.00 T = 0.01
 <-- Site =    1-   2 .. Mmps =   10 Ndav =   1 E =     -1.9100602471 Error = 0.00e+00 FLOPS = 4.48e+05 Tdav = 0.00 T = 0.01
 <-- Site =    0-   1 .. Mmps =   12 Ndav =   1 E =     -1.9100602471 Error = 1.04e-16 FLOPS = 7.20e+05 Tdav = 0.00 T = 0.01
Time elapsed =      0.927 | E =      -1.9100602471 | DE = -8.88e-16 | DW = 1.04400e-16
Time sweep =        0.023 | 3.25 KFLOP/SWP
 | Tcomm = 0.000 | Tidle = 0.000 | Twait = 0.000 | Dmem = 2.35 KB (13%) | Imem = 10.2 KB (93%) | Hmem = 5.59 KB | Wmem = 160 B | Pmem = 856 B
 | Tread = 0.000 | Twrite = 0.000 | Tfpread = 0.000 | Tfpwrite = 0.000 | Tmporead = 0.000
 | data = 2.27 KB | cpsd = 1.73 KB | Tasync = 0.000
 | Trot = 0.000 | Tctr = 0.000 | Tint = 0.000 | Tmid = 0.000 | Tdctr = 0.000 | Tdiag = 0.005 | Tinfo = 0.000
 | Teff = 0.007 | Tprt = 0.007 | Teig = 0.007 | Tblk = 0.021 | Tmve = 0.002 | Tdm = 0.000 | Tsplt = 0.000 | Tsvd = 0.000 | Torth = 0.000

Sweep =   12 | Direction =  forward | Bond dimension = 1600 | Noise =  1.00e-04 | Dav threshold =  1.00e-04
 --> Site =    0-   1 .. Mmps =    3 Ndav =   1 E =     -1.9100602471 Error = 0.00e+00 FLOPS = 4.70e+05 Tdav = 0.00 T = 0.01
 --> Site =    1-   2 .. Mmps =   10 Ndav =   1 E =     -1.9100602471 Error = 0.00e+00 FLOPS = 5.16e+05 Tdav = 0.00 T = 0.01
 --> Site =    2-   3 .. Mmps =   12 Ndav =   1 E =     -1.9100602471 Error = 9.58e-17 FLOPS = 4.14e+05 Tdav = 0.00 T = 0.01
Time elapsed =      0.950 | E =      -1.9100602471 | DE = 8.88e-16 | DW = 9.57738e-17
Time sweep =        0.023 | 3.25 KFLOP/SWP
 | Tcomm = 0.000 | Tidle = 0.000 | Twait = 0.000 | Dmem = 2.35 KB (13%) | Imem = 10.2 KB (93%) | Hmem = 5.59 KB | Wmem = 160 B | Pmem = 856 B
 | Tread = 0.000 | Twrite = 0.000 | Tfpread = 0.000 | Tfpwrite = 0.000 | Tmporead = 0.000
 | data = 2.16 KB | cpsd = 1.65 KB | Tasync = 0.000
 | Trot = 0.000 | Tctr = 0.000 | Tint = 0.000 | Tmid = 0.000 | Tdctr = 0.000 | Tdiag = 0.004 | Tinfo = 0.000
 | Teff = 0.005 | Tprt = 0.008 | Teig = 0.007 | Tblk = 0.021 | Tmve = 0.002 | Tdm = 0.000 | Tsplt = 0.000 | Tsvd = 0.000 | Torth = 0.000

Sweep =   13 | Direction = backward | Bond dimension = 1600 | Noise =  1.00e-04 | Dav threshold =  1.00e-04
 <-- Site =    2-   3 .. Mmps =    3 Ndav =   1 E =     -1.9100602471 Error = 0.00e+00 FLOPS = 6.04e+05 Tdav = 0.00 T = 0.01
 <-- Site =    1-   2 .. Mmps =   10 Ndav =   1 E =     -1.9100602471 Error = 0.00e+00 FLOPS = 4.98e+05 Tdav = 0.00 T = 0.01
 <-- Site =    0-   1 .. Mmps =   12 Ndav =   1 E =     -1.9100602471 Error = 1.30e-16 FLOPS = 7.27e+05 Tdav = 0.00 T = 0.01
Time elapsed =      0.971 | E =      -1.9100602471 | DE = 0.00e+00 | DW = 1.29777e-16
Time sweep =        0.020 | 3.25 KFLOP/SWP
 | Tcomm = 0.000 | Tidle = 0.000 | Twait = 0.000 | Dmem = 2.35 KB (13%) | Imem = 10.2 KB (93%) | Hmem = 5.59 KB | Wmem = 160 B | Pmem = 856 B
 | Tread = 0.000 | Twrite = 0.000 | Tfpread = 0.000 | Tfpwrite = 0.000 | Tmporead = 0.000
 | data = 2.27 KB | cpsd = 1.73 KB | Tasync = 0.000
 | Trot = 0.000 | Tctr = 0.000 | Tint = 0.000 | Tmid = 0.000 | Tdctr = 0.000 | Tdiag = 0.005 | Tinfo = 0.000
 | Teff = 0.006 | Tprt = 0.006 | Teig = 0.006 | Tblk = 0.019 | Tmve = 0.002 | Tdm = 0.000 | Tsplt = 0.000 | Tsvd = 0.000 | Torth = 0.000

Sweep =   14 | Direction =  forward | Bond dimension = 1600 | Noise =  1.00e-04 | Dav threshold =  1.00e-04
 --> Site =    0-   1 .. Mmps =    3 Ndav =   1 E =     -1.9100602471 Error = 0.00e+00 FLOPS = 7.08e+05 Tdav = 0.00 T = 0.01
 --> Site =    1-   2 .. Mmps =   10 Ndav =   1 E =     -1.9100602471 Error = 0.00e+00 FLOPS = 5.58e+05 Tdav = 0.00 T = 0.01
 --> Site =    2-   3 .. Mmps =   12 Ndav =   1 E =     -1.9100602471 Error = 1.30e-16 FLOPS = 7.33e+05 Tdav = 0.00 T = 0.01
Time elapsed =      0.994 | E =      -1.9100602471 | DE = 0.00e+00 | DW = 1.29873e-16
Time sweep =        0.023 | 3.25 KFLOP/SWP
 | Tcomm = 0.000 | Tidle = 0.000 | Twait = 0.000 | Dmem = 2.35 KB (13%) | Imem = 10.2 KB (93%) | Hmem = 5.59 KB | Wmem = 160 B | Pmem = 856 B
 | Tread = 0.000 | Twrite = 0.000 | Tfpread = 0.000 | Tfpwrite = 0.000 | Tmporead = 0.000
 | data = 2.16 KB | cpsd = 1.65 KB | Tasync = 0.000
 | Trot = 0.000 | Tctr = 0.000 | Tint = 0.000 | Tmid = 0.000 | Tdctr = 0.000 | Tdiag = 0.007 | Tinfo = 0.000
 | Teff = 0.009 | Tprt = 0.006 | Teig = 0.005 | Tblk = 0.021 | Tmve = 0.002 | Tdm = 0.000 | Tsplt = 0.000 | Tsvd = 0.000 | Torth = 0.000

Sweep =   15 | Direction = backward | Bond dimension = 1600 | Noise =  1.00e-04 | Dav threshold =  1.00e-04
 <-- Site =    2-   3 .. Mmps =    3 Ndav =   1 E =     -1.9100602471 Error = 0.00e+00 FLOPS = 6.34e+05 Tdav = 0.00 T = 0.01
 <-- Site =    1-   2 .. Mmps =   10 Ndav =   1 E =     -1.9100602471 Error = 0.00e+00 FLOPS = 5.43e+05 Tdav = 0.00 T = 0.01
 <-- Site =    0-   1 .. Mmps =   12 Ndav =   1 E =     -1.9100602471 Error = 5.04e-21 FLOPS = 7.43e+05 Tdav = 0.00 T = 0.01
Time elapsed =      1.013 | E =      -1.9100602471 | DE = -8.88e-16 | DW = 5.03920e-21
Time sweep =        0.020 | 3.25 KFLOP/SWP
 | Tcomm = 0.000 | Tidle = 0.000 | Twait = 0.000 | Dmem = 2.35 KB (13%) | Imem = 10.2 KB (93%) | Hmem = 5.59 KB | Wmem = 160 B | Pmem = 856 B
 | Tread = 0.000 | Twrite = 0.000 | Tfpread = 0.000 | Tfpwrite = 0.000 | Tmporead = 0.000
 | data = 2.27 KB | cpsd = 1.73 KB | Tasync = 0.000
 | Trot = 0.000 | Tctr = 0.000 | Tint = 0.000 | Tmid = 0.000 | Tdctr = 0.000 | Tdiag = 0.006 | Tinfo = 0.000
 | Teff = 0.007 | Tprt = 0.005 | Teig = 0.005 | Tblk = 0.018 | Tmve = 0.002 | Tdm = 0.000 | Tsplt = 0.000 | Tsvd = 0.000 | Torth = 0.000

Sweep =   16 | Direction =  forward | Bond dimension = 2000 | Noise =  1.00e-04 | Dav threshold =  1.00e-04
 --> Site =    0-   1 .. Mmps =    3 Ndav =   1 E =     -1.9100602471 Error = 0.00e+00 FLOPS = 7.16e+05 Tdav = 0.00 T = 0.01
 --> Site =    1-   2 .. Mmps =   10 Ndav =   1 E =     -1.9100602471 Error = 0.00e+00 FLOPS = 4.96e+05 Tdav = 0.00 T = 0.01
 --> Site =    2-   3 .. Mmps =   12 Ndav =   1 E =     -1.9100602471 Error = 7.47e-17 FLOPS = 6.39e+05 Tdav = 0.00 T = 0.01
Time elapsed =      1.034 | E =      -1.9100602471 | DE = -4.44e-16 | DW = 7.46638e-17
Time sweep =        0.021 | 3.25 KFLOP/SWP
 | Tcomm = 0.000 | Tidle = 0.000 | Twait = 0.000 | Dmem = 2.35 KB (13%) | Imem = 10.2 KB (93%) | Hmem = 5.59 KB | Wmem = 160 B | Pmem = 856 B
 | Tread = 0.000 | Twrite = 0.000 | Tfpread = 0.000 | Tfpwrite = 0.000 | Tmporead = 0.000
 | data = 2.16 KB | cpsd = 1.65 KB | Tasync = 0.000
 | Trot = 0.000 | Tctr = 0.000 | Tint = 0.000 | Tmid = 0.000 | Tdctr = 0.000 | Tdiag = 0.005 | Tinfo = 0.000
 | Teff = 0.006 | Tprt = 0.006 | Teig = 0.006 | Tblk = 0.019 | Tmve = 0.002 | Tdm = 0.000 | Tsplt = 0.000 | Tsvd = 0.000 | Torth = 0.000

Sweep =   17 | Direction = backward | Bond dimension = 2000 | Noise =  1.00e-04 | Dav threshold =  1.00e-04
 <-- Site =    2-   3 .. Mmps =    3 Ndav =   1 E =     -1.9100602471 Error = 0.00e+00 FLOPS = 6.59e+05 Tdav = 0.00 T = 0.01
 <-- Site =    1-   2 .. Mmps =   10 Ndav =   1 E =     -1.9100602471 Error = 0.00e+00 FLOPS = 4.48e+05 Tdav = 0.00 T = 0.01
 <-- Site =    0-   1 .. Mmps =   12 Ndav =   1 E =     -1.9100602471 Error = 1.44e-17 FLOPS = 6.60e+05 Tdav = 0.00 T = 0.01
Time elapsed =      1.056 | E =      -1.9100602471 | DE = 1.33e-15 | DW = 1.44229e-17
Time sweep =        0.022 | 3.25 KFLOP/SWP
 | Tcomm = 0.000 | Tidle = 0.000 | Twait = 0.000 | Dmem = 2.35 KB (13%) | Imem = 10.2 KB (93%) | Hmem = 5.59 KB | Wmem = 160 B | Pmem = 856 B
 | Tread = 0.000 | Twrite = 0.000 | Tfpread = 0.000 | Tfpwrite = 0.000 | Tmporead = 0.000
 | data = 2.27 KB | cpsd = 1.73 KB | Tasync = 0.000
 | Trot = 0.000 | Tctr = 0.000 | Tint = 0.000 | Tmid = 0.000 | Tdctr = 0.000 | Tdiag = 0.006 | Tinfo = 0.000
 | Teff = 0.007 | Tprt = 0.006 | Teig = 0.006 | Tblk = 0.020 | Tmve = 0.001 | Tdm = 0.000 | Tsplt = 0.000 | Tsvd = 0.000 | Torth = 0.000

Sweep =   18 | Direction =  forward | Bond dimension = 2000 | Noise =  1.00e-05 | Dav threshold =  1.00e-05
 --> Site =    0-   1 .. Mmps =    3 Ndav =   1 E =     -1.9100602471 Error = 0.00e+00 FLOPS = 5.98e+05 Tdav = 0.00 T = 0.01
 --> Site =    1-   2 .. Mmps =   10 Ndav =   1 E =     -1.9100602471 Error = 0.00e+00 FLOPS = 4.78e+05 Tdav = 0.00 T = 0.01
 --> Site =    2-   3 .. Mmps =   12 Ndav =   1 E =     -1.9100602471 Error = 8.60e-17 FLOPS = 5.87e+05 Tdav = 0.00 T = 0.01
Time elapsed =      1.076 | E =      -1.9100602471 | DE = 8.88e-16 | DW = 8.60269e-17
Time sweep =        0.020 | 3.25 KFLOP/SWP
 | Tcomm = 0.000 | Tidle = 0.000 | Twait = 0.000 | Dmem = 2.35 KB (13%) | Imem = 10.2 KB (93%) | Hmem = 5.59 KB | Wmem = 160 B | Pmem = 856 B
 | Tread = 0.000 | Twrite = 0.000 | Tfpread = 0.000 | Tfpwrite = 0.000 | Tmporead = 0.000
 | data = 2.16 KB | cpsd = 1.64 KB | Tasync = 0.000
 | Trot = 0.000 | Tctr = 0.000 | Tint = 0.000 | Tmid = 0.000 | Tdctr = 0.000 | Tdiag = 0.005 | Tinfo = 0.000
 | Teff = 0.006 | Tprt = 0.005 | Teig = 0.006 | Tblk = 0.018 | Tmve = 0.002 | Tdm = 0.000 | Tsplt = 0.000 | Tsvd = 0.000 | Torth = 0.000

Sweep =   19 | Direction = backward | Bond dimension = 2000 | Noise =  1.00e-05 | Dav threshold =  1.00e-05
 <-- Site =    2-   3 .. Mmps =    3 Ndav =   1 E =     -1.9100602471 Error = 0.00e+00 FLOPS = 7.06e+05 Tdav = 0.00 T = 0.01
 <-- Site =    1-   2 .. Mmps =   10 Ndav =   1 E =     -1.9100602471 Error = 0.00e+00 FLOPS = 4.68e+05 Tdav = 0.00 T = 0.01
 <-- Site =    0-   1 .. Mmps =   12 Ndav =   1 E =     -1.9100602471 Error = 5.57e-17 FLOPS = 5.19e+05 Tdav = 0.00 T = 0.01
Time elapsed =      1.097 | E =      -1.9100602471 | DE = -8.88e-16 | DW = 5.56644e-17
Time sweep =        0.022 | 3.25 KFLOP/SWP
 | Tcomm = 0.000 | Tidle = 0.000 | Twait = 0.000 | Dmem = 2.35 KB (13%) | Imem = 10.2 KB (93%) | Hmem = 5.59 KB | Wmem = 160 B | Pmem = 856 B
 | Tread = 0.000 | Twrite = 0.000 | Tfpread = 0.000 | Tfpwrite = 0.000 | Tmporead = 0.000
 | data = 2.27 KB | cpsd = 1.73 KB | Tasync = 0.000
 | Trot = 0.000 | Tctr = 0.000 | Tint = 0.000 | Tmid = 0.000 | Tdctr = 0.000 | Tdiag = 0.006 | Tinfo = 0.000
 | Teff = 0.007 | Tprt = 0.006 | Teig = 0.006 | Tblk = 0.020 | Tmve = 0.002 | Tdm = 0.000 | Tsplt = 0.000 | Tsvd = 0.000 | Torth = 0.000

Sweep =   20 | Direction =  forward | Bond dimension = 2000 | Noise =  1.00e-06 | Dav threshold =  1.00e-06
 --> Site =    0-   1 .. Mmps =    3 Ndav =   3 E =     -1.9100712344 Error = 0.00e+00 FLOPS = 7.25e+05 Tdav = 0.00 T = 0.01
 --> Site =    1-   2 .. Mmps =   10 Ndav =   1 E =     -1.9100712344 Error = 0.00e+00 FLOPS = 6.87e+05 Tdav = 0.00 T = 0.01
 --> Site =    2-   3 .. Mmps =   12 Ndav =   1 E =     -1.9100712344 Error = 5.43e-17 FLOPS = 7.55e+05 Tdav = 0.00 T = 0.01
Time elapsed =      1.121 | E =      -1.9100712344 | DE = -1.10e-05 | DW = 5.43415e-17
Time sweep =        0.024 | 5.33 KFLOP/SWP
 | Tcomm = 0.000 | Tidle = 0.000 | Twait = 0.000 | Dmem = 2.35 KB (13%) | Imem = 10.2 KB (93%) | Hmem = 5.59 KB | Wmem = 160 B | Pmem = 856 B
 | Tread = 0.000 | Twrite = 0.000 | Tfpread = 0.000 | Tfpwrite = 0.000 | Tmporead = 0.000
 | data = 2.16 KB | cpsd = 1.65 KB | Tasync = 0.000
 | Trot = 0.000 | Tctr = 0.000 | Tint = 0.000 | Tmid = 0.000 | Tdctr = 0.000 | Tdiag = 0.006 | Tinfo = 0.000
 | Teff = 0.007 | Tprt = 0.006 | Teig = 0.008 | Tblk = 0.022 | Tmve = 0.002 | Tdm = 0.000 | Tsplt = 0.000 | Tsvd = 0.000 | Torth = 0.000

Sweep =   21 | Direction = backward | Bond dimension = 2000 | Noise =  1.00e-06 | Dav threshold =  1.00e-06
 <-- Site =    2-   3 .. Mmps =    3 Ndav =   1 E =     -1.9100712344 Error = 0.00e+00 FLOPS = 5.94e+05 Tdav = 0.00 T = 0.01
 <-- Site =    1-   2 .. Mmps =   10 Ndav =   1 E =     -1.9100712344 Error = 0.00e+00 FLOPS = 4.89e+05 Tdav = 0.00 T = 0.01
 <-- Site =    0-   1 .. Mmps =   12 Ndav =   1 E =     -1.9100712344 Error = 7.74e-17 FLOPS = 3.51e+05 Tdav = 0.00 T = 0.01
Time elapsed =      1.142 | E =      -1.9100712344 | DE = 4.44e-16 | DW = 7.74467e-17
Time sweep =        0.021 | 3.25 KFLOP/SWP
 | Tcomm = 0.000 | Tidle = 0.000 | Twait = 0.000 | Dmem = 2.35 KB (13%) | Imem = 10.2 KB (93%) | Hmem = 5.59 KB | Wmem = 160 B | Pmem = 856 B
 | Tread = 0.000 | Twrite = 0.000 | Tfpread = 0.000 | Tfpwrite = 0.000 | Tmporead = 0.000
 | data = 2.27 KB | cpsd = 1.71 KB | Tasync = 0.000
 | Trot = 0.000 | Tctr = 0.000 | Tint = 0.000 | Tmid = 0.000 | Tdctr = 0.000 | Tdiag = 0.004 | Tinfo = 0.000
 | Teff = 0.005 | Tprt = 0.005 | Teig = 0.007 | Tblk = 0.019 | Tmve = 0.001 | Tdm = 0.000 | Tsplt = 0.000 | Tsvd = 0.000 | Torth = 0.000

Sweep =   22 | Direction =  forward | Bond dimension = 2000 | Noise =  1.00e-07 | Dav threshold =  1.00e-07
 --> Site =    0-   1 .. Mmps =    3 Ndav =   4 E =     -1.9100723612 Error = 0.00e+00 FLOPS = 6.83e+05 Tdav = 0.01 T = 0.01
 --> Site =    1-   2 .. Mmps =   10 Ndav =   1 E =     -1.9100723612 Error = 0.00e+00 FLOPS = 5.81e+05 Tdav = 0.00 T = 0.01
 --> Site =    2-   3 .. Mmps =   11 Ndav =   1 E =     -1.9100723612 Error = 2.89e-17 FLOPS = 5.17e+05 Tdav = 0.00 T = 0.01
Time elapsed =      1.168 | E =      -1.9100723612 | DE = -1.13e-06 | DW = 2.88866e-17
Time sweep =        0.026 | 6.37 KFLOP/SWP
 | Tcomm = 0.000 | Tidle = 0.000 | Twait = 0.000 | Dmem = 2.35 KB (13%) | Imem = 10.2 KB (93%) | Hmem = 5.59 KB | Wmem = 160 B | Pmem = 856 B
 | Tread = 0.000 | Twrite = 0.000 | Tfpread = 0.000 | Tfpwrite = 0.000 | Tmporead = 0.000
 | data = 2.16 KB | cpsd = 1.62 KB | Tasync = 0.000
 | Trot = 0.000 | Tctr = 0.000 | Tint = 0.000 | Tmid = 0.000 | Tdctr = 0.000 | Tdiag = 0.005 | Tinfo = 0.000
 | Teff = 0.007 | Tprt = 0.007 | Teig = 0.010 | Tblk = 0.025 | Tmve = 0.002 | Tdm = 0.000 | Tsplt = 0.000 | Tsvd = 0.000 | Torth = 0.000

Sweep =   23 | Direction = backward | Bond dimension = 2000 | Noise =  1.00e-07 | Dav threshold =  1.00e-07
 <-- Site =    2-   3 .. Mmps =    3 Ndav =   1 E =     -1.9100723612 Error = 0.00e+00 FLOPS = 3.00e+05 Tdav = 0.00 T = 0.01
 <-- Site =    1-   2 .. Mmps =   10 Ndav =   1 E =     -1.9100723612 Error = 0.00e+00 FLOPS = 4.35e+05 Tdav = 0.00 T = 0.01
 <-- Site =    0-   1 .. Mmps =   11 Ndav =   1 E =     -1.9100723612 Error = 1.12e-16 FLOPS = 7.83e+05 Tdav = 0.00 T = 0.01
Time elapsed =      1.190 | E =      -1.9100723612 | DE = 1.33e-15 | DW = 1.11963e-16
Time sweep =        0.022 | 3.25 KFLOP/SWP
 | Tcomm = 0.000 | Tidle = 0.000 | Twait = 0.000 | Dmem = 2.35 KB (13%) | Imem = 10.2 KB (93%) | Hmem = 5.59 KB | Wmem = 160 B | Pmem = 856 B
 | Tread = 0.000 | Twrite = 0.000 | Tfpread = 0.000 | Tfpwrite = 0.000 | Tmporead = 0.000
 | data = 2.27 KB | cpsd = 1.67 KB | Tasync = 0.000
 | Trot = 0.000 | Tctr = 0.000 | Tint = 0.000 | Tmid = 0.000 | Tdctr = 0.000 | Tdiag = 0.005 | Tinfo = 0.000
 | Teff = 0.006 | Tprt = 0.006 | Teig = 0.008 | Tblk = 0.021 | Tmve = 0.001 | Tdm = 0.000 | Tsplt = 0.000 | Tsvd = 0.000 | Torth = 0.000

Sweep =   24 | Direction =  forward | Bond dimension = 2000 | Noise =  0.00e+00 | Dav threshold =  1.00e-08
 --> Site =    0-   1 .. Mmps =    3 Ndav =   1 E =     -1.9100723612 Error = 0.00e+00 FLOPS = 4.58e+05 Tdav = 0.00 T = 0.00
 --> Site =    1-   2 .. Mmps =   10 Ndav =   1 E =     -1.9100723612 Error = 0.00e+00 FLOPS = 4.33e+05 Tdav = 0.00 T = 0.01
 --> Site =    2-   3 .. Mmps =    3 Ndav =   1 E =     -1.9100723612 Error = 1.13e-16 FLOPS = 5.23e+05 Tdav = 0.00 T = 0.01
Time elapsed =      1.207 | E =      -1.9100723612 | DE = 8.88e-16 | DW = 1.12918e-16
Time sweep =        0.017 | 3.25 KFLOP/SWP
 | Tcomm = 0.000 | Tidle = 0.000 | Twait = 0.000 | Dmem = 2.35 KB (13%) | Imem = 10.2 KB (93%) | Hmem = 5.59 KB | Wmem = 160 B | Pmem = 0 B
 | Tread = 0.000 | Twrite = 0.000 | Tfpread = 0.000 | Tfpwrite = 0.000 | Tmporead = 0.000
 | data = 2.16 KB | cpsd = 1.62 KB | Tasync = 0.000
 | Trot = 0.000 | Tctr = 0.000 | Tint = 0.000 | Tmid = 0.000 | Tdctr = 0.000 | Tdiag = 0.006 | Tinfo = 0.000
 | Teff = 0.007 | Tprt = 0.000 | Teig = 0.007 | Tblk = 0.016 | Tmve = 0.002 | Tdm = 0.000 | Tsplt = 0.000 | Tsvd = 0.000 | Torth = 0.000

Sweep =   25 | Direction = backward | Bond dimension = 2000 | Noise =  0.00e+00 | Dav threshold =  1.00e-08
 <-- Site =    2-   3 .. Mmps =    3 Ndav =   1 E =     -1.9100723612 Error = 0.00e+00 FLOPS = 7.99e+05 Tdav = 0.00 T = 0.00
 <-- Site =    1-   2 .. Mmps =   10 Ndav =   1 E =     -1.9100723612 Error = 0.00e+00 FLOPS = 3.81e+05 Tdav = 0.00 T = 0.01
 <-- Site =    0-   1 .. Mmps =    3 Ndav =   1 E =     -1.9100723612 Error = 1.96e-16 FLOPS = 7.78e+05 Tdav = 0.00 T = 0.00
Time elapsed =      1.223 | E =      -1.9100723612 | DE = -8.88e-16 | DW = 1.95587e-16
Time sweep =        0.015 | 3.25 KFLOP/SWP
 | Tcomm = 0.000 | Tidle = 0.000 | Twait = 0.000 | Dmem = 2.35 KB (13%) | Imem = 10.2 KB (93%) | Hmem = 5.59 KB | Wmem = 160 B | Pmem = 0 B
 | Tread = 0.000 | Twrite = 0.000 | Tfpread = 0.000 | Tfpwrite = 0.000 | Tmporead = 0.000
 | data = 2.27 KB | cpsd = 1.69 KB | Tasync = 0.000
 | Trot = 0.000 | Tctr = 0.000 | Tint = 0.000 | Tmid = 0.000 | Tdctr = 0.000 | Tdiag = 0.005 | Tinfo = 0.000
 | Teff = 0.007 | Tprt = 0.000 | Teig = 0.006 | Tblk = 0.013 | Tmve = 0.002 | Tdm = 0.000 | Tsplt = 0.000 | Tsvd = 0.000 | Torth = 0.000

Sweep =   26 | Direction =  forward | Bond dimension = 2000 | Noise =  0.00e+00 | Dav threshold =  1.00e-08
 --> Site =    0-   1 .. Mmps =    3 Ndav =   1 E =     -1.9100723612 Error = 0.00e+00 FLOPS = 6.60e+05 Tdav = 0.00 T = 0.00
 --> Site =    1-   2 .. Mmps =   10 Ndav =   1 E =     -1.9100723612 Error = 0.00e+00 FLOPS = 4.71e+05 Tdav = 0.00 T = 0.01
 --> Site =    2-   3 .. Mmps =    3 Ndav =   1 E =     -1.9100723612 Error = 1.33e-16 FLOPS = 7.26e+05 Tdav = 0.00 T = 0.00
Time elapsed =      1.236 | E =      -1.9100723612 | DE = 1.33e-15 | DW = 1.32970e-16
Time sweep =        0.013 | 3.25 KFLOP/SWP
 | Tcomm = 0.000 | Tidle = 0.000 | Twait = 0.000 | Dmem = 2.35 KB (13%) | Imem = 10.2 KB (93%) | Hmem = 5.59 KB | Wmem = 160 B | Pmem = 0 B
 | Tread = 0.000 | Twrite = 0.000 | Tfpread = 0.000 | Tfpwrite = 0.000 | Tmporead = 0.000
 | data = 2.16 KB | cpsd = 1.62 KB | Tasync = 0.000
 | Trot = 0.000 | Tctr = 0.000 | Tint = 0.000 | Tmid = 0.000 | Tdctr = 0.000 | Tdiag = 0.004 | Tinfo = 0.000
 | Teff = 0.005 | Tprt = 0.000 | Teig = 0.006 | Tblk = 0.012 | Tmve = 0.002 | Tdm = 0.000 | Tsplt = 0.000 | Tsvd = 0.000 | Torth = 0.000

Sweep =   27 | Direction = backward | Bond dimension = 2000 | Noise =  0.00e+00 | Dav threshold =  1.00e-08
 <-- Site =    2-   3 .. Mmps =    3 Ndav =   1 E =     -1.9100723612 Error = 0.00e+00 FLOPS = 5.71e+05 Tdav = 0.00 T = 0.00
 <-- Site =    1-   2 .. Mmps =   10 Ndav =   1 E =     -1.9100723612 Error = 0.00e+00 FLOPS = 4.83e+05 Tdav = 0.00 T = 0.01
 <-- Site =    0-   1 .. Mmps =    3 Ndav =   1 E =     -1.9100723612 Error = 1.34e-16 FLOPS = 6.46e+05 Tdav = 0.00 T = 0.00
Time elapsed =      1.250 | E =      -1.9100723612 | DE = -1.33e-15 | DW = 1.34082e-16
Time sweep =        0.014 | 3.25 KFLOP/SWP
 | Tcomm = 0.000 | Tidle = 0.000 | Twait = 0.000 | Dmem = 2.35 KB (13%) | Imem = 10.2 KB (93%) | Hmem = 5.59 KB | Wmem = 160 B | Pmem = 0 B
 | Tread = 0.000 | Twrite = 0.000 | Tfpread = 0.000 | Tfpwrite = 0.000 | Tmporead = 0.000
 | data = 2.27 KB | cpsd = 1.69 KB | Tasync = 0.000
 | Trot = 0.000 | Tctr = 0.000 | Tint = 0.000 | Tmid = 0.000 | Tdctr = 0.000 | Tdiag = 0.004 | Tinfo = 0.000
 | Teff = 0.006 | Tprt = 0.000 | Teig = 0.006 | Tblk = 0.013 | Tmve = 0.002 | Tdm = 0.000 | Tsplt = 0.000 | Tsvd = 0.000 | Torth = 0.000


Sweep =    0 | Direction =  forward | Bond dimension = 2000 | Noise =  0.00e+00 | Dav threshold =  1.00e-08
 --> Site =    0 .. Mmps =    3 Ndav =   1 E =     -1.9100723612 Error = 0.00e+00 FLOPS = 2.86e+03 Tdav = 0.01 T = 0.09
 --> Site =    1 .. Mmps =   10 Ndav =   1 E =     -1.9100723612 Error = 0.00e+00 FLOPS = 4.25e+05 Tdav = 0.00 T = 0.01
 --> Site =    2 .. Mmps =    3 Ndav =   1 E =     -1.9100723612 Error = 7.97e-17 FLOPS = 6.58e+05 Tdav = 0.00 T = 0.01
 --> Site =    3 .. Mmps =    1 Ndav =   1 E =     -1.9100723612 Error = 3.75e-17 FLOPS = 1.99e+04 Tdav = 0.00 T = 0.01
Time elapsed =      1.447 | E =      -1.9100723612 | DW = 7.96832e-17
Time sweep =        0.197 | 2.89 KFLOP/SWP
 | Tcomm = 0.000 | Tidle = 0.000 | Twait = 0.000 | Dmem = 2.20 KB (7%) | Imem = 6.39 KB (89%) | Hmem = 4.71 KB | Wmem = 160 B | Pmem = 0 B
 | Tread = 0.020 | Twrite = 0.026 | Tfpread = 0.019 | Tfpwrite = 0.026 | Tmporead = 0.000
 | data = 2.39 KB | cpsd = 1.84 KB | Tasync = 0.000
 | Trot = 0.014 | Tctr = 0.013 | Tint = 0.013 | Tmid = 0.000 | Tdctr = 0.000 | Tdiag = 0.054 | Tinfo = 0.001
 | Teff = 0.086 | Tprt = 0.000 | Teig = 0.021 | Tblk = 0.110 | Tmve = 0.004 | Tdm = 0.000 | Tsplt = 0.000 | Tsvd = 0.000 | Torth = 0.000

Sweep =    1 | Direction = backward | Bond dimension = 2000 | Noise =  0.00e+00 | Dav threshold =  1.00e-08
 <-- Site =    3 .. Mmps =    3 Ndav =   1 E =     -1.9100723612 Error = 0.00e+00 FLOPS = 1.97e+04 Tdav = 0.00 T = 0.00
 <-- Site =    2 .. Mmps =   10 Ndav =   1 E =     -1.9100723612 Error = 0.00e+00 FLOPS = 6.85e+05 Tdav = 0.00 T = 0.01
 <-- Site =    1 .. Mmps =    3 Ndav =   1 E =     -1.9100723612 Error = 2.14e-17 FLOPS = 3.75e+05 Tdav = 0.00 T = 0.01
 <-- Site =    0 .. Mmps =    1 Ndav =   1 E =     -1.9100723612 Error = 0.00e+00 FLOPS = 1.68e+04 Tdav = 0.00 T = 0.01
Time elapsed =      1.471 | E =      -1.9100723612 | DE = 0.00e+00 | DW = 2.13714e-17
Time sweep =        0.024 | 2.89 KFLOP/SWP
 | Tcomm = 0.000 | Tidle = 0.000 | Twait = 0.000 | Dmem = 2.20 KB (7%) | Imem = 6.39 KB (89%) | Hmem = 4.71 KB | Wmem = 160 B | Pmem = 0 B
 | Tread = 0.000 | Twrite = 0.000 | Tfpread = 0.000 | Tfpwrite = 0.000 | Tmporead = 0.000
 | data = 2.27 KB | cpsd = 1.72 KB | Tasync = 0.000
 | Trot = 0.001 | Tctr = 0.001 | Tint = 0.001 | Tmid = 0.000 | Tdctr = 0.000 | Tdiag = 0.007 | Tinfo = 0.000
 | Teff = 0.009 | Tprt = 0.000 | Teig = 0.010 | Tblk = 0.021 | Tmve = 0.003 | Tdm = 0.000 | Tsplt = 0.000 | Tsvd = 0.000 | Torth = 0.000

Final canonical form =  SRRR 0
DMRG Energy =   -1.910072361158462
npdm string = ['((C+(C+D)0)1+D)0']

Build NPDM MPO | Nsites =     4 | Nmaxops =  4 | SymbolFree = T | Cutoff = 0.00e+00
  -- Parallel | Size =   1 | Rank =   0 | ExeModel = Distributed | Center =     2
 Site =     0 /     4 .. L =       15 (     15)  R =        1 (      1)* M =            0 Tmid = 0.000 T = 0.000
 Site =     1 /     4 .. L =       37 (     37)  R =       49 (     49)* M =          113 (         113 = 100%) Tmid = 0.000 T = 0.000
 Site =     2 /     4 .. L =       59 (     59)* R =       25 (     25)* M =          183 (         183 = 100%) Tmid = 0.000 T = 0.000
 Site =     3 /     4 .. L =        1 (      1)* R =       15 (     15)  M =          136 (         136 = 100%) Tmid = 0.000 T = 0.000
Ttotal =      0.001

Environment initialization | Nsites =     4 | Center =     0
 INIT-R <-- Site =    2 ..  Bmem =   176 B Rmem =   176 B T = 0.04
 INIT-R <-- Site =    1 ..  Bmem =   176 B Rmem = 2.44 KB T = 0.02
 INIT-R <-- Site =    0 ..  Bmem = 2.44 KB Rmem =   504 B T = 0.00
Time init sweep =        0.063 | MaxBmem = 2.44 KB | MaxRmem =   504 B
 | Tread = 0.000 | Twrite = 0.020 | Tfpread = 0.000 | Tfpwrite = 0.020 | data = 3.10 KB | cpsd = 2.45 KB | Tasync = 0.000


Expectation | Direction =  forward | BRA bond dimension =  200 | KET bond dimension =  200
 --> Site =    0 .. Nterms =           56 Error =  0.000000000000/ 0.000000000000 FLOPS = 2.70e+03 Tmult = 0.04 T = 0.04
 --> Site =    1 .. Nterms =           78 Error =  0.000000000000/ 0.000000000000 FLOPS = 3.93e+05 Tmult = 0.01 T = 0.01
 --> Site =    2 .. Nterms =           66 Error =  0.000000000000/ 0.000000000000 FLOPS = 1.17e+05 Tmult = 0.01 T = 0.01
 --> Site =    3 .. Nterms =            0 Error =  0.000000000000/ 0.000000000000 FLOPS = 0.00e+00 Tmult = 0.00 T = 0.00
Time elapsed =      0.055
Time sweep =        0.055 | 3.58 KFLOP/SWP
 | Tcomm = 0.000 | Tidle = 0.000 | Twait = 0.000
 | Dmem = 5.52 KB (26%) | Imem = 2.09 KB (67%) | Hmem = 6.48 KB | Wmem = 160 B | MaxBmem = 4.04 KB | MaxRmem = 3.80 KB
 | Tread = 0.000 | Twrite = 0.000 | Tfpread = 0.000 | Tfpwrite = 0.000 | data = 8.02 KB | cpsd = 5.58 KB | Tasync = 0.000
 | Trot = 0.001 | Tctr = 0.000 | Tint = 0.000 | Tmid = 0.000 | Tdctr = 0.000 | Tdiag = 0.000 | Tinfo = 0.000
 | Teff = 0.001 | Texpt = 0.051 | Tblk = 0.055 | Tmve = 0.000

NPDM Sorting | Nsites =     4 | Nmaxops =  4 | DotSite = 0 | SymbolFree = T | Compressed = T | LowMem = F | Mem = 2.00 KB
 Site =     0 ..  T = 0.007
 Site =     1 ..  T = 0.002
 Site =     2 ..  T = 0.000
Ttotal =      0.009

MPI FINALIZE: rank 0 of 1
