WARN: Even tempered Gaussians are generated as DF auxbasis for  H
output file: Hchain.4.out
DW [7.90582e-17 2.34184e-21 1.18357e-17 3.38534e-17 4.32130e-17 3.34950e-17
 8.72016e-17 5.83068e-17 7.93484e-17 1.08955e-17 8.71272e-17 1.04400e-16
 9.57738e-17 1.29777e-16 1.29873e-16 5.03920e-21 7.46638e-17 1.44229e-17
 8.60269e-17 5.56644e-17 5.43415e-17 7.74467e-17 2.88866e-17 1.11963e-16
 1.12918e-16 1.95587e-16 1.32970e-16 1.34082e-16 7.96832e-17 2.13714e-17]
Check failed: Expected 3 to equal 4
DW [1.04756e-17 6.50278e-19 1.05532e-17 1.11130e-16 5.45702e-18 2.01743e-19
 4.47536e-18 6.84485e-21 1.31718e-18 1.44613e-18 4.20212e-21 1.11259e-16
 1.56509e-17 2.02467e-17 1.21425e-17 1.40097e-18 2.44086e-19 2.31192e-17
 6.10860e-17 2.84453e-18 1.40332e-16 1.38521e-19 8.61610e-19 5.22260e-15
 1.68984e-16 1.19805e-17 3.96880e-17 6.05638e-18 2.30636e-16 3.33931e-16]
Check failed: Expected 5 to equal 4
DW [1.78459e-18 2.91201e-16 5.38904e-18 1.36994e-16 4.29194e-18 1.36870e-16
 1.67360e-17 3.10676e-17 1.36439e-17 8.13186e-17 8.76002e-18 1.35006e-16
 4.26499e-18 1.34166e-16 1.26679e-17 8.16263e-17 9.45082e-18 2.93185e-17
 1.65576e-23 1.79358e-16 1.48626e-17 1.40568e-20 7.61575e-17 2.55505e-19
 5.87708e-18 1.40565e-17 6.87550e-18 9.81312e-20 2.35928e-16 2.31767e-17]
 *** Results ***
For 4 Hydrogen supercell
{4: [-1.9100723611584618, 2.13714e-17], 3: [-1.5689410269020754, 3.33931e-16], 5: [-1.6752929504924028, 2.31767e-17]}
Ionization Energy:  9.282657777670892
ElectAtt   Energy:  -6.388674107604292
Band Gap:  15.671331885275183
