[midway3-0542.rcc.local:3464954] mca_base_component_repository_open: unable to open mca_op_avx: /software/openmpi-4.1.0-el8-x86_64/lib/openmpi/mca_op_avx.so: undefined symbol: ompi_op_base_module_t_class (ignored)
MPI INIT: rank 0 of 1

********************************** INPUT START **********************************
nelec                                                            8
spin                                                             0
twodot_to_onedot                                                28
orbitals                                                   FCIDUMP
maxiter                                                         36
sweep_tol                                               1.0000e-07
outputlevel                                                      2
hf_occ                                                    integral
twopdm                                                            
prefix                                          /tmp/jobs/29444628
num_thrds                                                      128
mem                                                          500 g
schedule                  Sweep   0-   3 : Mmps =   200 Noise =    0.0001 DavTol =    0.0001
                          Sweep   4-   7 : Mmps =   400 Noise =    0.0001 DavTol =    0.0001
                          Sweep   8-  11 : Mmps =   800 Noise =    0.0001 DavTol =    0.0001
                          Sweep  12-  15 : Mmps =  1600 Noise =    0.0001 DavTol =    0.0001
                          Sweep  16-  17 : Mmps =  2000 Noise =    0.0001 DavTol =    0.0001
                          Sweep  18-  19 : Mmps =  2000 Noise =     1e-05 DavTol =     1e-05
                          Sweep  20-  21 : Mmps =  2000 Noise =     1e-06 DavTol =     1e-06
                          Sweep  22-  23 : Mmps =  2000 Noise =     1e-07 DavTol =     1e-07
                          Sweep  24-  35 : Mmps =  2000 Noise =         0 DavTol =     1e-08
irrep                                                            1
********************************** INPUT END   **********************************

SPIN ADAPTED - REAL DOMAIN - DOUBLE PREC
qc mpo type =  QCTypes.Conventional
 UseMainStack = 0 MinDiskUsage = 1 MinMemUsage = 0 IBuf = 0 OBuf = 0
 FPCompression: prec = 1.00e-16 chunk = 1024
 IMain = 0 B / 32.6 GB DMain = 0 B / 168 GB ISeco = 0 B / 14.0 GB DSeco = 0 B / 251 GB
 OpenMP = 1 TBB = 0 BLIS = 0 MKL = GNU 2020.0.1 SeqType = Tasked MKLIntLen = 8
 THREADING = 2 layers : Global | Operator BatchedGEMM 
 NUMBER : Global = 128 Operator = 128 Quanta = 0 MKL = 1
 COMPLEX = 1 SINGLE-PREC = 0 KSYMM = 0
using fiedler reorder =  [2 3 6 5 7 4 1 0]
read integral finished 0.18091297149658203
integral sym error =            0
MinMPOMemUsage =  False
MPS =  CCRRRRRR 0 2 < N=8 S=0 PG=0 >
GS INIT MPS BOND DIMS =       1     3    10    35   126    35    10     3     1
build mpo start ...
build mpo finished ... Tread = 0.000 Twrite = 0.000 T = 0.051
simpl mpo start ...
simpl mpo finished ... Tread = 0.000 Twrite = 0.000 T = 0.181
GS MPO BOND DIMS =      13    20    31    46    31    20    13     1
build 1pdm mpo 0.4188304431736469
build identity mpo 0.5799415595829487
para mpo finished 0.6685335263609886
Environment initialization | Nsites =     8 | Center =     0
 INIT-R <-- Site =    5 ..  Bmem =   216 B Rmem =   216 B T = 0.00
 INIT-R <-- Site =    4 ..  Bmem = 2.66 KB Rmem = 2.66 KB T = 0.00
 INIT-R <-- Site =    3 ..  Bmem = 40.3 KB Rmem = 40.3 KB T = 0.00
 INIT-R <-- Site =    2 ..  Bmem =  659 KB Rmem =  659 KB T = 0.05
 INIT-R <-- Site =    1 ..  Bmem = 4.80 MB Rmem = 40.3 KB T = 0.07
 INIT-R <-- Site =    0 ..  Bmem =  238 KB Rmem = 2.66 KB T = 0.06
Time init sweep =        0.178 | MaxBmem = 4.80 MB | MaxRmem = 40.3 KB
 | Tread = 0.000 | Twrite = 0.069 | Tfpread = 0.000 | Tfpwrite = 0.069 | data = 786 KB | cpsd = 619 KB | Tasync = 0.000

env init finished 0.847365215420723

Sweep =    0 | Direction =  forward | Bond dimension =  200 | Noise =  1.00e-04 | Dav threshold =  1.00e-04
 --> Site =    0-   1 .. Mmps =    3 Ndav =  10 E =     -1.9620348133 Error = 0.00e+00 FLOPS = 4.70e+04 Tdav = 0.51 T = 0.62
 --> Site =    1-   2 .. Mmps =   10 Ndav =  15 E =     -2.5488350482 Error = 0.00e+00 FLOPS = 5.98e+07 Tdav = 0.02 T = 0.03
 --> Site =    2-   3 .. Mmps =   35 Ndav =  16 E =     -3.7337243489 Error = 0.00e+00 FLOPS = 2.80e+09 Tdav = 0.03 T = 0.12
 --> Site =    3-   4 .. Mmps =  126 Ndav =   1 E =     -3.7337243489 Error = 0.00e+00 FLOPS = 5.06e+07 Tdav = 0.08 T = 0.34
 --> Site =    4-   5 .. Mmps =  200 Ndav =   1 E =     -3.7337243489 Error = 3.16e-09 FLOPS = 5.48e+07 Tdav = 0.10 T = 0.35
 --> Site =    5-   6 .. Mmps =   65 Ndav =   1 E =     -3.7337243495 Error = 1.89e-17 FLOPS = 2.21e+07 Tdav = 0.10 T = 0.35
 --> Site =    6-   7 .. Mmps =   12 Ndav =   1 E =     -3.7337243495 Error = 1.14e-16 FLOPS = 7.39e+05 Tdav = 0.10 T = 0.31
Time elapsed =      2.118 | E =      -3.7337243495 | DW = 3.16115e-09
Time sweep =        2.118 | 97.1 MFLOP/SWP
 | Tcomm = 0.001 | Tidle = 0.000 | Twait = 0.000 | Dmem = 1.26 MB (2%) | Imem = 61.4 KB (95%) | Hmem = 6.32 MB | Wmem = 13.8 KB | Pmem = 111 KB
 | Tread = 0.152 | Twrite = 0.112 | Tfpread = 0.151 | Tfpwrite = 0.112 | Tmporead = 0.000
 | data = 2.05 MB | cpsd = 1.61 MB | Tasync = 0.000
 | Trot = 0.051 | Tctr = 0.047 | Tint = 0.050 | Tmid = 0.013 | Tdctr = 0.093 | Tdiag = 0.265 | Tinfo = 0.002
 | Teff = 0.610 | Tprt = 0.218 | Teig = 0.944 | Tblk = 1.841 | Tmve = 0.277 | Tdm = 0.001 | Tsplt = 0.064 | Tsvd = 0.000 | Torth = 0.000

Sweep =    1 | Direction = backward | Bond dimension =  200 | Noise =  1.00e-04 | Dav threshold =  1.00e-04
 <-- Site =    6-   7 .. Mmps =    3 Ndav =   1 E =     -3.7337243495 Error = 0.00e+00 FLOPS = 5.79e+06 Tdav = 0.01 T = 0.08
 <-- Site =    5-   6 .. Mmps =   10 Ndav =   1 E =     -3.7337243495 Error = 0.00e+00 FLOPS = 7.51e+08 Tdav = 0.00 T = 0.04
 <-- Site =    4-   5 .. Mmps =   35 Ndav =   1 E =     -3.7337243495 Error = 0.00e+00 FLOPS = 5.44e+07 Tdav = 0.10 T = 0.38
 <-- Site =    3-   4 .. Mmps =  126 Ndav =   1 E =     -3.7337243495 Error = 0.00e+00 FLOPS = 1.27e+09 Tdav = 0.00 T = 0.17
 <-- Site =    2-   3 .. Mmps =  200 Ndav =   1 E =     -3.7337243495 Error = 2.80e-09 FLOPS = 2.12e+09 Tdav = 0.00 T = 0.01
 <-- Site =    1-   2 .. Mmps =   65 Ndav =   1 E =     -3.7337243497 Error = 6.43e-17 FLOPS = 1.15e+09 Tdav = 0.00 T = 0.01
 <-- Site =    0-   1 .. Mmps =   12 Ndav =   1 E =     -3.7337243497 Error = 7.86e-17 FLOPS = 3.51e+07 Tdav = 0.00 T = 0.01
Time elapsed =      2.825 | E =      -3.7337243497 | DE = -2.85e-10 | DW = 2.80242e-09
Time sweep =        0.706 | 18.7 MFLOP/SWP
 | Tcomm = 0.000 | Tidle = 0.000 | Twait = 0.000 | Dmem = 1.27 MB (2%) | Imem = 61.4 KB (95%) | Hmem = 6.37 MB | Wmem = 13.8 KB | Pmem = 111 KB
 | Tread = 0.088 | Twrite = 0.051 | Tfpread = 0.088 | Tfpwrite = 0.051 | Tmporead = 0.000
 | data = 2.08 MB | cpsd = 1.62 MB | Tasync = 0.000
 | Trot = 0.027 | Tctr = 0.025 | Tint = 0.026 | Tmid = 0.014 | Tdctr = 0.063 | Tdiag = 0.131 | Tinfo = 0.002
 | Teff = 0.316 | Tprt = 0.084 | Teig = 0.128 | Tblk = 0.559 | Tmve = 0.147 | Tdm = 0.001 | Tsplt = 0.027 | Tsvd = 0.000 | Torth = 0.000

Sweep =    2 | Direction =  forward | Bond dimension =  200 | Noise =  1.00e-04 | Dav threshold =  1.00e-04
 --> Site =    0-   1 .. Mmps =    3 Ndav =   1 E =     -3.7337243497 Error = 0.00e+00 FLOPS = 4.31e+07 Tdav = 0.00 T = 0.01
 --> Site =    1-   2 .. Mmps =   10 Ndav =   1 E =     -3.7337243497 Error = 0.00e+00 FLOPS = 2.54e+07 Tdav = 0.09 T = 0.16
 --> Site =    2-   3 .. Mmps =   35 Ndav =   1 E =     -3.7337243497 Error = 0.00e+00 FLOPS = 5.52e+07 Tdav = 0.10 T = 0.38
 --> Site =    3-   4 .. Mmps =  126 Ndav =   1 E =     -3.7337243497 Error = 0.00e+00 FLOPS = 4.70e+07 Tdav = 0.08 T = 0.29
 --> Site =    4-   5 .. Mmps =  200 Ndav =   1 E =     -3.7337243497 Error = 3.16e-09 FLOPS = 1.72e+09 Tdav = 0.00 T = 0.02
 --> Site =    5-   6 .. Mmps =   65 Ndav =   1 E =     -3.7337243503 Error = 3.59e-17 FLOPS = 1.04e+09 Tdav = 0.00 T = 0.01
 --> Site =    6-   7 .. Mmps =   12 Ndav =   1 E =     -3.7337243503 Error = 9.00e-17 FLOPS = 3.16e+07 Tdav = 0.00 T = 0.01
Time elapsed =      3.702 | E =      -3.7337243503 | DE = -5.38e-10 | DW = 3.16100e-09
Time sweep =        0.877 | 18.7 MFLOP/SWP
 | Tcomm = 0.000 | Tidle = 0.000 | Twait = 0.000 | Dmem = 1.27 MB (2%) | Imem = 61.4 KB (95%) | Hmem = 6.37 MB | Wmem = 13.8 KB | Pmem = 111 KB
 | Tread = 0.097 | Twrite = 0.052 | Tfpread = 0.097 | Tfpwrite = 0.051 | Tmporead = 0.000
 | data = 2.05 MB | cpsd = 1.61 MB | Tasync = 0.000
 | Trot = 0.028 | Tctr = 0.025 | Tint = 0.031 | Tmid = 0.001 | Tdctr = 0.075 | Tdiag = 0.118 | Tinfo = 0.002
 | Teff = 0.307 | Tprt = 0.112 | Teig = 0.281 | Tblk = 0.738 | Tmve = 0.139 | Tdm = 0.001 | Tsplt = 0.028 | Tsvd = 0.000 | Torth = 0.000

Sweep =    3 | Direction = backward | Bond dimension =  200 | Noise =  1.00e-04 | Dav threshold =  1.00e-04
 <-- Site =    6-   7 .. Mmps =    3 Ndav =   1 E =     -3.7337243503 Error = 0.00e+00 FLOPS = 4.54e+07 Tdav = 0.00 T = 0.00
 <-- Site =    5-   6 .. Mmps =   10 Ndav =   1 E =     -3.7337243503 Error = 0.00e+00 FLOPS = 8.88e+08 Tdav = 0.00 T = 0.01
 <-- Site =    4-   5 .. Mmps =   35 Ndav =   1 E =     -3.7337243503 Error = 0.00e+00 FLOPS = 2.07e+09 Tdav = 0.00 T = 0.01
 <-- Site =    3-   4 .. Mmps =  126 Ndav =   1 E =     -3.7337243503 Error = 0.00e+00 FLOPS = 1.40e+09 Tdav = 0.00 T = 0.01
 <-- Site =    2-   3 .. Mmps =  200 Ndav =   1 E =     -3.7337243503 Error = 2.80e-09 FLOPS = 2.03e+09 Tdav = 0.00 T = 0.01
 <-- Site =    1-   2 .. Mmps =   65 Ndav =   1 E =     -3.7337243506 Error = 6.04e-17 FLOPS = 8.20e+08 Tdav = 0.00 T = 0.01
 <-- Site =    0-   1 .. Mmps =   12 Ndav =   1 E =     -3.7337243506 Error = 5.30e-17 FLOPS = 5.71e+07 Tdav = 0.00 T = 0.01
Time elapsed =      3.776 | E =      -3.7337243506 | DE = -2.85e-10 | DW = 2.80233e-09
Time sweep =        0.074 | 18.7 MFLOP/SWP
 | Tcomm = 0.000 | Tidle = 0.000 | Twait = 0.000 | Dmem = 1.27 MB (2%) | Imem = 61.4 KB (95%) | Hmem = 6.37 MB | Wmem = 13.8 KB | Pmem = 111 KB
 | Tread = 0.001 | Twrite = 0.002 | Tfpread = 0.001 | Tfpwrite = 0.002 | Tmporead = 0.000
 | data = 2.08 MB | cpsd = 1.62 MB | Tasync = 0.000
 | Trot = 0.003 | Tctr = 0.001 | Tint = 0.001 | Tmid = 0.001 | Tdctr = 0.001 | Tdiag = 0.012 | Tinfo = 0.002
 | Teff = 0.025 | Tprt = 0.015 | Teig = 0.016 | Tblk = 0.064 | Tmve = 0.010 | Tdm = 0.001 | Tsplt = 0.003 | Tsvd = 0.000 | Torth = 0.000

Sweep =    4 | Direction =  forward | Bond dimension =  400 | Noise =  1.00e-04 | Dav threshold =  1.00e-04
 --> Site =    0-   1 .. Mmps =    3 Ndav =   1 E =     -3.7337243506 Error = 0.00e+00 FLOPS = 3.81e+07 Tdav = 0.00 T = 0.01
 --> Site =    1-   2 .. Mmps =   10 Ndav =   1 E =     -3.7337243506 Error = 0.00e+00 FLOPS = 8.74e+08 Tdav = 0.00 T = 0.01
 --> Site =    2-   3 .. Mmps =   35 Ndav =   1 E =     -3.7337243506 Error = 0.00e+00 FLOPS = 1.97e+09 Tdav = 0.00 T = 0.01
 --> Site =    3-   4 .. Mmps =  126 Ndav =   1 E =     -3.7337243506 Error = 0.00e+00 FLOPS = 1.22e+09 Tdav = 0.00 T = 0.01
 --> Site =    4-   5 .. Mmps =  303 Ndav =   1 E =     -3.7337243506 Error = 3.80e-19 FLOPS = 2.13e+09 Tdav = 0.00 T = 0.01
 --> Site =    5-   6 .. Mmps =   65 Ndav =   1 E =     -3.7337243506 Error = 3.34e-17 FLOPS = 1.57e+09 Tdav = 0.00 T = 0.02
 --> Site =    6-   7 .. Mmps =   12 Ndav =   1 E =     -3.7337243506 Error = 1.51e-16 FLOPS = 5.03e+07 Tdav = 0.00 T = 0.01
Time elapsed =      3.857 | E =      -3.7337243506 | DE = -7.11e-15 | DW = 1.50965e-16
Time sweep =        0.081 | 21.3 MFLOP/SWP
 | Tcomm = 0.000 | Tidle = 0.000 | Twait = 0.000 | Dmem = 2.80 MB (0%) | Imem = 61.4 KB (95%) | Hmem = 14.0 MB | Wmem = 13.8 KB | Pmem = 111 KB
 | Tread = 0.002 | Twrite = 0.003 | Tfpread = 0.001 | Tfpwrite = 0.003 | Tmporead = 0.000
 | data = 3.59 MB | cpsd = 2.80 MB | Tasync = 0.000
 | Trot = 0.003 | Tctr = 0.001 | Tint = 0.001 | Tmid = 0.001 | Tdctr = 0.001 | Tdiag = 0.012 | Tinfo = 0.002
 | Teff = 0.026 | Tprt = 0.016 | Teig = 0.018 | Tblk = 0.069 | Tmve = 0.012 | Tdm = 0.001 | Tsplt = 0.005 | Tsvd = 0.000 | Torth = 0.000

Sweep =    5 | Direction = backward | Bond dimension =  400 | Noise =  1.00e-04 | Dav threshold =  1.00e-04
 <-- Site =    6-   7 .. Mmps =    3 Ndav =   1 E =     -3.7337243506 Error = 0.00e+00 FLOPS = 5.57e+07 Tdav = 0.00 T = 0.01
 <-- Site =    5-   6 .. Mmps =   10 Ndav =   1 E =     -3.7337243506 Error = 0.00e+00 FLOPS = 1.51e+09 Tdav = 0.00 T = 0.01
 <-- Site =    4-   5 .. Mmps =   35 Ndav =   1 E =     -3.7337243506 Error = 0.00e+00 FLOPS = 2.03e+09 Tdav = 0.00 T = 0.01
 <-- Site =    3-   4 .. Mmps =  126 Ndav =   1 E =     -3.7337243506 Error = 0.00e+00 FLOPS = 1.25e+09 Tdav = 0.00 T = 0.01
 <-- Site =    2-   3 .. Mmps =  302 Ndav =   1 E =     -3.7337243506 Error = 1.00e-14 FLOPS = 2.23e+09 Tdav = 0.00 T = 0.01
 <-- Site =    1-   2 .. Mmps =   65 Ndav =   1 E =     -3.7337243506 Error = 6.38e-16 FLOPS = 1.64e+09 Tdav = 0.00 T = 0.02
 <-- Site =    0-   1 .. Mmps =   12 Ndav =   1 E =     -3.7337243506 Error = 3.08e-17 FLOPS = 3.98e+07 Tdav = 0.00 T = 0.01
Time elapsed =      3.941 | E =      -3.7337243506 | DE = -8.88e-16 | DW = 9.99650e-15
Time sweep =        0.085 | 23.8 MFLOP/SWP
 | Tcomm = 0.000 | Tidle = 0.000 | Twait = 0.000 | Dmem = 2.80 MB (0%) | Imem = 61.4 KB (95%) | Hmem = 14.0 MB | Wmem = 13.8 KB | Pmem = 111 KB
 | Tread = 0.003 | Twrite = 0.003 | Tfpread = 0.003 | Tfpwrite = 0.003 | Tmporead = 0.000
 | data = 3.60 MB | cpsd = 2.81 MB | Tasync = 0.000
 | Trot = 0.004 | Tctr = 0.001 | Tint = 0.001 | Tmid = 0.001 | Tdctr = 0.001 | Tdiag = 0.012 | Tinfo = 0.002
 | Teff = 0.028 | Tprt = 0.016 | Teig = 0.018 | Tblk = 0.072 | Tmve = 0.012 | Tdm = 0.001 | Tsplt = 0.005 | Tsvd = 0.000 | Torth = 0.000

Sweep =    6 | Direction =  forward | Bond dimension =  400 | Noise =  1.00e-04 | Dav threshold =  1.00e-04
 --> Site =    0-   1 .. Mmps =    3 Ndav =   1 E =     -3.7337243506 Error = 0.00e+00 FLOPS = 3.72e+07 Tdav = 0.00 T = 0.01
 --> Site =    1-   2 .. Mmps =   10 Ndav =   1 E =     -3.7337243506 Error = 0.00e+00 FLOPS = 1.78e+09 Tdav = 0.00 T = 0.01
 --> Site =    2-   3 .. Mmps =   35 Ndav =   1 E =     -3.7337243506 Error = 0.00e+00 FLOPS = 2.24e+09 Tdav = 0.00 T = 0.01
 --> Site =    3-   4 .. Mmps =  126 Ndav =   1 E =     -3.7337243506 Error = 0.00e+00 FLOPS = 1.42e+09 Tdav = 0.00 T = 0.01
 --> Site =    4-   5 .. Mmps =  303 Ndav =   1 E =     -3.7337243506 Error = 6.56e-19 FLOPS = 1.97e+09 Tdav = 0.00 T = 0.01
 --> Site =    5-   6 .. Mmps =   65 Ndav =   1 E =     -3.7337243506 Error = 4.94e-17 FLOPS = 1.63e+09 Tdav = 0.00 T = 0.02
 --> Site =    6-   7 .. Mmps =   12 Ndav =   1 E =     -3.7337243506 Error = 1.50e-16 FLOPS = 3.82e+07 Tdav = 0.00 T = 0.01
Time elapsed =      4.025 | E =      -3.7337243506 | DE = 1.15e-13 | DW = 1.50354e-16
Time sweep =        0.084 | 23.8 MFLOP/SWP
 | Tcomm = 0.000 | Tidle = 0.000 | Twait = 0.000 | Dmem = 2.80 MB (0%) | Imem = 61.4 KB (95%) | Hmem = 14.0 MB | Wmem = 13.8 KB | Pmem = 111 KB
 | Tread = 0.003 | Twrite = 0.003 | Tfpread = 0.002 | Tfpwrite = 0.003 | Tmporead = 0.000
 | data = 3.59 MB | cpsd = 2.80 MB | Tasync = 0.000
 | Trot = 0.004 | Tctr = 0.001 | Tint = 0.001 | Tmid = 0.001 | Tdctr = 0.001 | Tdiag = 0.012 | Tinfo = 0.002
 | Teff = 0.028 | Tprt = 0.015 | Teig = 0.018 | Tblk = 0.070 | Tmve = 0.013 | Tdm = 0.001 | Tsplt = 0.005 | Tsvd = 0.000 | Torth = 0.000

Sweep =    7 | Direction = backward | Bond dimension =  400 | Noise =  1.00e-04 | Dav threshold =  1.00e-04
 <-- Site =    6-   7 .. Mmps =    3 Ndav =   1 E =     -3.7337243506 Error = 0.00e+00 FLOPS = 5.27e+07 Tdav = 0.00 T = 0.01
 <-- Site =    5-   6 .. Mmps =   10 Ndav =   1 E =     -3.7337243506 Error = 0.00e+00 FLOPS = 1.59e+09 Tdav = 0.00 T = 0.01
 <-- Site =    4-   5 .. Mmps =   35 Ndav =   1 E =     -3.7337243506 Error = 0.00e+00 FLOPS = 1.76e+09 Tdav = 0.00 T = 0.01
 <-- Site =    3-   4 .. Mmps =  126 Ndav =   1 E =     -3.7337243506 Error = 0.00e+00 FLOPS = 1.56e+09 Tdav = 0.00 T = 0.01
 <-- Site =    2-   3 .. Mmps =  302 Ndav =   1 E =     -3.7337243506 Error = 9.99e-15 FLOPS = 1.83e+09 Tdav = 0.00 T = 0.01
 <-- Site =    1-   2 .. Mmps =   65 Ndav =   1 E =     -3.7337243506 Error = 5.50e-16 FLOPS = 1.81e+09 Tdav = 0.00 T = 0.02
 <-- Site =    0-   1 .. Mmps =   12 Ndav =   1 E =     -3.7337243506 Error = 4.08e-17 FLOPS = 5.28e+07 Tdav = 0.00 T = 0.01
Time elapsed =      4.107 | E =      -3.7337243506 | DE = 0.00e+00 | DW = 9.98700e-15
Time sweep =        0.082 | 23.8 MFLOP/SWP
 | Tcomm = 0.000 | Tidle = 0.000 | Twait = 0.000 | Dmem = 2.80 MB (0%) | Imem = 61.4 KB (95%) | Hmem = 14.0 MB | Wmem = 13.8 KB | Pmem = 111 KB
 | Tread = 0.002 | Twrite = 0.003 | Tfpread = 0.002 | Tfpwrite = 0.003 | Tmporead = 0.000
 | data = 3.60 MB | cpsd = 2.81 MB | Tasync = 0.000
 | Trot = 0.003 | Tctr = 0.001 | Tint = 0.001 | Tmid = 0.001 | Tdctr = 0.001 | Tdiag = 0.009 | Tinfo = 0.002
 | Teff = 0.025 | Tprt = 0.017 | Teig = 0.017 | Tblk = 0.069 | Tmve = 0.012 | Tdm = 0.001 | Tsplt = 0.005 | Tsvd = 0.000 | Torth = 0.000

Sweep =    8 | Direction =  forward | Bond dimension =  800 | Noise =  1.00e-04 | Dav threshold =  1.00e-04
 --> Site =    0-   1 .. Mmps =    3 Ndav =   1 E =     -3.7337243506 Error = 0.00e+00 FLOPS = 5.18e+07 Tdav = 0.00 T = 0.00
 --> Site =    1-   2 .. Mmps =   10 Ndav =   1 E =     -3.7337243506 Error = 0.00e+00 FLOPS = 1.72e+09 Tdav = 0.00 T = 0.01
 --> Site =    2-   3 .. Mmps =   35 Ndav =   1 E =     -3.7337243506 Error = 0.00e+00 FLOPS = 2.31e+09 Tdav = 0.00 T = 0.01
 --> Site =    3-   4 .. Mmps =  126 Ndav =   1 E =     -3.7337243506 Error = 0.00e+00 FLOPS = 1.51e+09 Tdav = 0.00 T = 0.01
 --> Site =    4-   5 .. Mmps =  303 Ndav =   1 E =     -3.7337243506 Error = 3.27e-19 FLOPS = 2.49e+09 Tdav = 0.00 T = 0.01
 --> Site =    5-   6 .. Mmps =   65 Ndav =   1 E =     -3.7337243506 Error = 8.75e-17 FLOPS = 1.63e+09 Tdav = 0.00 T = 0.02
 --> Site =    6-   7 .. Mmps =   12 Ndav =   1 E =     -3.7337243506 Error = 1.37e-16 FLOPS = 3.87e+07 Tdav = 0.00 T = 0.01
Time elapsed =      4.192 | E =      -3.7337243506 | DE = 1.07e-13 | DW = 1.36776e-16
Time sweep =        0.085 | 23.8 MFLOP/SWP
 | Tcomm = 0.000 | Tidle = 0.000 | Twait = 0.000 | Dmem = 2.80 MB (0%) | Imem = 61.4 KB (95%) | Hmem = 14.0 MB | Wmem = 13.8 KB | Pmem = 111 KB
 | Tread = 0.003 | Twrite = 0.005 | Tfpread = 0.003 | Tfpwrite = 0.005 | Tmporead = 0.000
 | data = 3.59 MB | cpsd = 2.80 MB | Tasync = 0.000
 | Trot = 0.003 | Tctr = 0.001 | Tint = 0.001 | Tmid = 0.001 | Tdctr = 0.001 | Tdiag = 0.011 | Tinfo = 0.002
 | Teff = 0.028 | Tprt = 0.017 | Teig = 0.016 | Tblk = 0.070 | Tmve = 0.015 | Tdm = 0.001 | Tsplt = 0.005 | Tsvd = 0.000 | Torth = 0.000

Sweep =    9 | Direction = backward | Bond dimension =  800 | Noise =  1.00e-04 | Dav threshold =  1.00e-04
 <-- Site =    6-   7 .. Mmps =    3 Ndav =   1 E =     -3.7337243506 Error = 0.00e+00 FLOPS = 4.80e+07 Tdav = 0.00 T = 0.00
 <-- Site =    5-   6 .. Mmps =   10 Ndav =   1 E =     -3.7337243506 Error = 0.00e+00 FLOPS = 1.65e+09 Tdav = 0.00 T = 0.01
 <-- Site =    4-   5 .. Mmps =   35 Ndav =   1 E =     -3.7337243506 Error = 0.00e+00 FLOPS = 2.01e+09 Tdav = 0.00 T = 0.01
 <-- Site =    3-   4 .. Mmps =  126 Ndav =   1 E =     -3.7337243506 Error = 0.00e+00 FLOPS = 1.36e+09 Tdav = 0.00 T = 0.01
 <-- Site =    2-   3 .. Mmps =  302 Ndav =   1 E =     -3.7337243506 Error = 9.99e-15 FLOPS = 2.18e+09 Tdav = 0.00 T = 0.01
 <-- Site =    1-   2 .. Mmps =   65 Ndav =   1 E =     -3.7337243506 Error = 4.45e-16 FLOPS = 1.53e+09 Tdav = 0.00 T = 0.02
 <-- Site =    0-   1 .. Mmps =   12 Ndav =   1 E =     -3.7337243506 Error = 6.00e-17 FLOPS = 5.10e+07 Tdav = 0.00 T = 0.01
Time elapsed =      4.274 | E =      -3.7337243506 | DE = -1.78e-15 | DW = 9.99205e-15
Time sweep =        0.082 | 23.8 MFLOP/SWP
 | Tcomm = 0.000 | Tidle = 0.000 | Twait = 0.000 | Dmem = 2.80 MB (0%) | Imem = 61.4 KB (95%) | Hmem = 14.0 MB | Wmem = 13.8 KB | Pmem = 111 KB
 | Tread = 0.002 | Twrite = 0.003 | Tfpread = 0.002 | Tfpwrite = 0.002 | Tmporead = 0.000
 | data = 3.60 MB | cpsd = 2.81 MB | Tasync = 0.000
 | Trot = 0.003 | Tctr = 0.001 | Tint = 0.001 | Tmid = 0.001 | Tdctr = 0.001 | Tdiag = 0.011 | Tinfo = 0.002
 | Teff = 0.027 | Tprt = 0.016 | Teig = 0.017 | Tblk = 0.070 | Tmve = 0.012 | Tdm = 0.001 | Tsplt = 0.005 | Tsvd = 0.000 | Torth = 0.000

Sweep =   10 | Direction =  forward | Bond dimension =  800 | Noise =  1.00e-04 | Dav threshold =  1.00e-04
 --> Site =    0-   1 .. Mmps =    3 Ndav =   1 E =     -3.7337243506 Error = 0.00e+00 FLOPS = 3.93e+07 Tdav = 0.00 T = 0.01
 --> Site =    1-   2 .. Mmps =   10 Ndav =   1 E =     -3.7337243506 Error = 0.00e+00 FLOPS = 1.86e+09 Tdav = 0.00 T = 0.01
 --> Site =    2-   3 .. Mmps =   35 Ndav =   1 E =     -3.7337243506 Error = 0.00e+00 FLOPS = 2.08e+09 Tdav = 0.00 T = 0.01
 --> Site =    3-   4 .. Mmps =  126 Ndav =   1 E =     -3.7337243506 Error = 0.00e+00 FLOPS = 1.53e+09 Tdav = 0.00 T = 0.01
 --> Site =    4-   5 .. Mmps =  303 Ndav =   1 E =     -3.7337243506 Error = 3.14e-19 FLOPS = 2.09e+09 Tdav = 0.00 T = 0.01
 --> Site =    5-   6 .. Mmps =   65 Ndav =   1 E =     -3.7337243506 Error = 4.54e-17 FLOPS = 1.54e+09 Tdav = 0.00 T = 0.02
 --> Site =    6-   7 .. Mmps =   12 Ndav =   1 E =     -3.7337243506 Error = 1.06e-16 FLOPS = 3.70e+07 Tdav = 0.00 T = 0.01
Time elapsed =      4.358 | E =      -3.7337243506 | DE = 1.19e-13 | DW = 1.05625e-16
Time sweep =        0.084 | 23.8 MFLOP/SWP
 | Tcomm = 0.000 | Tidle = 0.000 | Twait = 0.000 | Dmem = 2.80 MB (0%) | Imem = 61.4 KB (95%) | Hmem = 14.0 MB | Wmem = 13.8 KB | Pmem = 111 KB
 | Tread = 0.002 | Twrite = 0.003 | Tfpread = 0.002 | Tfpwrite = 0.003 | Tmporead = 0.000
 | data = 3.59 MB | cpsd = 2.80 MB | Tasync = 0.000
 | Trot = 0.003 | Tctr = 0.001 | Tint = 0.001 | Tmid = 0.001 | Tdctr = 0.001 | Tdiag = 0.012 | Tinfo = 0.002
 | Teff = 0.028 | Tprt = 0.016 | Teig = 0.018 | Tblk = 0.071 | Tmve = 0.012 | Tdm = 0.001 | Tsplt = 0.005 | Tsvd = 0.000 | Torth = 0.000

Sweep =   11 | Direction = backward | Bond dimension =  800 | Noise =  1.00e-04 | Dav threshold =  1.00e-04
 <-- Site =    6-   7 .. Mmps =    3 Ndav =   1 E =     -3.7337243506 Error = 0.00e+00 FLOPS = 4.88e+07 Tdav = 0.00 T = 0.01
 <-- Site =    5-   6 .. Mmps =   10 Ndav =   1 E =     -3.7337243506 Error = 0.00e+00 FLOPS = 1.54e+09 Tdav = 0.00 T = 0.01
 <-- Site =    4-   5 .. Mmps =   35 Ndav =   1 E =     -3.7337243506 Error = 0.00e+00 FLOPS = 2.33e+09 Tdav = 0.00 T = 0.01
 <-- Site =    3-   4 .. Mmps =  126 Ndav =   1 E =     -3.7337243506 Error = 0.00e+00 FLOPS = 1.51e+09 Tdav = 0.00 T = 0.01
 <-- Site =    2-   3 .. Mmps =  302 Ndav =   1 E =     -3.7337243506 Error = 9.99e-15 FLOPS = 2.45e+09 Tdav = 0.00 T = 0.01
 <-- Site =    1-   2 .. Mmps =   65 Ndav =   1 E =     -3.7337243506 Error = 7.69e-16 FLOPS = 1.62e+09 Tdav = 0.00 T = 0.02
 <-- Site =    0-   1 .. Mmps =   12 Ndav =   1 E =     -3.7337243506 Error = 5.04e-17 FLOPS = 4.03e+07 Tdav = 0.00 T = 0.01
Time elapsed =      4.442 | E =      -3.7337243506 | DE = -1.78e-15 | DW = 9.99125e-15
Time sweep =        0.084 | 23.8 MFLOP/SWP
 | Tcomm = 0.000 | Tidle = 0.000 | Twait = 0.000 | Dmem = 2.80 MB (0%) | Imem = 61.4 KB (95%) | Hmem = 14.0 MB | Wmem = 13.8 KB | Pmem = 111 KB
 | Tread = 0.003 | Twrite = 0.003 | Tfpread = 0.003 | Tfpwrite = 0.003 | Tmporead = 0.000
 | data = 3.60 MB | cpsd = 2.81 MB | Tasync = 0.000
 | Trot = 0.003 | Tctr = 0.002 | Tint = 0.001 | Tmid = 0.001 | Tdctr = 0.001 | Tdiag = 0.013 | Tinfo = 0.002
 | Teff = 0.029 | Tprt = 0.016 | Teig = 0.017 | Tblk = 0.071 | Tmve = 0.013 | Tdm = 0.001 | Tsplt = 0.005 | Tsvd = 0.000 | Torth = 0.000

Sweep =   12 | Direction =  forward | Bond dimension = 1600 | Noise =  1.00e-04 | Dav threshold =  1.00e-04
 --> Site =    0-   1 .. Mmps =    3 Ndav =   1 E =     -3.7337243506 Error = 0.00e+00 FLOPS = 5.33e+07 Tdav = 0.00 T = 0.01
 --> Site =    1-   2 .. Mmps =   10 Ndav =   1 E =     -3.7337243506 Error = 0.00e+00 FLOPS = 1.70e+09 Tdav = 0.00 T = 0.01
 --> Site =    2-   3 .. Mmps =   35 Ndav =   1 E =     -3.7337243506 Error = 0.00e+00 FLOPS = 2.19e+09 Tdav = 0.00 T = 0.01
 --> Site =    3-   4 .. Mmps =  126 Ndav =   1 E =     -3.7337243506 Error = 0.00e+00 FLOPS = 1.52e+09 Tdav = 0.00 T = 0.01
 --> Site =    4-   5 .. Mmps =  303 Ndav =   1 E =     -3.7337243506 Error = 7.05e-19 FLOPS = 2.74e+09 Tdav = 0.00 T = 0.01
 --> Site =    5-   6 .. Mmps =   65 Ndav =   1 E =     -3.7337243506 Error = 5.15e-17 FLOPS = 1.49e+09 Tdav = 0.00 T = 0.02
 --> Site =    6-   7 .. Mmps =   12 Ndav =   1 E =     -3.7337243506 Error = 1.09e-16 FLOPS = 5.59e+07 Tdav = 0.00 T = 0.01
Time elapsed =      4.524 | E =      -3.7337243506 | DE = 1.15e-13 | DW = 1.09134e-16
Time sweep =        0.082 | 23.8 MFLOP/SWP
 | Tcomm = 0.000 | Tidle = 0.000 | Twait = 0.000 | Dmem = 2.80 MB (0%) | Imem = 61.4 KB (95%) | Hmem = 14.0 MB | Wmem = 13.8 KB | Pmem = 111 KB
 | Tread = 0.002 | Twrite = 0.003 | Tfpread = 0.002 | Tfpwrite = 0.003 | Tmporead = 0.000
 | data = 3.59 MB | cpsd = 2.80 MB | Tasync = 0.000
 | Trot = 0.003 | Tctr = 0.001 | Tint = 0.001 | Tmid = 0.001 | Tdctr = 0.001 | Tdiag = 0.011 | Tinfo = 0.002
 | Teff = 0.028 | Tprt = 0.017 | Teig = 0.016 | Tblk = 0.070 | Tmve = 0.012 | Tdm = 0.001 | Tsplt = 0.005 | Tsvd = 0.000 | Torth = 0.000

Sweep =   13 | Direction = backward | Bond dimension = 1600 | Noise =  1.00e-04 | Dav threshold =  1.00e-04
 <-- Site =    6-   7 .. Mmps =    3 Ndav =   1 E =     -3.7337243506 Error = 0.00e+00 FLOPS = 5.46e+07 Tdav = 0.00 T = 0.01
 <-- Site =    5-   6 .. Mmps =   10 Ndav =   1 E =     -3.7337243506 Error = 0.00e+00 FLOPS = 1.55e+09 Tdav = 0.00 T = 0.01
 <-- Site =    4-   5 .. Mmps =   35 Ndav =   1 E =     -3.7337243506 Error = 0.00e+00 FLOPS = 1.76e+09 Tdav = 0.00 T = 0.01
 <-- Site =    3-   4 .. Mmps =  126 Ndav =   1 E =     -3.7337243506 Error = 0.00e+00 FLOPS = 1.34e+09 Tdav = 0.00 T = 0.01
 <-- Site =    2-   3 .. Mmps =  302 Ndav =   1 E =     -3.7337243506 Error = 9.99e-15 FLOPS = 2.26e+09 Tdav = 0.00 T = 0.01
 <-- Site =    1-   2 .. Mmps =   65 Ndav =   1 E =     -3.7337243506 Error = 5.14e-16 FLOPS = 1.52e+09 Tdav = 0.00 T = 0.02
 <-- Site =    0-   1 .. Mmps =   12 Ndav =   1 E =     -3.7337243506 Error = 9.93e-17 FLOPS = 5.10e+07 Tdav = 0.00 T = 0.01
Time elapsed =      4.608 | E =      -3.7337243506 | DE = 0.00e+00 | DW = 9.98868e-15
Time sweep =        0.084 | 23.8 MFLOP/SWP
 | Tcomm = 0.000 | Tidle = 0.000 | Twait = 0.000 | Dmem = 2.80 MB (0%) | Imem = 61.4 KB (95%) | Hmem = 14.0 MB | Wmem = 13.8 KB | Pmem = 111 KB
 | Tread = 0.002 | Twrite = 0.003 | Tfpread = 0.002 | Tfpwrite = 0.003 | Tmporead = 0.000
 | data = 3.60 MB | cpsd = 2.81 MB | Tasync = 0.000
 | Trot = 0.003 | Tctr = 0.001 | Tint = 0.001 | Tmid = 0.001 | Tdctr = 0.001 | Tdiag = 0.012 | Tinfo = 0.002
 | Teff = 0.028 | Tprt = 0.017 | Teig = 0.018 | Tblk = 0.072 | Tmve = 0.012 | Tdm = 0.001 | Tsplt = 0.005 | Tsvd = 0.000 | Torth = 0.000

Sweep =   14 | Direction =  forward | Bond dimension = 1600 | Noise =  1.00e-04 | Dav threshold =  1.00e-04
 --> Site =    0-   1 .. Mmps =    3 Ndav =   1 E =     -3.7337243506 Error = 0.00e+00 FLOPS = 5.21e+07 Tdav = 0.00 T = 0.01
 --> Site =    1-   2 .. Mmps =   10 Ndav =   1 E =     -3.7337243506 Error = 0.00e+00 FLOPS = 1.69e+09 Tdav = 0.00 T = 0.01
 --> Site =    2-   3 .. Mmps =   35 Ndav =   1 E =     -3.7337243506 Error = 0.00e+00 FLOPS = 2.12e+09 Tdav = 0.00 T = 0.01
 --> Site =    3-   4 .. Mmps =  126 Ndav =   1 E =     -3.7337243506 Error = 0.00e+00 FLOPS = 1.28e+09 Tdav = 0.00 T = 0.01
 --> Site =    4-   5 .. Mmps =  303 Ndav =   1 E =     -3.7337243506 Error = 4.13e-19 FLOPS = 2.50e+09 Tdav = 0.00 T = 0.01
 --> Site =    5-   6 .. Mmps =   65 Ndav =   1 E =     -3.7337243506 Error = 5.87e-17 FLOPS = 1.30e+09 Tdav = 0.00 T = 0.02
 --> Site =    6-   7 .. Mmps =   12 Ndav =   1 E =     -3.7337243506 Error = 1.26e-16 FLOPS = 5.08e+07 Tdav = 0.00 T = 0.01
Time elapsed =      4.691 | E =      -3.7337243506 | DE = 1.10e-13 | DW = 1.25550e-16
Time sweep =        0.084 | 23.8 MFLOP/SWP
 | Tcomm = 0.000 | Tidle = 0.000 | Twait = 0.000 | Dmem = 2.80 MB (0%) | Imem = 61.4 KB (95%) | Hmem = 14.0 MB | Wmem = 13.8 KB | Pmem = 111 KB
 | Tread = 0.003 | Twrite = 0.003 | Tfpread = 0.002 | Tfpwrite = 0.003 | Tmporead = 0.000
 | data = 3.59 MB | cpsd = 2.80 MB | Tasync = 0.000
 | Trot = 0.003 | Tctr = 0.001 | Tint = 0.001 | Tmid = 0.001 | Tdctr = 0.001 | Tdiag = 0.011 | Tinfo = 0.002
 | Teff = 0.027 | Tprt = 0.017 | Teig = 0.017 | Tblk = 0.071 | Tmve = 0.012 | Tdm = 0.001 | Tsplt = 0.005 | Tsvd = 0.000 | Torth = 0.000

Sweep =   15 | Direction = backward | Bond dimension = 1600 | Noise =  1.00e-04 | Dav threshold =  1.00e-04
 <-- Site =    6-   7 .. Mmps =    3 Ndav =   1 E =     -3.7337243506 Error = 0.00e+00 FLOPS = 5.27e+07 Tdav = 0.00 T = 0.01
 <-- Site =    5-   6 .. Mmps =   10 Ndav =   1 E =     -3.7337243506 Error = 0.00e+00 FLOPS = 1.36e+09 Tdav = 0.00 T = 0.01
 <-- Site =    4-   5 .. Mmps =   35 Ndav =   1 E =     -3.7337243506 Error = 0.00e+00 FLOPS = 1.78e+09 Tdav = 0.00 T = 0.01
 <-- Site =    3-   4 .. Mmps =  126 Ndav =   1 E =     -3.7337243506 Error = 0.00e+00 FLOPS = 1.58e+09 Tdav = 0.00 T = 0.01
 <-- Site =    2-   3 .. Mmps =  302 Ndav =   1 E =     -3.7337243506 Error = 9.99e-15 FLOPS = 2.51e+09 Tdav = 0.00 T = 0.01
 <-- Site =    1-   2 .. Mmps =   65 Ndav =   1 E =     -3.7337243506 Error = 6.35e-16 FLOPS = 1.50e+09 Tdav = 0.00 T = 0.02
 <-- Site =    0-   1 .. Mmps =   12 Ndav =   1 E =     -3.7337243506 Error = 5.62e-17 FLOPS = 4.96e+07 Tdav = 0.00 T = 0.01
Time elapsed =      4.776 | E =      -3.7337243506 | DE = 8.88e-16 | DW = 9.98737e-15
Time sweep =        0.085 | 23.8 MFLOP/SWP
 | Tcomm = 0.000 | Tidle = 0.000 | Twait = 0.000 | Dmem = 2.80 MB (0%) | Imem = 61.4 KB (95%) | Hmem = 14.0 MB | Wmem = 13.8 KB | Pmem = 111 KB
 | Tread = 0.002 | Twrite = 0.003 | Tfpread = 0.002 | Tfpwrite = 0.003 | Tmporead = 0.000
 | data = 3.60 MB | cpsd = 2.81 MB | Tasync = 0.000
 | Trot = 0.004 | Tctr = 0.001 | Tint = 0.001 | Tmid = 0.001 | Tdctr = 0.001 | Tdiag = 0.011 | Tinfo = 0.002
 | Teff = 0.027 | Tprt = 0.018 | Teig = 0.018 | Tblk = 0.072 | Tmve = 0.012 | Tdm = 0.001 | Tsplt = 0.005 | Tsvd = 0.000 | Torth = 0.000

Sweep =   16 | Direction =  forward | Bond dimension = 2000 | Noise =  1.00e-04 | Dav threshold =  1.00e-04
 --> Site =    0-   1 .. Mmps =    3 Ndav =   1 E =     -3.7337243506 Error = 0.00e+00 FLOPS = 5.52e+07 Tdav = 0.00 T = 0.00
 --> Site =    1-   2 .. Mmps =   10 Ndav =   1 E =     -3.7337243506 Error = 0.00e+00 FLOPS = 1.36e+09 Tdav = 0.00 T = 0.01
 --> Site =    2-   3 .. Mmps =   35 Ndav =   1 E =     -3.7337243506 Error = 0.00e+00 FLOPS = 2.26e+09 Tdav = 0.00 T = 0.01
 --> Site =    3-   4 .. Mmps =  126 Ndav =   1 E =     -3.7337243506 Error = 0.00e+00 FLOPS = 1.54e+09 Tdav = 0.00 T = 0.01
 --> Site =    4-   5 .. Mmps =  303 Ndav =   1 E =     -3.7337243506 Error = 4.77e-19 FLOPS = 2.32e+09 Tdav = 0.00 T = 0.01
 --> Site =    5-   6 .. Mmps =   65 Ndav =   1 E =     -3.7337243506 Error = 2.07e-17 FLOPS = 1.39e+09 Tdav = 0.00 T = 0.02
 --> Site =    6-   7 .. Mmps =   12 Ndav =   1 E =     -3.7337243506 Error = 1.22e-16 FLOPS = 4.49e+07 Tdav = 0.00 T = 0.01
Time elapsed =      4.861 | E =      -3.7337243506 | DE = 1.15e-13 | DW = 1.22091e-16
Time sweep =        0.085 | 23.8 MFLOP/SWP
 | Tcomm = 0.000 | Tidle = 0.000 | Twait = 0.000 | Dmem = 2.80 MB (0%) | Imem = 61.4 KB (95%) | Hmem = 14.0 MB | Wmem = 13.8 KB | Pmem = 111 KB
 | Tread = 0.003 | Twrite = 0.003 | Tfpread = 0.002 | Tfpwrite = 0.003 | Tmporead = 0.000
 | data = 3.59 MB | cpsd = 2.80 MB | Tasync = 0.000
 | Trot = 0.004 | Tctr = 0.001 | Tint = 0.001 | Tmid = 0.001 | Tdctr = 0.001 | Tdiag = 0.012 | Tinfo = 0.002
 | Teff = 0.028 | Tprt = 0.017 | Teig = 0.018 | Tblk = 0.072 | Tmve = 0.013 | Tdm = 0.001 | Tsplt = 0.005 | Tsvd = 0.000 | Torth = 0.000

Sweep =   17 | Direction = backward | Bond dimension = 2000 | Noise =  1.00e-04 | Dav threshold =  1.00e-04
 <-- Site =    6-   7 .. Mmps =    3 Ndav =   1 E =     -3.7337243506 Error = 0.00e+00 FLOPS = 4.96e+07 Tdav = 0.00 T = 0.01
 <-- Site =    5-   6 .. Mmps =   10 Ndav =   1 E =     -3.7337243506 Error = 0.00e+00 FLOPS = 1.35e+09 Tdav = 0.00 T = 0.01
 <-- Site =    4-   5 .. Mmps =   35 Ndav =   1 E =     -3.7337243506 Error = 0.00e+00 FLOPS = 1.84e+09 Tdav = 0.00 T = 0.01
 <-- Site =    3-   4 .. Mmps =  126 Ndav =   1 E =     -3.7337243506 Error = 0.00e+00 FLOPS = 1.39e+09 Tdav = 0.00 T = 0.01
 <-- Site =    2-   3 .. Mmps =  302 Ndav =   1 E =     -3.7337243506 Error = 9.99e-15 FLOPS = 1.96e+09 Tdav = 0.00 T = 0.01
 <-- Site =    1-   2 .. Mmps =   65 Ndav =   1 E =     -3.7337243506 Error = 4.29e-16 FLOPS = 1.59e+09 Tdav = 0.00 T = 0.02
 <-- Site =    0-   1 .. Mmps =   12 Ndav =   1 E =     -3.7337243506 Error = 4.57e-17 FLOPS = 5.23e+07 Tdav = 0.00 T = 0.01
Time elapsed =      4.948 | E =      -3.7337243506 | DE = -1.78e-15 | DW = 9.98844e-15
Time sweep =        0.087 | 23.8 MFLOP/SWP
 | Tcomm = 0.000 | Tidle = 0.000 | Twait = 0.000 | Dmem = 2.80 MB (0%) | Imem = 61.4 KB (95%) | Hmem = 14.0 MB | Wmem = 13.8 KB | Pmem = 111 KB
 | Tread = 0.003 | Twrite = 0.004 | Tfpread = 0.003 | Tfpwrite = 0.004 | Tmporead = 0.000
 | data = 3.60 MB | cpsd = 2.81 MB | Tasync = 0.000
 | Trot = 0.004 | Tctr = 0.001 | Tint = 0.001 | Tmid = 0.001 | Tdctr = 0.001 | Tdiag = 0.011 | Tinfo = 0.002
 | Teff = 0.028 | Tprt = 0.017 | Teig = 0.018 | Tblk = 0.073 | Tmve = 0.013 | Tdm = 0.001 | Tsplt = 0.005 | Tsvd = 0.000 | Torth = 0.000

Sweep =   18 | Direction =  forward | Bond dimension = 2000 | Noise =  1.00e-05 | Dav threshold =  1.00e-05
 --> Site =    0-   1 .. Mmps =    3 Ndav =   2 E =     -3.7337459528 Error = 0.00e+00 FLOPS = 4.83e+07 Tdav = 0.00 T = 0.01
 --> Site =    1-   2 .. Mmps =   10 Ndav =   3 E =     -3.7337901027 Error = 0.00e+00 FLOPS = 2.98e+09 Tdav = 0.00 T = 0.01
 --> Site =    2-   3 .. Mmps =   35 Ndav =   2 E =     -3.7338001327 Error = 0.00e+00 FLOPS = 2.39e+09 Tdav = 0.00 T = 0.01
 --> Site =    3-   4 .. Mmps =  126 Ndav =   1 E =     -3.7338001327 Error = 0.00e+00 FLOPS = 1.40e+09 Tdav = 0.00 T = 0.01
 --> Site =    4-   5 .. Mmps =  300 Ndav =   1 E =     -3.7338001327 Error = 1.63e-14 FLOPS = 2.53e+09 Tdav = 0.00 T = 0.01
 --> Site =    5-   6 .. Mmps =   65 Ndav =   1 E =     -3.7338001327 Error = 3.82e-17 FLOPS = 1.47e+09 Tdav = 0.00 T = 0.02
 --> Site =    6-   7 .. Mmps =   12 Ndav =   1 E =     -3.7338001327 Error = 6.57e-17 FLOPS = 4.82e+07 Tdav = 0.00 T = 0.01
Time elapsed =      5.038 | E =      -3.7338001327 | DE = -7.58e-05 | DW = 1.63126e-14
Time sweep =        0.090 | 38.5 MFLOP/SWP
 | Tcomm = 0.000 | Tidle = 0.000 | Twait = 0.000 | Dmem = 2.79 MB (0%) | Imem = 61.4 KB (95%) | Hmem = 13.9 MB | Wmem = 13.8 KB | Pmem = 111 KB
 | Tread = 0.003 | Twrite = 0.003 | Tfpread = 0.003 | Tfpwrite = 0.003 | Tmporead = 0.000
 | data = 3.56 MB | cpsd = 2.77 MB | Tasync = 0.000
 | Trot = 0.003 | Tctr = 0.001 | Tint = 0.001 | Tmid = 0.001 | Tdctr = 0.001 | Tdiag = 0.011 | Tinfo = 0.002
 | Teff = 0.027 | Tprt = 0.019 | Teig = 0.023 | Tblk = 0.077 | Tmve = 0.013 | Tdm = 0.001 | Tsplt = 0.005 | Tsvd = 0.000 | Torth = 0.000

Sweep =   19 | Direction = backward | Bond dimension = 2000 | Noise =  1.00e-05 | Dav threshold =  1.00e-05
 <-- Site =    6-   7 .. Mmps =    3 Ndav =   1 E =     -3.7338001327 Error = 0.00e+00 FLOPS = 5.09e+07 Tdav = 0.00 T = 0.01
 <-- Site =    5-   6 .. Mmps =   10 Ndav =   1 E =     -3.7338001327 Error = 0.00e+00 FLOPS = 1.49e+09 Tdav = 0.00 T = 0.01
 <-- Site =    4-   5 .. Mmps =   35 Ndav =   1 E =     -3.7338001327 Error = 0.00e+00 FLOPS = 2.14e+09 Tdav = 0.00 T = 0.01
 <-- Site =    3-   4 .. Mmps =  126 Ndav =   1 E =     -3.7338001327 Error = 0.00e+00 FLOPS = 1.36e+09 Tdav = 0.00 T = 0.01
 <-- Site =    2-   3 .. Mmps =  300 Ndav =   1 E =     -3.7338001327 Error = 1.15e-14 FLOPS = 2.10e+09 Tdav = 0.00 T = 0.01
 <-- Site =    1-   2 .. Mmps =   65 Ndav =   1 E =     -3.7338001327 Error = 2.20e-16 FLOPS = 2.02e+09 Tdav = 0.00 T = 0.02
 <-- Site =    0-   1 .. Mmps =   12 Ndav =   1 E =     -3.7338001327 Error = 6.23e-17 FLOPS = 5.06e+07 Tdav = 0.00 T = 0.01
Time elapsed =      5.122 | E =      -3.7338001327 | DE = 5.33e-15 | DW = 1.15370e-14
Time sweep =        0.084 | 23.7 MFLOP/SWP
 | Tcomm = 0.000 | Tidle = 0.000 | Twait = 0.000 | Dmem = 2.77 MB (0%) | Imem = 61.4 KB (95%) | Hmem = 13.9 MB | Wmem = 13.8 KB | Pmem = 111 KB
 | Tread = 0.002 | Twrite = 0.003 | Tfpread = 0.002 | Tfpwrite = 0.003 | Tmporead = 0.000
 | data = 3.57 MB | cpsd = 2.78 MB | Tasync = 0.000
 | Trot = 0.004 | Tctr = 0.001 | Tint = 0.001 | Tmid = 0.001 | Tdctr = 0.001 | Tdiag = 0.010 | Tinfo = 0.002
 | Teff = 0.025 | Tprt = 0.020 | Teig = 0.017 | Tblk = 0.071 | Tmve = 0.013 | Tdm = 0.001 | Tsplt = 0.005 | Tsvd = 0.000 | Torth = 0.000

Sweep =   20 | Direction =  forward | Bond dimension = 2000 | Noise =  1.00e-06 | Dav threshold =  1.00e-06
 --> Site =    0-   1 .. Mmps =    3 Ndav =   1 E =     -3.7338001327 Error = 0.00e+00 FLOPS = 5.20e+07 Tdav = 0.00 T = 0.00
 --> Site =    1-   2 .. Mmps =   10 Ndav =   3 E =     -3.7338028413 Error = 0.00e+00 FLOPS = 2.38e+09 Tdav = 0.01 T = 0.02
 --> Site =    2-   3 .. Mmps =   35 Ndav =   2 E =     -3.7338036807 Error = 0.00e+00 FLOPS = 2.50e+09 Tdav = 0.00 T = 0.01
 --> Site =    3-   4 .. Mmps =  126 Ndav =   1 E =     -3.7338036807 Error = 0.00e+00 FLOPS = 1.49e+09 Tdav = 0.00 T = 0.01
 --> Site =    4-   5 .. Mmps =  287 Ndav =   1 E =     -3.7338036807 Error = 5.58e-14 FLOPS = 1.99e+09 Tdav = 0.00 T = 0.02
 --> Site =    5-   6 .. Mmps =   65 Ndav =   1 E =     -3.7338036807 Error = 6.94e-17 FLOPS = 1.35e+09 Tdav = 0.00 T = 0.02
 --> Site =    6-   7 .. Mmps =   12 Ndav =   1 E =     -3.7338036807 Error = 1.82e-16 FLOPS = 5.27e+07 Tdav = 0.00 T = 0.01
Time elapsed =      5.211 | E =      -3.7338036807 | DE = -3.55e-06 | DW = 5.58415e-14
Time sweep =        0.089 | 37.9 MFLOP/SWP
 | Tcomm = 0.000 | Tidle = 0.000 | Twait = 0.000 | Dmem = 2.76 MB (0%) | Imem = 61.4 KB (95%) | Hmem = 13.8 MB | Wmem = 13.8 KB | Pmem = 111 KB
 | Tread = 0.003 | Twrite = 0.003 | Tfpread = 0.002 | Tfpwrite = 0.003 | Tmporead = 0.000
 | data = 3.33 MB | cpsd = 2.60 MB | Tasync = 0.000
 | Trot = 0.003 | Tctr = 0.001 | Tint = 0.001 | Tmid = 0.001 | Tdctr = 0.001 | Tdiag = 0.010 | Tinfo = 0.002
 | Teff = 0.027 | Tprt = 0.019 | Teig = 0.022 | Tblk = 0.076 | Tmve = 0.013 | Tdm = 0.001 | Tsplt = 0.004 | Tsvd = 0.000 | Torth = 0.000

Sweep =   21 | Direction = backward | Bond dimension = 2000 | Noise =  1.00e-06 | Dav threshold =  1.00e-06
 <-- Site =    6-   7 .. Mmps =    3 Ndav =   1 E =     -3.7338036807 Error = 0.00e+00 FLOPS = 5.41e+07 Tdav = 0.00 T = 0.00
 <-- Site =    5-   6 .. Mmps =   10 Ndav =   1 E =     -3.7338036807 Error = 0.00e+00 FLOPS = 1.80e+09 Tdav = 0.00 T = 0.01
 <-- Site =    4-   5 .. Mmps =   35 Ndav =   1 E =     -3.7338036807 Error = 0.00e+00 FLOPS = 2.01e+09 Tdav = 0.00 T = 0.01
 <-- Site =    3-   4 .. Mmps =  126 Ndav =   1 E =     -3.7338036807 Error = 0.00e+00 FLOPS = 1.45e+09 Tdav = 0.00 T = 0.01
 <-- Site =    2-   3 .. Mmps =  285 Ndav =   1 E =     -3.7338036807 Error = 8.63e-14 FLOPS = 1.89e+09 Tdav = 0.00 T = 0.01
 <-- Site =    1-   2 .. Mmps =   65 Ndav =   1 E =     -3.7338036807 Error = 2.23e-16 FLOPS = 1.43e+09 Tdav = 0.00 T = 0.02
 <-- Site =    0-   1 .. Mmps =   12 Ndav =   1 E =     -3.7338036807 Error = 1.10e-16 FLOPS = 4.43e+07 Tdav = 0.00 T = 0.01
Time elapsed =      5.295 | E =      -3.7338036807 | DE = 0.00e+00 | DW = 8.62902e-14
Time sweep =        0.084 | 22.9 MFLOP/SWP
 | Tcomm = 0.000 | Tidle = 0.000 | Twait = 0.000 | Dmem = 2.55 MB (1%) | Imem = 61.4 KB (95%) | Hmem = 12.7 MB | Wmem = 13.8 KB | Pmem = 111 KB
 | Tread = 0.002 | Twrite = 0.005 | Tfpread = 0.002 | Tfpwrite = 0.004 | Tmporead = 0.000
 | data = 3.31 MB | cpsd = 2.58 MB | Tasync = 0.000
 | Trot = 0.004 | Tctr = 0.001 | Tint = 0.001 | Tmid = 0.001 | Tdctr = 0.001 | Tdiag = 0.011 | Tinfo = 0.002
 | Teff = 0.026 | Tprt = 0.018 | Teig = 0.017 | Tblk = 0.070 | Tmve = 0.014 | Tdm = 0.001 | Tsplt = 0.004 | Tsvd = 0.000 | Torth = 0.000

Sweep =   22 | Direction =  forward | Bond dimension = 2000 | Noise =  1.00e-07 | Dav threshold =  1.00e-07
 --> Site =    0-   1 .. Mmps =    3 Ndav =   1 E =     -3.7338036807 Error = 0.00e+00 FLOPS = 4.88e+07 Tdav = 0.00 T = 0.01
 --> Site =    1-   2 .. Mmps =   10 Ndav =   4 E =     -3.7338040751 Error = 0.00e+00 FLOPS = 2.66e+09 Tdav = 0.01 T = 0.02
 --> Site =    2-   3 .. Mmps =   35 Ndav =   2 E =     -3.7338041576 Error = 0.00e+00 FLOPS = 2.29e+09 Tdav = 0.00 T = 0.01
 --> Site =    3-   4 .. Mmps =  126 Ndav =   1 E =     -3.7338041576 Error = 0.00e+00 FLOPS = 1.21e+09 Tdav = 0.00 T = 0.01
 --> Site =    4-   5 .. Mmps =  257 Ndav =   1 E =     -3.7338041576 Error = 1.32e-13 FLOPS = 2.33e+09 Tdav = 0.00 T = 0.01
 --> Site =    5-   6 .. Mmps =   65 Ndav =   1 E =     -3.7338041576 Error = 2.39e-17 FLOPS = 1.07e+09 Tdav = 0.00 T = 0.02
 --> Site =    6-   7 .. Mmps =   12 Ndav =   1 E =     -3.7338041576 Error = 7.59e-17 FLOPS = 4.89e+07 Tdav = 0.00 T = 0.01
Time elapsed =      5.384 | E =      -3.7338041576 | DE = -4.77e-07 | DW = 1.32368e-13
Time sweep =        0.090 | 40.0 MFLOP/SWP
 | Tcomm = 0.000 | Tidle = 0.000 | Twait = 0.000 | Dmem = 2.50 MB (1%) | Imem = 61.4 KB (95%) | Hmem = 12.5 MB | Wmem = 13.8 KB | Pmem = 111 KB
 | Tread = 0.003 | Twrite = 0.003 | Tfpread = 0.003 | Tfpwrite = 0.003 | Tmporead = 0.000
 | data = 2.85 MB | cpsd = 2.22 MB | Tasync = 0.000
 | Trot = 0.004 | Tctr = 0.001 | Tint = 0.001 | Tmid = 0.001 | Tdctr = 0.001 | Tdiag = 0.011 | Tinfo = 0.002
 | Teff = 0.028 | Tprt = 0.018 | Teig = 0.024 | Tblk = 0.077 | Tmve = 0.012 | Tdm = 0.001 | Tsplt = 0.004 | Tsvd = 0.000 | Torth = 0.000

Sweep =   23 | Direction = backward | Bond dimension = 2000 | Noise =  1.00e-07 | Dav threshold =  1.00e-07
 <-- Site =    6-   7 .. Mmps =    3 Ndav =   1 E =     -3.7338041576 Error = 0.00e+00 FLOPS = 5.31e+07 Tdav = 0.00 T = 0.01
 <-- Site =    5-   6 .. Mmps =   10 Ndav =   1 E =     -3.7338041576 Error = 0.00e+00 FLOPS = 1.16e+09 Tdav = 0.00 T = 0.01
 <-- Site =    4-   5 .. Mmps =   35 Ndav =   1 E =     -3.7338041576 Error = 0.00e+00 FLOPS = 1.76e+09 Tdav = 0.00 T = 0.01
 <-- Site =    3-   4 .. Mmps =  126 Ndav =   1 E =     -3.7338041576 Error = 0.00e+00 FLOPS = 1.48e+09 Tdav = 0.00 T = 0.01
 <-- Site =    2-   3 .. Mmps =  255 Ndav =   1 E =     -3.7338041576 Error = 1.53e-13 FLOPS = 1.81e+09 Tdav = 0.00 T = 0.01
 <-- Site =    1-   2 .. Mmps =   65 Ndav =   1 E =     -3.7338041576 Error = 2.70e-17 FLOPS = 1.11e+09 Tdav = 0.00 T = 0.02
 <-- Site =    0-   1 .. Mmps =   12 Ndav =   1 E =     -3.7338041576 Error = 9.10e-17 FLOPS = 4.77e+07 Tdav = 0.00 T = 0.01
Time elapsed =      5.466 | E =      -3.7338041576 | DE = 1.07e-14 | DW = 1.53437e-13
Time sweep =        0.082 | 21.3 MFLOP/SWP
 | Tcomm = 0.000 | Tidle = 0.000 | Twait = 0.000 | Dmem = 2.06 MB (1%) | Imem = 61.4 KB (95%) | Hmem = 10.2 MB | Wmem = 13.8 KB | Pmem = 111 KB
 | Tread = 0.002 | Twrite = 0.003 | Tfpread = 0.002 | Tfpwrite = 0.003 | Tmporead = 0.000
 | data = 2.85 MB | cpsd = 2.22 MB | Tasync = 0.000
 | Trot = 0.004 | Tctr = 0.001 | Tint = 0.001 | Tmid = 0.001 | Tdctr = 0.001 | Tdiag = 0.011 | Tinfo = 0.002
 | Teff = 0.026 | Tprt = 0.017 | Teig = 0.018 | Tblk = 0.069 | Tmve = 0.012 | Tdm = 0.001 | Tsplt = 0.004 | Tsvd = 0.000 | Torth = 0.000

Sweep =   24 | Direction =  forward | Bond dimension = 2000 | Noise =  0.00e+00 | Dav threshold =  1.00e-08
 --> Site =    0-   1 .. Mmps =    3 Ndav =   1 E =     -3.7338041576 Error = 0.00e+00 FLOPS = 4.69e+07 Tdav = 0.00 T = 0.00
 --> Site =    1-   2 .. Mmps =   10 Ndav =   1 E =     -3.7338041576 Error = 0.00e+00 FLOPS = 1.59e+09 Tdav = 0.00 T = 0.01
 --> Site =    2-   3 .. Mmps =   35 Ndav =   2 E =     -3.7338041667 Error = 0.00e+00 FLOPS = 2.39e+09 Tdav = 0.00 T = 0.01
 --> Site =    3-   4 .. Mmps =  126 Ndav =   1 E =     -3.7338041667 Error = 0.00e+00 FLOPS = 1.45e+09 Tdav = 0.00 T = 0.01
 --> Site =    4-   5 .. Mmps =   35 Ndav =   1 E =     -3.7338041667 Error = 2.55e-17 FLOPS = 2.57e+09 Tdav = 0.00 T = 0.01
 --> Site =    5-   6 .. Mmps =   10 Ndav =   1 E =     -3.7338041667 Error = 6.10e-17 FLOPS = 5.54e+07 Tdav = 0.00 T = 0.01
 --> Site =    6-   7 .. Mmps =    3 Ndav =   1 E =     -3.7338041667 Error = 1.15e-16 FLOPS = 1.57e+06 Tdav = 0.00 T = 0.00
Time elapsed =      5.519 | E =      -3.7338041667 | DE = -9.04e-09 | DW = 1.15181e-16
Time sweep =        0.052 | 23.1 MFLOP/SWP
 | Tcomm = 0.000 | Tidle = 0.000 | Twait = 0.000 | Dmem = 2.04 MB (1%) | Imem = 61.4 KB (95%) | Hmem = 10.2 MB | Wmem = 13.8 KB | Pmem = 0 B
 | Tread = 0.002 | Twrite = 0.001 | Tfpread = 0.002 | Tfpwrite = 0.001 | Tmporead = 0.000
 | data = 765 KB | cpsd = 598 KB | Tasync = 0.000
 | Trot = 0.002 | Tctr = 0.001 | Tint = 0.001 | Tmid = 0.001 | Tdctr = 0.001 | Tdiag = 0.010 | Tinfo = 0.002
 | Teff = 0.023 | Tprt = 0.000 | Teig = 0.017 | Tblk = 0.043 | Tmve = 0.009 | Tdm = 0.000 | Tsplt = 0.001 | Tsvd = 0.000 | Torth = 0.000

Sweep =   25 | Direction = backward | Bond dimension = 2000 | Noise =  0.00e+00 | Dav threshold =  1.00e-08
 <-- Site =    6-   7 .. Mmps =    3 Ndav =   1 E =     -3.7338041667 Error = 0.00e+00 FLOPS = 1.66e+06 Tdav = 0.00 T = 0.00
 <-- Site =    5-   6 .. Mmps =   10 Ndav =   1 E =     -3.7338041667 Error = 0.00e+00 FLOPS = 3.97e+07 Tdav = 0.00 T = 0.01
 <-- Site =    4-   5 .. Mmps =   35 Ndav =   1 E =     -3.7338041667 Error = 0.00e+00 FLOPS = 1.69e+09 Tdav = 0.00 T = 0.01
 <-- Site =    3-   4 .. Mmps =  126 Ndav =   1 E =     -3.7338041667 Error = 0.00e+00 FLOPS = 1.24e+09 Tdav = 0.00 T = 0.01
 <-- Site =    2-   3 .. Mmps =   35 Ndav =   1 E =     -3.7338041667 Error = 5.22e-17 FLOPS = 2.02e+09 Tdav = 0.00 T = 0.01
 <-- Site =    1-   2 .. Mmps =   10 Ndav =   1 E =     -3.7338041667 Error = 2.78e-16 FLOPS = 5.78e+07 Tdav = 0.00 T = 0.01
 <-- Site =    0-   1 .. Mmps =    3 Ndav =   1 E =     -3.7338041667 Error = 6.24e-17 FLOPS = 1.75e+06 Tdav = 0.00 T = 0.00
Time elapsed =      5.569 | E =      -3.7338041667 | DE = -1.24e-14 | DW = 2.77625e-16
Time sweep =        0.051 | 14.4 MFLOP/SWP
 | Tcomm = 0.000 | Tidle = 0.000 | Twait = 0.000 | Dmem = 686 KB (4%) | Imem = 61.4 KB (95%) | Hmem = 4.81 MB | Wmem = 13.8 KB | Pmem = 0 B
 | Tread = 0.001 | Twrite = 0.003 | Tfpread = 0.001 | Tfpwrite = 0.002 | Tmporead = 0.000
 | data = 786 KB | cpsd = 612 KB | Tasync = 0.000
 | Trot = 0.002 | Tctr = 0.001 | Tint = 0.001 | Tmid = 0.001 | Tdctr = 0.001 | Tdiag = 0.011 | Tinfo = 0.002
 | Teff = 0.021 | Tprt = 0.000 | Teig = 0.016 | Tblk = 0.041 | Tmve = 0.010 | Tdm = 0.000 | Tsplt = 0.001 | Tsvd = 0.000 | Torth = 0.000

Sweep =   26 | Direction =  forward | Bond dimension = 2000 | Noise =  0.00e+00 | Dav threshold =  1.00e-08
 --> Site =    0-   1 .. Mmps =    3 Ndav =   1 E =     -3.7338041667 Error = 0.00e+00 FLOPS = 1.29e+06 Tdav = 0.00 T = 0.00
 --> Site =    1-   2 .. Mmps =   10 Ndav =   1 E =     -3.7338041667 Error = 0.00e+00 FLOPS = 6.07e+07 Tdav = 0.00 T = 0.00
 --> Site =    2-   3 .. Mmps =   35 Ndav =   1 E =     -3.7338041667 Error = 0.00e+00 FLOPS = 1.85e+09 Tdav = 0.00 T = 0.01
 --> Site =    3-   4 .. Mmps =  126 Ndav =   1 E =     -3.7338041667 Error = 0.00e+00 FLOPS = 1.30e+09 Tdav = 0.00 T = 0.01
 --> Site =    4-   5 .. Mmps =   35 Ndav =   1 E =     -3.7338041667 Error = 3.57e-17 FLOPS = 1.95e+09 Tdav = 0.00 T = 0.01
 --> Site =    5-   6 .. Mmps =   10 Ndav =   1 E =     -3.7338041667 Error = 3.60e-17 FLOPS = 5.93e+07 Tdav = 0.00 T = 0.01
 --> Site =    6-   7 .. Mmps =    3 Ndav =   1 E =     -3.7338041667 Error = 8.15e-17 FLOPS = 1.34e+06 Tdav = 0.00 T = 0.00
Time elapsed =      5.619 | E =      -3.7338041667 | DE = 1.78e-15 | DW = 8.15390e-17
Time sweep =        0.050 | 14.4 MFLOP/SWP
 | Tcomm = 0.000 | Tidle = 0.000 | Twait = 0.000 | Dmem = 686 KB (4%) | Imem = 61.4 KB (95%) | Hmem = 4.81 MB | Wmem = 13.8 KB | Pmem = 0 B
 | Tread = 0.001 | Twrite = 0.001 | Tfpread = 0.001 | Tfpwrite = 0.001 | Tmporead = 0.000
 | data = 765 KB | cpsd = 598 KB | Tasync = 0.000
 | Trot = 0.002 | Tctr = 0.001 | Tint = 0.001 | Tmid = 0.001 | Tdctr = 0.001 | Tdiag = 0.010 | Tinfo = 0.002
 | Teff = 0.021 | Tprt = 0.000 | Teig = 0.016 | Tblk = 0.040 | Tmve = 0.009 | Tdm = 0.000 | Tsplt = 0.001 | Tsvd = 0.000 | Torth = 0.000

Sweep =   27 | Direction = backward | Bond dimension = 2000 | Noise =  0.00e+00 | Dav threshold =  1.00e-08
 <-- Site =    6-   7 .. Mmps =    3 Ndav =   1 E =     -3.7338041667 Error = 0.00e+00 FLOPS = 1.73e+06 Tdav = 0.00 T = 0.00
 <-- Site =    5-   6 .. Mmps =   10 Ndav =   1 E =     -3.7338041667 Error = 0.00e+00 FLOPS = 6.34e+07 Tdav = 0.00 T = 0.00
 <-- Site =    4-   5 .. Mmps =   35 Ndav =   1 E =     -3.7338041667 Error = 0.00e+00 FLOPS = 2.06e+09 Tdav = 0.00 T = 0.01
 <-- Site =    3-   4 .. Mmps =  126 Ndav =   1 E =     -3.7338041667 Error = 0.00e+00 FLOPS = 1.39e+09 Tdav = 0.00 T = 0.01
 <-- Site =    2-   3 .. Mmps =   35 Ndav =   1 E =     -3.7338041667 Error = 2.79e-16 FLOPS = 2.45e+09 Tdav = 0.00 T = 0.01
 <-- Site =    1-   2 .. Mmps =   10 Ndav =   1 E =     -3.7338041667 Error = 3.07e-16 FLOPS = 5.89e+07 Tdav = 0.00 T = 0.01
 <-- Site =    0-   1 .. Mmps =    3 Ndav =   1 E =     -3.7338041667 Error = 8.68e-17 FLOPS = 1.73e+06 Tdav = 0.00 T = 0.00
Time elapsed =      5.665 | E =      -3.7338041667 | DE = -4.44e-15 | DW = 3.06915e-16
Time sweep =        0.046 | 14.4 MFLOP/SWP
 | Tcomm = 0.000 | Tidle = 0.000 | Twait = 0.000 | Dmem = 686 KB (4%) | Imem = 61.4 KB (95%) | Hmem = 4.81 MB | Wmem = 13.8 KB | Pmem = 0 B
 | Tread = 0.001 | Twrite = 0.001 | Tfpread = 0.001 | Tfpwrite = 0.001 | Tmporead = 0.000
 | data = 786 KB | cpsd = 612 KB | Tasync = 0.000
 | Trot = 0.002 | Tctr = 0.001 | Tint = 0.001 | Tmid = 0.001 | Tdctr = 0.001 | Tdiag = 0.010 | Tinfo = 0.002
 | Teff = 0.020 | Tprt = 0.000 | Teig = 0.014 | Tblk = 0.037 | Tmve = 0.009 | Tdm = 0.000 | Tsplt = 0.001 | Tsvd = 0.000 | Torth = 0.000


Sweep =    0 | Direction =  forward | Bond dimension = 2000 | Noise =  0.00e+00 | Dav threshold =  1.00e-08
 --> Site =    0 .. Mmps =    3 Ndav =   1 E =     -3.7338041667 Error = 0.00e+00 FLOPS = 6.55e+04 Tdav = 0.00 T = 0.00
 --> Site =    1 .. Mmps =   10 Ndav =   1 E =     -3.7338041667 Error = 0.00e+00 FLOPS = 1.12e+06 Tdav = 0.00 T = 0.01
 --> Site =    2 .. Mmps =   35 Ndav =   1 E =     -3.7338041667 Error = 0.00e+00 FLOPS = 4.32e+07 Tdav = 0.00 T = 0.01
 --> Site =    3 .. Mmps =  126 Ndav =   1 E =     -3.7338041667 Error = 0.00e+00 FLOPS = 1.16e+09 Tdav = 0.00 T = 0.01
 --> Site =    4 .. Mmps =   35 Ndav =   1 E =     -3.7338041667 Error = 2.22e-17 FLOPS = 1.64e+09 Tdav = 0.00 T = 0.01
 --> Site =    5 .. Mmps =   10 Ndav =   1 E =     -3.7338041667 Error = 5.22e-17 FLOPS = 3.23e+07 Tdav = 0.00 T = 0.01
 --> Site =    6 .. Mmps =    3 Ndav =   1 E =     -3.7338041667 Error = 8.98e-17 FLOPS = 1.23e+06 Tdav = 0.00 T = 0.01
 --> Site =    7 .. Mmps =    1 Ndav =   1 E =     -3.7338041667 Error = 3.33e-16 FLOPS = 6.03e+04 Tdav = 0.00 T = 0.00
Time elapsed =      5.720 | E =      -3.7338041667 | DW = 3.33067e-16
Time sweep =        0.055 | 9.00 MFLOP/SWP
 | Tcomm = 0.000 | Tidle = 0.000 | Twait = 0.000 | Dmem = 673 KB (2%) | Imem = 34.9 KB (92%) | Hmem = 1.67 MB | Wmem = 13.8 KB | Pmem = 0 B
 | Tread = 0.002 | Twrite = 0.003 | Tfpread = 0.002 | Tfpwrite = 0.003 | Tmporead = 0.000
 | data = 765 KB | cpsd = 643 KB | Tasync = 0.000
 | Trot = 0.002 | Tctr = 0.003 | Tint = 0.001 | Tmid = 0.001 | Tdctr = 0.001 | Tdiag = 0.014 | Tinfo = 0.002
 | Teff = 0.020 | Tprt = 0.000 | Teig = 0.017 | Tblk = 0.041 | Tmve = 0.013 | Tdm = 0.000 | Tsplt = 0.001 | Tsvd = 0.000 | Torth = 0.000

Sweep =    1 | Direction = backward | Bond dimension = 2000 | Noise =  0.00e+00 | Dav threshold =  1.00e-08
 <-- Site =    7 .. Mmps =    3 Ndav =   1 E =     -3.7338041667 Error = 0.00e+00 FLOPS = 6.30e+04 Tdav = 0.00 T = 0.00
 <-- Site =    6 .. Mmps =   10 Ndav =   1 E =     -3.7338041667 Error = 0.00e+00 FLOPS = 1.07e+06 Tdav = 0.00 T = 0.01
 <-- Site =    5 .. Mmps =   35 Ndav =   1 E =     -3.7338041667 Error = 0.00e+00 FLOPS = 3.79e+07 Tdav = 0.00 T = 0.01
 <-- Site =    4 .. Mmps =  126 Ndav =   1 E =     -3.7338041667 Error = 0.00e+00 FLOPS = 2.00e+09 Tdav = 0.00 T = 0.01
 <-- Site =    3 .. Mmps =   35 Ndav =   1 E =     -3.7338041667 Error = 1.37e-16 FLOPS = 1.15e+09 Tdav = 0.00 T = 0.01
 <-- Site =    2 .. Mmps =   10 Ndav =   1 E =     -3.7338041667 Error = 2.19e-16 FLOPS = 2.81e+07 Tdav = 0.00 T = 0.01
 <-- Site =    1 .. Mmps =    3 Ndav =   1 E =     -3.7338041667 Error = 5.15e-17 FLOPS = 8.30e+05 Tdav = 0.00 T = 0.01
 <-- Site =    0 .. Mmps =    1 Ndav =   1 E =     -3.7338041667 Error = 1.22e-17 FLOPS = 2.78e+04 Tdav = 0.00 T = 0.01
Time elapsed =      5.775 | E =      -3.7338041667 | DE = 3.55e-15 | DW = 2.19430e-16
Time sweep =        0.056 | 9.00 MFLOP/SWP
 | Tcomm = 0.000 | Tidle = 0.000 | Twait = 0.000 | Dmem = 673 KB (2%) | Imem = 34.9 KB (92%) | Hmem = 1.67 MB | Wmem = 13.8 KB | Pmem = 0 B
 | Tread = 0.002 | Twrite = 0.003 | Tfpread = 0.002 | Tfpwrite = 0.002 | Tmporead = 0.000
 | data = 747 KB | cpsd = 583 KB | Tasync = 0.000
 | Trot = 0.002 | Tctr = 0.003 | Tint = 0.001 | Tmid = 0.000 | Tdctr = 0.001 | Tdiag = 0.013 | Tinfo = 0.002
 | Teff = 0.020 | Tprt = 0.000 | Teig = 0.019 | Tblk = 0.043 | Tmve = 0.012 | Tdm = 0.000 | Tsplt = 0.001 | Tsvd = 0.000 | Torth = 0.000

Final canonical form =  SRRRRRRR 0
DMRG Energy =   -3.733804166686649
npdm string = ['((C+(C+D)0)1+D)0']

Build NPDM MPO | Nsites =     8 | Nmaxops =  4 | SymbolFree = T | Cutoff = 0.00e+00
  -- Parallel | Size =   1 | Rank =   0 | ExeModel = Distributed | Center =     4
 Site =     0 /     8 .. L =       15 (     15)  R =        1 (      1)* M =            0 Tmid = 0.000 T = 0.000
 Site =     1 /     8 .. L =       37 (     37)  R =      225 (    225)* M =          541 (         541 = 100%) Tmid = 0.000 T = 0.000
 Site =     2 /     8 .. L =       59 (     59)  R =      169 (    169)* M =         1251 (        1251 = 100%) Tmid = 0.000 T = 0.000
 Site =     3 /     8 .. L =       81 (     81)  R =      121 (    121)* M =         1501 (        1501 = 100%) Tmid = 0.000 T = 0.000
 Site =     4 /     8 .. L =      103 (    103)* R =       81 (     81)* M =         1411 (        1411 = 100%) Tmid = 0.000 T = 0.000
 Site =     5 /     8 .. L =      125 (    125)* R =       49 (     49)  M =         1101 (        1101 = 100%) Tmid = 0.000 T = 0.000
 Site =     6 /     8 .. L =      147 (    147)* R =       25 (     25)  M =          691 (         691 = 100%) Tmid = 0.000 T = 0.000
 Site =     7 /     8 .. L =        1 (      1)* R =       15 (     15)  M =          352 (         352 = 100%) Tmid = 0.000 T = 0.000
Ttotal =      0.001

Environment initialization | Nsites =     8 | Center =     0
 INIT-R <-- Site =    6 ..  Bmem =   176 B Rmem =   176 B T = 0.00
 INIT-R <-- Site =    5 ..  Bmem =   176 B Rmem = 2.44 KB T = 0.00
 INIT-R <-- Site =    4 ..  Bmem = 2.44 KB Rmem = 51.6 KB T = 0.00
 INIT-R <-- Site =    3 ..  Bmem = 51.6 KB Rmem = 0.98 MB T = 0.00
 INIT-R <-- Site =    2 ..  Bmem = 0.98 MB Rmem =  130 KB T = 0.00
 INIT-R <-- Site =    1 ..  Bmem =  130 KB Rmem = 16.6 KB T = 0.00
 INIT-R <-- Site =    0 ..  Bmem = 16.6 KB Rmem = 2.21 KB T = 0.00
Time init sweep =        0.012 | MaxBmem = 0.98 MB | MaxRmem =  130 KB
 | Tread = 0.000 | Twrite = 0.002 | Tfpread = 0.000 | Tfpwrite = 0.002 | data = 1.18 MB | cpsd = 1.00 MB | Tasync = 0.000


Expectation | Direction =  forward | BRA bond dimension =  303 | KET bond dimension =  303
 --> Site =    0 .. Nterms =          240 Error =  0.000000000000/ 0.000000000000 FLOPS = 9.49e+04 Tmult = 0.00 T = 0.00
 --> Site =    1 .. Nterms =          462 Error =  0.000000000000/ 0.000000000000 FLOPS = 9.99e+05 Tmult = 0.01 T = 0.01
 --> Site =    2 .. Nterms =          540 Error =  0.000000000000/ 0.000000000000 FLOPS = 1.95e+07 Tmult = 0.01 T = 0.01
 --> Site =    3 .. Nterms =          510 Error =  0.000000000000/ 0.000000000000 FLOPS = 4.77e+08 Tmult = 0.01 T = 0.02
 --> Site =    4 .. Nterms =          408 Error =  0.000000000000/ 0.000000000000 FLOPS = 2.50e+08 Tmult = 0.01 T = 0.02
 --> Site =    5 .. Nterms =          270 Error =  0.000000000000/ 0.000000000000 FLOPS = 6.09e+05 Tmult = 0.17 T = 0.28
 --> Site =    6 .. Nterms =          162 Error =  0.000000000000/ 0.000000000000 FLOPS = 6.42e+05 Tmult = 0.01 T = 0.01
 --> Site =    7 .. Nterms =            0 Error =  0.000000000000/ 0.000000000000 FLOPS = 0.00e+00 Tmult = 0.00 T = 0.00
Time elapsed =      0.347
Time sweep =        0.347 | 6.64 MFLOP/SWP
 | Tcomm = 0.000 | Tidle = 0.000 | Twait = 0.000
 | Dmem = 3.54 MB (9%) | Imem = 7.21 KB (63%) | Hmem = 3.25 MB | Wmem = 13.8 KB | MaxBmem = 1.03 MB | MaxRmem = 3.20 MB
 | Tread = 0.030 | Twrite = 0.037 | Tfpread = 0.030 | Tfpwrite = 0.036 | data = 4.71 MB | cpsd = 3.95 MB | Tasync = 0.000
 | Trot = 0.018 | Tctr = 0.003 | Tint = 0.013 | Tmid = 0.000 | Tdctr = 0.000 | Tdiag = 0.000 | Tinfo = 0.002
 | Teff = 0.050 | Texpt = 0.215 | Tblk = 0.347 | Tmve = 0.000

NPDM Sorting | Nsites =     8 | Nmaxops =  4 | DotSite = 0 | SymbolFree = T | Compressed = T | LowMem = F | Mem = 32.0 KB
 Site =     0 ..  T = 0.000
 Site =     1 ..  T = 0.000
 Site =     2 ..  T = 0.000
 Site =     3 ..  T = 0.000
 Site =     4 ..  T = 0.000
 Site =     5 ..  T = 0.000
 Site =     6 ..  T = 0.000
Ttotal =      0.001

MPI FINALIZE: rank 0 of 1
