[midway3-0542.rcc.local:3465253] mca_base_component_repository_open: unable to open mca_op_avx: /software/openmpi-4.1.0-el8-x86_64/lib/openmpi/mca_op_avx.so: undefined symbol: ompi_op_base_module_t_class (ignored)
MPI INIT: rank 0 of 1

********************************** INPUT START **********************************
nelec                                                            9
spin                                                             1
twodot_to_onedot                                                28
orbitals                                                   FCIDUMP
maxiter                                                         36
sweep_tol                                               1.0000e-07
outputlevel                                                      2
hf_occ                                                    integral
twopdm                                                            
prefix                                          /tmp/jobs/29444628
num_thrds                                                      128
mem                                                          500 g
schedule                  Sweep   0-   3 : Mmps =   200 Noise =    0.0001 DavTol =    0.0001
                          Sweep   4-   7 : Mmps =   400 Noise =    0.0001 DavTol =    0.0001
                          Sweep   8-  11 : Mmps =   800 Noise =    0.0001 DavTol =    0.0001
                          Sweep  12-  15 : Mmps =  1600 Noise =    0.0001 DavTol =    0.0001
                          Sweep  16-  17 : Mmps =  2000 Noise =    0.0001 DavTol =    0.0001
                          Sweep  18-  19 : Mmps =  2000 Noise =     1e-05 DavTol =     1e-05
                          Sweep  20-  21 : Mmps =  2000 Noise =     1e-06 DavTol =     1e-06
                          Sweep  22-  23 : Mmps =  2000 Noise =     1e-07 DavTol =     1e-07
                          Sweep  24-  35 : Mmps =  2000 Noise =         0 DavTol =     1e-08
irrep                                                            1
********************************** INPUT END   **********************************

SPIN ADAPTED - REAL DOMAIN - DOUBLE PREC
qc mpo type =  QCTypes.Conventional
 UseMainStack = 0 MinDiskUsage = 1 MinMemUsage = 0 IBuf = 0 OBuf = 0
 FPCompression: prec = 1.00e-16 chunk = 1024
 IMain = 0 B / 32.6 GB DMain = 0 B / 168 GB ISeco = 0 B / 14.0 GB DSeco = 0 B / 251 GB
 OpenMP = 1 TBB = 0 BLIS = 0 MKL = GNU 2020.0.1 SeqType = Tasked MKLIntLen = 8
 THREADING = 2 layers : Global | Operator BatchedGEMM 
 NUMBER : Global = 128 Operator = 128 Quanta = 0 MKL = 1
 COMPLEX = 1 SINGLE-PREC = 0 KSYMM = 0
using fiedler reorder =  [2 3 6 5 7 4 1 0]
read integral finished 0.1716333143413067
integral sym error =            0
MinMPOMemUsage =  False
MPS =  CCRRRRRR 0 2 < N=9 S=1/2 PG=0 >
GS INIT MPS BOND DIMS =       1     3    10    35   110    56    15     4     1
build mpo start ...
build mpo finished ... Tread = 0.000 Twrite = 0.000 T = 0.044
simpl mpo start ...
simpl mpo finished ... Tread = 0.000 Twrite = 0.000 T = 0.193
GS MPO BOND DIMS =      13    20    31    46    31    20    13     1
build 1pdm mpo 0.4214813783764839
build identity mpo 0.569097738713026
para mpo finished 0.5969196408987045
Environment initialization | Nsites =     8 | Center =     0
 INIT-R <-- Site =    5 ..  Bmem =   216 B Rmem =   216 B T = 0.06
 INIT-R <-- Site =    4 ..  Bmem = 2.66 KB Rmem = 2.66 KB T = 0.06
 INIT-R <-- Site =    3 ..  Bmem = 40.3 KB Rmem = 40.3 KB T = 0.08
 INIT-R <-- Site =    2 ..  Bmem =  657 KB Rmem =  546 KB T = 0.07
 INIT-R <-- Site =    1 ..  Bmem = 4.22 MB Rmem = 99.4 KB T = 0.07
 INIT-R <-- Site =    0 ..  Bmem =  701 KB Rmem = 5.86 KB T = 0.06
Time init sweep =        0.396 | MaxBmem = 4.22 MB | MaxRmem = 99.4 KB
 | Tread = 0.000 | Twrite = 0.149 | Tfpread = 0.000 | Tfpwrite = 0.148 | data = 735 KB | cpsd = 578 KB | Tasync = 0.000

env init finished 0.9944336079061031

Sweep =    0 | Direction =  forward | Bond dimension =  200 | Noise =  1.00e-04 | Dav threshold =  1.00e-04
 --> Site =    0-   1 .. Mmps =    3 Ndav =  13 E =     -1.9082906181 Error = 0.00e+00 FLOPS = 8.37e+04 Tdav = 1.07 T = 1.24
 --> Site =    1-   2 .. Mmps =   10 Ndav =  15 E =     -2.5155425654 Error = 0.00e+00 FLOPS = 1.07e+08 Tdav = 0.05 T = 0.25
 --> Site =    2-   3 .. Mmps =   35 Ndav =  17 E =     -3.5711336780 Error = 0.00e+00 FLOPS = 8.48e+08 Tdav = 0.16 T = 0.21
 --> Site =    3-   4 .. Mmps =  125 Ndav =   4 E =     -3.5733578953 Error = 0.00e+00 FLOPS = 7.44e+07 Tdav = 0.35 T = 0.62
 --> Site =    4-   5 .. Mmps =  200 Ndav =   1 E =     -3.5733578953 Error = 5.82e-09 FLOPS = 1.09e+08 Tdav = 0.08 T = 0.28
 --> Site =    5-   6 .. Mmps =   98 Ndav =   1 E =     -3.5733578956 Error = 2.60e-17 FLOPS = 3.44e+07 Tdav = 0.11 T = 0.28
 --> Site =    6-   7 .. Mmps =   18 Ndav =   1 E =     -3.5733578956 Error = 2.47e-16 FLOPS = 2.06e+06 Tdav = 0.10 T = 0.31
Time elapsed =      3.188 | E =      -3.5733578956 | DW = 5.82143e-09
Time sweep =        3.188 | 173 MFLOP/SWP
 | Tcomm = 0.000 | Tidle = 0.000 | Twait = 0.000 | Dmem = 1.20 MB (2%) | Imem = 65.4 KB (96%) | Hmem = 7.60 MB | Wmem = 18.4 KB | Pmem = 123 KB
 | Tread = 0.184 | Twrite = 0.098 | Tfpread = 0.184 | Tfpwrite = 0.098 | Tmporead = 0.000
 | data = 2.09 MB | cpsd = 1.64 MB | Tasync = 0.000
 | Trot = 0.051 | Tctr = 0.037 | Tint = 0.047 | Tmid = 0.013 | Tdctr = 0.096 | Tdiag = 0.324 | Tinfo = 0.002
 | Teff = 0.701 | Tprt = 0.240 | Teig = 1.925 | Tblk = 2.938 | Tmve = 0.249 | Tdm = 0.001 | Tsplt = 0.068 | Tsvd = 0.000 | Torth = 0.000

Sweep =    1 | Direction = backward | Bond dimension =  200 | Noise =  1.00e-04 | Dav threshold =  1.00e-04
 <-- Site =    6-   7 .. Mmps =    3 Ndav =   1 E =     -3.5733578956 Error = 0.00e+00 FLOPS = 2.10e+06 Tdav = 0.10 T = 0.23
 <-- Site =    5-   6 .. Mmps =   10 Ndav =   1 E =     -3.5733578956 Error = 0.00e+00 FLOPS = 9.86e+07 Tdav = 0.04 T = 0.23
 <-- Site =    4-   5 .. Mmps =   35 Ndav =   1 E =     -3.5733578956 Error = 0.00e+00 FLOPS = 2.95e+09 Tdav = 0.00 T = 0.01
 <-- Site =    3-   4 .. Mmps =  125 Ndav =   1 E =     -3.5733578956 Error = 0.00e+00 FLOPS = 1.94e+09 Tdav = 0.00 T = 0.01
 <-- Site =    2-   3 .. Mmps =  200 Ndav =   1 E =     -3.5733578956 Error = 5.37e-09 FLOPS = 2.89e+09 Tdav = 0.00 T = 0.01
 <-- Site =    1-   2 .. Mmps =   98 Ndav =   1 E =     -3.5733578958 Error = 4.21e-16 FLOPS = 1.75e+09 Tdav = 0.00 T = 0.01
 <-- Site =    0-   1 .. Mmps =   18 Ndav =   1 E =     -3.5733578958 Error = 1.62e-17 FLOPS = 1.07e+08 Tdav = 0.00 T = 0.01
Time elapsed =      3.718 | E =      -3.5733578958 | DE = -1.97e-10 | DW = 5.36852e-09
Time sweep =        0.530 | 30.5 MFLOP/SWP
 | Tcomm = 0.000 | Tidle = 0.000 | Twait = 0.000 | Dmem = 1.20 MB (2%) | Imem = 65.4 KB (96%) | Hmem = 7.69 MB | Wmem = 18.4 KB | Pmem = 123 KB
 | Tread = 0.051 | Twrite = 0.027 | Tfpread = 0.050 | Tfpwrite = 0.027 | Tmporead = 0.000
 | data = 2.12 MB | cpsd = 1.66 MB | Tasync = 0.000
 | Trot = 0.016 | Tctr = 0.001 | Tint = 0.014 | Tmid = 0.001 | Tdctr = 0.038 | Tdiag = 0.116 | Tinfo = 0.002
 | Teff = 0.229 | Tprt = 0.069 | Teig = 0.152 | Tblk = 0.469 | Tmve = 0.061 | Tdm = 0.001 | Tsplt = 0.015 | Tsvd = 0.000 | Torth = 0.000

Sweep =    2 | Direction =  forward | Bond dimension =  200 | Noise =  1.00e-04 | Dav threshold =  1.00e-04
 --> Site =    0-   1 .. Mmps =    3 Ndav =   1 E =     -3.5733578958 Error = 0.00e+00 FLOPS = 1.28e+08 Tdav = 0.00 T = 0.01
 --> Site =    1-   2 .. Mmps =   10 Ndav =   1 E =     -3.5733578958 Error = 0.00e+00 FLOPS = 1.18e+09 Tdav = 0.00 T = 0.01
 --> Site =    2-   3 .. Mmps =   35 Ndav =   1 E =     -3.5733578958 Error = 0.00e+00 FLOPS = 2.58e+09 Tdav = 0.00 T = 0.01
 --> Site =    3-   4 .. Mmps =  125 Ndav =   1 E =     -3.5733578958 Error = 0.00e+00 FLOPS = 1.73e+09 Tdav = 0.00 T = 0.01
 --> Site =    4-   5 .. Mmps =  200 Ndav =   1 E =     -3.5733578958 Error = 5.82e-09 FLOPS = 3.31e+09 Tdav = 0.00 T = 0.05
 --> Site =    5-   6 .. Mmps =   98 Ndav =   1 E =     -3.5733578961 Error = 6.77e-17 FLOPS = 3.67e+07 Tdav = 0.10 T = 0.31
 --> Site =    6-   7 .. Mmps =   18 Ndav =   1 E =     -3.5733578961 Error = 8.07e-17 FLOPS = 1.19e+08 Tdav = 0.00 T = 0.01
Time elapsed =      4.141 | E =      -3.5733578961 | DE = -2.93e-10 | DW = 5.81884e-09
Time sweep =        0.422 | 30.5 MFLOP/SWP
 | Tcomm = 0.000 | Tidle = 0.000 | Twait = 0.000 | Dmem = 1.20 MB (2%) | Imem = 65.4 KB (96%) | Hmem = 7.69 MB | Wmem = 18.4 KB | Pmem = 123 KB
 | Tread = 0.029 | Twrite = 0.027 | Tfpread = 0.029 | Tfpwrite = 0.027 | Tmporead = 0.000
 | data = 2.09 MB | cpsd = 1.64 MB | Tasync = 0.000
 | Trot = 0.019 | Tctr = 0.014 | Tint = 0.007 | Tmid = 0.001 | Tdctr = 0.013 | Tdiag = 0.068 | Tinfo = 0.003
 | Teff = 0.145 | Tprt = 0.058 | Teig = 0.117 | Tblk = 0.350 | Tmve = 0.072 | Tdm = 0.003 | Tsplt = 0.016 | Tsvd = 0.000 | Torth = 0.000

Sweep =    3 | Direction = backward | Bond dimension =  200 | Noise =  1.00e-04 | Dav threshold =  1.00e-04
 <-- Site =    6-   7 .. Mmps =    3 Ndav =   1 E =     -3.5733578961 Error = 0.00e+00 FLOPS = 1.34e+08 Tdav = 0.00 T = 0.01
 <-- Site =    5-   6 .. Mmps =   10 Ndav =   1 E =     -3.5733578961 Error = 0.00e+00 FLOPS = 3.56e+07 Tdav = 0.10 T = 0.26
 <-- Site =    4-   5 .. Mmps =   35 Ndav =   1 E =     -3.5733578961 Error = 0.00e+00 FLOPS = 8.75e+07 Tdav = 0.10 T = 0.26
 <-- Site =    3-   4 .. Mmps =  125 Ndav =   1 E =     -3.5733578961 Error = 0.00e+00 FLOPS = 6.30e+07 Tdav = 0.10 T = 0.33
 <-- Site =    2-   3 .. Mmps =  200 Ndav =   1 E =     -3.5733578961 Error = 5.37e-09 FLOPS = 2.98e+09 Tdav = 0.00 T = 0.03
 <-- Site =    1-   2 .. Mmps =   98 Ndav =   1 E =     -3.5733578963 Error = 6.90e-17 FLOPS = 1.34e+09 Tdav = 0.00 T = 0.01
 <-- Site =    0-   1 .. Mmps =   18 Ndav =   1 E =     -3.5733578963 Error = 3.11e-17 FLOPS = 1.38e+08 Tdav = 0.00 T = 0.01
Time elapsed =      5.053 | E =      -3.5733578963 | DE = -1.92e-10 | DW = 5.36664e-09
Time sweep =        0.912 | 30.5 MFLOP/SWP
 | Tcomm = 0.000 | Tidle = 0.000 | Twait = 0.000 | Dmem = 1.20 MB (2%) | Imem = 65.4 KB (96%) | Hmem = 7.69 MB | Wmem = 18.4 KB | Pmem = 123 KB
 | Tread = 0.073 | Twrite = 0.027 | Tfpread = 0.072 | Tfpwrite = 0.027 | Tmporead = 0.000
 | data = 2.12 MB | cpsd = 1.66 MB | Tasync = 0.000
 | Trot = 0.017 | Tctr = 0.022 | Tint = 0.011 | Tmid = 0.009 | Tdctr = 0.091 | Tdiag = 0.156 | Tinfo = 0.002
 | Teff = 0.314 | Tprt = 0.165 | Teig = 0.316 | Tblk = 0.823 | Tmve = 0.089 | Tdm = 0.001 | Tsplt = 0.024 | Tsvd = 0.000 | Torth = 0.000

Sweep =    4 | Direction =  forward | Bond dimension =  400 | Noise =  1.00e-04 | Dav threshold =  1.00e-04
 --> Site =    0-   1 .. Mmps =    3 Ndav =   1 E =     -3.5733578963 Error = 0.00e+00 FLOPS = 1.50e+08 Tdav = 0.00 T = 0.01
 --> Site =    1-   2 .. Mmps =   10 Ndav =   1 E =     -3.5733578963 Error = 0.00e+00 FLOPS = 1.71e+09 Tdav = 0.00 T = 0.01
 --> Site =    2-   3 .. Mmps =   35 Ndav =   1 E =     -3.5733578963 Error = 0.00e+00 FLOPS = 2.71e+09 Tdav = 0.00 T = 0.01
 --> Site =    3-   4 .. Mmps =  125 Ndav =   1 E =     -3.5733578963 Error = 0.00e+00 FLOPS = 2.02e+09 Tdav = 0.00 T = 0.01
 --> Site =    4-   5 .. Mmps =  299 Ndav =   1 E =     -3.5733578963 Error = 3.63e-19 FLOPS = 2.58e+09 Tdav = 0.00 T = 0.02
 --> Site =    5-   6 .. Mmps =   98 Ndav =   1 E =     -3.5733578963 Error = 6.15e-17 FLOPS = 1.28e+08 Tdav = 0.07 T = 0.21
 --> Site =    6-   7 .. Mmps =   18 Ndav =   1 E =     -3.5733578963 Error = 2.20e-16 FLOPS = 2.06e+06 Tdav = 0.10 T = 0.26
Time elapsed =      5.579 | E =      -3.5733578963 | DE = -2.49e-14 | DW = 2.19549e-16
Time sweep =        0.526 | 35.7 MFLOP/SWP
 | Tcomm = 0.000 | Tidle = 0.000 | Twait = 0.000 | Dmem = 2.71 MB (1%) | Imem = 65.4 KB (96%) | Hmem = 18.1 MB | Wmem = 18.4 KB | Pmem = 123 KB
 | Tread = 0.026 | Twrite = 0.030 | Tfpread = 0.026 | Tfpwrite = 0.030 | Tmporead = 0.000
 | data = 3.60 MB | cpsd = 2.81 MB | Tasync = 0.000
 | Trot = 0.010 | Tctr = 0.001 | Tint = 0.013 | Tmid = 0.001 | Tdctr = 0.013 | Tdiag = 0.116 | Tinfo = 0.002
 | Teff = 0.213 | Tprt = 0.057 | Teig = 0.188 | Tblk = 0.468 | Tmve = 0.058 | Tdm = 0.002 | Tsplt = 0.005 | Tsvd = 0.000 | Torth = 0.000

Sweep =    5 | Direction = backward | Bond dimension =  400 | Noise =  1.00e-04 | Dav threshold =  1.00e-04
 <-- Site =    6-   7 .. Mmps =    3 Ndav =   1 E =     -3.5733578963 Error = 0.00e+00 FLOPS = 1.49e+08 Tdav = 0.00 T = 0.01
 <-- Site =    5-   6 .. Mmps =   10 Ndav =   1 E =     -3.5733578963 Error = 0.00e+00 FLOPS = 1.98e+09 Tdav = 0.00 T = 0.02
 <-- Site =    4-   5 .. Mmps =   35 Ndav =   1 E =     -3.5733578963 Error = 0.00e+00 FLOPS = 2.99e+09 Tdav = 0.00 T = 0.01
 <-- Site =    3-   4 .. Mmps =  125 Ndav =   1 E =     -3.5733578963 Error = 0.00e+00 FLOPS = 2.02e+09 Tdav = 0.00 T = 0.01
 <-- Site =    2-   3 .. Mmps =  299 Ndav =   1 E =     -3.5733578963 Error = 6.53e-18 FLOPS = 3.30e+09 Tdav = 0.00 T = 0.04
 <-- Site =    1-   2 .. Mmps =   98 Ndav =   1 E =     -3.5733578963 Error = 3.35e-16 FLOPS = 6.29e+08 Tdav = 0.01 T = 0.21
 <-- Site =    0-   1 .. Mmps =   18 Ndav =   1 E =     -3.5733578963 Error = 4.22e-17 FLOPS = 2.13e+06 Tdav = 0.10 T = 0.17
Time elapsed =      6.048 | E =      -3.5733578963 | DE = 1.78e-15 | DW = 3.35293e-16
Time sweep =        0.469 | 40.8 MFLOP/SWP
 | Tcomm = 0.000 | Tidle = 0.000 | Twait = 0.000 | Dmem = 2.71 MB (1%) | Imem = 65.4 KB (96%) | Hmem = 18.1 MB | Wmem = 18.4 KB | Pmem = 123 KB
 | Tread = 0.027 | Twrite = 0.027 | Tfpread = 0.027 | Tfpwrite = 0.026 | Tmporead = 0.000
 | data = 3.62 MB | cpsd = 2.83 MB | Tasync = 0.000
 | Trot = 0.016 | Tctr = 0.012 | Tint = 0.014 | Tmid = 0.001 | Tdctr = 0.013 | Tdiag = 0.068 | Tinfo = 0.002
 | Teff = 0.150 | Tprt = 0.084 | Teig = 0.129 | Tblk = 0.397 | Tmve = 0.072 | Tdm = 0.002 | Tsplt = 0.029 | Tsvd = 0.000 | Torth = 0.000

Sweep =    6 | Direction =  forward | Bond dimension =  400 | Noise =  1.00e-04 | Dav threshold =  1.00e-04
 --> Site =    0-   1 .. Mmps =    3 Ndav =   1 E =     -3.5733578963 Error = 0.00e+00 FLOPS = 1.99e+06 Tdav = 0.11 T = 0.25
 --> Site =    1-   2 .. Mmps =   10 Ndav =   1 E =     -3.5733578963 Error = 0.00e+00 FLOPS = 8.87e+07 Tdav = 0.10 T = 0.36
 --> Site =    2-   3 .. Mmps =   35 Ndav =   1 E =     -3.5733578963 Error = 0.00e+00 FLOPS = 8.32e+07 Tdav = 0.11 T = 0.38
 --> Site =    3-   4 .. Mmps =  125 Ndav =   1 E =     -3.5733578963 Error = 0.00e+00 FLOPS = 6.93e+07 Tdav = 0.09 T = 0.31
 --> Site =    4-   5 .. Mmps =  299 Ndav =   1 E =     -3.5733578963 Error = 2.28e-19 FLOPS = 3.13e+09 Tdav = 0.00 T = 0.02
 --> Site =    5-   6 .. Mmps =   98 Ndav =   1 E =     -3.5733578963 Error = 1.18e-16 FLOPS = 2.56e+09 Tdav = 0.00 T = 0.02
 --> Site =    6-   7 .. Mmps =   18 Ndav =   1 E =     -3.5733578963 Error = 2.49e-16 FLOPS = 1.53e+08 Tdav = 0.00 T = 0.01
Time elapsed =      7.390 | E =      -3.5733578963 | DE = 1.78e-15 | DW = 2.49307e-16
Time sweep =        1.342 | 40.8 MFLOP/SWP
 | Tcomm = 0.000 | Tidle = 0.000 | Twait = 0.000 | Dmem = 2.71 MB (1%) | Imem = 65.4 KB (96%) | Hmem = 18.1 MB | Wmem = 18.4 KB | Pmem = 123 KB
 | Tread = 0.157 | Twrite = 0.081 | Tfpread = 0.157 | Tfpwrite = 0.081 | Tmporead = 0.000
 | data = 3.60 MB | cpsd = 2.81 MB | Tasync = 0.000
 | Trot = 0.040 | Tctr = 0.025 | Tint = 0.038 | Tmid = 0.001 | Tdctr = 0.121 | Tdiag = 0.215 | Tinfo = 0.002
 | Teff = 0.517 | Tprt = 0.179 | Teig = 0.416 | Tblk = 1.154 | Tmve = 0.188 | Tdm = 0.002 | Tsplt = 0.037 | Tsvd = 0.000 | Torth = 0.000

Sweep =    7 | Direction = backward | Bond dimension =  400 | Noise =  1.00e-04 | Dav threshold =  1.00e-04
 <-- Site =    6-   7 .. Mmps =    3 Ndav =   1 E =     -3.5733578963 Error = 0.00e+00 FLOPS = 1.51e+08 Tdav = 0.00 T = 0.00
 <-- Site =    5-   6 .. Mmps =   10 Ndav =   1 E =     -3.5733578963 Error = 0.00e+00 FLOPS = 2.39e+09 Tdav = 0.00 T = 0.01
 <-- Site =    4-   5 .. Mmps =   35 Ndav =   1 E =     -3.5733578963 Error = 0.00e+00 FLOPS = 3.45e+09 Tdav = 0.00 T = 0.01
 <-- Site =    3-   4 .. Mmps =  125 Ndav =   1 E =     -3.5733578963 Error = 0.00e+00 FLOPS = 2.16e+09 Tdav = 0.00 T = 0.01
 <-- Site =    2-   3 .. Mmps =  299 Ndav =   1 E =     -3.5733578963 Error = 1.45e-17 FLOPS = 3.51e+09 Tdav = 0.00 T = 0.01
 <-- Site =    1-   2 .. Mmps =   98 Ndav =   1 E =     -3.5733578963 Error = 4.26e-16 FLOPS = 3.31e+09 Tdav = 0.00 T = 0.02
 <-- Site =    0-   1 .. Mmps =   18 Ndav =   1 E =     -3.5733578963 Error = 2.96e-17 FLOPS = 1.58e+08 Tdav = 0.00 T = 0.01
Time elapsed =      7.479 | E =      -3.5733578963 | DE = -8.88e-16 | DW = 4.26263e-16
Time sweep =        0.089 | 40.8 MFLOP/SWP
 | Tcomm = 0.000 | Tidle = 0.000 | Twait = 0.000 | Dmem = 2.71 MB (1%) | Imem = 65.4 KB (96%) | Hmem = 18.1 MB | Wmem = 18.4 KB | Pmem = 123 KB
 | Tread = 0.002 | Twrite = 0.003 | Tfpread = 0.002 | Tfpwrite = 0.003 | Tmporead = 0.000
 | data = 3.62 MB | cpsd = 2.83 MB | Tasync = 0.000
 | Trot = 0.004 | Tctr = 0.001 | Tint = 0.001 | Tmid = 0.000 | Tdctr = 0.001 | Tdiag = 0.012 | Tinfo = 0.002
 | Teff = 0.030 | Tprt = 0.019 | Teig = 0.017 | Tblk = 0.076 | Tmve = 0.012 | Tdm = 0.002 | Tsplt = 0.005 | Tsvd = 0.000 | Torth = 0.000

Sweep =    8 | Direction =  forward | Bond dimension =  800 | Noise =  1.00e-04 | Dav threshold =  1.00e-04
 --> Site =    0-   1 .. Mmps =    3 Ndav =   1 E =     -3.5733578963 Error = 0.00e+00 FLOPS = 1.47e+08 Tdav = 0.00 T = 0.01
 --> Site =    1-   2 .. Mmps =   10 Ndav =   1 E =     -3.5733578963 Error = 0.00e+00 FLOPS = 2.07e+09 Tdav = 0.00 T = 0.02
 --> Site =    2-   3 .. Mmps =   35 Ndav =   1 E =     -3.5733578963 Error = 0.00e+00 FLOPS = 3.51e+09 Tdav = 0.00 T = 0.01
 --> Site =    3-   4 .. Mmps =  125 Ndav =   1 E =     -3.5733578963 Error = 0.00e+00 FLOPS = 1.69e+09 Tdav = 0.00 T = 0.01
 --> Site =    4-   5 .. Mmps =  299 Ndav =   1 E =     -3.5733578963 Error = 3.48e-19 FLOPS = 3.10e+09 Tdav = 0.00 T = 0.02
 --> Site =    5-   6 .. Mmps =   98 Ndav =   1 E =     -3.5733578963 Error = 6.99e-17 FLOPS = 2.26e+09 Tdav = 0.00 T = 0.02
 --> Site =    6-   7 .. Mmps =   18 Ndav =   1 E =     -3.5733578963 Error = 4.97e-16 FLOPS = 1.38e+08 Tdav = 0.00 T = 0.01
Time elapsed =      7.578 | E =      -3.5733578963 | DE = -7.99e-15 | DW = 4.96855e-16
Time sweep =        0.099 | 40.8 MFLOP/SWP
 | Tcomm = 0.000 | Tidle = 0.000 | Twait = 0.000 | Dmem = 2.71 MB (1%) | Imem = 65.4 KB (96%) | Hmem = 18.1 MB | Wmem = 18.4 KB | Pmem = 123 KB
 | Tread = 0.002 | Twrite = 0.003 | Tfpread = 0.002 | Tfpwrite = 0.003 | Tmporead = 0.000
 | data = 3.60 MB | cpsd = 2.81 MB | Tasync = 0.000
 | Trot = 0.004 | Tctr = 0.001 | Tint = 0.001 | Tmid = 0.001 | Tdctr = 0.001 | Tdiag = 0.012 | Tinfo = 0.002
 | Teff = 0.032 | Tprt = 0.023 | Teig = 0.021 | Tblk = 0.085 | Tmve = 0.013 | Tdm = 0.001 | Tsplt = 0.005 | Tsvd = 0.000 | Torth = 0.000

Sweep =    9 | Direction = backward | Bond dimension =  800 | Noise =  1.00e-04 | Dav threshold =  1.00e-04
 <-- Site =    6-   7 .. Mmps =    3 Ndav =   1 E =     -3.5733578963 Error = 0.00e+00 FLOPS = 1.53e+08 Tdav = 0.00 T = 0.00
 <-- Site =    5-   6 .. Mmps =   10 Ndav =   1 E =     -3.5733578963 Error = 0.00e+00 FLOPS = 1.96e+09 Tdav = 0.00 T = 0.02
 <-- Site =    4-   5 .. Mmps =   35 Ndav =   1 E =     -3.5733578963 Error = 0.00e+00 FLOPS = 3.23e+09 Tdav = 0.00 T = 0.01
 <-- Site =    3-   4 .. Mmps =  125 Ndav =   1 E =     -3.5733578963 Error = 0.00e+00 FLOPS = 1.85e+09 Tdav = 0.00 T = 0.02
 <-- Site =    2-   3 .. Mmps =  299 Ndav =   1 E =     -3.5733578963 Error = 5.98e-17 FLOPS = 3.33e+09 Tdav = 0.00 T = 0.02
 <-- Site =    1-   2 .. Mmps =   98 Ndav =   1 E =     -3.5733578963 Error = 3.99e-16 FLOPS = 2.26e+09 Tdav = 0.00 T = 0.02
 <-- Site =    0-   1 .. Mmps =   18 Ndav =   1 E =     -3.5733578963 Error = 4.54e-17 FLOPS = 1.37e+08 Tdav = 0.00 T = 0.01
Time elapsed =      7.677 | E =      -3.5733578963 | DE = 7.11e-15 | DW = 3.99350e-16
Time sweep =        0.099 | 40.8 MFLOP/SWP
 | Tcomm = 0.000 | Tidle = 0.000 | Twait = 0.000 | Dmem = 2.71 MB (1%) | Imem = 65.4 KB (96%) | Hmem = 18.1 MB | Wmem = 18.4 KB | Pmem = 123 KB
 | Tread = 0.002 | Twrite = 0.005 | Tfpread = 0.002 | Tfpwrite = 0.005 | Tmporead = 0.000
 | data = 3.62 MB | cpsd = 2.83 MB | Tasync = 0.000
 | Trot = 0.004 | Tctr = 0.002 | Tint = 0.001 | Tmid = 0.001 | Tdctr = 0.001 | Tdiag = 0.012 | Tinfo = 0.002
 | Teff = 0.031 | Tprt = 0.021 | Teig = 0.021 | Tblk = 0.083 | Tmve = 0.016 | Tdm = 0.002 | Tsplt = 0.005 | Tsvd = 0.000 | Torth = 0.000

Sweep =   10 | Direction =  forward | Bond dimension =  800 | Noise =  1.00e-04 | Dav threshold =  1.00e-04
 --> Site =    0-   1 .. Mmps =    3 Ndav =   1 E =     -3.5733578963 Error = 0.00e+00 FLOPS = 1.45e+08 Tdav = 0.00 T = 0.01
 --> Site =    1-   2 .. Mmps =   10 Ndav =   1 E =     -3.5733578963 Error = 0.00e+00 FLOPS = 2.58e+09 Tdav = 0.00 T = 0.01
 --> Site =    2-   3 .. Mmps =   35 Ndav =   1 E =     -3.5733578963 Error = 0.00e+00 FLOPS = 3.60e+09 Tdav = 0.00 T = 0.01
 --> Site =    3-   4 .. Mmps =  125 Ndav =   1 E =     -3.5733578963 Error = 0.00e+00 FLOPS = 1.96e+09 Tdav = 0.00 T = 0.01
 --> Site =    4-   5 .. Mmps =  299 Ndav =   1 E =     -3.5733578963 Error = 5.22e-19 FLOPS = 2.89e+09 Tdav = 0.00 T = 0.02
 --> Site =    5-   6 .. Mmps =   98 Ndav =   1 E =     -3.5733578963 Error = 5.71e-17 FLOPS = 8.93e+07 Tdav = 0.10 T = 0.25
 --> Site =    6-   7 .. Mmps =   18 Ndav =   1 E =     -3.5733578963 Error = 2.04e-16 FLOPS = 1.43e+08 Tdav = 0.00 T = 0.01
Time elapsed =      7.992 | E =      -3.5733578963 | DE = -7.99e-15 | DW = 2.04454e-16
Time sweep =        0.315 | 40.8 MFLOP/SWP
 | Tcomm = 0.000 | Tidle = 0.000 | Twait = 0.000 | Dmem = 2.71 MB (1%) | Imem = 65.4 KB (96%) | Hmem = 18.1 MB | Wmem = 18.4 KB | Pmem = 123 KB
 | Tread = 0.021 | Twrite = 0.004 | Tfpread = 0.020 | Tfpwrite = 0.004 | Tmporead = 0.000
 | data = 3.60 MB | cpsd = 2.81 MB | Tasync = 0.000
 | Trot = 0.004 | Tctr = 0.001 | Tint = 0.001 | Tmid = 0.001 | Tdctr = 0.013 | Tdiag = 0.061 | Tinfo = 0.002
 | Teff = 0.133 | Tprt = 0.040 | Teig = 0.118 | Tblk = 0.301 | Tmve = 0.014 | Tdm = 0.002 | Tsplt = 0.005 | Tsvd = 0.000 | Torth = 0.000

Sweep =   11 | Direction = backward | Bond dimension =  800 | Noise =  1.00e-04 | Dav threshold =  1.00e-04
 <-- Site =    6-   7 .. Mmps =    3 Ndav =   1 E =     -3.5733578963 Error = 0.00e+00 FLOPS = 1.18e+08 Tdav = 0.00 T = 0.01
 <-- Site =    5-   6 .. Mmps =   10 Ndav =   1 E =     -3.5733578963 Error = 0.00e+00 FLOPS = 2.16e+09 Tdav = 0.00 T = 0.02
 <-- Site =    4-   5 .. Mmps =   35 Ndav =   1 E =     -3.5733578963 Error = 0.00e+00 FLOPS = 2.66e+09 Tdav = 0.00 T = 0.01
 <-- Site =    3-   4 .. Mmps =  125 Ndav =   1 E =     -3.5733578963 Error = 0.00e+00 FLOPS = 1.76e+09 Tdav = 0.00 T = 0.01
 <-- Site =    2-   3 .. Mmps =  299 Ndav =   1 E =     -3.5733578963 Error = 2.23e-17 FLOPS = 3.70e+09 Tdav = 0.00 T = 0.01
 <-- Site =    1-   2 .. Mmps =   98 Ndav =   1 E =     -3.5733578963 Error = 2.58e-16 FLOPS = 2.75e+09 Tdav = 0.00 T = 0.02
 <-- Site =    0-   1 .. Mmps =   18 Ndav =   1 E =     -3.5733578963 Error = 5.62e-17 FLOPS = 1.56e+08 Tdav = 0.00 T = 0.01
Time elapsed =      8.087 | E =      -3.5733578963 | DE = 2.66e-15 | DW = 2.58096e-16
Time sweep =        0.094 | 40.8 MFLOP/SWP
 | Tcomm = 0.000 | Tidle = 0.000 | Twait = 0.000 | Dmem = 2.71 MB (1%) | Imem = 65.4 KB (96%) | Hmem = 18.1 MB | Wmem = 18.4 KB | Pmem = 123 KB
 | Tread = 0.002 | Twrite = 0.003 | Tfpread = 0.002 | Tfpwrite = 0.002 | Tmporead = 0.000
 | data = 3.62 MB | cpsd = 2.83 MB | Tasync = 0.000
 | Trot = 0.004 | Tctr = 0.001 | Tint = 0.001 | Tmid = 0.001 | Tdctr = 0.001 | Tdiag = 0.013 | Tinfo = 0.002
 | Teff = 0.032 | Tprt = 0.019 | Teig = 0.020 | Tblk = 0.082 | Tmve = 0.012 | Tdm = 0.002 | Tsplt = 0.005 | Tsvd = 0.000 | Torth = 0.000

Sweep =   12 | Direction =  forward | Bond dimension = 1600 | Noise =  1.00e-04 | Dav threshold =  1.00e-04
 --> Site =    0-   1 .. Mmps =    3 Ndav =   1 E =     -3.5733578963 Error = 0.00e+00 FLOPS = 1.48e+08 Tdav = 0.00 T = 0.00
 --> Site =    1-   2 .. Mmps =   10 Ndav =   1 E =     -3.5733578963 Error = 0.00e+00 FLOPS = 3.29e+09 Tdav = 0.00 T = 0.01
 --> Site =    2-   3 .. Mmps =   35 Ndav =   1 E =     -3.5733578963 Error = 0.00e+00 FLOPS = 3.37e+09 Tdav = 0.00 T = 0.01
 --> Site =    3-   4 .. Mmps =  125 Ndav =   1 E =     -3.5733578963 Error = 0.00e+00 FLOPS = 1.48e+09 Tdav = 0.00 T = 0.01
 --> Site =    4-   5 .. Mmps =  299 Ndav =   1 E =     -3.5733578963 Error = 6.33e-19 FLOPS = 3.51e+09 Tdav = 0.00 T = 0.01
 --> Site =    5-   6 .. Mmps =   98 Ndav =   1 E =     -3.5733578963 Error = 7.19e-17 FLOPS = 2.51e+09 Tdav = 0.00 T = 0.02
 --> Site =    6-   7 .. Mmps =   18 Ndav =   1 E =     -3.5733578963 Error = 3.66e-17 FLOPS = 1.57e+08 Tdav = 0.00 T = 0.01
Time elapsed =      8.175 | E =      -3.5733578963 | DE = 8.88e-16 | DW = 7.19390e-17
Time sweep =        0.088 | 40.8 MFLOP/SWP
 | Tcomm = 0.000 | Tidle = 0.000 | Twait = 0.000 | Dmem = 2.71 MB (1%) | Imem = 65.4 KB (96%) | Hmem = 18.1 MB | Wmem = 18.4 KB | Pmem = 123 KB
 | Tread = 0.002 | Twrite = 0.003 | Tfpread = 0.002 | Tfpwrite = 0.003 | Tmporead = 0.000
 | data = 3.60 MB | cpsd = 2.81 MB | Tasync = 0.000
 | Trot = 0.003 | Tctr = 0.001 | Tint = 0.001 | Tmid = 0.001 | Tdctr = 0.001 | Tdiag = 0.012 | Tinfo = 0.002
 | Teff = 0.030 | Tprt = 0.017 | Teig = 0.019 | Tblk = 0.076 | Tmve = 0.012 | Tdm = 0.001 | Tsplt = 0.005 | Tsvd = 0.000 | Torth = 0.000

Sweep =   13 | Direction = backward | Bond dimension = 1600 | Noise =  1.00e-04 | Dav threshold =  1.00e-04
 <-- Site =    6-   7 .. Mmps =    3 Ndav =   1 E =     -3.5733578963 Error = 0.00e+00 FLOPS = 1.32e+08 Tdav = 0.00 T = 0.01
 <-- Site =    5-   6 .. Mmps =   10 Ndav =   1 E =     -3.5733578963 Error = 0.00e+00 FLOPS = 2.26e+09 Tdav = 0.00 T = 0.02
 <-- Site =    4-   5 .. Mmps =   35 Ndav =   1 E =     -3.5733578963 Error = 0.00e+00 FLOPS = 3.47e+09 Tdav = 0.00 T = 0.01
 <-- Site =    3-   4 .. Mmps =  125 Ndav =   1 E =     -3.5733578963 Error = 0.00e+00 FLOPS = 1.95e+09 Tdav = 0.00 T = 0.01
 <-- Site =    2-   3 .. Mmps =  299 Ndav =   1 E =     -3.5733578963 Error = 1.96e-17 FLOPS = 3.39e+09 Tdav = 0.00 T = 0.01
 <-- Site =    1-   2 .. Mmps =   98 Ndav =   1 E =     -3.5733578963 Error = 4.42e-16 FLOPS = 3.53e+09 Tdav = 0.00 T = 0.02
 <-- Site =    0-   1 .. Mmps =   18 Ndav =   1 E =     -3.5733578963 Error = 3.23e-17 FLOPS = 1.13e+08 Tdav = 0.00 T = 0.01
Time elapsed =      8.279 | E =      -3.5733578963 | DE = 3.55e-15 | DW = 4.42445e-16
Time sweep =        0.104 | 40.8 MFLOP/SWP
 | Tcomm = 0.000 | Tidle = 0.000 | Twait = 0.000 | Dmem = 2.71 MB (1%) | Imem = 65.4 KB (96%) | Hmem = 18.1 MB | Wmem = 18.4 KB | Pmem = 123 KB
 | Tread = 0.002 | Twrite = 0.006 | Tfpread = 0.002 | Tfpwrite = 0.005 | Tmporead = 0.000
 | data = 3.62 MB | cpsd = 2.83 MB | Tasync = 0.000
 | Trot = 0.003 | Tctr = 0.001 | Tint = 0.001 | Tmid = 0.001 | Tdctr = 0.001 | Tdiag = 0.020 | Tinfo = 0.002
 | Teff = 0.039 | Tprt = 0.021 | Teig = 0.019 | Tblk = 0.089 | Tmve = 0.015 | Tdm = 0.001 | Tsplt = 0.005 | Tsvd = 0.000 | Torth = 0.000

Sweep =   14 | Direction =  forward | Bond dimension = 1600 | Noise =  1.00e-04 | Dav threshold =  1.00e-04
 --> Site =    0-   1 .. Mmps =    3 Ndav =   1 E =     -3.5733578963 Error = 0.00e+00 FLOPS = 1.16e+08 Tdav = 0.00 T = 0.01
 --> Site =    1-   2 .. Mmps =   10 Ndav =   1 E =     -3.5733578963 Error = 0.00e+00 FLOPS = 3.30e+09 Tdav = 0.00 T = 0.01
 --> Site =    2-   3 .. Mmps =   35 Ndav =   1 E =     -3.5733578963 Error = 0.00e+00 FLOPS = 2.91e+09 Tdav = 0.00 T = 0.01
 --> Site =    3-   4 .. Mmps =  125 Ndav =   1 E =     -3.5733578963 Error = 0.00e+00 FLOPS = 2.13e+09 Tdav = 0.00 T = 0.01
 --> Site =    4-   5 .. Mmps =  299 Ndav =   1 E =     -3.5733578963 Error = 3.22e-19 FLOPS = 3.54e+09 Tdav = 0.00 T = 0.01
 --> Site =    5-   6 .. Mmps =   98 Ndav =   1 E =     -3.5733578963 Error = 6.23e-17 FLOPS = 2.84e+09 Tdav = 0.00 T = 0.02
 --> Site =    6-   7 .. Mmps =   18 Ndav =   1 E =     -3.5733578963 Error = 1.21e-16 FLOPS = 1.05e+08 Tdav = 0.00 T = 0.01
Time elapsed =      8.370 | E =      -3.5733578963 | DE = -8.88e-16 | DW = 1.20618e-16
Time sweep =        0.091 | 40.8 MFLOP/SWP
 | Tcomm = 0.000 | Tidle = 0.000 | Twait = 0.000 | Dmem = 2.71 MB (1%) | Imem = 65.4 KB (96%) | Hmem = 18.1 MB | Wmem = 18.4 KB | Pmem = 123 KB
 | Tread = 0.002 | Twrite = 0.003 | Tfpread = 0.002 | Tfpwrite = 0.003 | Tmporead = 0.000
 | data = 3.60 MB | cpsd = 2.81 MB | Tasync = 0.000
 | Trot = 0.003 | Tctr = 0.001 | Tint = 0.001 | Tmid = 0.001 | Tdctr = 0.001 | Tdiag = 0.012 | Tinfo = 0.002
 | Teff = 0.031 | Tprt = 0.020 | Teig = 0.018 | Tblk = 0.079 | Tmve = 0.012 | Tdm = 0.001 | Tsplt = 0.005 | Tsvd = 0.000 | Torth = 0.000

Sweep =   15 | Direction = backward | Bond dimension = 1600 | Noise =  1.00e-04 | Dav threshold =  1.00e-04
 <-- Site =    6-   7 .. Mmps =    3 Ndav =   1 E =     -3.5733578963 Error = 0.00e+00 FLOPS = 1.39e+08 Tdav = 0.00 T = 0.01
 <-- Site =    5-   6 .. Mmps =   10 Ndav =   1 E =     -3.5733578963 Error = 0.00e+00 FLOPS = 2.40e+09 Tdav = 0.00 T = 0.02
 <-- Site =    4-   5 .. Mmps =   35 Ndav =   1 E =     -3.5733578963 Error = 0.00e+00 FLOPS = 3.62e+09 Tdav = 0.00 T = 0.01
 <-- Site =    3-   4 .. Mmps =  125 Ndav =   1 E =     -3.5733578963 Error = 0.00e+00 FLOPS = 1.75e+09 Tdav = 0.00 T = 0.02
 <-- Site =    2-   3 .. Mmps =  299 Ndav =   1 E =     -3.5733578963 Error = 5.39e-17 FLOPS = 3.64e+09 Tdav = 0.00 T = 0.01
 <-- Site =    1-   2 .. Mmps =   98 Ndav =   1 E =     -3.5733578963 Error = 3.62e-16 FLOPS = 3.10e+09 Tdav = 0.00 T = 0.02
 <-- Site =    0-   1 .. Mmps =   18 Ndav =   1 E =     -3.5733578963 Error = 3.70e-17 FLOPS = 1.43e+08 Tdav = 0.00 T = 0.01
Time elapsed =      8.463 | E =      -3.5733578963 | DE = 1.78e-15 | DW = 3.61671e-16
Time sweep =        0.092 | 40.8 MFLOP/SWP
 | Tcomm = 0.000 | Tidle = 0.000 | Twait = 0.000 | Dmem = 2.71 MB (1%) | Imem = 65.4 KB (96%) | Hmem = 18.1 MB | Wmem = 18.4 KB | Pmem = 123 KB
 | Tread = 0.002 | Twrite = 0.003 | Tfpread = 0.002 | Tfpwrite = 0.003 | Tmporead = 0.000
 | data = 3.62 MB | cpsd = 2.83 MB | Tasync = 0.000
 | Trot = 0.004 | Tctr = 0.001 | Tint = 0.001 | Tmid = 0.001 | Tdctr = 0.001 | Tdiag = 0.013 | Tinfo = 0.002
 | Teff = 0.032 | Tprt = 0.019 | Teig = 0.018 | Tblk = 0.079 | Tmve = 0.013 | Tdm = 0.002 | Tsplt = 0.005 | Tsvd = 0.000 | Torth = 0.000

Sweep =   16 | Direction =  forward | Bond dimension = 2000 | Noise =  1.00e-04 | Dav threshold =  1.00e-04
 --> Site =    0-   1 .. Mmps =    3 Ndav =   1 E =     -3.5733578963 Error = 0.00e+00 FLOPS = 1.52e+08 Tdav = 0.00 T = 0.00
 --> Site =    1-   2 .. Mmps =   10 Ndav =   1 E =     -3.5733578963 Error = 0.00e+00 FLOPS = 2.70e+09 Tdav = 0.00 T = 0.01
 --> Site =    2-   3 .. Mmps =   35 Ndav =   1 E =     -3.5733578963 Error = 0.00e+00 FLOPS = 2.93e+09 Tdav = 0.00 T = 0.01
 --> Site =    3-   4 .. Mmps =  125 Ndav =   1 E =     -3.5733578963 Error = 0.00e+00 FLOPS = 2.05e+09 Tdav = 0.00 T = 0.01
 --> Site =    4-   5 .. Mmps =  299 Ndav =   1 E =     -3.5733578963 Error = 4.74e-19 FLOPS = 2.48e+09 Tdav = 0.00 T = 0.02
 --> Site =    5-   6 .. Mmps =   98 Ndav =   1 E =     -3.5733578963 Error = 2.59e-17 FLOPS = 2.25e+09 Tdav = 0.00 T = 0.02
 --> Site =    6-   7 .. Mmps =   18 Ndav =   1 E =     -3.5733578963 Error = 5.02e-17 FLOPS = 1.46e+08 Tdav = 0.00 T = 0.01
Time elapsed =      8.555 | E =      -3.5733578963 | DE = -3.55e-15 | DW = 5.02025e-17
Time sweep =        0.092 | 40.8 MFLOP/SWP
 | Tcomm = 0.000 | Tidle = 0.000 | Twait = 0.000 | Dmem = 2.71 MB (1%) | Imem = 65.4 KB (96%) | Hmem = 18.1 MB | Wmem = 18.4 KB | Pmem = 123 KB
 | Tread = 0.002 | Twrite = 0.003 | Tfpread = 0.002 | Tfpwrite = 0.003 | Tmporead = 0.000
 | data = 3.60 MB | cpsd = 2.81 MB | Tasync = 0.000
 | Trot = 0.004 | Tctr = 0.001 | Tint = 0.001 | Tmid = 0.001 | Tdctr = 0.001 | Tdiag = 0.011 | Tinfo = 0.002
 | Teff = 0.030 | Tprt = 0.019 | Teig = 0.020 | Tblk = 0.079 | Tmve = 0.013 | Tdm = 0.002 | Tsplt = 0.005 | Tsvd = 0.000 | Torth = 0.000

Sweep =   17 | Direction = backward | Bond dimension = 2000 | Noise =  1.00e-04 | Dav threshold =  1.00e-04
 <-- Site =    6-   7 .. Mmps =    3 Ndav =   1 E =     -3.5733578963 Error = 0.00e+00 FLOPS = 1.30e+08 Tdav = 0.00 T = 0.00
 <-- Site =    5-   6 .. Mmps =   10 Ndav =   1 E =     -3.5733578963 Error = 0.00e+00 FLOPS = 2.70e+09 Tdav = 0.00 T = 0.01
 <-- Site =    4-   5 .. Mmps =   35 Ndav =   1 E =     -3.5733578963 Error = 0.00e+00 FLOPS = 3.29e+09 Tdav = 0.00 T = 0.01
 <-- Site =    3-   4 .. Mmps =  125 Ndav =   1 E =     -3.5733578963 Error = 0.00e+00 FLOPS = 1.86e+09 Tdav = 0.00 T = 0.01
 <-- Site =    2-   3 .. Mmps =  299 Ndav =   1 E =     -3.5733578963 Error = 1.04e-17 FLOPS = 3.05e+09 Tdav = 0.00 T = 0.02
 <-- Site =    1-   2 .. Mmps =   98 Ndav =   1 E =     -3.5733578963 Error = 4.95e-16 FLOPS = 2.72e+09 Tdav = 0.00 T = 0.02
 <-- Site =    0-   1 .. Mmps =   18 Ndav =   1 E =     -3.5733578963 Error = 2.13e-17 FLOPS = 1.46e+08 Tdav = 0.00 T = 0.01
Time elapsed =      8.650 | E =      -3.5733578963 | DE = 0.00e+00 | DW = 4.94580e-16
Time sweep =        0.095 | 40.8 MFLOP/SWP
 | Tcomm = 0.000 | Tidle = 0.000 | Twait = 0.000 | Dmem = 2.71 MB (1%) | Imem = 65.4 KB (96%) | Hmem = 18.1 MB | Wmem = 18.4 KB | Pmem = 123 KB
 | Tread = 0.002 | Twrite = 0.006 | Tfpread = 0.002 | Tfpwrite = 0.006 | Tmporead = 0.000
 | data = 3.62 MB | cpsd = 2.83 MB | Tasync = 0.000
 | Trot = 0.003 | Tctr = 0.001 | Tint = 0.001 | Tmid = 0.001 | Tdctr = 0.001 | Tdiag = 0.012 | Tinfo = 0.002
 | Teff = 0.030 | Tprt = 0.020 | Teig = 0.019 | Tblk = 0.079 | Tmve = 0.015 | Tdm = 0.001 | Tsplt = 0.005 | Tsvd = 0.000 | Torth = 0.000

Sweep =   18 | Direction =  forward | Bond dimension = 2000 | Noise =  1.00e-05 | Dav threshold =  1.00e-05
 --> Site =    0-   1 .. Mmps =    3 Ndav =   1 E =     -3.5733578963 Error = 0.00e+00 FLOPS = 1.24e+08 Tdav = 0.00 T = 0.00
 --> Site =    1-   2 .. Mmps =   10 Ndav =   3 E =     -3.5734088401 Error = 0.00e+00 FLOPS = 4.62e+09 Tdav = 0.01 T = 0.02
 --> Site =    2-   3 .. Mmps =   35 Ndav =   2 E =     -3.5734192566 Error = 0.00e+00 FLOPS = 4.87e+09 Tdav = 0.00 T = 0.01
 --> Site =    3-   4 .. Mmps =  125 Ndav =   1 E =     -3.5734192566 Error = 0.00e+00 FLOPS = 2.12e+09 Tdav = 0.00 T = 0.01
 --> Site =    4-   5 .. Mmps =  298 Ndav =   1 E =     -3.5734192566 Error = 1.63e-15 FLOPS = 3.44e+09 Tdav = 0.00 T = 0.02
 --> Site =    5-   6 .. Mmps =   98 Ndav =   1 E =     -3.5734192566 Error = 3.08e-16 FLOPS = 2.46e+09 Tdav = 0.00 T = 0.02
 --> Site =    6-   7 .. Mmps =   18 Ndav =   1 E =     -3.5734192566 Error = 4.61e-17 FLOPS = 1.43e+08 Tdav = 0.00 T = 0.01
Time elapsed =      8.746 | E =      -3.5734192566 | DE = -6.14e-05 | DW = 1.63479e-15
Time sweep =        0.096 | 66.6 MFLOP/SWP
 | Tcomm = 0.000 | Tidle = 0.000 | Twait = 0.000 | Dmem = 2.71 MB (1%) | Imem = 65.4 KB (96%) | Hmem = 18.1 MB | Wmem = 18.4 KB | Pmem = 123 KB
 | Tread = 0.002 | Twrite = 0.006 | Tfpread = 0.002 | Tfpwrite = 0.005 | Tmporead = 0.000
 | data = 3.59 MB | cpsd = 2.80 MB | Tasync = 0.000
 | Trot = 0.005 | Tctr = 0.001 | Tint = 0.001 | Tmid = 0.001 | Tdctr = 0.001 | Tdiag = 0.011 | Tinfo = 0.002
 | Teff = 0.029 | Tprt = 0.018 | Teig = 0.022 | Tblk = 0.079 | Tmve = 0.016 | Tdm = 0.001 | Tsplt = 0.005 | Tsvd = 0.000 | Torth = 0.000

Sweep =   19 | Direction = backward | Bond dimension = 2000 | Noise =  1.00e-05 | Dav threshold =  1.00e-05
 <-- Site =    6-   7 .. Mmps =    3 Ndav =   1 E =     -3.5734192566 Error = 0.00e+00 FLOPS = 1.43e+08 Tdav = 0.00 T = 0.03
 <-- Site =    5-   6 .. Mmps =   10 Ndav =   1 E =     -3.5734192566 Error = 0.00e+00 FLOPS = 1.95e+09 Tdav = 0.00 T = 0.09
 <-- Site =    4-   5 .. Mmps =   35 Ndav =   1 E =     -3.5734192566 Error = 0.00e+00 FLOPS = 3.34e+09 Tdav = 0.00 T = 0.01
 <-- Site =    3-   4 .. Mmps =  125 Ndav =   1 E =     -3.5734192566 Error = 0.00e+00 FLOPS = 1.98e+09 Tdav = 0.00 T = 0.01
 <-- Site =    2-   3 .. Mmps =  298 Ndav =   1 E =     -3.5734192566 Error = 7.60e-15 FLOPS = 2.22e+09 Tdav = 0.00 T = 0.02
 <-- Site =    1-   2 .. Mmps =   98 Ndav =   1 E =     -3.5734192566 Error = 1.58e-16 FLOPS = 3.29e+09 Tdav = 0.00 T = 0.02
 <-- Site =    0-   1 .. Mmps =   18 Ndav =   1 E =     -3.5734192566 Error = 7.30e-17 FLOPS = 1.07e+08 Tdav = 0.00 T = 0.01
Time elapsed =      8.943 | E =      -3.5734192566 | DE = 3.55e-15 | DW = 7.60138e-15
Time sweep =        0.198 | 40.7 MFLOP/SWP
 | Tcomm = 0.000 | Tidle = 0.000 | Twait = 0.000 | Dmem = 2.69 MB (1%) | Imem = 65.4 KB (96%) | Hmem = 18.0 MB | Wmem = 18.4 KB | Pmem = 123 KB
 | Tread = 0.018 | Twrite = 0.034 | Tfpread = 0.018 | Tfpwrite = 0.033 | Tmporead = 0.000
 | data = 3.61 MB | cpsd = 2.82 MB | Tasync = 0.000
 | Trot = 0.015 | Tctr = 0.001 | Tint = 0.014 | Tmid = 0.001 | Tdctr = 0.001 | Tdiag = 0.013 | Tinfo = 0.002
 | Teff = 0.055 | Tprt = 0.031 | Teig = 0.021 | Tblk = 0.130 | Tmve = 0.068 | Tdm = 0.002 | Tsplt = 0.018 | Tsvd = 0.000 | Torth = 0.000

Sweep =   20 | Direction =  forward | Bond dimension = 2000 | Noise =  1.00e-06 | Dav threshold =  1.00e-06
 --> Site =    0-   1 .. Mmps =    3 Ndav =   1 E =     -3.5734192566 Error = 0.00e+00 FLOPS = 1.05e+08 Tdav = 0.00 T = 0.01
 --> Site =    1-   2 .. Mmps =   10 Ndav =   3 E =     -3.5734224033 Error = 0.00e+00 FLOPS = 4.52e+09 Tdav = 0.01 T = 0.02
 --> Site =    2-   3 .. Mmps =   35 Ndav =   2 E =     -3.5734231953 Error = 0.00e+00 FLOPS = 4.51e+09 Tdav = 0.00 T = 0.01
 --> Site =    3-   4 .. Mmps =  125 Ndav =   1 E =     -3.5734231953 Error = 0.00e+00 FLOPS = 2.20e+09 Tdav = 0.00 T = 0.01
 --> Site =    4-   5 .. Mmps =  290 Ndav =   1 E =     -3.5734231953 Error = 4.55e-14 FLOPS = 2.48e+09 Tdav = 0.00 T = 0.02
 --> Site =    5-   6 .. Mmps =   98 Ndav =   1 E =     -3.5734231953 Error = 4.75e-17 FLOPS = 3.27e+09 Tdav = 0.00 T = 0.02
 --> Site =    6-   7 .. Mmps =   18 Ndav =   1 E =     -3.5734231953 Error = 7.09e-17 FLOPS = 1.47e+08 Tdav = 0.00 T = 0.01
Time elapsed =      9.037 | E =      -3.5734231953 | DE = -3.94e-06 | DW = 4.54674e-14
Time sweep =        0.094 | 65.8 MFLOP/SWP
 | Tcomm = 0.000 | Tidle = 0.000 | Twait = 0.000 | Dmem = 2.69 MB (1%) | Imem = 65.4 KB (96%) | Hmem = 18.0 MB | Wmem = 18.4 KB | Pmem = 123 KB
 | Tread = 0.002 | Twrite = 0.003 | Tfpread = 0.002 | Tfpwrite = 0.002 | Tmporead = 0.000
 | data = 3.44 MB | cpsd = 2.69 MB | Tasync = 0.000
 | Trot = 0.003 | Tctr = 0.001 | Tint = 0.001 | Tmid = 0.001 | Tdctr = 0.001 | Tdiag = 0.012 | Tinfo = 0.002
 | Teff = 0.031 | Tprt = 0.019 | Teig = 0.022 | Tblk = 0.082 | Tmve = 0.012 | Tdm = 0.001 | Tsplt = 0.005 | Tsvd = 0.000 | Torth = 0.000

Sweep =   21 | Direction = backward | Bond dimension = 2000 | Noise =  1.00e-06 | Dav threshold =  1.00e-06
 <-- Site =    6-   7 .. Mmps =    3 Ndav =   1 E =     -3.5734231953 Error = 0.00e+00 FLOPS = 1.57e+08 Tdav = 0.00 T = 0.01
 <-- Site =    5-   6 .. Mmps =   10 Ndav =   1 E =     -3.5734231953 Error = 0.00e+00 FLOPS = 2.20e+09 Tdav = 0.00 T = 0.01
 <-- Site =    4-   5 .. Mmps =   35 Ndav =   1 E =     -3.5734231953 Error = 0.00e+00 FLOPS = 3.06e+09 Tdav = 0.00 T = 0.01
 <-- Site =    3-   4 .. Mmps =  125 Ndav =   1 E =     -3.5734231953 Error = 0.00e+00 FLOPS = 2.04e+09 Tdav = 0.00 T = 0.01
 <-- Site =    2-   3 .. Mmps =  292 Ndav =   1 E =     -3.5734231953 Error = 4.19e-14 FLOPS = 3.31e+09 Tdav = 0.00 T = 0.01
 <-- Site =    1-   2 .. Mmps =   98 Ndav =   1 E =     -3.5734231953 Error = 1.06e-16 FLOPS = 2.59e+09 Tdav = 0.00 T = 0.02
 <-- Site =    0-   1 .. Mmps =   18 Ndav =   1 E =     -3.5734231953 Error = 6.88e-17 FLOPS = 1.46e+08 Tdav = 0.00 T = 0.01
Time elapsed =      9.130 | E =      -3.5734231953 | DE = -7.11e-15 | DW = 4.19486e-14
Time sweep =        0.093 | 39.8 MFLOP/SWP
 | Tcomm = 0.000 | Tidle = 0.000 | Twait = 0.000 | Dmem = 2.60 MB (1%) | Imem = 65.4 KB (96%) | Hmem = 17.3 MB | Wmem = 18.4 KB | Pmem = 123 KB
 | Tread = 0.002 | Twrite = 0.003 | Tfpread = 0.002 | Tfpwrite = 0.003 | Tmporead = 0.000
 | data = 3.51 MB | cpsd = 2.74 MB | Tasync = 0.000
 | Trot = 0.004 | Tctr = 0.001 | Tint = 0.001 | Tmid = 0.001 | Tdctr = 0.001 | Tdiag = 0.013 | Tinfo = 0.002
 | Teff = 0.031 | Tprt = 0.020 | Teig = 0.019 | Tblk = 0.080 | Tmve = 0.013 | Tdm = 0.002 | Tsplt = 0.005 | Tsvd = 0.000 | Torth = 0.000

Sweep =   22 | Direction =  forward | Bond dimension = 2000 | Noise =  1.00e-07 | Dav threshold =  1.00e-07
 --> Site =    0-   1 .. Mmps =    3 Ndav =   1 E =     -3.5734231953 Error = 0.00e+00 FLOPS = 1.21e+08 Tdav = 0.00 T = 0.01
 --> Site =    1-   2 .. Mmps =   10 Ndav =   2 E =     -3.5734233002 Error = 0.00e+00 FLOPS = 2.74e+09 Tdav = 0.01 T = 0.02
 --> Site =    2-   3 .. Mmps =   35 Ndav =   2 E =     -3.5734233803 Error = 0.00e+00 FLOPS = 3.89e+09 Tdav = 0.00 T = 0.01
 --> Site =    3-   4 .. Mmps =  125 Ndav =   1 E =     -3.5734233803 Error = 0.00e+00 FLOPS = 1.86e+09 Tdav = 0.00 T = 0.01
 --> Site =    4-   5 .. Mmps =  263 Ndav =   1 E =     -3.5734233803 Error = 1.28e-13 FLOPS = 3.35e+09 Tdav = 0.00 T = 0.01
 --> Site =    5-   6 .. Mmps =   98 Ndav =   1 E =     -3.5734233803 Error = 1.39e-16 FLOPS = 2.41e+09 Tdav = 0.00 T = 0.02
 --> Site =    6-   7 .. Mmps =   18 Ndav =   1 E =     -3.5734233803 Error = 1.94e-17 FLOPS = 1.22e+08 Tdav = 0.00 T = 0.01
Time elapsed =      9.224 | E =      -3.5734233803 | DE = -1.85e-07 | DW = 1.28078e-13
Time sweep =        0.093 | 54.8 MFLOP/SWP
 | Tcomm = 0.000 | Tidle = 0.000 | Twait = 0.000 | Dmem = 2.60 MB (1%) | Imem = 65.4 KB (96%) | Hmem = 17.3 MB | Wmem = 18.4 KB | Pmem = 123 KB
 | Tread = 0.002 | Twrite = 0.003 | Tfpread = 0.002 | Tfpwrite = 0.003 | Tmporead = 0.000
 | data = 2.97 MB | cpsd = 2.32 MB | Tasync = 0.000
 | Trot = 0.004 | Tctr = 0.001 | Tint = 0.001 | Tmid = 0.001 | Tdctr = 0.001 | Tdiag = 0.010 | Tinfo = 0.002
 | Teff = 0.029 | Tprt = 0.019 | Teig = 0.023 | Tblk = 0.079 | Tmve = 0.014 | Tdm = 0.001 | Tsplt = 0.004 | Tsvd = 0.000 | Torth = 0.000

Sweep =   23 | Direction = backward | Bond dimension = 2000 | Noise =  1.00e-07 | Dav threshold =  1.00e-07
 <-- Site =    6-   7 .. Mmps =    3 Ndav =   1 E =     -3.5734233803 Error = 0.00e+00 FLOPS = 1.53e+08 Tdav = 0.00 T = 0.01
 <-- Site =    5-   6 .. Mmps =   10 Ndav =   1 E =     -3.5734233803 Error = 0.00e+00 FLOPS = 1.60e+09 Tdav = 0.00 T = 0.01
 <-- Site =    4-   5 .. Mmps =   35 Ndav =   1 E =     -3.5734233803 Error = 0.00e+00 FLOPS = 3.25e+09 Tdav = 0.00 T = 0.01
 <-- Site =    3-   4 .. Mmps =  125 Ndav =   1 E =     -3.5734233803 Error = 0.00e+00 FLOPS = 1.94e+09 Tdav = 0.00 T = 0.01
 <-- Site =    2-   3 .. Mmps =  266 Ndav =   1 E =     -3.5734233803 Error = 1.21e-13 FLOPS = 3.44e+09 Tdav = 0.00 T = 0.01
 <-- Site =    1-   2 .. Mmps =   98 Ndav =   1 E =     -3.5734233803 Error = 1.10e-16 FLOPS = 2.63e+09 Tdav = 0.00 T = 0.02
 <-- Site =    0-   1 .. Mmps =   18 Ndav =   1 E =     -3.5734233803 Error = 4.14e-17 FLOPS = 9.77e+07 Tdav = 0.00 T = 0.01
Time elapsed =      9.313 | E =      -3.5734233803 | DE = 1.78e-15 | DW = 1.20708e-13
Time sweep =        0.089 | 36.3 MFLOP/SWP
 | Tcomm = 0.000 | Tidle = 0.000 | Twait = 0.000 | Dmem = 2.12 MB (1%) | Imem = 65.4 KB (96%) | Hmem = 13.9 MB | Wmem = 18.4 KB | Pmem = 123 KB
 | Tread = 0.002 | Twrite = 0.003 | Tfpread = 0.002 | Tfpwrite = 0.003 | Tmporead = 0.000
 | data = 3.04 MB | cpsd = 2.37 MB | Tasync = 0.000
 | Trot = 0.003 | Tctr = 0.001 | Tint = 0.001 | Tmid = 0.001 | Tdctr = 0.001 | Tdiag = 0.011 | Tinfo = 0.002
 | Teff = 0.028 | Tprt = 0.021 | Teig = 0.019 | Tblk = 0.077 | Tmve = 0.012 | Tdm = 0.001 | Tsplt = 0.004 | Tsvd = 0.000 | Torth = 0.000

Sweep =   24 | Direction =  forward | Bond dimension = 2000 | Noise =  0.00e+00 | Dav threshold =  1.00e-08
 --> Site =    0-   1 .. Mmps =    3 Ndav =   2 E =     -3.5734234060 Error = 0.00e+00 FLOPS = 1.87e+08 Tdav = 0.00 T = 0.00
 --> Site =    1-   2 .. Mmps =   10 Ndav =   3 E =     -3.5734234533 Error = 0.00e+00 FLOPS = 4.28e+09 Tdav = 0.00 T = 0.01
 --> Site =    2-   3 .. Mmps =   35 Ndav =   2 E =     -3.5734234646 Error = 0.00e+00 FLOPS = 4.03e+09 Tdav = 0.00 T = 0.01
 --> Site =    3-   4 .. Mmps =  110 Ndav =   1 E =     -3.5734234646 Error = 4.32e-21 FLOPS = 2.05e+09 Tdav = 0.00 T = 0.01
 --> Site =    4-   5 .. Mmps =   56 Ndav =   1 E =     -3.5734234646 Error = 2.19e-17 FLOPS = 3.39e+09 Tdav = 0.00 T = 0.01
 --> Site =    5-   6 .. Mmps =   15 Ndav =   1 E =     -3.5734234646 Error = 6.31e-17 FLOPS = 1.91e+08 Tdav = 0.00 T = 0.01
 --> Site =    6-   7 .. Mmps =    4 Ndav =   1 E =     -3.5734234646 Error = 1.63e-16 FLOPS = 3.75e+06 Tdav = 0.00 T = 0.00
Time elapsed =      9.372 | E =      -3.5734234646 | DE = -8.42e-08 | DW = 1.63036e-16
Time sweep =        0.060 | 51.1 MFLOP/SWP
 | Tcomm = 0.000 | Tidle = 0.000 | Twait = 0.000 | Dmem = 2.12 MB (1%) | Imem = 65.4 KB (96%) | Hmem = 13.9 MB | Wmem = 18.4 KB | Pmem = 0 B
 | Tread = 0.002 | Twrite = 0.001 | Tfpread = 0.002 | Tfpwrite = 0.001 | Tmporead = 0.000
 | data = 714 KB | cpsd = 561 KB | Tasync = 0.000
 | Trot = 0.002 | Tctr = 0.001 | Tint = 0.001 | Tmid = 0.001 | Tdctr = 0.001 | Tdiag = 0.011 | Tinfo = 0.002
 | Teff = 0.025 | Tprt = 0.000 | Teig = 0.021 | Tblk = 0.050 | Tmve = 0.009 | Tdm = 0.000 | Tsplt = 0.001 | Tsvd = 0.000 | Torth = 0.000

Sweep =   25 | Direction = backward | Bond dimension = 2000 | Noise =  0.00e+00 | Dav threshold =  1.00e-08
 <-- Site =    6-   7 .. Mmps =    3 Ndav =   1 E =     -3.5734234646 Error = 0.00e+00 FLOPS = 3.75e+06 Tdav = 0.00 T = 0.00
 <-- Site =    5-   6 .. Mmps =   10 Ndav =   1 E =     -3.5734234646 Error = 0.00e+00 FLOPS = 1.56e+08 Tdav = 0.00 T = 0.01
 <-- Site =    4-   5 .. Mmps =   35 Ndav =   1 E =     -3.5734234646 Error = 0.00e+00 FLOPS = 3.10e+09 Tdav = 0.00 T = 0.01
 <-- Site =    3-   4 .. Mmps =  110 Ndav =   1 E =     -3.5734234646 Error = 3.33e-19 FLOPS = 1.76e+09 Tdav = 0.00 T = 0.01
 <-- Site =    2-   3 .. Mmps =   56 Ndav =   1 E =     -3.5734234646 Error = 1.52e-16 FLOPS = 2.60e+09 Tdav = 0.00 T = 0.01
 <-- Site =    1-   2 .. Mmps =   15 Ndav =   1 E =     -3.5734234646 Error = 1.81e-16 FLOPS = 2.19e+08 Tdav = 0.00 T = 0.01
 <-- Site =    0-   1 .. Mmps =    4 Ndav =   1 E =     -3.5734234646 Error = 2.03e-17 FLOPS = 4.41e+06 Tdav = 0.00 T = 0.01
Time elapsed =      9.427 | E =      -3.5734234646 | DE = 8.88e-15 | DW = 1.81490e-16
Time sweep =        0.054 | 22.3 MFLOP/SWP
 | Tcomm = 0.000 | Tidle = 0.000 | Twait = 0.000 | Dmem = 583 KB (6%) | Imem = 65.4 KB (96%) | Hmem = 4.23 MB | Wmem = 18.4 KB | Pmem = 0 B
 | Tread = 0.001 | Twrite = 0.003 | Tfpread = 0.001 | Tfpwrite = 0.002 | Tmporead = 0.000
 | data = 735 KB | cpsd = 576 KB | Tasync = 0.000
 | Trot = 0.002 | Tctr = 0.001 | Tint = 0.001 | Tmid = 0.000 | Tdctr = 0.001 | Tdiag = 0.013 | Tinfo = 0.002
 | Teff = 0.023 | Tprt = 0.000 | Teig = 0.017 | Tblk = 0.044 | Tmve = 0.010 | Tdm = 0.000 | Tsplt = 0.001 | Tsvd = 0.000 | Torth = 0.000

Sweep =   26 | Direction =  forward | Bond dimension = 2000 | Noise =  0.00e+00 | Dav threshold =  1.00e-08
 --> Site =    0-   1 .. Mmps =    3 Ndav =   1 E =     -3.5734234646 Error = 0.00e+00 FLOPS = 5.22e+06 Tdav = 0.00 T = 0.00
 --> Site =    1-   2 .. Mmps =   10 Ndav =   1 E =     -3.5734234646 Error = 0.00e+00 FLOPS = 2.22e+08 Tdav = 0.00 T = 0.01
 --> Site =    2-   3 .. Mmps =   35 Ndav =   1 E =     -3.5734234646 Error = 0.00e+00 FLOPS = 3.05e+09 Tdav = 0.00 T = 0.01
 --> Site =    3-   4 .. Mmps =  110 Ndav =   1 E =     -3.5734234646 Error = 2.98e-21 FLOPS = 2.01e+09 Tdav = 0.00 T = 0.01
 --> Site =    4-   5 .. Mmps =   56 Ndav =   1 E =     -3.5734234646 Error = 2.10e-17 FLOPS = 2.70e+09 Tdav = 0.00 T = 0.01
 --> Site =    5-   6 .. Mmps =   15 Ndav =   1 E =     -3.5734234646 Error = 1.20e-16 FLOPS = 2.20e+08 Tdav = 0.00 T = 0.01
 --> Site =    6-   7 .. Mmps =    4 Ndav =   1 E =     -3.5734234646 Error = 1.50e-16 FLOPS = 5.05e+06 Tdav = 0.00 T = 0.01
Time elapsed =      9.477 | E =      -3.5734234646 | DE = -3.55e-15 | DW = 1.50299e-16
Time sweep =        0.050 | 22.3 MFLOP/SWP
 | Tcomm = 0.000 | Tidle = 0.000 | Twait = 0.000 | Dmem = 583 KB (6%) | Imem = 65.4 KB (96%) | Hmem = 4.23 MB | Wmem = 18.4 KB | Pmem = 0 B
 | Tread = 0.001 | Twrite = 0.002 | Tfpread = 0.001 | Tfpwrite = 0.001 | Tmporead = 0.000
 | data = 714 KB | cpsd = 561 KB | Tasync = 0.000
 | Trot = 0.002 | Tctr = 0.001 | Tint = 0.001 | Tmid = 0.001 | Tdctr = 0.001 | Tdiag = 0.011 | Tinfo = 0.002
 | Teff = 0.022 | Tprt = 0.000 | Teig = 0.015 | Tblk = 0.041 | Tmve = 0.009 | Tdm = 0.000 | Tsplt = 0.001 | Tsvd = 0.000 | Torth = 0.000

Sweep =   27 | Direction = backward | Bond dimension = 2000 | Noise =  0.00e+00 | Dav threshold =  1.00e-08
 <-- Site =    6-   7 .. Mmps =    3 Ndav =   1 E =     -3.5734234646 Error = 0.00e+00 FLOPS = 5.02e+06 Tdav = 0.00 T = 0.00
 <-- Site =    5-   6 .. Mmps =   10 Ndav =   1 E =     -3.5734234646 Error = 0.00e+00 FLOPS = 2.30e+08 Tdav = 0.00 T = 0.01
 <-- Site =    4-   5 .. Mmps =   35 Ndav =   1 E =     -3.5734234646 Error = 0.00e+00 FLOPS = 2.88e+09 Tdav = 0.00 T = 0.01
 <-- Site =    3-   4 .. Mmps =  110 Ndav =   1 E =     -3.5734234646 Error = 3.36e-20 FLOPS = 1.95e+09 Tdav = 0.00 T = 0.01
 <-- Site =    2-   3 .. Mmps =   56 Ndav =   1 E =     -3.5734234646 Error = 2.51e-16 FLOPS = 2.99e+09 Tdav = 0.00 T = 0.01
 <-- Site =    1-   2 .. Mmps =   15 Ndav =   1 E =     -3.5734234646 Error = 3.49e-16 FLOPS = 2.05e+08 Tdav = 0.00 T = 0.01
 <-- Site =    0-   1 .. Mmps =    4 Ndav =   1 E =     -3.5734234646 Error = 3.13e-17 FLOPS = 3.83e+06 Tdav = 0.00 T = 0.01
Time elapsed =      9.528 | E =      -3.5734234646 | DE = 3.55e-15 | DW = 3.48766e-16
Time sweep =        0.051 | 22.3 MFLOP/SWP
 | Tcomm = 0.000 | Tidle = 0.000 | Twait = 0.000 | Dmem = 583 KB (6%) | Imem = 65.4 KB (96%) | Hmem = 4.23 MB | Wmem = 18.4 KB | Pmem = 0 B
 | Tread = 0.001 | Twrite = 0.002 | Tfpread = 0.001 | Tfpwrite = 0.001 | Tmporead = 0.000
 | data = 735 KB | cpsd = 576 KB | Tasync = 0.000
 | Trot = 0.002 | Tctr = 0.001 | Tint = 0.001 | Tmid = 0.000 | Tdctr = 0.001 | Tdiag = 0.012 | Tinfo = 0.002
 | Teff = 0.023 | Tprt = 0.000 | Teig = 0.015 | Tblk = 0.042 | Tmve = 0.009 | Tdm = 0.000 | Tsplt = 0.001 | Tsvd = 0.000 | Torth = 0.000


Sweep =    0 | Direction =  forward | Bond dimension = 2000 | Noise =  0.00e+00 | Dav threshold =  1.00e-08
 --> Site =    0 .. Mmps =    3 Ndav =   1 E =     -3.5734234646 Error = 0.00e+00 FLOPS = 1.15e+05 Tdav = 0.00 T = 0.06
 --> Site =    1 .. Mmps =   10 Ndav =   1 E =     -3.5734234646 Error = 0.00e+00 FLOPS = 2.63e+06 Tdav = 0.00 T = 0.00
 --> Site =    2 .. Mmps =   35 Ndav =   1 E =     -3.5734234646 Error = 0.00e+00 FLOPS = 1.07e+08 Tdav = 0.00 T = 0.01
 --> Site =    3 .. Mmps =  110 Ndav =   1 E =     -3.5734234646 Error = 2.40e-20 FLOPS = 1.68e+09 Tdav = 0.00 T = 0.01
 --> Site =    4 .. Mmps =   56 Ndav =   1 E =     -3.5734234646 Error = 2.27e-17 FLOPS = 2.95e+09 Tdav = 0.00 T = 0.01
 --> Site =    5 .. Mmps =   15 Ndav =   1 E =     -3.5734234646 Error = 7.77e-17 FLOPS = 1.00e+08 Tdav = 0.00 T = 0.01
 --> Site =    6 .. Mmps =    4 Ndav =   1 E =     -3.5734234646 Error = 3.49e-16 FLOPS = 3.36e+06 Tdav = 0.00 T = 0.01
 --> Site =    7 .. Mmps =    1 Ndav =   1 E =     -3.5734234646 Error = 1.20e-16 FLOPS = 1.22e+05 Tdav = 0.00 T = 0.00
Time elapsed =      9.728 | E =      -3.5734234646 | DW = 3.48877e-16
Time sweep =        0.200 | 14.3 MFLOP/SWP
 | Tcomm = 0.000 | Tidle = 0.000 | Twait = 0.000 | Dmem = 564 KB (3%) | Imem = 39.3 KB (93%) | Hmem = 1.48 MB | Wmem = 17.6 KB | Pmem = 0 B
 | Tread = 0.026 | Twrite = 0.028 | Tfpread = 0.026 | Tfpwrite = 0.028 | Tmporead = 0.000
 | data = 715 KB | cpsd = 598 KB | Tasync = 0.000
 | Trot = 0.015 | Tctr = 0.016 | Tint = 0.014 | Tmid = 0.001 | Tdctr = 0.001 | Tdiag = 0.045 | Tinfo = 0.003
 | Teff = 0.077 | Tprt = 0.000 | Teig = 0.018 | Tblk = 0.099 | Tmve = 0.013 | Tdm = 0.000 | Tsplt = 0.001 | Tsvd = 0.000 | Torth = 0.000

Sweep =    1 | Direction = backward | Bond dimension = 2000 | Noise =  0.00e+00 | Dav threshold =  1.00e-08
 <-- Site =    7 .. Mmps =    3 Ndav =   1 E =     -3.5734234646 Error = 0.00e+00 FLOPS = 1.21e+05 Tdav = 0.00 T = 0.00
 <-- Site =    6 .. Mmps =   10 Ndav =   1 E =     -3.5734234646 Error = 0.00e+00 FLOPS = 3.56e+06 Tdav = 0.00 T = 0.00
 <-- Site =    5 .. Mmps =   35 Ndav =   1 E =     -3.5734234646 Error = 0.00e+00 FLOPS = 1.22e+08 Tdav = 0.00 T = 0.01
 <-- Site =    4 .. Mmps =  110 Ndav =   1 E =     -3.5734234646 Error = 1.09e-19 FLOPS = 2.38e+09 Tdav = 0.00 T = 0.01
 <-- Site =    3 .. Mmps =   56 Ndav =   1 E =     -3.5734234646 Error = 4.24e-16 FLOPS = 1.74e+09 Tdav = 0.00 T = 0.01
 <-- Site =    2 .. Mmps =   15 Ndav =   1 E =     -3.5734234646 Error = 1.56e-16 FLOPS = 1.01e+08 Tdav = 0.00 T = 0.01
 <-- Site =    1 .. Mmps =    4 Ndav =   1 E =     -3.5734234646 Error = 5.07e-17 FLOPS = 2.27e+06 Tdav = 0.00 T = 0.01
 <-- Site =    0 .. Mmps =    1 Ndav =   1 E =     -3.5734234646 Error = 3.94e-17 FLOPS = 1.09e+05 Tdav = 0.00 T = 0.00
Time elapsed =      9.783 | E =      -3.5734234646 | DE = 4.44e-15 | DW = 4.24358e-16
Time sweep =        0.055 | 14.3 MFLOP/SWP
 | Tcomm = 0.000 | Tidle = 0.000 | Twait = 0.000 | Dmem = 564 KB (3%) | Imem = 39.3 KB (93%) | Hmem = 1.48 MB | Wmem = 17.6 KB | Pmem = 0 B
 | Tread = 0.002 | Twrite = 0.003 | Tfpread = 0.001 | Tfpwrite = 0.002 | Tmporead = 0.000
 | data = 697 KB | cpsd = 547 KB | Tasync = 0.000
 | Trot = 0.002 | Tctr = 0.003 | Tint = 0.001 | Tmid = 0.000 | Tdctr = 0.001 | Tdiag = 0.012 | Tinfo = 0.002
 | Teff = 0.019 | Tprt = 0.000 | Teig = 0.019 | Tblk = 0.042 | Tmve = 0.012 | Tdm = 0.000 | Tsplt = 0.001 | Tsvd = 0.000 | Torth = 0.000

Final canonical form =  SRRRRRRR 0
DMRG Energy =   -3.573423464551420
npdm string = ['((C+(C+D)0)1+D)0']

Build NPDM MPO | Nsites =     8 | Nmaxops =  4 | SymbolFree = T | Cutoff = 0.00e+00
  -- Parallel | Size =   1 | Rank =   0 | ExeModel = Distributed | Center =     4
 Site =     0 /     8 .. L =       15 (     15)  R =        1 (      1)* M =            0 Tmid = 0.000 T = 0.000
 Site =     1 /     8 .. L =       37 (     37)  R =      225 (    225)* M =          541 (         541 = 100%) Tmid = 0.000 T = 0.000
 Site =     2 /     8 .. L =       59 (     59)  R =      169 (    169)* M =         1251 (        1251 = 100%) Tmid = 0.000 T = 0.000
 Site =     3 /     8 .. L =       81 (     81)  R =      121 (    121)* M =         1501 (        1501 = 100%) Tmid = 0.000 T = 0.000
 Site =     4 /     8 .. L =      103 (    103)* R =       81 (     81)* M =         1411 (        1411 = 100%) Tmid = 0.000 T = 0.000
 Site =     5 /     8 .. L =      125 (    125)* R =       49 (     49)  M =         1101 (        1101 = 100%) Tmid = 0.000 T = 0.000
 Site =     6 /     8 .. L =      147 (    147)* R =       25 (     25)  M =          691 (         691 = 100%) Tmid = 0.000 T = 0.000
 Site =     7 /     8 .. L =        1 (      1)* R =       15 (     15)  M =          352 (         352 = 100%) Tmid = 0.000 T = 0.000
Ttotal =      0.001

Environment initialization | Nsites =     8 | Center =     0
 INIT-R <-- Site =    6 ..  Bmem =   176 B Rmem =   176 B T = 0.00
 INIT-R <-- Site =    5 ..  Bmem =   176 B Rmem = 2.44 KB T = 0.00
 INIT-R <-- Site =    4 ..  Bmem = 2.44 KB Rmem = 51.6 KB T = 0.00
 INIT-R <-- Site =    3 ..  Bmem = 51.6 KB Rmem =  824 KB T = 0.00
 INIT-R <-- Site =    2 ..  Bmem =  824 KB Rmem =  329 KB T = 0.00
 INIT-R <-- Site =    1 ..  Bmem =  329 KB Rmem = 39.0 KB T = 0.00
 INIT-R <-- Site =    0 ..  Bmem = 39.0 KB Rmem = 4.68 KB T = 0.00
Time init sweep =        0.014 | MaxBmem =  824 KB | MaxRmem =  329 KB
 | Tread = 0.000 | Twrite = 0.004 | Tfpread = 0.000 | Tfpwrite = 0.004 | data = 1.22 MB | cpsd = 1.04 MB | Tasync = 0.000


Expectation | Direction =  forward | BRA bond dimension =  299 | KET bond dimension =  299
 --> Site =    0 .. Nterms =          240 Error =  0.000000000000/ 0.000000000000 FLOPS = 2.09e+03 Tmult = 0.30 T = 0.31
 --> Site =    1 .. Nterms =          462 Error =  0.000000000000/ 0.000000000000 FLOPS = 1.76e+05 Tmult = 0.11 T = 0.26
 --> Site =    2 .. Nterms =          540 Error =  0.000000000000/ 0.000000000000 FLOPS = 5.77e+07 Tmult = 0.01 T = 0.01
 --> Site =    3 .. Nterms =          510 Error =  0.000000000000/ 0.000000000000 FLOPS = 6.38e+08 Tmult = 0.01 T = 0.02
 --> Site =    4 .. Nterms =          408 Error =  0.000000000000/ 0.000000000000 FLOPS = 4.82e+08 Tmult = 0.01 T = 0.02
 --> Site =    5 .. Nterms =          270 Error =  0.000000000000/ 0.000000000000 FLOPS = 4.76e+07 Tmult = 0.01 T = 0.02
 --> Site =    6 .. Nterms =          162 Error =  0.000000000000/ 0.000000000000 FLOPS = 1.99e+06 Tmult = 0.01 T = 0.01
 --> Site =    7 .. Nterms =            0 Error =  0.000000000000/ 0.000000000000 FLOPS = 0.00e+00 Tmult = 0.00 T = 0.00
Time elapsed =      0.636
Time sweep =        0.636 | 10.8 MFLOP/SWP
 | Tcomm = 0.000 | Tidle = 0.000 | Twait = 0.000
 | Dmem = 3.82 MB (10%) | Imem = 10.2 KB (75%) | Hmem = 3.46 MB | Wmem = 17.2 KB | MaxBmem = 3.41 MB | MaxRmem = 1.06 MB
 | Tread = 0.056 | Twrite = 0.030 | Tfpread = 0.055 | Tfpwrite = 0.030 | data = 5.58 MB | cpsd = 4.67 MB | Tasync = 0.000
 | Trot = 0.019 | Tctr = 0.015 | Tint = 0.014 | Tmid = 0.000 | Tdctr = 0.000 | Tdiag = 0.001 | Tinfo = 0.002
 | Teff = 0.059 | Texpt = 0.451 | Tblk = 0.636 | Tmve = 0.000

NPDM Sorting | Nsites =     8 | Nmaxops =  4 | DotSite = 0 | SymbolFree = T | Compressed = T | LowMem = F | Mem = 32.0 KB
 Site =     0 ..  T = 0.007
 Site =     1 ..  T = 0.037
 Site =     2 ..  T = 0.047
 Site =     3 ..  T = 0.040
 Site =     4 ..  T = 0.037
 Site =     5 ..  T = 0.037
 Site =     6 ..  T = 0.037
Ttotal =      0.243

MPI FINALIZE: rank 0 of 1
