WARN: Even tempered Gaussians are generated as DF auxbasis for  H
output file: Hchain.8.out
DW [3.16115e-09 2.80242e-09 3.16100e-09 2.80233e-09 1.50965e-16 9.99650e-15
 1.50354e-16 9.98700e-15 1.36776e-16 9.99205e-15 1.05625e-16 9.99125e-15
 1.09134e-16 9.98868e-15 1.25550e-16 9.98737e-15 1.22091e-16 9.98844e-15
 1.63126e-14 1.15370e-14 5.58415e-14 8.62902e-14 1.32368e-13 1.53437e-13
 1.15181e-16 2.77625e-16 8.15390e-17 3.06915e-16 3.33067e-16 2.19430e-16]
Check failed: Expected 7 to equal 8
DW [1.83091e-08 1.91231e-08 1.83029e-08 1.91195e-08 4.42060e-16 2.62453e-16
 2.64653e-16 2.86567e-16 2.21455e-16 2.67635e-16 3.20696e-16 3.11124e-16
 2.65048e-16 3.09752e-16 1.51976e-16 2.11333e-16 3.26528e-16 3.57304e-16
 2.77089e-16 2.23854e-16 3.98615e-14 4.65461e-14 1.26135e-13 1.30762e-13
 2.26394e-16 2.70156e-16 1.97747e-16 2.08166e-16 1.49056e-16 4.03465e-16]
Check failed: Expected 9 to equal 8
DW [5.82143e-09 5.36852e-09 5.81884e-09 5.36664e-09 2.19549e-16 3.35293e-16
 2.49307e-16 4.26263e-16 4.96855e-16 3.99350e-16 2.04454e-16 2.58096e-16
 7.19390e-17 4.42445e-16 1.20618e-16 3.61671e-16 5.02025e-17 4.94580e-16
 1.63479e-15 7.60138e-15 4.54674e-14 4.19486e-14 1.28078e-13 1.20708e-13
 1.63036e-16 1.81490e-16 1.50299e-16 3.48766e-16 3.48877e-16 4.24358e-16]
 *** Results ***
For 8 Hydrogen supercell
{8: [-3.7338041666866495, 2.1943e-16], 7: [-3.4926232876191836, 4.03465e-16], 9: [-3.5734234645514205, 4.24358e-16]}
Ionization Energy:  6.562866960847651
ElectAtt   Energy:  -4.36418183427555
Band Gap:  10.927048795123202
