

******** <class 'pyscf.scf.rohf.ROHF'> ********
method = ROHF
initial guess = minao
damping factor = 0
level_shift factor = 0
DIIS = <class 'pyscf.scf.diis.CDIIS'>
diis_start_cycle = 1
diis_space = 8
SCF conv_tol = 1e-09
SCF conv_tol_grad = None
SCF max_cycles = 50
direct_scf = True
direct_scf_tol = 1e-13
chkfile to save SCF result = /tmp/tmpdofxuhb1
max_memory 60000 MB (current use 189 MB)
num. doubly occ = 64  num. singly occ = 0
Set gradient conv threshold to 3.16228e-05
init E= -618.371630407122
  HOMO = -0.0367374390436346  LUMO = -0.0235118468927861
cycle= 1 E= -616.01846488148  delta_E= 2.35  |g|= 0.484  |ddm|= 5.73
  HOMO = -0.105044160358602  LUMO = 0.2219486596669
cycle= 2 E= -616.10656920947  delta_E= -0.0881  |g|= 0.102  |ddm|= 0.58
  HOMO = -0.13562798154421  LUMO = 0.197383931110919
cycle= 3 E= -616.111172682335  delta_E= -0.0046  |g|= 0.015  |ddm|= 0.137
  HOMO = -0.128668198534354  LUMO = 0.203775782762669
cycle= 4 E= -616.111265121452  delta_E= -9.24e-05  |g|= 0.000857  |ddm|= 0.0217
  HOMO = -0.128682211784917  LUMO = 0.203714366592043
cycle= 5 E= -616.111265465069  delta_E= -3.44e-07  |g|= 6.1e-05  |ddm|= 0.0012
  HOMO = -0.128674589791094  LUMO = 0.203719165947799
cycle= 6 E= -616.11126546689  delta_E= -1.82e-09  |g|= 1.5e-05  |ddm|= 9.33e-05
  HOMO = -0.128675276461304  LUMO = 0.203718715121738
cycle= 7 E= -616.111265466943  delta_E= -5.28e-11  |g|= 9.41e-06  |ddm|= 1.94e-05
  HOMO = -0.128675329729716  LUMO = 0.203718700795956
Extra cycle  E= -616.111265466954  delta_E= -1.11e-11  |g|= 8.05e-06  |ddm|= 1.33e-05
converged SCF energy = -616.111265466954

******** AVAS flags ********
aolabels = ['C 2px']
ncore = 0
minao = minao
threshold = 0.2
with_iao = False
openshell_option = 2
canonicalize = True

** AVAS **
  Total number of HF MOs  is equal to    112
  Number of occupied HF MOs is equal to  64
reference AO indices for minao ['C 2px']:
 [  2   7  16  21  30  35  44  49  58  63  72  77  86  91 100 105]
Option 2: threshold 0.2
Active from occupied = 8 , eig [0.96691456 0.96693294 0.97040447 0.97280236 0.97651182 0.98171447
 0.98830469 0.99472317]
Inactive from occupied = 56
Active from unoccupied = 8 , eig [0.93485321 0.93498563 0.95097892 0.95115218 0.96871669 0.97089503
 0.97999935 0.99087416]
Inactive from unoccupied = 40
Dimensions of active 16
# of alpha electrons 8
# of beta electrons 8
Entering product-state fixed-point CI iteration
Cycle 0: max grad = 1.716159e+00 ; sigma = 0.000000e+00 ; 0/8 fragment CI solvers converged
Cycle 1: max grad = 9.972558e-05 ; sigma = 1.888720e-03 ; 8/8 fragment CI solvers converged
Cycle 2: max grad = 3.451205e-07 ; sigma = 1.360184e-08 ; 8/8 fragment CI solvers converged
Cycle 3: max grad = 5.348411e-08 ; sigma = 7.105427e-14 ; 8/8 fragment CI solvers converged
Product_state fixed-point CI iteration converged after 3 cycles
LASCI energy = -616.508989081429
******** LAS space tables ********
LAS space 0: (8e+8e,16o) wfynsm=A
Converged? True
E(LAS) = -616.508989081429
S^2 = 0.0000000 (Pure)
Space table
 frag    (ae+be,no)  2S+1   ir   lroots
    0    (1e+1e,2o)     1    A        2
    1    (1e+1e,2o)     1    A        2
    2    (1e+1e,2o)     1    A        2
    3    (1e+1e,2o)     1    A        2
    4    (1e+1e,2o)     1    A        2
    5    (1e+1e,2o)     1    A        2
    6    (1e+1e,2o)     1    A        2
    7    (1e+1e,2o)     1    A        2
LASSI op_o0 memory check: 3341.2897536 MB needed of 59593.53344 MB available (60000 MB max)
Symmetry analysis of 1 LAS rootspaces:
 ix            Energy  <S**2>  Neleca  Nelecb  Nelec   Wfnsym
  0   -616.5089890814   0.000       8       8      16       A
Build + diag H matrix LASSI symmetry block 0
['neleca', 'nelecb', 'irrep'] = (8, 8, 0)
(1 rootspaces; 256 states)
LASSI eigenvalues (256 total):
 ix            Energy  <S**2>  Neleca  Nelecb  Wfnsym
  0   -616.5112408708  -0.000       8       8       A
  1   -616.0408057921  -0.000       8       8       A
  2   -616.0360244004   0.000       8       8       A
  3   -616.0284238891   0.000       8       8       A
  4   -616.0184739563  -0.000       8       8       A
  5   -616.0068605743  -0.000       8       8       A
  6   -615.9945209723  -0.000       8       8       A
  7   -615.9827681449   0.000       8       8       A
  8   -615.9733022837  -0.000       8       8       A
  9   -615.5653767255   0.000       8       8       A
 10   -615.5576192111  -0.000       8       8       A
 11   -615.5526774107   0.000       8       8       A
 12   -615.5475586453  -0.000       8       8       A
 13   -615.5425685194  -0.000       8       8       A
 14   -615.5359791364  -0.000       8       8       A
 15   -615.5346924116  -0.000       8       8       A
 16   -615.5309156623  -0.000       8       8       A
 17   -615.5241282402  -0.000       8       8       A
 18   -615.5229889758  -0.000       8       8       A
 19   -615.5190715444   0.000       8       8       A
 20   -615.5137205850  -0.000       8       8       A
 21   -615.5135957467  -0.000       8       8       A
 22   -615.5123261795  -0.000       8       8       A
 23   -615.5094453578   0.000       8       8       A
 24   -615.5059636344  -0.000       8       8       A
 25   -615.5016264317  -0.000       8       8       A
 26   -615.5000969383  -0.000       8       8       A
 27   -615.4992274820  -0.000       8       8       A
 28   -615.4927319737  -0.000       8       8       A
 29   -615.4890724803  -0.000       8       8       A
 30   -615.4882732375  -0.000       8       8       A
 31   -615.4818545868  -0.000       8       8       A
 32   -615.4768055203  -0.000       8       8       A
 33   -615.4692434538  -0.000       8       8       A
 34   -615.4640112005   0.000       8       8       A
 35   -615.4559339672  -0.000       8       8       A
 36   -615.4433285583  -0.000       8       8       A
 37   -615.0816416356   0.000       8       8       A
 38   -615.0714173429  -0.000       8       8       A
 39   -615.0633707398  -0.000       8       8       A
 40   -615.0598098316  -0.000       8       8       A
 41   -615.0582085863  -0.000       8       8       A
 42   -615.0517012210  -0.000       8       8       A
 43   -615.0483217184  -0.000       8       8       A
 44   -615.0464977658  -0.000       8       8       A
 45   -615.0422131901  -0.000       8       8       A
 46   -615.0410880148  -0.000       8       8       A
 47   -615.0391151694  -0.000       8       8       A
 48   -615.0369603173  -0.000       8       8       A
 49   -615.0357833923  -0.000       8       8       A
 50   -615.0338119026  -0.000       8       8       A
 51   -615.0302475575  -0.000       8       8       A
 52   -615.0295083573  -0.000       8       8       A
 53   -615.0287833669  -0.000       8       8       A
 54   -615.0273718297  -0.000       8       8       A
 55   -615.0246240355  -0.000       8       8       A
 56   -615.0238520115  -0.000       8       8       A
 57   -615.0199281106  -0.000       8       8       A
 58   -615.0188473924  -0.000       8       8       A
 59   -615.0186260390  -0.000       8       8       A
 60   -615.0178595549  -0.000       8       8       A
 61   -615.0146163879  -0.000       8       8       A
 62   -615.0128419820  -0.000       8       8       A
 63   -615.0122643166  -0.000       8       8       A
 64   -615.0081751852  -0.000       8       8       A
 65   -615.0078804481  -0.000       8       8       A
 66   -615.0069050755  -0.000       8       8       A
 67   -615.0056981505  -0.000       8       8       A
 68   -615.0026772369  -0.000       8       8       A
 69   -615.0004673918  -0.000       8       8       A
 70   -614.9991179254  -0.000       8       8       A
 71   -614.9962740285  -0.000       8       8       A
 72   -614.9958062250  -0.000       8       8       A
 73   -614.9941174920  -0.000       8       8       A
 74   -614.9928699549  -0.000       8       8       A
 75   -614.9920460362  -0.000       8       8       A
 76   -614.9876546859  -0.000       8       8       A
 77   -614.9868094457  -0.000       8       8       A
 78   -614.9832617080  -0.000       8       8       A
 79   -614.9828261551  -0.000       8       8       A
 80   -614.9818789162  -0.000       8       8       A
 81   -614.9781832767  -0.000       8       8       A
 82   -614.9761620175  -0.000       8       8       A
 83   -614.9748503536  -0.000       8       8       A
 84   -614.9726467871  -0.000       8       8       A
 85   -614.9688450647  -0.000       8       8       A
 86   -614.9640269973  -0.000       8       8       A
 87   -614.9621716449  -0.000       8       8       A
 88   -614.9563400089  -0.000       8       8       A
 89   -614.9518988550  -0.000       8       8       A
 90   -614.9490505215  -0.000       8       8       A
 91   -614.9381473959  -0.000       8       8       A
 92   -614.9236068342  -0.000       8       8       A
 93   -614.5866408025  -0.000       8       8       A
 94   -614.5749004640  -0.000       8       8       A
 95   -614.5650476803  -0.000       8       8       A
 96   -614.5642103103  -0.000       8       8       A
 97   -614.5569293269  -0.000       8       8       A
 98   -614.5557888288  -0.000       8       8       A
 99   -614.5533027228  -0.000       8       8       A
Remaining 156 eigenvalues truncated; increase verbosity to print them all
