

******** <class 'pyscf.scf.rohf.ROHF'> ********
method = ROHF
initial guess = minao
damping factor = 0
level_shift factor = 0
DIIS = <class 'pyscf.scf.diis.CDIIS'>
diis_start_cycle = 1
diis_space = 8
SCF conv_tol = 1e-09
SCF conv_tol_grad = None
SCF max_cycles = 50
direct_scf = True
direct_scf_tol = 1e-13
chkfile to save SCF result = /tmp/tmptc3ucxlm
max_memory 60000 MB (current use 193 MB)
num. doubly occ = 64  num. singly occ = 0
Set gradient conv threshold to 3.16228e-05
init E= -618.371630407121
  HOMO = -0.0367374390436348  LUMO = -0.0235118468927874
cycle= 1 E= -616.018464881479  delta_E= 2.35  |g|= 0.484  |ddm|= 5.73
  HOMO = -0.105044160358608  LUMO = 0.221948659666892
cycle= 2 E= -616.10656920947  delta_E= -0.0881  |g|= 0.102  |ddm|= 0.58
  HOMO = -0.135627981544212  LUMO = 0.197383931110923
cycle= 3 E= -616.111172682334  delta_E= -0.0046  |g|= 0.015  |ddm|= 0.137
  HOMO = -0.12866819853435  LUMO = 0.203775782762672
cycle= 4 E= -616.111265121453  delta_E= -9.24e-05  |g|= 0.000857  |ddm|= 0.0217
  HOMO = -0.128682211784916  LUMO = 0.203714366592042
cycle= 5 E= -616.111265465069  delta_E= -3.44e-07  |g|= 6.1e-05  |ddm|= 0.0012
  HOMO = -0.128674589791103  LUMO = 0.20371916594779
cycle= 6 E= -616.11126546689  delta_E= -1.82e-09  |g|= 1.5e-05  |ddm|= 9.33e-05
  HOMO = -0.128675276461304  LUMO = 0.203718715121735
cycle= 7 E= -616.111265466944  delta_E= -5.41e-11  |g|= 9.41e-06  |ddm|= 1.94e-05
  HOMO = -0.128675329729716  LUMO = 0.203718700795956
Extra cycle  E= -616.111265466952  delta_E= -8.64e-12  |g|= 8.05e-06  |ddm|= 1.33e-05
converged SCF energy = -616.111265466952

******** AVAS flags ********
aolabels = ['C 2px']
ncore = 0
minao = minao
threshold = 0.2
with_iao = False
openshell_option = 2
canonicalize = True

** AVAS **
  Total number of HF MOs  is equal to    112
  Number of occupied HF MOs is equal to  64
reference AO indices for minao ['C 2px']:
 [  2   7  16  21  30  35  44  49  58  63  72  77  86  91 100 105]
Option 2: threshold 0.2
Active from occupied = 8 , eig [0.96691456 0.96693294 0.97040447 0.97280236 0.97651182 0.98171447
 0.98830469 0.99472317]
Inactive from occupied = 56
Active from unoccupied = 8 , eig [0.93485321 0.93498563 0.95097892 0.95115218 0.96871669 0.97089503
 0.97999935 0.99087416]
Inactive from unoccupied = 40
Dimensions of active 16
# of alpha electrons 8
# of beta electrons 8
Entering product-state fixed-point CI iteration
Cycle 0: max grad = 1.806557e-01 ; sigma = 0.000000e+00 ; 0/8 fragment CI solvers converged
Cycle 1: max grad = 9.972555e-05 ; sigma = 1.888720e-03 ; 8/8 fragment CI solvers converged
Cycle 2: max grad = 2.675007e-07 ; sigma = 1.360369e-08 ; 8/8 fragment CI solvers converged
Cycle 3: max grad = 4.172435e-08 ; sigma = 1.278977e-13 ; 8/8 fragment CI solvers converged
Product_state fixed-point CI iteration converged after 3 cycles
Entering product-state fixed-point CI iteration
Cycle 0: max grad = 1.806557e-01 ; sigma = 0.000000e+00 ; 0/8 fragment CI solvers converged
Cycle 1: max grad = 9.982481e-05 ; sigma = 5.529155e-02 ; 8/8 fragment CI solvers converged
Cycle 2: max grad = 2.647972e-07 ; sigma = 1.672441e-08 ; 8/8 fragment CI solvers converged
Cycle 3: max grad = 4.101545e-08 ; sigma = 1.243450e-13 ; 8/8 fragment CI solvers converged
Product_state fixed-point CI iteration converged after 3 cycles
Entering product-state fixed-point CI iteration
Cycle 0: max grad = 1.806558e-01 ; sigma = 0.000000e+00 ; 0/8 fragment CI solvers converged
Cycle 1: max grad = 9.969954e-05 ; sigma = 5.530196e-02 ; 8/8 fragment CI solvers converged
Cycle 2: max grad = 3.491981e-07 ; sigma = 1.667896e-08 ; 8/8 fragment CI solvers converged
Cycle 3: max grad = 4.899745e-08 ; sigma = 2.167155e-13 ; 8/8 fragment CI solvers converged
Product_state fixed-point CI iteration converged after 3 cycles
Entering product-state fixed-point CI iteration
Cycle 0: max grad = 1.806558e-01 ; sigma = 0.000000e+00 ; 0/8 fragment CI solvers converged
Cycle 1: max grad = 9.868806e-05 ; sigma = 5.530157e-02 ; 8/8 fragment CI solvers converged
Cycle 2: max grad = 3.707602e-07 ; sigma = 1.633752e-08 ; 8/8 fragment CI solvers converged
Cycle 3: max grad = 5.477941e-08 ; sigma = 2.557954e-13 ; 8/8 fragment CI solvers converged
Product_state fixed-point CI iteration converged after 3 cycles
Entering product-state fixed-point CI iteration
Cycle 0: max grad = 1.806558e-01 ; sigma = 0.000000e+00 ; 0/8 fragment CI solvers converged
Cycle 1: max grad = 9.745896e-05 ; sigma = 5.530073e-02 ; 8/8 fragment CI solvers converged
Cycle 2: max grad = 3.721123e-07 ; sigma = 1.595126e-08 ; 8/8 fragment CI solvers converged
Cycle 3: max grad = 5.970598e-08 ; sigma = 2.486900e-13 ; 8/8 fragment CI solvers converged
Product_state fixed-point CI iteration converged after 3 cycles
Entering product-state fixed-point CI iteration
Cycle 0: max grad = 1.806558e-01 ; sigma = 0.000000e+00 ; 0/8 fragment CI solvers converged
Cycle 1: max grad = 9.745896e-05 ; sigma = 5.530073e-02 ; 8/8 fragment CI solvers converged
Cycle 2: max grad = 3.721123e-07 ; sigma = 1.595126e-08 ; 8/8 fragment CI solvers converged
Cycle 3: max grad = 5.970598e-08 ; sigma = 2.522427e-13 ; 8/8 fragment CI solvers converged
Product_state fixed-point CI iteration converged after 3 cycles
Entering product-state fixed-point CI iteration
Cycle 0: max grad = 1.806558e-01 ; sigma = 0.000000e+00 ; 0/8 fragment CI solvers converged
Cycle 1: max grad = 9.868806e-05 ; sigma = 5.530157e-02 ; 8/8 fragment CI solvers converged
Cycle 2: max grad = 3.707602e-07 ; sigma = 1.633752e-08 ; 8/8 fragment CI solvers converged
Cycle 3: max grad = 5.477941e-08 ; sigma = 2.522427e-13 ; 8/8 fragment CI solvers converged
Product_state fixed-point CI iteration converged after 3 cycles
Entering product-state fixed-point CI iteration
Cycle 0: max grad = 1.806558e-01 ; sigma = 0.000000e+00 ; 0/8 fragment CI solvers converged
Cycle 1: max grad = 9.969954e-05 ; sigma = 5.530196e-02 ; 8/8 fragment CI solvers converged
Cycle 2: max grad = 3.491981e-07 ; sigma = 1.667896e-08 ; 8/8 fragment CI solvers converged
Cycle 3: max grad = 4.899745e-08 ; sigma = 2.096101e-13 ; 8/8 fragment CI solvers converged
Product_state fixed-point CI iteration converged after 3 cycles
Entering product-state fixed-point CI iteration
Cycle 0: max grad = 1.806557e-01 ; sigma = 0.000000e+00 ; 0/8 fragment CI solvers converged
Cycle 1: max grad = 9.982481e-05 ; sigma = 5.529155e-02 ; 8/8 fragment CI solvers converged
Cycle 2: max grad = 2.647972e-07 ; sigma = 1.672442e-08 ; 8/8 fragment CI solvers converged
Cycle 3: max grad = 4.101545e-08 ; sigma = 1.207923e-13 ; 8/8 fragment CI solvers converged
Product_state fixed-point CI iteration converged after 3 cycles
LASCI state-average energy = -616.180018721744
LASCI state 0 energy = -616.50898908143
LASCI state 1 energy = -616.148526413567
LASCI state 2 energy = -616.136974795793
LASCI state 3 energy = -616.135252289691
LASCI state 4 energy = -616.134836208084
LASCI state 5 energy = -616.134836208084
LASCI state 6 energy = -616.135252289691
LASCI state 7 energy = -616.136974795793
LASCI state 8 energy = -616.148526413567
******** LAS space tables ********
LAS space 0: (8e+8e,16o) wfynsm=A
Converged? True
E(LAS) = -616.50898908143
S^2 = 0.0000000 (Pure)
Space table
 frag    (ae+be,no)  2S+1   ir   lroots
    0    (1e+1e,2o)     1    A        1
    1    (1e+1e,2o)     1    A        1
    2    (1e+1e,2o)     1    A        1
    3    (1e+1e,2o)     1    A        1
    4    (1e+1e,2o)     1    A        1
    5    (1e+1e,2o)     1    A        1
    6    (1e+1e,2o)     1    A        1
    7    (1e+1e,2o)     1    A        1
LAS space 1: (9e+8e,16o) wfynsm=A
Converged? True
E(LAS) = -616.148526413567
S^2 = 0.7500000 (Pure)
Space table
 frag    (ae+be,no)  2S+1   ir   lroots
    0    (2e+1e,2o)     2    A        1
    1    (1e+1e,2o)     1    A        1
    2    (1e+1e,2o)     1    A        1
    3    (1e+1e,2o)     1    A        1
    4    (1e+1e,2o)     1    A        1
    5    (1e+1e,2o)     1    A        1
    6    (1e+1e,2o)     1    A        1
    7    (1e+1e,2o)     1    A        1
LAS space 2: (9e+8e,16o) wfynsm=A
Converged? True
E(LAS) = -616.136974795793
S^2 = 0.7500000 (Pure)
Space table
 frag    (ae+be,no)  2S+1   ir   lroots
    0    (1e+1e,2o)     1    A        1
    1    (2e+1e,2o)     2    A        1
    2    (1e+1e,2o)     1    A        1
    3    (1e+1e,2o)     1    A        1
    4    (1e+1e,2o)     1    A        1
    5    (1e+1e,2o)     1    A        1
    6    (1e+1e,2o)     1    A        1
    7    (1e+1e,2o)     1    A        1
LAS space 3: (9e+8e,16o) wfynsm=A
Converged? True
E(LAS) = -616.135252289691
S^2 = 0.7500000 (Pure)
Space table
 frag    (ae+be,no)  2S+1   ir   lroots
    0    (1e+1e,2o)     1    A        1
    1    (1e+1e,2o)     1    A        1
    2    (2e+1e,2o)     2    A        1
    3    (1e+1e,2o)     1    A        1
    4    (1e+1e,2o)     1    A        1
    5    (1e+1e,2o)     1    A        1
    6    (1e+1e,2o)     1    A        1
    7    (1e+1e,2o)     1    A        1
LAS space 4: (9e+8e,16o) wfynsm=A
Converged? True
E(LAS) = -616.134836208084
S^2 = 0.7500000 (Pure)
Space table
 frag    (ae+be,no)  2S+1   ir   lroots
    0    (1e+1e,2o)     1    A        1
    1    (1e+1e,2o)     1    A        1
    2    (1e+1e,2o)     1    A        1
    3    (2e+1e,2o)     2    A        1
    4    (1e+1e,2o)     1    A        1
    5    (1e+1e,2o)     1    A        1
    6    (1e+1e,2o)     1    A        1
    7    (1e+1e,2o)     1    A        1
LAS space 5: (9e+8e,16o) wfynsm=A
Converged? True
E(LAS) = -616.134836208084
S^2 = 0.7500000 (Pure)
Space table
 frag    (ae+be,no)  2S+1   ir   lroots
    0    (1e+1e,2o)     1    A        1
    1    (1e+1e,2o)     1    A        1
    2    (1e+1e,2o)     1    A        1
    3    (1e+1e,2o)     1    A        1
    4    (2e+1e,2o)     2    A        1
    5    (1e+1e,2o)     1    A        1
    6    (1e+1e,2o)     1    A        1
    7    (1e+1e,2o)     1    A        1
LAS space 6: (9e+8e,16o) wfynsm=A
Converged? True
E(LAS) = -616.135252289691
S^2 = 0.7500000 (Pure)
Space table
 frag    (ae+be,no)  2S+1   ir   lroots
    0    (1e+1e,2o)     1    A        1
    1    (1e+1e,2o)     1    A        1
    2    (1e+1e,2o)     1    A        1
    3    (1e+1e,2o)     1    A        1
    4    (1e+1e,2o)     1    A        1
    5    (2e+1e,2o)     2    A        1
    6    (1e+1e,2o)     1    A        1
    7    (1e+1e,2o)     1    A        1
LAS space 7: (9e+8e,16o) wfynsm=A
Converged? True
E(LAS) = -616.136974795793
S^2 = 0.7500000 (Pure)
Space table
 frag    (ae+be,no)  2S+1   ir   lroots
    0    (1e+1e,2o)     1    A        1
    1    (1e+1e,2o)     1    A        1
    2    (1e+1e,2o)     1    A        1
    3    (1e+1e,2o)     1    A        1
    4    (1e+1e,2o)     1    A        1
    5    (1e+1e,2o)     1    A        1
    6    (2e+1e,2o)     2    A        1
    7    (1e+1e,2o)     1    A        1
LAS space 8: (9e+8e,16o) wfynsm=A
Converged? True
E(LAS) = -616.148526413567
S^2 = 0.7500000 (Pure)
Space table
 frag    (ae+be,no)  2S+1   ir   lroots
    0    (1e+1e,2o)     1    A        1
    1    (1e+1e,2o)     1    A        1
    2    (1e+1e,2o)     1    A        1
    3    (1e+1e,2o)     1    A        1
    4    (1e+1e,2o)     1    A        1
    5    (1e+1e,2o)     1    A        1
    6    (1e+1e,2o)     1    A        1
    7    (2e+1e,2o)     2    A        1
LASSI op_o0 memory check: 3183.374208 MB needed of 59588.757504 MB available (60000 MB max)
Symmetry analysis of 9 LAS rootspaces:
 ix            Energy  <S**2>  Neleca  Nelecb  Nelec   Wfnsym
  0   -616.5089890814   0.000       8       8      16       A
  1   -616.1485264136   0.750       9       8      17       A
  2   -616.1369747958   0.750       9       8      17       A
  3   -616.1352522897   0.750       9       8      17       A
  4   -616.1348362081   0.750       9       8      17       A
  5   -616.1348362081   0.750       9       8      17       A
  6   -616.1352522897   0.750       9       8      17       A
  7   -616.1369747958   0.750       9       8      17       A
  8   -616.1485264136   0.750       9       8      17       A
Build + diag H matrix LASSI symmetry block 0
['neleca', 'nelecb', 'irrep'] = (9, 8, 0)
(8 rootspaces; 8 states)
Build + diag H matrix LASSI symmetry block 1
['neleca', 'nelecb', 'irrep'] = (8, 8, 0)
(1 rootspaces; 1 states)
LASSI eigenvalues (9 total):
 ix            Energy  <S**2>  Neleca  Nelecb  Wfnsym
  0   -616.5089890814   0.000       8       8       A
  1   -616.2401721222   0.750       9       8       A
  2   -616.2246139177   0.750       9       8       A
  3   -616.1980636541   0.750       9       8       A
  4   -616.1632002258   0.750       9       8       A
  5   -616.1237984360   0.750       9       8       A
  6   -616.0844921800   0.750       9       8       A
  7   -616.0503926051   0.750       9       8       A
  8   -616.0264462734   0.750       9       8       A
