

******** <class 'pyscf.scf.rohf.ROHF'> ********
method = ROHF
initial guess = minao
damping factor = 0
level_shift factor = 0
DIIS = <class 'pyscf.scf.diis.CDIIS'>
diis_start_cycle = 1
diis_space = 8
SCF conv_tol = 1e-09
SCF conv_tol_grad = None
SCF max_cycles = 50
direct_scf = True
direct_scf_tol = 1e-13
chkfile to save SCF result = /tmp/tmpjt7ak7c6
max_memory 60000 MB (current use 308 MB)
num. doubly occ = 72  num. singly occ = 0
Set gradient conv threshold to 3.16228e-05
init E= -6322.44048652791
  HOMO = 0.0714546076149295  LUMO = 0.0868126001484854
cycle= 1 E= -6318.93630849424  delta_E=  3.5  |g|= 1.46  |ddm|= 3.36
  HOMO = 0.49225582332772  LUMO = 0.511224508571215
cycle= 2 E= -6323.29321841933  delta_E= -4.36  |g|= 1.26  |ddm|= 4.25
  HOMO = 0.091439001280799  LUMO = 0.102914142923873
cycle= 3 E= -6320.75590194156  delta_E= 2.54  |g|= 1.61  |ddm|= 2.91
  HOMO = -0.0234726519622498  LUMO = -0.0138083516978449
cycle= 4 E= -6322.41162191255  delta_E= -1.66  |g|= 1.53  |ddm|= 3.95
  HOMO = -0.0191387020284499  LUMO = 0.0229393738513915
cycle= 5 E= -6322.06968979429  delta_E= 0.342  |g|= 1.73  |ddm|= 0.345
  HOMO = -0.0464156943671255  LUMO = 0.00620540305639761
cycle= 6 E= -6322.33010992128  delta_E= -0.26  |g|= 1.71  |ddm|= 0.564
  HOMO = -0.0415148394307533  LUMO = -0.00977174029055099
cycle= 7 E= -6322.54660043419  delta_E= -0.216  |g|= 1.83  |ddm|= 0.792
  HOMO = -0.0491661270038845  LUMO = -0.0237059398536247
cycle= 8 E= -6323.10942078506  delta_E= -0.563  |g|= 1.56  |ddm|= 0.676
  HOMO = -0.0494747279583609  LUMO = -0.0151881957884137
cycle= 9 E= -6323.33167686632  delta_E= -0.222  |g|=  1.4  |ddm|= 0.298
  HOMO = -0.0376606977979681  LUMO = 0.00156309725886004
cycle= 10 E= -6323.2431022277  delta_E= 0.0886  |g|= 1.33  |ddm|= 0.51
  HOMO = -0.0436594556697193  LUMO = -0.0347111019990238
cycle= 11 E= -6322.4372312657  delta_E= 0.806  |g|= 1.89  |ddm|= 2.77
  HOMO = 0.214145344688669  LUMO = 0.218050528215355
cycle= 12 E= -6321.2322822743  delta_E=  1.2  |g|= 1.55  |ddm|= 3.61
  HOMO = -0.098433316266184  LUMO = -0.0244083491275386
cycle= 13 E= -6324.38530592151  delta_E= -3.15  |g|= 1.07  |ddm|=  3.3
  HOMO = -0.101891987376067  LUMO = 0.0309946536998473
cycle= 14 E= -6324.41653407363  delta_E= -0.0312  |g|= 1.02  |ddm|= 0.517
  HOMO = -0.0989446908990824  LUMO = 0.028653900974047
cycle= 15 E= -6324.01915597768  delta_E= 0.397  |g|= 1.31  |ddm|= 0.501
  HOMO = -0.0624376092302093  LUMO = 0.0344773149326972
cycle= 16 E= -6324.62554591002  delta_E= -0.606  |g|= 0.793  |ddm|= 0.818
  HOMO = -0.0635147422033355  LUMO = 0.0562671200515393
cycle= 17 E= -6324.5703688028  delta_E= 0.0552  |g|= 0.829  |ddm|= 0.577
  HOMO = -0.0632655597978291  LUMO = 0.0570561993295988
cycle= 18 E= -6324.42542062325  delta_E= 0.145  |g|= 0.939  |ddm|= 0.262
  HOMO = -0.0670229967664822  LUMO = 0.051678297132736
cycle= 19 E= -6324.50301892315  delta_E= -0.0776  |g|= 0.876  |ddm|= 0.144
  HOMO = -0.0679319058914473  LUMO = 0.0540963060027552
cycle= 20 E= -6324.47293348455  delta_E= 0.0301  |g|= 0.894  |ddm|= 0.148
  HOMO = -0.0696580960741768  LUMO = 0.125872101828634
cycle= 21 E= -6325.05932017209  delta_E= -0.586  |g|= 0.293  |ddm|= 1.84
  HOMO = -0.0712700871899265  LUMO = 0.117544419743446
cycle= 22 E= -6325.11397033066  delta_E= -0.0547  |g|= 0.121  |ddm|= 0.338
  HOMO = -0.0670289068795149  LUMO = 0.136065810095849
cycle= 23 E= -6325.14521841291  delta_E= -0.0312  |g|= 0.0741  |ddm|= 0.416
  HOMO = -0.0821471328224591  LUMO = 0.160067963669424
cycle= 24 E= -6325.15855942881  delta_E= -0.0133  |g|= 0.0508  |ddm|= 0.291
  HOMO = -0.0840147245138165  LUMO = 0.16171082077528
cycle= 25 E= -6325.16356833459  delta_E= -0.00501  |g|= 0.0379  |ddm|= 0.147
  HOMO = -0.0861675283811839  LUMO = 0.169473415944575
cycle= 26 E= -6325.16745305248  delta_E= -0.00388  |g|= 0.0282  |ddm|= 0.149
  HOMO = -0.0923606618247736  LUMO = 0.168984605112544
cycle= 27 E= -6325.17163193406  delta_E= -0.00418  |g|= 0.0202  |ddm|= 0.208
  HOMO = -0.0919781557595192  LUMO = 0.18086172637576
cycle= 28 E= -6325.17434323253  delta_E= -0.00271  |g|= 0.0162  |ddm|= 0.231
  HOMO = -0.0940477416115849  LUMO = 0.178548175744143
cycle= 29 E= -6325.17474215203  delta_E= -0.000399  |g|= 0.0144  |ddm|= 0.0296
  HOMO = -0.0939440674760172  LUMO = 0.179505761244799
cycle= 30 E= -6325.17560761519  delta_E= -0.000865  |g|= 0.0139  |ddm|= 0.0704
  HOMO = -0.0953395128774313  LUMO = 0.18419252466303
cycle= 31 E= -6325.17719830225  delta_E= -0.00159  |g|= 0.0124  |ddm|= 0.146
  HOMO = -0.0982352650313948  LUMO = 0.196396231310743
cycle= 32 E= -6325.18089881411  delta_E= -0.0037  |g|= 0.0103  |ddm|= 0.472
  HOMO = -0.104427271877515  LUMO = 0.189984296779005
cycle= 33 E= -6325.18102994471  delta_E= -0.000131  |g|= 0.01  |ddm|= 0.06
  HOMO = -0.10741307044341  LUMO = 0.191978430902687
cycle= 34 E= -6325.18192766574  delta_E= -0.000898  |g|= 0.00742  |ddm|= 0.227
  HOMO = -0.108164157534518  LUMO = 0.192621884424268
cycle= 35 E= -6325.18215766167  delta_E= -0.00023  |g|= 0.0047  |ddm|= 0.0806
  HOMO = -0.108570423159816  LUMO = 0.194132012468321
cycle= 36 E= -6325.1822822901  delta_E= -0.000125  |g|= 0.00364  |ddm|= 0.0506
  HOMO = -0.109300598562074  LUMO = 0.195845145181549
cycle= 37 E= -6325.18238711832  delta_E= -0.000105  |g|= 0.00321  |ddm|= 0.0463
  HOMO = -0.110767831710881  LUMO = 0.192715066043642
cycle= 38 E= -6325.18248461418  delta_E= -9.75e-05  |g|= 0.00371  |ddm|= 0.0413
  HOMO = -0.110519228898478  LUMO = 0.195315355572109
cycle= 39 E= -6325.18251037636  delta_E= -2.58e-05  |g|= 0.00291  |ddm|= 0.00994
  HOMO = -0.11293200826996  LUMO = 0.196202114360408
cycle= 40 E= -6325.18272110476  delta_E= -0.000211  |g|= 0.00284  |ddm|= 0.0965
  HOMO = -0.113759491420306  LUMO = 0.196656296074738
cycle= 41 E= -6325.18286318394  delta_E= -0.000142  |g|= 0.00197  |ddm|= 0.0758
  HOMO = -0.115855834779546  LUMO = 0.198194678463335
cycle= 42 E= -6325.18303032759  delta_E= -0.000167  |g|= 0.0023  |ddm|= 0.151
  HOMO = -0.115945494920152  LUMO = 0.197720930050745
cycle= 43 E= -6325.18303984512  delta_E= -9.52e-06  |g|= 0.00137  |ddm|= 0.0265
  HOMO = -0.116971202718028  LUMO = 0.199494688400917
cycle= 44 E= -6325.18306108979  delta_E= -2.12e-05  |g|= 0.00166  |ddm|= 0.0645
  HOMO = -0.117022475068865  LUMO = 0.198665541547258
cycle= 45 E= -6325.18306431445  delta_E= -3.22e-06  |g|= 0.00061  |ddm|= 0.0054
  HOMO = -0.117451174410339  LUMO = 0.199208824665508
cycle= 46 E= -6325.18307131561  delta_E= -7e-06  |g|= 0.000652  |ddm|= 0.0196
  HOMO = -0.117837485736475  LUMO = 0.199426895537977
cycle= 47 E= -6325.1830749002  delta_E= -3.58e-06  |g|= 0.000585  |ddm|= 0.0168
  HOMO = -0.118092805386288  LUMO = 0.199304344067277
cycle= 48 E= -6325.18307601835  delta_E= -1.12e-06  |g|= 0.000162  |ddm|= 0.00946
  HOMO = -0.118266877317953  LUMO = 0.199435727148811
cycle= 49 E= -6325.18307619465  delta_E= -1.76e-07  |g|= 6.88e-05  |ddm|= 0.00602
  HOMO = -0.118232575493184  LUMO = 0.199389766179579
cycle= 50 E= -6325.18307619753  delta_E= -2.87e-09  |g|= 4.75e-05  |ddm|= 0.00266
SCF not converged.
SCF energy = -6325.18307619753
Entering product-state fixed-point CI iteration
Cycle 0: max grad = 2.287348e-01 ; sigma = 0.000000e+00 ; 0/4 fragment CI solvers converged
Cycle 1: max grad = 1.861713e-02 ; sigma = 1.189163e-01 ; 4/4 fragment CI solvers converged
Cycle 2: max grad = 4.955935e-03 ; sigma = 3.441891e-03 ; 4/4 fragment CI solvers converged
Cycle 3: max grad = 1.173933e-03 ; sigma = 2.588850e-04 ; 4/4 fragment CI solvers converged
Cycle 4: max grad = 2.966115e-04 ; sigma = 1.389832e-05 ; 4/4 fragment CI solvers converged
Cycle 5: max grad = 7.251157e-05 ; sigma = 9.741339e-07 ; 4/4 fragment CI solvers converged
Cycle 6: max grad = 1.806688e-05 ; sigma = 5.785358e-08 ; 4/4 fragment CI solvers converged
Cycle 7: max grad = 4.461571e-06 ; sigma = 3.691014e-09 ; 4/4 fragment CI solvers converged
Cycle 8: max grad = 1.107257e-06 ; sigma = 2.257821e-10 ; 4/4 fragment CI solvers converged
Cycle 9: max grad = 2.742199e-07 ; sigma = 1.415401e-11 ; 4/4 fragment CI solvers converged
Product_state fixed-point CI iteration converged after 9 cycles
Entering product-state fixed-point CI iteration
Cycle 0: max grad = 2.287351e-01 ; sigma = 0.000000e+00 ; 0/4 fragment CI solvers converged
Cycle 1: max grad = 7.537629e-03 ; sigma = 1.650064e-01 ; 4/4 fragment CI solvers converged
Cycle 2: max grad = 5.058843e-04 ; sigma = 5.471357e-04 ; 4/4 fragment CI solvers converged
Cycle 3: max grad = 5.142800e-05 ; sigma = 1.421284e-05 ; 4/4 fragment CI solvers converged
Cycle 4: max grad = 1.730759e-05 ; sigma = 7.289935e-07 ; 4/4 fragment CI solvers converged
Cycle 5: max grad = 1.877383e-06 ; sigma = 2.099961e-08 ; 4/4 fragment CI solvers converged
Cycle 6: max grad = 8.600287e-07 ; sigma = 1.162221e-09 ; 4/4 fragment CI solvers converged
Cycle 7: max grad = 6.096055e-07 ; sigma = 3.296918e-11 ; 4/4 fragment CI solvers converged
Product_state fixed-point CI iteration converged after 7 cycles
Entering product-state fixed-point CI iteration
Cycle 0: max grad = 2.287351e-01 ; sigma = 0.000000e+00 ; 0/4 fragment CI solvers converged
Cycle 1: max grad = 7.537629e-03 ; sigma = 1.650064e-01 ; 4/4 fragment CI solvers converged
Cycle 2: max grad = 5.058843e-04 ; sigma = 5.471357e-04 ; 4/4 fragment CI solvers converged
Cycle 3: max grad = 5.142800e-05 ; sigma = 1.421284e-05 ; 4/4 fragment CI solvers converged
Cycle 4: max grad = 1.730759e-05 ; sigma = 7.289935e-07 ; 4/4 fragment CI solvers converged
Cycle 5: max grad = 1.877383e-06 ; sigma = 2.099972e-08 ; 4/4 fragment CI solvers converged
Cycle 6: max grad = 8.600287e-07 ; sigma = 1.162107e-09 ; 4/4 fragment CI solvers converged
Cycle 7: max grad = 6.096055e-07 ; sigma = 3.274181e-11 ; 4/4 fragment CI solvers converged
Product_state fixed-point CI iteration converged after 7 cycles
LASCI state-average energy = -6325.56896474755
LASCI state 0 energy = -6325.66283875854
LASCI state 1 energy = -6325.52202774206
LASCI state 2 energy = -6325.52202774206
******** LAS space tables ********
LAS space 0: (32e+32e,36o) wfynsm=A
Converged? True
E(LAS) = -6325.66283875854
S^2 = 0.0000000 (Pure)
Space table
 frag    (ae+be,no)  2S+1   ir   lroots
    0    (8e+8e,9o)     1    A        1
    1    (8e+8e,9o)     1    A        1
    2    (8e+8e,9o)     1    A        1
    3    (8e+8e,9o)     1    A        1
LAS space 1: (32e+32e,36o) wfynsm=A
Converged? True
E(LAS) = -6325.52202774206
S^2 = 1.0000000 (Impure)
Space table
 frag    (ae+be,no)  2S+1   ir   lroots
    0    (8e+8e,9o)     1    A        1
    1    (8e+7e,9o)     2    A        1
    2    (8e+9e,9o)     2    A        1
    3    (8e+8e,9o)     1    A        1
LAS space 2: (32e+32e,36o) wfynsm=A
Converged? True
E(LAS) = -6325.52202774206
S^2 = 1.0000000 (Impure)
Space table
 frag    (ae+be,no)  2S+1   ir   lroots
    0    (8e+8e,9o)     1    A        1
    1    (7e+8e,9o)     2    A        1
    2    (9e+8e,9o)     2    A        1
    3    (8e+8e,9o)     1    A        1
LASSI op_o0 memory check: 67400.7218208 MB needed of 59681.527808 MB available (60000 MB max)
Symmetry analysis of 3 LAS rootspaces:
 ix            Energy  <S**2>  Neleca  Nelecb  Nelec   Wfnsym
  0  -6325.6628387585   0.000      32      32      64       A
  1  -6325.5220277421   1.000      32      32      64       A
  2  -6325.5220277421   1.000      32      32      64       A
Build + diag H matrix LASSI symmetry block 0
['neleca', 'nelecb', 'irrep'] = (32, 32, 0)
(3 rootspaces; 3 states)
LASSI eigenvalues (3 total):
 ix            Energy  <S**2>  Neleca  Nelecb  Wfnsym
  0  -6325.6628387585   0.000      32      32       A
  1  -6325.5227927966   2.000      32      32       A
  2  -6325.5212626875  -0.000      32      32       A
