

******** <class 'pyscf.scf.rohf.ROHF'> ********
method = ROHF
initial guess = minao
damping factor = 0
level_shift factor = 0
DIIS = <class 'pyscf.scf.diis.CDIIS'>
diis_start_cycle = 1
diis_space = 8
SCF conv_tol = 1e-09
SCF conv_tol_grad = None
SCF max_cycles = 50
direct_scf = True
direct_scf_tol = 1e-13
chkfile to save SCF result = /tmp/tmpoo5n9bg0
max_memory 60000 MB (current use 189 MB)
num. doubly occ = 112  num. singly occ = 0
Set gradient conv threshold to 3.16228e-05
init E= -1223.64983771856
  HOMO = -0.126409848364061  LUMO = -0.0267052920704604
cycle= 1 E= -1214.70108922689  delta_E= 8.95  |g|= 0.67  |ddm|= 7.61
  HOMO = -0.151993246004287  LUMO = 0.132303008179342
cycle= 2 E= -1214.92577669055  delta_E= -0.225  |g|= 0.186  |ddm|= 0.965
  HOMO = -0.173426072453081  LUMO = 0.145256807105583
cycle= 3 E= -1214.94964684237  delta_E= -0.0239  |g|= 0.0309  |ddm|= 0.372
  HOMO = -0.174741654546496  LUMO = 0.150522126009687
cycle= 4 E= -1214.95050117908  delta_E= -0.000854  |g|= 0.0137  |ddm|= 0.0519
  HOMO = -0.176827371473049  LUMO = 0.152977550818185
cycle= 5 E= -1214.95072389573  delta_E= -0.000223  |g|= 0.00187  |ddm|= 0.0363
  HOMO = -0.177461111680682  LUMO = 0.153089934995467
cycle= 6 E= -1214.95072828722  delta_E= -4.39e-06  |g|= 0.00053  |ddm|= 0.00535
  HOMO = -0.177436690537956  LUMO = 0.153118258012534
cycle= 7 E= -1214.95072857031  delta_E= -2.83e-07  |g|= 0.000301  |ddm|= 0.00107
  HOMO = -0.177431047246276  LUMO = 0.153128195126572
cycle= 8 E= -1214.95072870976  delta_E= -1.39e-07  |g|= 3.56e-05  |ddm|= 0.00129
  HOMO = -0.177430600784203  LUMO = 0.153128679302129
cycle= 9 E= -1214.95072871156  delta_E= -1.8e-09  |g|= 4.81e-06  |ddm|= 0.000151
  HOMO = -0.177430697019874  LUMO = 0.153128802150825
cycle= 10 E= -1214.95072871157  delta_E= -1.05e-11  |g|= 1.07e-06  |ddm|= 8.99e-06
  HOMO = -0.177430657139606  LUMO = 0.153128845044259
Extra cycle  E= -1214.95072871157  delta_E= -1.82e-12  |g|= 4.3e-07  |ddm|= 1.4e-06
converged SCF energy = -1214.95072871157

******** AVAS flags ********
aolabels = ['2py']
ncore = 0
minao = minao
threshold = 0.2
with_iao = False
openshell_option = 2
canonicalize = True

** AVAS **
  Total number of HF MOs  is equal to    192
  Number of occupied HF MOs is equal to  112
reference AO indices for minao ['2py']:
 [  3   9  15  21  27  33  39  45  51  57  63  69  75  81  87  93  99 105
 111 117 123 129 135 141 147 153 159 165 171 177 183 189]
Option 2: threshold 0.2
Active from occupied = 16 , eig [0.94982029 0.95057542 0.95057542 0.9528023  0.9528023  0.95638537
 0.95638537 0.96113301 0.96113301 0.96677855 0.96677855 0.97295345
 0.97295345 0.97888822 0.97888822 0.98190541]
Inactive from occupied = 96
Active from unoccupied = 16 , eig [0.98276859 0.98430023 0.98470561 0.98470561 0.98476781 0.98476781
 0.98600588 0.98600588 0.98751915 0.98751915 0.98755273 0.98755273
 0.98874991 0.98874991 0.98890725 0.98890725]
Inactive from unoccupied = 64
Dimensions of active 32
# of alpha electrons 16
# of beta electrons 16
Entering product-state fixed-point CI iteration
Cycle 0: max grad = 1.752328e-01 ; sigma = 0.000000e+00 ; 0/16 fragment CI solvers converged
Cycle 1: max grad = 7.510499e-04 ; sigma = 1.421085e-14 ; 16/16 fragment CI solvers converged
Cycle 2: max grad = 8.890482e-05 ; sigma = 1.421085e-14 ; 16/16 fragment CI solvers converged
Product_state fixed-point CI iteration converged after 2 cycles
Entering product-state fixed-point CI iteration
Cycle 0: max grad = 1.752336e-01 ; sigma = 0.000000e+00 ; 0/16 fragment CI solvers converged
Cycle 1: max grad = 3.320623e-03 ; sigma = 5.255706e-02 ; 16/16 fragment CI solvers converged
Cycle 2: max grad = 2.840117e-04 ; sigma = 2.114219e-05 ; 16/16 fragment CI solvers converged
Cycle 3: max grad = 2.933490e-05 ; sigma = 1.641991e-07 ; 16/16 fragment CI solvers converged
Cycle 4: max grad = 3.383628e-06 ; sigma = 1.619121e-09 ; 16/16 fragment CI solvers converged
Cycle 5: max grad = 3.660344e-07 ; sigma = 2.219736e-11 ; 16/16 fragment CI solvers converged
Product_state fixed-point CI iteration converged after 5 cycles
Entering product-state fixed-point CI iteration
Cycle 0: max grad = 1.752336e-01 ; sigma = 0.000000e+00 ; 0/16 fragment CI solvers converged
Cycle 1: max grad = 3.320623e-03 ; sigma = 5.255706e-02 ; 16/16 fragment CI solvers converged
Cycle 2: max grad = 2.840117e-04 ; sigma = 2.114219e-05 ; 16/16 fragment CI solvers converged
Cycle 3: max grad = 2.933490e-05 ; sigma = 1.641991e-07 ; 16/16 fragment CI solvers converged
Cycle 4: max grad = 3.383628e-06 ; sigma = 1.619121e-09 ; 16/16 fragment CI solvers converged
Cycle 5: max grad = 3.660344e-07 ; sigma = 2.218314e-11 ; 16/16 fragment CI solvers converged
Product_state fixed-point CI iteration converged after 5 cycles
Entering product-state fixed-point CI iteration
Cycle 0: max grad = 1.752336e-01 ; sigma = 0.000000e+00 ; 0/16 fragment CI solvers converged
Cycle 1: max grad = 3.320623e-03 ; sigma = 5.255706e-02 ; 16/16 fragment CI solvers converged
Cycle 2: max grad = 2.840117e-04 ; sigma = 2.114219e-05 ; 16/16 fragment CI solvers converged
Cycle 3: max grad = 2.933490e-05 ; sigma = 1.641991e-07 ; 16/16 fragment CI solvers converged
Cycle 4: max grad = 3.383628e-06 ; sigma = 1.619114e-09 ; 16/16 fragment CI solvers converged
Cycle 5: max grad = 3.660344e-07 ; sigma = 2.219025e-11 ; 16/16 fragment CI solvers converged
Product_state fixed-point CI iteration converged after 5 cycles
Entering product-state fixed-point CI iteration
Cycle 0: max grad = 1.752336e-01 ; sigma = 0.000000e+00 ; 0/16 fragment CI solvers converged
Cycle 1: max grad = 3.320623e-03 ; sigma = 5.255706e-02 ; 16/16 fragment CI solvers converged
Cycle 2: max grad = 2.840117e-04 ; sigma = 2.114219e-05 ; 16/16 fragment CI solvers converged
Cycle 3: max grad = 2.933490e-05 ; sigma = 1.641991e-07 ; 16/16 fragment CI solvers converged
Cycle 4: max grad = 3.383628e-06 ; sigma = 1.619114e-09 ; 16/16 fragment CI solvers converged
Cycle 5: max grad = 3.660344e-07 ; sigma = 2.219736e-11 ; 16/16 fragment CI solvers converged
Product_state fixed-point CI iteration converged after 5 cycles
Entering product-state fixed-point CI iteration
Cycle 0: max grad = 1.752336e-01 ; sigma = 0.000000e+00 ; 0/16 fragment CI solvers converged
Cycle 1: max grad = 3.320623e-03 ; sigma = 5.255706e-02 ; 16/16 fragment CI solvers converged
Cycle 2: max grad = 2.840117e-04 ; sigma = 2.114219e-05 ; 16/16 fragment CI solvers converged
Cycle 3: max grad = 2.933490e-05 ; sigma = 1.641991e-07 ; 16/16 fragment CI solvers converged
Cycle 4: max grad = 3.383628e-06 ; sigma = 1.619121e-09 ; 16/16 fragment CI solvers converged
Cycle 5: max grad = 3.660344e-07 ; sigma = 2.219736e-11 ; 16/16 fragment CI solvers converged
Product_state fixed-point CI iteration converged after 5 cycles
Entering product-state fixed-point CI iteration
Cycle 0: max grad = 1.752336e-01 ; sigma = 0.000000e+00 ; 0/16 fragment CI solvers converged
Cycle 1: max grad = 3.320623e-03 ; sigma = 5.255706e-02 ; 16/16 fragment CI solvers converged
Cycle 2: max grad = 2.840117e-04 ; sigma = 2.114219e-05 ; 16/16 fragment CI solvers converged
Cycle 3: max grad = 2.933490e-05 ; sigma = 1.641991e-07 ; 16/16 fragment CI solvers converged
Cycle 4: max grad = 3.383628e-06 ; sigma = 1.619114e-09 ; 16/16 fragment CI solvers converged
Cycle 5: max grad = 3.660344e-07 ; sigma = 2.219736e-11 ; 16/16 fragment CI solvers converged
Product_state fixed-point CI iteration converged after 5 cycles
Entering product-state fixed-point CI iteration
Cycle 0: max grad = 1.752336e-01 ; sigma = 0.000000e+00 ; 0/16 fragment CI solvers converged
Cycle 1: max grad = 3.320623e-03 ; sigma = 5.255706e-02 ; 16/16 fragment CI solvers converged
Cycle 2: max grad = 2.840117e-04 ; sigma = 2.114219e-05 ; 16/16 fragment CI solvers converged
Cycle 3: max grad = 2.933490e-05 ; sigma = 1.641991e-07 ; 16/16 fragment CI solvers converged
Cycle 4: max grad = 3.383628e-06 ; sigma = 1.619121e-09 ; 16/16 fragment CI solvers converged
Cycle 5: max grad = 3.660344e-07 ; sigma = 2.218314e-11 ; 16/16 fragment CI solvers converged
Product_state fixed-point CI iteration converged after 5 cycles
Entering product-state fixed-point CI iteration
Cycle 0: max grad = 1.752336e-01 ; sigma = 0.000000e+00 ; 0/16 fragment CI solvers converged
Cycle 1: max grad = 3.320623e-03 ; sigma = 5.255706e-02 ; 16/16 fragment CI solvers converged
Cycle 2: max grad = 2.840117e-04 ; sigma = 2.114219e-05 ; 16/16 fragment CI solvers converged
Cycle 3: max grad = 2.933490e-05 ; sigma = 1.641991e-07 ; 16/16 fragment CI solvers converged
Cycle 4: max grad = 3.383628e-06 ; sigma = 1.619121e-09 ; 16/16 fragment CI solvers converged
Cycle 5: max grad = 3.660344e-07 ; sigma = 2.219025e-11 ; 16/16 fragment CI solvers converged
Product_state fixed-point CI iteration converged after 5 cycles
Entering product-state fixed-point CI iteration
Cycle 0: max grad = 1.752336e-01 ; sigma = 0.000000e+00 ; 0/16 fragment CI solvers converged
Cycle 1: max grad = 3.320623e-03 ; sigma = 5.255706e-02 ; 16/16 fragment CI solvers converged
Cycle 2: max grad = 2.840117e-04 ; sigma = 2.114219e-05 ; 16/16 fragment CI solvers converged
Cycle 3: max grad = 2.933490e-05 ; sigma = 1.641991e-07 ; 16/16 fragment CI solvers converged
Cycle 4: max grad = 3.383628e-06 ; sigma = 1.619114e-09 ; 16/16 fragment CI solvers converged
Cycle 5: max grad = 3.660344e-07 ; sigma = 2.218314e-11 ; 16/16 fragment CI solvers converged
Product_state fixed-point CI iteration converged after 5 cycles
Entering product-state fixed-point CI iteration
Cycle 0: max grad = 1.752336e-01 ; sigma = 0.000000e+00 ; 0/16 fragment CI solvers converged
Cycle 1: max grad = 3.320623e-03 ; sigma = 5.255706e-02 ; 16/16 fragment CI solvers converged
Cycle 2: max grad = 2.840117e-04 ; sigma = 2.114219e-05 ; 16/16 fragment CI solvers converged
Cycle 3: max grad = 2.933490e-05 ; sigma = 1.641991e-07 ; 16/16 fragment CI solvers converged
Cycle 4: max grad = 3.383628e-06 ; sigma = 1.619114e-09 ; 16/16 fragment CI solvers converged
Cycle 5: max grad = 3.660344e-07 ; sigma = 2.219025e-11 ; 16/16 fragment CI solvers converged
Product_state fixed-point CI iteration converged after 5 cycles
Entering product-state fixed-point CI iteration
Cycle 0: max grad = 1.752336e-01 ; sigma = 0.000000e+00 ; 0/16 fragment CI solvers converged
Cycle 1: max grad = 3.320623e-03 ; sigma = 5.255706e-02 ; 16/16 fragment CI solvers converged
Cycle 2: max grad = 2.840117e-04 ; sigma = 2.114219e-05 ; 16/16 fragment CI solvers converged
Cycle 3: max grad = 2.933490e-05 ; sigma = 1.641991e-07 ; 16/16 fragment CI solvers converged
Cycle 4: max grad = 3.383628e-06 ; sigma = 1.619114e-09 ; 16/16 fragment CI solvers converged
Cycle 5: max grad = 3.660344e-07 ; sigma = 2.219025e-11 ; 16/16 fragment CI solvers converged
Product_state fixed-point CI iteration converged after 5 cycles
Entering product-state fixed-point CI iteration
Cycle 0: max grad = 1.752336e-01 ; sigma = 0.000000e+00 ; 0/16 fragment CI solvers converged
Cycle 1: max grad = 3.320623e-03 ; sigma = 5.255706e-02 ; 16/16 fragment CI solvers converged
Cycle 2: max grad = 2.840117e-04 ; sigma = 2.114219e-05 ; 16/16 fragment CI solvers converged
Cycle 3: max grad = 2.933490e-05 ; sigma = 1.641991e-07 ; 16/16 fragment CI solvers converged
Cycle 4: max grad = 3.383628e-06 ; sigma = 1.619114e-09 ; 16/16 fragment CI solvers converged
Cycle 5: max grad = 3.660344e-07 ; sigma = 2.218314e-11 ; 16/16 fragment CI solvers converged
Product_state fixed-point CI iteration converged after 5 cycles
Entering product-state fixed-point CI iteration
Cycle 0: max grad = 1.752336e-01 ; sigma = 0.000000e+00 ; 0/16 fragment CI solvers converged
Cycle 1: max grad = 3.320623e-03 ; sigma = 5.255706e-02 ; 16/16 fragment CI solvers converged
Cycle 2: max grad = 2.840117e-04 ; sigma = 2.114219e-05 ; 16/16 fragment CI solvers converged
Cycle 3: max grad = 2.933490e-05 ; sigma = 1.641991e-07 ; 16/16 fragment CI solvers converged
Cycle 4: max grad = 3.383628e-06 ; sigma = 1.619114e-09 ; 16/16 fragment CI solvers converged
Cycle 5: max grad = 3.660344e-07 ; sigma = 2.217604e-11 ; 16/16 fragment CI solvers converged
Product_state fixed-point CI iteration converged after 5 cycles
Entering product-state fixed-point CI iteration
Cycle 0: max grad = 1.752336e-01 ; sigma = 0.000000e+00 ; 0/16 fragment CI solvers converged
Cycle 1: max grad = 3.320623e-03 ; sigma = 5.255706e-02 ; 16/16 fragment CI solvers converged
Cycle 2: max grad = 2.840117e-04 ; sigma = 2.114219e-05 ; 16/16 fragment CI solvers converged
Cycle 3: max grad = 2.933490e-05 ; sigma = 1.641991e-07 ; 16/16 fragment CI solvers converged
Cycle 4: max grad = 3.383628e-06 ; sigma = 1.619121e-09 ; 16/16 fragment CI solvers converged
Cycle 5: max grad = 3.660344e-07 ; sigma = 2.219025e-11 ; 16/16 fragment CI solvers converged
Product_state fixed-point CI iteration converged after 5 cycles
Entering product-state fixed-point CI iteration
Cycle 0: max grad = 1.752336e-01 ; sigma = 0.000000e+00 ; 0/16 fragment CI solvers converged
Cycle 1: max grad = 3.320623e-03 ; sigma = 5.255706e-02 ; 16/16 fragment CI solvers converged
Cycle 2: max grad = 2.840117e-04 ; sigma = 2.114219e-05 ; 16/16 fragment CI solvers converged
Cycle 3: max grad = 2.933490e-05 ; sigma = 1.641991e-07 ; 16/16 fragment CI solvers converged
Cycle 4: max grad = 3.383628e-06 ; sigma = 1.619121e-09 ; 16/16 fragment CI solvers converged
Cycle 5: max grad = 3.660344e-07 ; sigma = 2.218314e-11 ; 16/16 fragment CI solvers converged
Product_state fixed-point CI iteration converged after 5 cycles
Entering product-state fixed-point CI iteration
Cycle 0: max grad = 1.752336e-01 ; sigma = 0.000000e+00 ; 0/16 fragment CI solvers converged
Cycle 1: max grad = 3.320623e-03 ; sigma = 5.255706e-02 ; 16/16 fragment CI solvers converged
Cycle 2: max grad = 2.840117e-04 ; sigma = 2.114219e-05 ; 16/16 fragment CI solvers converged
Cycle 3: max grad = 2.933490e-05 ; sigma = 1.641991e-07 ; 16/16 fragment CI solvers converged
Cycle 4: max grad = 3.383628e-06 ; sigma = 1.619114e-09 ; 16/16 fragment CI solvers converged
Cycle 5: max grad = 3.660344e-07 ; sigma = 2.217604e-11 ; 16/16 fragment CI solvers converged
Product_state fixed-point CI iteration converged after 5 cycles
Entering product-state fixed-point CI iteration
Cycle 0: max grad = 1.752333e-01 ; sigma = 0.000000e+00 ; 0/16 fragment CI solvers converged
Cycle 1: max grad = 2.568826e-03 ; sigma = 4.994237e-02 ; 16/16 fragment CI solvers converged
Cycle 2: max grad = 1.810498e-04 ; sigma = 1.261812e-05 ; 16/16 fragment CI solvers converged
Cycle 3: max grad = 1.713831e-05 ; sigma = 6.184959e-08 ; 16/16 fragment CI solvers converged
Cycle 4: max grad = 1.772099e-06 ; sigma = 5.590763e-10 ; 16/16 fragment CI solvers converged
Cycle 5: max grad = 1.841896e-07 ; sigma = 5.996981e-12 ; 16/16 fragment CI solvers converged
Product_state fixed-point CI iteration converged after 5 cycles
Entering product-state fixed-point CI iteration
Cycle 0: max grad = 1.752333e-01 ; sigma = 0.000000e+00 ; 0/16 fragment CI solvers converged
Cycle 1: max grad = 2.568826e-03 ; sigma = 4.994237e-02 ; 16/16 fragment CI solvers converged
Cycle 2: max grad = 1.810498e-04 ; sigma = 1.261812e-05 ; 16/16 fragment CI solvers converged
Cycle 3: max grad = 1.713831e-05 ; sigma = 6.184958e-08 ; 16/16 fragment CI solvers converged
Cycle 4: max grad = 1.772099e-06 ; sigma = 5.590834e-10 ; 16/16 fragment CI solvers converged
Cycle 5: max grad = 1.841896e-07 ; sigma = 5.996981e-12 ; 16/16 fragment CI solvers converged
Product_state fixed-point CI iteration converged after 5 cycles
Entering product-state fixed-point CI iteration
Cycle 0: max grad = 1.752333e-01 ; sigma = 0.000000e+00 ; 0/16 fragment CI solvers converged
Cycle 1: max grad = 2.568826e-03 ; sigma = 4.994237e-02 ; 16/16 fragment CI solvers converged
Cycle 2: max grad = 1.810498e-04 ; sigma = 1.261812e-05 ; 16/16 fragment CI solvers converged
Cycle 3: max grad = 1.713831e-05 ; sigma = 6.184958e-08 ; 16/16 fragment CI solvers converged
Cycle 4: max grad = 1.772099e-06 ; sigma = 5.590906e-10 ; 16/16 fragment CI solvers converged
Cycle 5: max grad = 1.841896e-07 ; sigma = 6.004086e-12 ; 16/16 fragment CI solvers converged
Product_state fixed-point CI iteration converged after 5 cycles
Entering product-state fixed-point CI iteration
Cycle 0: max grad = 1.752333e-01 ; sigma = 0.000000e+00 ; 0/16 fragment CI solvers converged
Cycle 1: max grad = 2.568826e-03 ; sigma = 4.994237e-02 ; 16/16 fragment CI solvers converged
Cycle 2: max grad = 1.810498e-04 ; sigma = 1.261812e-05 ; 16/16 fragment CI solvers converged
Cycle 3: max grad = 1.713831e-05 ; sigma = 6.184958e-08 ; 16/16 fragment CI solvers converged
Cycle 4: max grad = 1.772099e-06 ; sigma = 5.590834e-10 ; 16/16 fragment CI solvers converged
Cycle 5: max grad = 1.841896e-07 ; sigma = 6.004086e-12 ; 16/16 fragment CI solvers converged
Product_state fixed-point CI iteration converged after 5 cycles
Entering product-state fixed-point CI iteration
Cycle 0: max grad = 1.752333e-01 ; sigma = 0.000000e+00 ; 0/16 fragment CI solvers converged
Cycle 1: max grad = 2.568826e-03 ; sigma = 4.994237e-02 ; 16/16 fragment CI solvers converged
Cycle 2: max grad = 1.810498e-04 ; sigma = 1.261812e-05 ; 16/16 fragment CI solvers converged
Cycle 3: max grad = 1.713831e-05 ; sigma = 6.184959e-08 ; 16/16 fragment CI solvers converged
Cycle 4: max grad = 1.772099e-06 ; sigma = 5.590834e-10 ; 16/16 fragment CI solvers converged
Cycle 5: max grad = 1.841896e-07 ; sigma = 6.004086e-12 ; 16/16 fragment CI solvers converged
Product_state fixed-point CI iteration converged after 5 cycles
Entering product-state fixed-point CI iteration
Cycle 0: max grad = 1.752333e-01 ; sigma = 0.000000e+00 ; 0/16 fragment CI solvers converged
Cycle 1: max grad = 2.568826e-03 ; sigma = 4.994237e-02 ; 16/16 fragment CI solvers converged
Cycle 2: max grad = 1.810498e-04 ; sigma = 1.261812e-05 ; 16/16 fragment CI solvers converged
Cycle 3: max grad = 1.713831e-05 ; sigma = 6.184958e-08 ; 16/16 fragment CI solvers converged
Cycle 4: max grad = 1.772099e-06 ; sigma = 5.590834e-10 ; 16/16 fragment CI solvers converged
Cycle 5: max grad = 1.841896e-07 ; sigma = 6.004086e-12 ; 16/16 fragment CI solvers converged
Product_state fixed-point CI iteration converged after 5 cycles
Entering product-state fixed-point CI iteration
Cycle 0: max grad = 1.752333e-01 ; sigma = 0.000000e+00 ; 0/16 fragment CI solvers converged
Cycle 1: max grad = 2.568826e-03 ; sigma = 4.994237e-02 ; 16/16 fragment CI solvers converged
Cycle 2: max grad = 1.810498e-04 ; sigma = 1.261812e-05 ; 16/16 fragment CI solvers converged
Cycle 3: max grad = 1.713831e-05 ; sigma = 6.184959e-08 ; 16/16 fragment CI solvers converged
Cycle 4: max grad = 1.772099e-06 ; sigma = 5.590763e-10 ; 16/16 fragment CI solvers converged
Cycle 5: max grad = 1.841896e-07 ; sigma = 6.004086e-12 ; 16/16 fragment CI solvers converged
Product_state fixed-point CI iteration converged after 5 cycles
Entering product-state fixed-point CI iteration
Cycle 0: max grad = 1.752333e-01 ; sigma = 0.000000e+00 ; 0/16 fragment CI solvers converged
Cycle 1: max grad = 2.568826e-03 ; sigma = 4.994237e-02 ; 16/16 fragment CI solvers converged
Cycle 2: max grad = 1.810498e-04 ; sigma = 1.261812e-05 ; 16/16 fragment CI solvers converged
Cycle 3: max grad = 1.713831e-05 ; sigma = 6.184959e-08 ; 16/16 fragment CI solvers converged
Cycle 4: max grad = 1.772099e-06 ; sigma = 5.590906e-10 ; 16/16 fragment CI solvers converged
Cycle 5: max grad = 1.841896e-07 ; sigma = 6.004086e-12 ; 16/16 fragment CI solvers converged
Product_state fixed-point CI iteration converged after 5 cycles
Entering product-state fixed-point CI iteration
Cycle 0: max grad = 1.752333e-01 ; sigma = 0.000000e+00 ; 0/16 fragment CI solvers converged
Cycle 1: max grad = 2.568826e-03 ; sigma = 4.994237e-02 ; 16/16 fragment CI solvers converged
Cycle 2: max grad = 1.810498e-04 ; sigma = 1.261812e-05 ; 16/16 fragment CI solvers converged
Cycle 3: max grad = 1.713831e-05 ; sigma = 6.184958e-08 ; 16/16 fragment CI solvers converged
Cycle 4: max grad = 1.772099e-06 ; sigma = 5.590692e-10 ; 16/16 fragment CI solvers converged
Cycle 5: max grad = 1.841896e-07 ; sigma = 6.011192e-12 ; 16/16 fragment CI solvers converged
Product_state fixed-point CI iteration converged after 5 cycles
Entering product-state fixed-point CI iteration
Cycle 0: max grad = 1.752333e-01 ; sigma = 0.000000e+00 ; 0/16 fragment CI solvers converged
Cycle 1: max grad = 2.568826e-03 ; sigma = 4.994237e-02 ; 16/16 fragment CI solvers converged
Cycle 2: max grad = 1.810498e-04 ; sigma = 1.261812e-05 ; 16/16 fragment CI solvers converged
Cycle 3: max grad = 1.713831e-05 ; sigma = 6.184959e-08 ; 16/16 fragment CI solvers converged
Cycle 4: max grad = 1.772099e-06 ; sigma = 5.590763e-10 ; 16/16 fragment CI solvers converged
Cycle 5: max grad = 1.841896e-07 ; sigma = 5.996981e-12 ; 16/16 fragment CI solvers converged
Product_state fixed-point CI iteration converged after 5 cycles
Entering product-state fixed-point CI iteration
Cycle 0: max grad = 1.752333e-01 ; sigma = 0.000000e+00 ; 0/16 fragment CI solvers converged
Cycle 1: max grad = 2.568826e-03 ; sigma = 4.994237e-02 ; 16/16 fragment CI solvers converged
Cycle 2: max grad = 1.810498e-04 ; sigma = 1.261812e-05 ; 16/16 fragment CI solvers converged
Cycle 3: max grad = 1.713831e-05 ; sigma = 6.184958e-08 ; 16/16 fragment CI solvers converged
Cycle 4: max grad = 1.772099e-06 ; sigma = 5.590834e-10 ; 16/16 fragment CI solvers converged
Cycle 5: max grad = 1.841896e-07 ; sigma = 5.996981e-12 ; 16/16 fragment CI solvers converged
Product_state fixed-point CI iteration converged after 5 cycles
Entering product-state fixed-point CI iteration
Cycle 0: max grad = 1.752333e-01 ; sigma = 0.000000e+00 ; 0/16 fragment CI solvers converged
Cycle 1: max grad = 2.568826e-03 ; sigma = 4.994237e-02 ; 16/16 fragment CI solvers converged
Cycle 2: max grad = 1.810498e-04 ; sigma = 1.261812e-05 ; 16/16 fragment CI solvers converged
Cycle 3: max grad = 1.713831e-05 ; sigma = 6.184959e-08 ; 16/16 fragment CI solvers converged
Cycle 4: max grad = 1.772099e-06 ; sigma = 5.590763e-10 ; 16/16 fragment CI solvers converged
Cycle 5: max grad = 1.841896e-07 ; sigma = 5.996981e-12 ; 16/16 fragment CI solvers converged
Product_state fixed-point CI iteration converged after 5 cycles
Entering product-state fixed-point CI iteration
Cycle 0: max grad = 1.752333e-01 ; sigma = 0.000000e+00 ; 0/16 fragment CI solvers converged
Cycle 1: max grad = 2.568826e-03 ; sigma = 4.994237e-02 ; 16/16 fragment CI solvers converged
Cycle 2: max grad = 1.810498e-04 ; sigma = 1.261812e-05 ; 16/16 fragment CI solvers converged
Cycle 3: max grad = 1.713831e-05 ; sigma = 6.184958e-08 ; 16/16 fragment CI solvers converged
Cycle 4: max grad = 1.772099e-06 ; sigma = 5.590834e-10 ; 16/16 fragment CI solvers converged
Cycle 5: max grad = 1.841896e-07 ; sigma = 6.004086e-12 ; 16/16 fragment CI solvers converged
Product_state fixed-point CI iteration converged after 5 cycles
Entering product-state fixed-point CI iteration
Cycle 0: max grad = 1.752333e-01 ; sigma = 0.000000e+00 ; 0/16 fragment CI solvers converged
Cycle 1: max grad = 2.568826e-03 ; sigma = 4.994237e-02 ; 16/16 fragment CI solvers converged
Cycle 2: max grad = 1.810498e-04 ; sigma = 1.261812e-05 ; 16/16 fragment CI solvers converged
Cycle 3: max grad = 1.713831e-05 ; sigma = 6.184958e-08 ; 16/16 fragment CI solvers converged
Cycle 4: max grad = 1.772099e-06 ; sigma = 5.590906e-10 ; 16/16 fragment CI solvers converged
Cycle 5: max grad = 1.841896e-07 ; sigma = 6.004086e-12 ; 16/16 fragment CI solvers converged
Product_state fixed-point CI iteration converged after 5 cycles
Entering product-state fixed-point CI iteration
Cycle 0: max grad = 1.752333e-01 ; sigma = 0.000000e+00 ; 0/16 fragment CI solvers converged
Cycle 1: max grad = 2.568826e-03 ; sigma = 4.994237e-02 ; 16/16 fragment CI solvers converged
Cycle 2: max grad = 1.810498e-04 ; sigma = 1.261812e-05 ; 16/16 fragment CI solvers converged
Cycle 3: max grad = 1.713831e-05 ; sigma = 6.184959e-08 ; 16/16 fragment CI solvers converged
Cycle 4: max grad = 1.772099e-06 ; sigma = 5.590906e-10 ; 16/16 fragment CI solvers converged
Cycle 5: max grad = 1.841896e-07 ; sigma = 5.996981e-12 ; 16/16 fragment CI solvers converged
Product_state fixed-point CI iteration converged after 5 cycles
Entering product-state fixed-point CI iteration
Cycle 0: max grad = 1.752333e-01 ; sigma = 0.000000e+00 ; 0/16 fragment CI solvers converged
Cycle 1: max grad = 2.568826e-03 ; sigma = 4.994237e-02 ; 16/16 fragment CI solvers converged
Cycle 2: max grad = 1.810498e-04 ; sigma = 1.261812e-05 ; 16/16 fragment CI solvers converged
Cycle 3: max grad = 1.713831e-05 ; sigma = 6.184959e-08 ; 16/16 fragment CI solvers converged
Cycle 4: max grad = 1.772099e-06 ; sigma = 5.590834e-10 ; 16/16 fragment CI solvers converged
Cycle 5: max grad = 1.841896e-07 ; sigma = 6.011192e-12 ; 16/16 fragment CI solvers converged
Product_state fixed-point CI iteration converged after 5 cycles
LASCI state-average energy = -1214.80014171337
LASCI state 0 energy = -1215.14657879532
LASCI state 1 energy = -1214.79632670057
LASCI state 2 energy = -1214.79632670057
LASCI state 3 energy = -1214.79632670057
LASCI state 4 energy = -1214.79632670057
LASCI state 5 energy = -1214.79632670057
LASCI state 6 energy = -1214.79632670057
LASCI state 7 energy = -1214.79632670057
LASCI state 8 energy = -1214.79632670057
LASCI state 9 energy = -1214.79632670057
LASCI state 10 energy = -1214.79632670057
LASCI state 11 energy = -1214.79632670057
LASCI state 12 energy = -1214.79632670057
LASCI state 13 energy = -1214.79632670057
LASCI state 14 energy = -1214.79632670057
LASCI state 15 energy = -1214.79632670057
LASCI state 16 energy = -1214.79632670057
LASCI state 17 energy = -1214.78230440855
LASCI state 18 energy = -1214.78230440855
LASCI state 19 energy = -1214.78230440855
LASCI state 20 energy = -1214.78230440855
LASCI state 21 energy = -1214.78230440855
LASCI state 22 energy = -1214.78230440855
LASCI state 23 energy = -1214.78230440855
LASCI state 24 energy = -1214.78230440855
LASCI state 25 energy = -1214.78230440855
LASCI state 26 energy = -1214.78230440855
LASCI state 27 energy = -1214.78230440855
LASCI state 28 energy = -1214.78230440855
LASCI state 29 energy = -1214.78230440855
LASCI state 30 energy = -1214.78230440855
LASCI state 31 energy = -1214.78230440855
LASCI state 32 energy = -1214.78230440855
******** LAS space tables ********
LAS space 0: (16e+16e,32o) wfynsm=A
Converged? True
E(LAS) = -1215.14657879532
S^2 = 0.0000000 (Pure)
Space table
 frag    (ae+be,no)  2S+1   ir   lroots
    0    (1e+1e,2o)     1    A        1
    1    (1e+1e,2o)     1    A        1
    2    (1e+1e,2o)     1    A        1
    3    (1e+1e,2o)     1    A        1
    4    (1e+1e,2o)     1    A        1
    5    (1e+1e,2o)     1    A        1
    6    (1e+1e,2o)     1    A        1
    7    (1e+1e,2o)     1    A        1
    8    (1e+1e,2o)     1    A        1
    9    (1e+1e,2o)     1    A        1
   10    (1e+1e,2o)     1    A        1
   11    (1e+1e,2o)     1    A        1
   12    (1e+1e,2o)     1    A        1
   13    (1e+1e,2o)     1    A        1
   14    (1e+1e,2o)     1    A        1
   15    (1e+1e,2o)     1    A        1
LAS space 1: (16e+15e,32o) wfynsm=A
Converged? True
E(LAS) = -1214.79632670057
S^2 = 0.7500000 (Pure)
Space table
 frag    (ae+be,no)  2S+1   ir   lroots
    0    (1e+0e,2o)     2    A        1
    1    (1e+1e,2o)     1    A        1
    2    (1e+1e,2o)     1    A        1
    3    (1e+1e,2o)     1    A        1
    4    (1e+1e,2o)     1    A        1
    5    (1e+1e,2o)     1    A        1
    6    (1e+1e,2o)     1    A        1
    7    (1e+1e,2o)     1    A        1
    8    (1e+1e,2o)     1    A        1
    9    (1e+1e,2o)     1    A        1
   10    (1e+1e,2o)     1    A        1
   11    (1e+1e,2o)     1    A        1
   12    (1e+1e,2o)     1    A        1
   13    (1e+1e,2o)     1    A        1
   14    (1e+1e,2o)     1    A        1
   15    (1e+1e,2o)     1    A        1
LAS space 2: (16e+15e,32o) wfynsm=A
Converged? True
E(LAS) = -1214.79632670057
S^2 = 0.7500000 (Pure)
Space table
 frag    (ae+be,no)  2S+1   ir   lroots
    0    (1e+1e,2o)     1    A        1
    1    (1e+0e,2o)     2    A        1
    2    (1e+1e,2o)     1    A        1
    3    (1e+1e,2o)     1    A        1
    4    (1e+1e,2o)     1    A        1
    5    (1e+1e,2o)     1    A        1
    6    (1e+1e,2o)     1    A        1
    7    (1e+1e,2o)     1    A        1
    8    (1e+1e,2o)     1    A        1
    9    (1e+1e,2o)     1    A        1
   10    (1e+1e,2o)     1    A        1
   11    (1e+1e,2o)     1    A        1
   12    (1e+1e,2o)     1    A        1
   13    (1e+1e,2o)     1    A        1
   14    (1e+1e,2o)     1    A        1
   15    (1e+1e,2o)     1    A        1
LAS space 3: (16e+15e,32o) wfynsm=A
Converged? True
E(LAS) = -1214.79632670057
S^2 = 0.7500000 (Pure)
Space table
 frag    (ae+be,no)  2S+1   ir   lroots
    0    (1e+1e,2o)     1    A        1
    1    (1e+1e,2o)     1    A        1
    2    (1e+0e,2o)     2    A        1
    3    (1e+1e,2o)     1    A        1
    4    (1e+1e,2o)     1    A        1
    5    (1e+1e,2o)     1    A        1
    6    (1e+1e,2o)     1    A        1
    7    (1e+1e,2o)     1    A        1
    8    (1e+1e,2o)     1    A        1
    9    (1e+1e,2o)     1    A        1
   10    (1e+1e,2o)     1    A        1
   11    (1e+1e,2o)     1    A        1
   12    (1e+1e,2o)     1    A        1
   13    (1e+1e,2o)     1    A        1
   14    (1e+1e,2o)     1    A        1
   15    (1e+1e,2o)     1    A        1
LAS space 4: (16e+15e,32o) wfynsm=A
Converged? True
E(LAS) = -1214.79632670057
S^2 = 0.7500000 (Pure)
Space table
 frag    (ae+be,no)  2S+1   ir   lroots
    0    (1e+1e,2o)     1    A        1
    1    (1e+1e,2o)     1    A        1
    2    (1e+1e,2o)     1    A        1
    3    (1e+0e,2o)     2    A        1
    4    (1e+1e,2o)     1    A        1
    5    (1e+1e,2o)     1    A        1
    6    (1e+1e,2o)     1    A        1
    7    (1e+1e,2o)     1    A        1
    8    (1e+1e,2o)     1    A        1
    9    (1e+1e,2o)     1    A        1
   10    (1e+1e,2o)     1    A        1
   11    (1e+1e,2o)     1    A        1
   12    (1e+1e,2o)     1    A        1
   13    (1e+1e,2o)     1    A        1
   14    (1e+1e,2o)     1    A        1
   15    (1e+1e,2o)     1    A        1
LAS space 5: (16e+15e,32o) wfynsm=A
Converged? True
E(LAS) = -1214.79632670057
S^2 = 0.7500000 (Pure)
Space table
 frag    (ae+be,no)  2S+1   ir   lroots
    0    (1e+1e,2o)     1    A        1
    1    (1e+1e,2o)     1    A        1
    2    (1e+1e,2o)     1    A        1
    3    (1e+1e,2o)     1    A        1
    4    (1e+0e,2o)     2    A        1
    5    (1e+1e,2o)     1    A        1
    6    (1e+1e,2o)     1    A        1
    7    (1e+1e,2o)     1    A        1
    8    (1e+1e,2o)     1    A        1
    9    (1e+1e,2o)     1    A        1
   10    (1e+1e,2o)     1    A        1
   11    (1e+1e,2o)     1    A        1
   12    (1e+1e,2o)     1    A        1
   13    (1e+1e,2o)     1    A        1
   14    (1e+1e,2o)     1    A        1
   15    (1e+1e,2o)     1    A        1
LAS space 6: (16e+15e,32o) wfynsm=A
Converged? True
E(LAS) = -1214.79632670057
S^2 = 0.7500000 (Pure)
Space table
 frag    (ae+be,no)  2S+1   ir   lroots
    0    (1e+1e,2o)     1    A        1
    1    (1e+1e,2o)     1    A        1
    2    (1e+1e,2o)     1    A        1
    3    (1e+1e,2o)     1    A        1
    4    (1e+1e,2o)     1    A        1
    5    (1e+0e,2o)     2    A        1
    6    (1e+1e,2o)     1    A        1
    7    (1e+1e,2o)     1    A        1
    8    (1e+1e,2o)     1    A        1
    9    (1e+1e,2o)     1    A        1
   10    (1e+1e,2o)     1    A        1
   11    (1e+1e,2o)     1    A        1
   12    (1e+1e,2o)     1    A        1
   13    (1e+1e,2o)     1    A        1
   14    (1e+1e,2o)     1    A        1
   15    (1e+1e,2o)     1    A        1
LAS space 7: (16e+15e,32o) wfynsm=A
Converged? True
E(LAS) = -1214.79632670057
S^2 = 0.7500000 (Pure)
Space table
 frag    (ae+be,no)  2S+1   ir   lroots
    0    (1e+1e,2o)     1    A        1
    1    (1e+1e,2o)     1    A        1
    2    (1e+1e,2o)     1    A        1
    3    (1e+1e,2o)     1    A        1
    4    (1e+1e,2o)     1    A        1
    5    (1e+1e,2o)     1    A        1
    6    (1e+0e,2o)     2    A        1
    7    (1e+1e,2o)     1    A        1
    8    (1e+1e,2o)     1    A        1
    9    (1e+1e,2o)     1    A        1
   10    (1e+1e,2o)     1    A        1
   11    (1e+1e,2o)     1    A        1
   12    (1e+1e,2o)     1    A        1
   13    (1e+1e,2o)     1    A        1
   14    (1e+1e,2o)     1    A        1
   15    (1e+1e,2o)     1    A        1
LAS space 8: (16e+15e,32o) wfynsm=A
Converged? True
E(LAS) = -1214.79632670057
S^2 = 0.7500000 (Pure)
Space table
 frag    (ae+be,no)  2S+1   ir   lroots
    0    (1e+1e,2o)     1    A        1
    1    (1e+1e,2o)     1    A        1
    2    (1e+1e,2o)     1    A        1
    3    (1e+1e,2o)     1    A        1
    4    (1e+1e,2o)     1    A        1
    5    (1e+1e,2o)     1    A        1
    6    (1e+1e,2o)     1    A        1
    7    (1e+0e,2o)     2    A        1
    8    (1e+1e,2o)     1    A        1
    9    (1e+1e,2o)     1    A        1
   10    (1e+1e,2o)     1    A        1
   11    (1e+1e,2o)     1    A        1
   12    (1e+1e,2o)     1    A        1
   13    (1e+1e,2o)     1    A        1
   14    (1e+1e,2o)     1    A        1
   15    (1e+1e,2o)     1    A        1
LAS space 9: (16e+15e,32o) wfynsm=A
Converged? True
E(LAS) = -1214.79632670057
S^2 = 0.7500000 (Pure)
Space table
 frag    (ae+be,no)  2S+1   ir   lroots
    0    (1e+1e,2o)     1    A        1
    1    (1e+1e,2o)     1    A        1
    2    (1e+1e,2o)     1    A        1
    3    (1e+1e,2o)     1    A        1
    4    (1e+1e,2o)     1    A        1
    5    (1e+1e,2o)     1    A        1
    6    (1e+1e,2o)     1    A        1
    7    (1e+1e,2o)     1    A        1
    8    (1e+0e,2o)     2    A        1
    9    (1e+1e,2o)     1    A        1
   10    (1e+1e,2o)     1    A        1
   11    (1e+1e,2o)     1    A        1
   12    (1e+1e,2o)     1    A        1
   13    (1e+1e,2o)     1    A        1
   14    (1e+1e,2o)     1    A        1
   15    (1e+1e,2o)     1    A        1
LAS space 10: (16e+15e,32o) wfynsm=A
Converged? True
E(LAS) = -1214.79632670057
S^2 = 0.7500000 (Pure)
Space table
 frag    (ae+be,no)  2S+1   ir   lroots
    0    (1e+1e,2o)     1    A        1
    1    (1e+1e,2o)     1    A        1
    2    (1e+1e,2o)     1    A        1
    3    (1e+1e,2o)     1    A        1
    4    (1e+1e,2o)     1    A        1
    5    (1e+1e,2o)     1    A        1
    6    (1e+1e,2o)     1    A        1
    7    (1e+1e,2o)     1    A        1
    8    (1e+1e,2o)     1    A        1
    9    (1e+0e,2o)     2    A        1
   10    (1e+1e,2o)     1    A        1
   11    (1e+1e,2o)     1    A        1
   12    (1e+1e,2o)     1    A        1
   13    (1e+1e,2o)     1    A        1
   14    (1e+1e,2o)     1    A        1
   15    (1e+1e,2o)     1    A        1
LAS space 11: (16e+15e,32o) wfynsm=A
Converged? True
E(LAS) = -1214.79632670057
S^2 = 0.7500000 (Pure)
Space table
 frag    (ae+be,no)  2S+1   ir   lroots
    0    (1e+1e,2o)     1    A        1
    1    (1e+1e,2o)     1    A        1
    2    (1e+1e,2o)     1    A        1
    3    (1e+1e,2o)     1    A        1
    4    (1e+1e,2o)     1    A        1
    5    (1e+1e,2o)     1    A        1
    6    (1e+1e,2o)     1    A        1
    7    (1e+1e,2o)     1    A        1
    8    (1e+1e,2o)     1    A        1
    9    (1e+1e,2o)     1    A        1
   10    (1e+0e,2o)     2    A        1
   11    (1e+1e,2o)     1    A        1
   12    (1e+1e,2o)     1    A        1
   13    (1e+1e,2o)     1    A        1
   14    (1e+1e,2o)     1    A        1
   15    (1e+1e,2o)     1    A        1
LAS space 12: (16e+15e,32o) wfynsm=A
Converged? True
E(LAS) = -1214.79632670057
S^2 = 0.7500000 (Pure)
Space table
 frag    (ae+be,no)  2S+1   ir   lroots
    0    (1e+1e,2o)     1    A        1
    1    (1e+1e,2o)     1    A        1
    2    (1e+1e,2o)     1    A        1
    3    (1e+1e,2o)     1    A        1
    4    (1e+1e,2o)     1    A        1
    5    (1e+1e,2o)     1    A        1
    6    (1e+1e,2o)     1    A        1
    7    (1e+1e,2o)     1    A        1
    8    (1e+1e,2o)     1    A        1
    9    (1e+1e,2o)     1    A        1
   10    (1e+1e,2o)     1    A        1
   11    (1e+0e,2o)     2    A        1
   12    (1e+1e,2o)     1    A        1
   13    (1e+1e,2o)     1    A        1
   14    (1e+1e,2o)     1    A        1
   15    (1e+1e,2o)     1    A        1
LAS space 13: (16e+15e,32o) wfynsm=A
Converged? True
E(LAS) = -1214.79632670057
S^2 = 0.7500000 (Pure)
Space table
 frag    (ae+be,no)  2S+1   ir   lroots
    0    (1e+1e,2o)     1    A        1
    1    (1e+1e,2o)     1    A        1
    2    (1e+1e,2o)     1    A        1
    3    (1e+1e,2o)     1    A        1
    4    (1e+1e,2o)     1    A        1
    5    (1e+1e,2o)     1    A        1
    6    (1e+1e,2o)     1    A        1
    7    (1e+1e,2o)     1    A        1
    8    (1e+1e,2o)     1    A        1
    9    (1e+1e,2o)     1    A        1
   10    (1e+1e,2o)     1    A        1
   11    (1e+1e,2o)     1    A        1
   12    (1e+0e,2o)     2    A        1
   13    (1e+1e,2o)     1    A        1
   14    (1e+1e,2o)     1    A        1
   15    (1e+1e,2o)     1    A        1
LAS space 14: (16e+15e,32o) wfynsm=A
Converged? True
E(LAS) = -1214.79632670057
S^2 = 0.7500000 (Pure)
Space table
 frag    (ae+be,no)  2S+1   ir   lroots
    0    (1e+1e,2o)     1    A        1
    1    (1e+1e,2o)     1    A        1
    2    (1e+1e,2o)     1    A        1
    3    (1e+1e,2o)     1    A        1
    4    (1e+1e,2o)     1    A        1
    5    (1e+1e,2o)     1    A        1
    6    (1e+1e,2o)     1    A        1
    7    (1e+1e,2o)     1    A        1
    8    (1e+1e,2o)     1    A        1
    9    (1e+1e,2o)     1    A        1
   10    (1e+1e,2o)     1    A        1
   11    (1e+1e,2o)     1    A        1
   12    (1e+1e,2o)     1    A        1
   13    (1e+0e,2o)     2    A        1
   14    (1e+1e,2o)     1    A        1
   15    (1e+1e,2o)     1    A        1
LAS space 15: (16e+15e,32o) wfynsm=A
Converged? True
E(LAS) = -1214.79632670057
S^2 = 0.7500000 (Pure)
Space table
 frag    (ae+be,no)  2S+1   ir   lroots
    0    (1e+1e,2o)     1    A        1
    1    (1e+1e,2o)     1    A        1
    2    (1e+1e,2o)     1    A        1
    3    (1e+1e,2o)     1    A        1
    4    (1e+1e,2o)     1    A        1
    5    (1e+1e,2o)     1    A        1
    6    (1e+1e,2o)     1    A        1
    7    (1e+1e,2o)     1    A        1
    8    (1e+1e,2o)     1    A        1
    9    (1e+1e,2o)     1    A        1
   10    (1e+1e,2o)     1    A        1
   11    (1e+1e,2o)     1    A        1
   12    (1e+1e,2o)     1    A        1
   13    (1e+1e,2o)     1    A        1
   14    (1e+0e,2o)     2    A        1
   15    (1e+1e,2o)     1    A        1
LAS space 16: (16e+15e,32o) wfynsm=A
Converged? True
E(LAS) = -1214.79632670057
S^2 = 0.7500000 (Pure)
Space table
 frag    (ae+be,no)  2S+1   ir   lroots
    0    (1e+1e,2o)     1    A        1
    1    (1e+1e,2o)     1    A        1
    2    (1e+1e,2o)     1    A        1
    3    (1e+1e,2o)     1    A        1
    4    (1e+1e,2o)     1    A        1
    5    (1e+1e,2o)     1    A        1
    6    (1e+1e,2o)     1    A        1
    7    (1e+1e,2o)     1    A        1
    8    (1e+1e,2o)     1    A        1
    9    (1e+1e,2o)     1    A        1
   10    (1e+1e,2o)     1    A        1
   11    (1e+1e,2o)     1    A        1
   12    (1e+1e,2o)     1    A        1
   13    (1e+1e,2o)     1    A        1
   14    (1e+1e,2o)     1    A        1
   15    (1e+0e,2o)     2    A        1
LAS space 17: (17e+16e,32o) wfynsm=A
Converged? True
E(LAS) = -1214.78230440855
S^2 = 0.7500000 (Pure)
Space table
 frag    (ae+be,no)  2S+1   ir   lroots
    0    (2e+1e,2o)     2    A        1
    1    (1e+1e,2o)     1    A        1
    2    (1e+1e,2o)     1    A        1
    3    (1e+1e,2o)     1    A        1
    4    (1e+1e,2o)     1    A        1
    5    (1e+1e,2o)     1    A        1
    6    (1e+1e,2o)     1    A        1
    7    (1e+1e,2o)     1    A        1
    8    (1e+1e,2o)     1    A        1
    9    (1e+1e,2o)     1    A        1
   10    (1e+1e,2o)     1    A        1
   11    (1e+1e,2o)     1    A        1
   12    (1e+1e,2o)     1    A        1
   13    (1e+1e,2o)     1    A        1
   14    (1e+1e,2o)     1    A        1
   15    (1e+1e,2o)     1    A        1
LAS space 18: (17e+16e,32o) wfynsm=A
Converged? True
E(LAS) = -1214.78230440855
S^2 = 0.7500000 (Pure)
Space table
 frag    (ae+be,no)  2S+1   ir   lroots
    0    (1e+1e,2o)     1    A        1
    1    (2e+1e,2o)     2    A        1
    2    (1e+1e,2o)     1    A        1
    3    (1e+1e,2o)     1    A        1
    4    (1e+1e,2o)     1    A        1
    5    (1e+1e,2o)     1    A        1
    6    (1e+1e,2o)     1    A        1
    7    (1e+1e,2o)     1    A        1
    8    (1e+1e,2o)     1    A        1
    9    (1e+1e,2o)     1    A        1
   10    (1e+1e,2o)     1    A        1
   11    (1e+1e,2o)     1    A        1
   12    (1e+1e,2o)     1    A        1
   13    (1e+1e,2o)     1    A        1
   14    (1e+1e,2o)     1    A        1
   15    (1e+1e,2o)     1    A        1
LAS space 19: (17e+16e,32o) wfynsm=A
Converged? True
E(LAS) = -1214.78230440855
S^2 = 0.7500000 (Pure)
Space table
 frag    (ae+be,no)  2S+1   ir   lroots
    0    (1e+1e,2o)     1    A        1
    1    (1e+1e,2o)     1    A        1
    2    (2e+1e,2o)     2    A        1
    3    (1e+1e,2o)     1    A        1
    4    (1e+1e,2o)     1    A        1
    5    (1e+1e,2o)     1    A        1
    6    (1e+1e,2o)     1    A        1
    7    (1e+1e,2o)     1    A        1
    8    (1e+1e,2o)     1    A        1
    9    (1e+1e,2o)     1    A        1
   10    (1e+1e,2o)     1    A        1
   11    (1e+1e,2o)     1    A        1
   12    (1e+1e,2o)     1    A        1
   13    (1e+1e,2o)     1    A        1
   14    (1e+1e,2o)     1    A        1
   15    (1e+1e,2o)     1    A        1
LAS space 20: (17e+16e,32o) wfynsm=A
Converged? True
E(LAS) = -1214.78230440855
S^2 = 0.7500000 (Pure)
Space table
 frag    (ae+be,no)  2S+1   ir   lroots
    0    (1e+1e,2o)     1    A        1
    1    (1e+1e,2o)     1    A        1
    2    (1e+1e,2o)     1    A        1
    3    (2e+1e,2o)     2    A        1
    4    (1e+1e,2o)     1    A        1
    5    (1e+1e,2o)     1    A        1
    6    (1e+1e,2o)     1    A        1
    7    (1e+1e,2o)     1    A        1
    8    (1e+1e,2o)     1    A        1
    9    (1e+1e,2o)     1    A        1
   10    (1e+1e,2o)     1    A        1
   11    (1e+1e,2o)     1    A        1
   12    (1e+1e,2o)     1    A        1
   13    (1e+1e,2o)     1    A        1
   14    (1e+1e,2o)     1    A        1
   15    (1e+1e,2o)     1    A        1
LAS space 21: (17e+16e,32o) wfynsm=A
Converged? True
E(LAS) = -1214.78230440855
S^2 = 0.7500000 (Pure)
Space table
 frag    (ae+be,no)  2S+1   ir   lroots
    0    (1e+1e,2o)     1    A        1
    1    (1e+1e,2o)     1    A        1
    2    (1e+1e,2o)     1    A        1
    3    (1e+1e,2o)     1    A        1
    4    (2e+1e,2o)     2    A        1
    5    (1e+1e,2o)     1    A        1
    6    (1e+1e,2o)     1    A        1
    7    (1e+1e,2o)     1    A        1
    8    (1e+1e,2o)     1    A        1
    9    (1e+1e,2o)     1    A        1
   10    (1e+1e,2o)     1    A        1
   11    (1e+1e,2o)     1    A        1
   12    (1e+1e,2o)     1    A        1
   13    (1e+1e,2o)     1    A        1
   14    (1e+1e,2o)     1    A        1
   15    (1e+1e,2o)     1    A        1
LAS space 22: (17e+16e,32o) wfynsm=A
Converged? True
E(LAS) = -1214.78230440855
S^2 = 0.7500000 (Pure)
Space table
 frag    (ae+be,no)  2S+1   ir   lroots
    0    (1e+1e,2o)     1    A        1
    1    (1e+1e,2o)     1    A        1
    2    (1e+1e,2o)     1    A        1
    3    (1e+1e,2o)     1    A        1
    4    (1e+1e,2o)     1    A        1
    5    (2e+1e,2o)     2    A        1
    6    (1e+1e,2o)     1    A        1
    7    (1e+1e,2o)     1    A        1
    8    (1e+1e,2o)     1    A        1
    9    (1e+1e,2o)     1    A        1
   10    (1e+1e,2o)     1    A        1
   11    (1e+1e,2o)     1    A        1
   12    (1e+1e,2o)     1    A        1
   13    (1e+1e,2o)     1    A        1
   14    (1e+1e,2o)     1    A        1
   15    (1e+1e,2o)     1    A        1
LAS space 23: (17e+16e,32o) wfynsm=A
Converged? True
E(LAS) = -1214.78230440855
S^2 = 0.7500000 (Pure)
Space table
 frag    (ae+be,no)  2S+1   ir   lroots
    0    (1e+1e,2o)     1    A        1
    1    (1e+1e,2o)     1    A        1
    2    (1e+1e,2o)     1    A        1
    3    (1e+1e,2o)     1    A        1
    4    (1e+1e,2o)     1    A        1
    5    (1e+1e,2o)     1    A        1
    6    (2e+1e,2o)     2    A        1
    7    (1e+1e,2o)     1    A        1
    8    (1e+1e,2o)     1    A        1
    9    (1e+1e,2o)     1    A        1
   10    (1e+1e,2o)     1    A        1
   11    (1e+1e,2o)     1    A        1
   12    (1e+1e,2o)     1    A        1
   13    (1e+1e,2o)     1    A        1
   14    (1e+1e,2o)     1    A        1
   15    (1e+1e,2o)     1    A        1
LAS space 24: (17e+16e,32o) wfynsm=A
Converged? True
E(LAS) = -1214.78230440855
S^2 = 0.7500000 (Pure)
Space table
 frag    (ae+be,no)  2S+1   ir   lroots
    0    (1e+1e,2o)     1    A        1
    1    (1e+1e,2o)     1    A        1
    2    (1e+1e,2o)     1    A        1
    3    (1e+1e,2o)     1    A        1
    4    (1e+1e,2o)     1    A        1
    5    (1e+1e,2o)     1    A        1
    6    (1e+1e,2o)     1    A        1
    7    (2e+1e,2o)     2    A        1
    8    (1e+1e,2o)     1    A        1
    9    (1e+1e,2o)     1    A        1
   10    (1e+1e,2o)     1    A        1
   11    (1e+1e,2o)     1    A        1
   12    (1e+1e,2o)     1    A        1
   13    (1e+1e,2o)     1    A        1
   14    (1e+1e,2o)     1    A        1
   15    (1e+1e,2o)     1    A        1
LAS space 25: (17e+16e,32o) wfynsm=A
Converged? True
E(LAS) = -1214.78230440855
S^2 = 0.7500000 (Pure)
Space table
 frag    (ae+be,no)  2S+1   ir   lroots
    0    (1e+1e,2o)     1    A        1
    1    (1e+1e,2o)     1    A        1
    2    (1e+1e,2o)     1    A        1
    3    (1e+1e,2o)     1    A        1
    4    (1e+1e,2o)     1    A        1
    5    (1e+1e,2o)     1    A        1
    6    (1e+1e,2o)     1    A        1
    7    (1e+1e,2o)     1    A        1
    8    (2e+1e,2o)     2    A        1
    9    (1e+1e,2o)     1    A        1
   10    (1e+1e,2o)     1    A        1
   11    (1e+1e,2o)     1    A        1
   12    (1e+1e,2o)     1    A        1
   13    (1e+1e,2o)     1    A        1
   14    (1e+1e,2o)     1    A        1
   15    (1e+1e,2o)     1    A        1
LAS space 26: (17e+16e,32o) wfynsm=A
Converged? True
E(LAS) = -1214.78230440855
S^2 = 0.7500000 (Pure)
Space table
 frag    (ae+be,no)  2S+1   ir   lroots
    0    (1e+1e,2o)     1    A        1
    1    (1e+1e,2o)     1    A        1
    2    (1e+1e,2o)     1    A        1
    3    (1e+1e,2o)     1    A        1
    4    (1e+1e,2o)     1    A        1
    5    (1e+1e,2o)     1    A        1
    6    (1e+1e,2o)     1    A        1
    7    (1e+1e,2o)     1    A        1
    8    (1e+1e,2o)     1    A        1
    9    (2e+1e,2o)     2    A        1
   10    (1e+1e,2o)     1    A        1
   11    (1e+1e,2o)     1    A        1
   12    (1e+1e,2o)     1    A        1
   13    (1e+1e,2o)     1    A        1
   14    (1e+1e,2o)     1    A        1
   15    (1e+1e,2o)     1    A        1
LAS space 27: (17e+16e,32o) wfynsm=A
Converged? True
E(LAS) = -1214.78230440855
S^2 = 0.7500000 (Pure)
Space table
 frag    (ae+be,no)  2S+1   ir   lroots
    0    (1e+1e,2o)     1    A        1
    1    (1e+1e,2o)     1    A        1
    2    (1e+1e,2o)     1    A        1
    3    (1e+1e,2o)     1    A        1
    4    (1e+1e,2o)     1    A        1
    5    (1e+1e,2o)     1    A        1
    6    (1e+1e,2o)     1    A        1
    7    (1e+1e,2o)     1    A        1
    8    (1e+1e,2o)     1    A        1
    9    (1e+1e,2o)     1    A        1
   10    (2e+1e,2o)     2    A        1
   11    (1e+1e,2o)     1    A        1
   12    (1e+1e,2o)     1    A        1
   13    (1e+1e,2o)     1    A        1
   14    (1e+1e,2o)     1    A        1
   15    (1e+1e,2o)     1    A        1
LAS space 28: (17e+16e,32o) wfynsm=A
Converged? True
E(LAS) = -1214.78230440855
S^2 = 0.7500000 (Pure)
Space table
 frag    (ae+be,no)  2S+1   ir   lroots
    0    (1e+1e,2o)     1    A        1
    1    (1e+1e,2o)     1    A        1
    2    (1e+1e,2o)     1    A        1
    3    (1e+1e,2o)     1    A        1
    4    (1e+1e,2o)     1    A        1
    5    (1e+1e,2o)     1    A        1
    6    (1e+1e,2o)     1    A        1
    7    (1e+1e,2o)     1    A        1
    8    (1e+1e,2o)     1    A        1
    9    (1e+1e,2o)     1    A        1
   10    (1e+1e,2o)     1    A        1
   11    (2e+1e,2o)     2    A        1
   12    (1e+1e,2o)     1    A        1
   13    (1e+1e,2o)     1    A        1
   14    (1e+1e,2o)     1    A        1
   15    (1e+1e,2o)     1    A        1
LAS space 29: (17e+16e,32o) wfynsm=A
Converged? True
E(LAS) = -1214.78230440855
S^2 = 0.7500000 (Pure)
Space table
 frag    (ae+be,no)  2S+1   ir   lroots
    0    (1e+1e,2o)     1    A        1
    1    (1e+1e,2o)     1    A        1
    2    (1e+1e,2o)     1    A        1
    3    (1e+1e,2o)     1    A        1
    4    (1e+1e,2o)     1    A        1
    5    (1e+1e,2o)     1    A        1
    6    (1e+1e,2o)     1    A        1
    7    (1e+1e,2o)     1    A        1
    8    (1e+1e,2o)     1    A        1
    9    (1e+1e,2o)     1    A        1
   10    (1e+1e,2o)     1    A        1
   11    (1e+1e,2o)     1    A        1
   12    (2e+1e,2o)     2    A        1
   13    (1e+1e,2o)     1    A        1
   14    (1e+1e,2o)     1    A        1
   15    (1e+1e,2o)     1    A        1
LAS space 30: (17e+16e,32o) wfynsm=A
Converged? True
E(LAS) = -1214.78230440855
S^2 = 0.7500000 (Pure)
Space table
 frag    (ae+be,no)  2S+1   ir   lroots
    0    (1e+1e,2o)     1    A        1
    1    (1e+1e,2o)     1    A        1
    2    (1e+1e,2o)     1    A        1
    3    (1e+1e,2o)     1    A        1
    4    (1e+1e,2o)     1    A        1
    5    (1e+1e,2o)     1    A        1
    6    (1e+1e,2o)     1    A        1
    7    (1e+1e,2o)     1    A        1
    8    (1e+1e,2o)     1    A        1
    9    (1e+1e,2o)     1    A        1
   10    (1e+1e,2o)     1    A        1
   11    (1e+1e,2o)     1    A        1
   12    (1e+1e,2o)     1    A        1
   13    (2e+1e,2o)     2    A        1
   14    (1e+1e,2o)     1    A        1
   15    (1e+1e,2o)     1    A        1
LAS space 31: (17e+16e,32o) wfynsm=A
Converged? True
E(LAS) = -1214.78230440855
S^2 = 0.7500000 (Pure)
Space table
 frag    (ae+be,no)  2S+1   ir   lroots
    0    (1e+1e,2o)     1    A        1
    1    (1e+1e,2o)     1    A        1
    2    (1e+1e,2o)     1    A        1
    3    (1e+1e,2o)     1    A        1
    4    (1e+1e,2o)     1    A        1
    5    (1e+1e,2o)     1    A        1
    6    (1e+1e,2o)     1    A        1
    7    (1e+1e,2o)     1    A        1
    8    (1e+1e,2o)     1    A        1
    9    (1e+1e,2o)     1    A        1
   10    (1e+1e,2o)     1    A        1
   11    (1e+1e,2o)     1    A        1
   12    (1e+1e,2o)     1    A        1
   13    (1e+1e,2o)     1    A        1
   14    (2e+1e,2o)     2    A        1
   15    (1e+1e,2o)     1    A        1
LAS space 32: (17e+16e,32o) wfynsm=A
Converged? True
E(LAS) = -1214.78230440855
S^2 = 0.7500000 (Pure)
Space table
 frag    (ae+be,no)  2S+1   ir   lroots
    0    (1e+1e,2o)     1    A        1
    1    (1e+1e,2o)     1    A        1
    2    (1e+1e,2o)     1    A        1
    3    (1e+1e,2o)     1    A        1
    4    (1e+1e,2o)     1    A        1
    5    (1e+1e,2o)     1    A        1
    6    (1e+1e,2o)     1    A        1
    7    (1e+1e,2o)     1    A        1
    8    (1e+1e,2o)     1    A        1
    9    (1e+1e,2o)     1    A        1
   10    (1e+1e,2o)     1    A        1
   11    (1e+1e,2o)     1    A        1
   12    (1e+1e,2o)     1    A        1
   13    (1e+1e,2o)     1    A        1
   14    (1e+1e,2o)     1    A        1
   15    (2e+1e,2o)     2    A        1
LASSI op_o0 memory check: 6936915297595.663 MB needed of 58308.896768 MB available (60000 MB max)
Symmetry analysis of 33 LAS rootspaces:
 ix            Energy  <S**2>  Neleca  Nelecb  Nelec   Wfnsym
  0  -1215.1465787953   0.000      16      16      32       A
  1  -1214.7963267006   0.750      16      15      31       A
  2  -1214.7963267006   0.750      16      15      31       A
  3  -1214.7963267006   0.750      16      15      31       A
  4  -1214.7963267006   0.750      16      15      31       A
  5  -1214.7963267006   0.750      16      15      31       A
  6  -1214.7963267006   0.750      16      15      31       A
  7  -1214.7963267006   0.750      16      15      31       A
  8  -1214.7963267006   0.750      16      15      31       A
  9  -1214.7963267006   0.750      16      15      31       A
 10  -1214.7963267006   0.750      16      15      31       A
 11  -1214.7963267006   0.750      16      15      31       A
 12  -1214.7963267006   0.750      16      15      31       A
 13  -1214.7963267006   0.750      16      15      31       A
 14  -1214.7963267006   0.750      16      15      31       A
 15  -1214.7963267006   0.750      16      15      31       A
 16  -1214.7963267006   0.750      16      15      31       A
 17  -1214.7823044085   0.750      17      16      33       A
 18  -1214.7823044085   0.750      17      16      33       A
 19  -1214.7823044085   0.750      17      16      33       A
 20  -1214.7823044085   0.750      17      16      33       A
 21  -1214.7823044085   0.750      17      16      33       A
 22  -1214.7823044085   0.750      17      16      33       A
 23  -1214.7823044085   0.750      17      16      33       A
 24  -1214.7823044085   0.750      17      16      33       A
 25  -1214.7823044085   0.750      17      16      33       A
 26  -1214.7823044085   0.750      17      16      33       A
 27  -1214.7823044085   0.750      17      16      33       A
 28  -1214.7823044085   0.750      17      16      33       A
 29  -1214.7823044085   0.750      17      16      33       A
 30  -1214.7823044085   0.750      17      16      33       A
 31  -1214.7823044085   0.750      17      16      33       A
 32  -1214.7823044085   0.750      17      16      33       A
Build + diag H matrix LASSI symmetry block 0
['neleca', 'nelecb', 'irrep'] = (17, 16, 0)
(16 rootspaces; 16 states)
Build + diag H matrix LASSI symmetry block 1
['neleca', 'nelecb', 'irrep'] = (16, 15, 0)
(16 rootspaces; 16 states)
Build + diag H matrix LASSI symmetry block 2
['neleca', 'nelecb', 'irrep'] = (16, 16, 0)
(1 rootspaces; 1 states)
LASSI eigenvalues (33 total):
 ix            Energy  <S**2>  Neleca  Nelecb  Wfnsym
  0  -1215.1465787953   0.000      16      16       A
  1  -1214.9171923801   0.750      17      16       A
  2  -1214.9066996303   0.750      17      16       A
  3  -1214.9066938492   0.750      17      16       A
  4  -1214.9033690331   0.750      16      15       A
  5  -1214.8951818304   0.750      16      15       A
  6  -1214.8951726613   0.750      16      15       A
  7  -1214.8769338411   0.750      17      16       A
  8  -1214.8769328275   0.750      17      16       A
  9  -1214.8718694163   0.750      16      15       A
 10  -1214.8718682812   0.750      16      15       A
 11  -1214.8370519424   0.750      16      15       A
 12  -1214.8370426602   0.750      16      15       A
 13  -1214.8327495741   0.750      17      16       A
 14  -1214.8327439296   0.750      17      16       A
 15  -1214.7960900933   0.750      16      15       A
 16  -1214.7960788671   0.750      16      15       A
 17  -1214.7812034500   0.750      17      16       A
 18  -1214.7811938135   0.750      17      16       A
 19  -1214.7552670006   0.750      16      15       A
 20  -1214.7552604170   0.750      16      15       A
 21  -1214.7303028587   0.750      17      16       A
 22  -1214.7302948283   0.750      17      16       A
 23  -1214.7207853224   0.750      16      15       A
 24  -1214.7207842351   0.750      16      15       A
 25  -1214.6978219244   0.750      16      15       A
 26  -1214.6978151600   0.750      16      15       A
 27  -1214.6897683643   0.750      16      15       A
 28  -1214.6876767933   0.750      17      16       A
 29  -1214.6876758406   0.750      17      16       A
 30  -1214.6594792550   0.750      17      16       A
 31  -1214.6594713492   0.750      17      16       A
 32  -1214.6496263163   0.750      17      16       A
