Discarded 4 diffused primitive functions, 0 contracted functions
Discarded 4 diffused primitive functions, 0 contracted functions


******** <class 'pyscf.pbc.df.df.GDF'> ********
auxbasis = None
exp_to_discard = 0.1
_cderi_to_save = NiO_2.h5
len(kpts) = 1
Default auxbasis def2-svp-jkfit is used for Ni def2-svp
Default auxbasis def2-svp-jkfit is used for O def2-svp
Drop 12 primitive fitting functions
make aux basis, num shells = 320, num cGTOs = 1320
auxcell.rcut 21.80811992707927


******** <class 'pyscf.pbc.df.rsdf_builder._RSGDFBuilder'> ********
mesh = [13 13 23] (3887 PWs)
ke_cutoff = 6.4105311815658785
omega = 0.2670298913509967
exclude_d_aux = True
exclude_dd_block = True
j2c_eig_always = False
has_long_range = True


******** <class 'pyscf.pbc.scf.rohf.ROHF'> ********
method = ROHF
initial guess = minao
damping factor = 0
level_shift factor = 0
DIIS = <class 'pyscf.scf.diis.CDIIS'>
diis_start_cycle = 1
diis_space = 8
diis_damp = 0
SCF conv_tol = 1e-10
SCF conv_tol_grad = None
SCF max_cycles = 100
direct_scf = True
direct_scf_tol = 1e-13
chkfile to save SCF result = NiO_2.chk
max_memory 950000 MB (current use 4196 MB)
******** PBC SCF flags ********
kpt = [0. 0. 0.]
Exchange divergence treatment (exxdiv) = None
DF object = <pyscf.pbc.df.df.GDF object at 0x7fcd21af8590>
number of electrons per cell  alpha = 72 beta = 72
Set gradient conv threshold to 1e-05


******** <class 'pyscf.pbc.df.rsdf_builder._RSNucBuilder'> ********
mesh = [23 23 43] (22747 PWs)
ke_cutoff = 23.364002074963242
omega = 0.5208319628203033
exclude_d_aux = False
exclude_dd_block = True
j2c_eig_always = False
has_long_range = True
init E= -6307.1986871577
  HOMO = 1.03032351772417  LUMO = 1.03639582653419
cycle= 1 E= -6285.90163314498  delta_E= 21.3  |g|= 10.4  |ddm|= 5.78
  HOMO = 0.891118130065641  LUMO = 0.92967286996227
cycle= 2 E= -6271.13388018045  delta_E= 14.8  |g|= 11.1  |ddm|= 11.6
  HOMO = 0.749663672179354  LUMO = 0.756370308940351
cycle= 3 E= -6296.5591923027  delta_E= -25.4  |g|= 5.05  |ddm|= 10.4
  HOMO = 0.988591414374031  LUMO = 1.00633573399723
cycle= 4 E= -6274.77279916699  delta_E= 21.8  |g|= 10.4  |ddm|= 6.91
  HOMO = 0.721715841281962  LUMO = 0.745516092854121
cycle= 5 E= -6288.39648589205  delta_E= -13.6  |g|= 7.45  |ddm|=  6.4
  HOMO = 0.744001975408316  LUMO = 0.766621818377858
cycle= 6 E= -6287.49615879905  delta_E=  0.9  |g|= 7.84  |ddm|= 3.51
  HOMO = 0.674970960578744  LUMO = 0.680830114030301
cycle= 7 E= -6300.2571274249  delta_E= -12.8  |g|=    3  |ddm|= 3.24
  HOMO = 0.624241197903565  LUMO = 0.665079412986823
cycle= 8 E= -6300.12245799406  delta_E= 0.135  |g|= 3.24  |ddm|=  2.6
  HOMO = 0.674131465869908  LUMO = 0.682996971768474
cycle= 9 E= -6300.50737302535  delta_E= -0.385  |g|= 2.84  |ddm|= 2.54
  HOMO = 0.682080328921498  LUMO = 0.71978029724337
cycle= 10 E= -6300.16537338312  delta_E= 0.342  |g|= 3.25  |ddm|= 2.59
  HOMO = 0.736608977124948  LUMO = 0.745843221888397
cycle= 11 E= -6301.59321469788  delta_E= -1.43  |g|=    2  |ddm|= 2.23
  HOMO = 0.71849386084362  LUMO = 0.737330570286586
cycle= 12 E= -6301.74236252035  delta_E= -0.149  |g|= 1.88  |ddm|= 1.52
  HOMO = 0.710849327390101  LUMO = 0.720736379064213
cycle= 13 E= -6302.25300647565  delta_E= -0.511  |g|= 0.813  |ddm|= 0.723
  HOMO = 0.690683660751165  LUMO = 0.764675127953596
cycle= 14 E= -6302.54002234509  delta_E= -0.287  |g|= 0.529  |ddm|= 1.03
  HOMO = 0.637805050934265  LUMO = 0.822873994120919
cycle= 15 E= -6302.58513005306  delta_E= -0.0451  |g|= 0.392  |ddm|= 0.22
  HOMO = 0.600833549503003  LUMO = 0.874795973929453
cycle= 16 E= -6302.61769060822  delta_E= -0.0326  |g|= 0.142  |ddm|= 0.302
  HOMO = 0.59869097915086  LUMO = 0.874501761577345
cycle= 17 E= -6302.62109060301  delta_E= -0.0034  |g|= 0.0678  |ddm|= 0.0904
  HOMO = 0.598520171456705  LUMO = 0.874991682896172
cycle= 18 E= -6302.62175376615  delta_E= -0.000663  |g|= 0.0315  |ddm|= 0.0375
  HOMO = 0.598260396695841  LUMO = 0.875095030816242
cycle= 19 E= -6302.62200158199  delta_E= -0.000248  |g|= 0.0223  |ddm|= 0.0226
  HOMO = 0.59789488720262  LUMO = 0.874921152780476
cycle= 20 E= -6302.62225300584  delta_E= -0.000251  |g|= 0.0155  |ddm|= 0.0236
  HOMO = 0.597694262317478  LUMO = 0.874855394280378
cycle= 21 E= -6302.62235510825  delta_E= -0.000102  |g|= 0.0108  |ddm|= 0.01
  HOMO = 0.597596133928369  LUMO = 0.874958910916442
cycle= 22 E= -6302.62254571224  delta_E= -0.000191  |g|= 0.00999  |ddm|= 0.0192
  HOMO = 0.597065645255529  LUMO = 0.874828726239501
cycle= 23 E= -6302.62277772968  delta_E= -0.000232  |g|= 0.00912  |ddm|= 0.0264
  HOMO = 0.595853182497414  LUMO = 0.874787398065832
cycle= 24 E= -6302.62332212772  delta_E= -0.000544  |g|= 0.00685  |ddm|= 0.093
  HOMO = 0.595604410218036  LUMO = 0.874825766450475
cycle= 25 E= -6302.62343946783  delta_E= -0.000117  |g|= 0.00352  |ddm|= 0.0478
  HOMO = 0.59554281158862  LUMO = 0.87483132555048
cycle= 26 E= -6302.62344443395  delta_E= -4.97e-06  |g|= 0.00252  |ddm|= 0.00233
  HOMO = 0.59537931798909  LUMO = 0.87480550700403
cycle= 27 E= -6302.6234548602  delta_E= -1.04e-05  |g|= 0.00208  |ddm|= 0.00925
  HOMO = 0.595264485559101  LUMO = 0.874808875086175
cycle= 28 E= -6302.62346249155  delta_E= -7.63e-06  |g|= 0.00106  |ddm|= 0.0109
  HOMO = 0.5952606247725  LUMO = 0.87480884723875
cycle= 29 E= -6302.62346448082  delta_E= -1.99e-06  |g|= 0.000931  |ddm|= 0.00245
  HOMO = 0.595267967161021  LUMO = 0.874815070921275
cycle= 30 E= -6302.6234666494  delta_E= -2.17e-06  |g|= 0.000899  |ddm|= 0.003
  HOMO = 0.59528283009828  LUMO = 0.874820629048209
cycle= 31 E= -6302.62346918853  delta_E= -2.54e-06  |g|= 0.00046  |ddm|= 0.00667
  HOMO = 0.595275383117054  LUMO = 0.8748151506263
cycle= 32 E= -6302.62346941146  delta_E= -2.23e-07  |g|= 0.000288  |ddm|= 0.00176
  HOMO = 0.595288980057008  LUMO = 0.874818906264957
cycle= 33 E= -6302.62346954841  delta_E= -1.37e-07  |g|= 0.000147  |ddm|= 0.0015
  HOMO = 0.59529298690644  LUMO = 0.874820026595104
cycle= 34 E= -6302.62346955387  delta_E= -5.45e-09  |g|= 8.14e-05  |ddm|= 0.00034
  HOMO = 0.59529601594749  LUMO = 0.874820374875851
cycle= 35 E= -6302.62346956799  delta_E= -1.41e-08  |g|= 6.96e-05  |ddm|= 0.000287
  HOMO = 0.595297343883976  LUMO = 0.874820067175098
cycle= 36 E= -6302.62346957745  delta_E= -9.47e-09  |g|= 6.21e-05  |ddm|= 0.00025
  HOMO = 0.595301999130054  LUMO = 0.874820548975454
cycle= 37 E= -6302.62346958847  delta_E= -1.1e-08  |g|= 5.27e-05  |ddm|= 0.000406
  HOMO = 0.595304136791962  LUMO = 0.874820678830965
cycle= 38 E= -6302.62346959404  delta_E= -5.57e-09  |g|= 4.81e-05  |ddm|= 0.00023
  HOMO = 0.595304146306938  LUMO = 0.874820370585807
cycle= 39 E= -6302.62346959753  delta_E= -3.49e-09  |g|= 4.55e-05  |ddm|= 0.00012
  HOMO = 0.595304588077088  LUMO = 0.87482034683175
cycle= 40 E= -6302.62346960205  delta_E= -4.52e-09  |g|= 3.81e-05  |ddm|= 0.000168
  HOMO = 0.595304598084768  LUMO = 0.874820482754863
cycle= 41 E= -6302.62346960803  delta_E= -5.99e-09  |g|= 3.23e-05  |ddm|= 0.000236
  HOMO = 0.595303748669783  LUMO = 0.874820274322279
cycle= 42 E= -6302.62346961093  delta_E= -2.9e-09  |g|= 3.05e-05  |ddm|= 0.000158
  HOMO = 0.595303462733143  LUMO = 0.87482018590891
cycle= 43 E= -6302.62346961269  delta_E= -1.76e-09  |g|= 2.58e-05  |ddm|= 9.16e-05
  HOMO = 0.595302849849493  LUMO = 0.874820261447417
cycle= 44 E= -6302.6234696148  delta_E= -2.11e-09  |g|= 2.18e-05  |ddm|= 0.000168
  HOMO = 0.595302823482156  LUMO = 0.874820448604559
cycle= 45 E= -6302.62346961586  delta_E= -1.06e-09  |g|= 1.74e-05  |ddm|= 0.000131
  HOMO = 0.595302441398766  LUMO = 0.874820377974138
cycle= 46 E= -6302.62346961635  delta_E= -4.89e-10  |g|= 1.27e-05  |ddm|= 9.18e-05
  HOMO = 0.595302624213478  LUMO = 0.874820371975812
cycle= 47 E= -6302.62346961662  delta_E= -2.69e-10  |g|= 1.1e-05  |ddm|= 3.54e-05
  HOMO = 0.595303034247547  LUMO = 0.874820479225592
cycle= 48 E= -6302.62346961685  delta_E= -2.38e-10  |g|= 1.03e-05  |ddm|= 3.33e-05
  HOMO = 0.595303457769527  LUMO = 0.874820493525646
cycle= 49 E= -6302.62346961708  delta_E= -2.22e-10  |g|= 7.77e-06  |ddm|= 3.42e-05
  HOMO = 0.595303893843633  LUMO = 0.874820461590746
cycle= 50 E= -6302.62346961726  delta_E= -1.8e-10  |g|= 6.18e-06  |ddm|= 5.22e-05
  HOMO = 0.595304148893144  LUMO = 0.874820503055577
cycle= 51 E= -6302.62346961732  delta_E= -6.37e-11  |g|= 5.46e-06  |ddm|= 2.65e-05
  HOMO = 0.595304260141378  LUMO = 0.874820501618275
Extra cycle  E= -6302.62346961734  delta_E= -2.18e-11  |g|= 5.39e-06  |ddm|= 7.28e-06
converged SCF energy = -6302.62346961734


******** <class 'pyscf.pbc.df.rsdf_builder._RSNucBuilder'> ********
mesh = [23 23 43] (22747 PWs)
ke_cutoff = 23.364002074963242
omega = 0.5208319628203033
exclude_d_aux = False
exclude_dd_block = True
j2c_eig_always = False
has_long_range = True


******** <class 'pyscf.pbc.df.rsdf_builder._RSNucBuilder'> ********
mesh = [23 23 43] (22747 PWs)
ke_cutoff = 23.364002074963242
omega = 0.5208319628203033
exclude_d_aux = False
exclude_dd_block = True
j2c_eig_always = False
has_long_range = True


******** <class 'pyscf.pbc.df.rsdf_builder._RSNucBuilder'> ********
mesh = [23 23 43] (22747 PWs)
ke_cutoff = 23.364002074963242
omega = 0.5208319628203033
exclude_d_aux = False
exclude_dd_block = True
j2c_eig_always = False
has_long_range = True
Entering product-state fixed-point CI iteration
Cycle 0: max grad = 9.754726e-02 ; sigma = 0.000000e+00 ; 0/2 fragment CI solvers converged
Cycle 1: max grad = 2.247442e-03 ; sigma = 6.752276e-03 ; 2/2 fragment CI solvers converged
Cycle 2: max grad = 4.175620e-05 ; sigma = 6.485618e-05 ; 2/2 fragment CI solvers converged
Cycle 3: max grad = 7.121190e-07 ; sigma = 2.362752e-08 ; 2/2 fragment CI solvers converged
Cycle 4: max grad = 1.632163e-08 ; sigma = 9.796608e-12 ; 2/2 fragment CI solvers converged
Product_state fixed-point CI iteration converged after 4 cycles
Entering product-state fixed-point CI iteration
Cycle 0: max grad = 1.599485e-01 ; sigma = 0.000000e+00 ; 0/2 fragment CI solvers converged
Cycle 1: max grad = 3.569523e-03 ; sigma = 8.683117e-02 ; 2/2 fragment CI solvers converged
Cycle 2: max grad = 9.153443e-05 ; sigma = 5.007253e-04 ; 2/2 fragment CI solvers converged
Cycle 3: max grad = 3.422795e-06 ; sigma = 3.699796e-07 ; 2/2 fragment CI solvers converged
Cycle 4: max grad = 1.046200e-06 ; sigma = 7.622418e-10 ; 2/2 fragment CI solvers converged
Cycle 5: max grad = 7.027736e-07 ; sigma = 3.010037e-11 ; 2/2 fragment CI solvers converged
Product_state fixed-point CI iteration converged after 5 cycles
Entering product-state fixed-point CI iteration
Cycle 0: max grad = 9.826546e-02 ; sigma = 0.000000e+00 ; 0/2 fragment CI solvers converged
Cycle 1: max grad = 3.610187e-03 ; sigma = 1.439862e-01 ; 1/2 fragment CI solvers converged
Cycle 2: max grad = 1.304097e-04 ; sigma = 1.019068e-04 ; 2/2 fragment CI solvers converged
Cycle 3: max grad = 4.692758e-06 ; sigma = 1.151197e-07 ; 2/2 fragment CI solvers converged
Cycle 4: max grad = 8.182639e-07 ; sigma = 2.971490e-11 ; 2/2 fragment CI solvers converged
Product_state fixed-point CI iteration converged after 4 cycles
Entering product-state fixed-point CI iteration
Cycle 0: max grad = 1.092528e-01 ; sigma = 0.000000e+00 ; 0/2 fragment CI solvers converged
Cycle 1: max grad = 3.843084e-03 ; sigma = 4.427270e-02 ; 2/2 fragment CI solvers converged
Cycle 2: max grad = 1.269164e-03 ; sigma = 4.579161e-03 ; 2/2 fragment CI solvers converged
Cycle 3: max grad = 8.871400e-05 ; sigma = 9.921101e-05 ; 2/2 fragment CI solvers converged
Cycle 4: max grad = 6.594889e-06 ; sigma = 3.289377e-07 ; 2/2 fragment CI solvers converged
Cycle 5: max grad = 3.343052e-07 ; sigma = 1.353520e-09 ; 2/2 fragment CI solvers converged
Cycle 6: max grad = 3.047820e-08 ; sigma = 6.256329e-12 ; 2/2 fragment CI solvers converged
Product_state fixed-point CI iteration converged after 6 cycles
Entering product-state fixed-point CI iteration
Cycle 0: max grad = 1.687921e-01 ; sigma = 0.000000e+00 ; 0/2 fragment CI solvers converged
Cycle 1: max grad = 1.834919e-03 ; sigma = 7.734992e-04 ; 2/2 fragment CI solvers converged
Cycle 2: max grad = 4.505943e-05 ; sigma = 5.709557e-05 ; 2/2 fragment CI solvers converged
Cycle 3: max grad = 1.599030e-06 ; sigma = 3.293652e-08 ; 2/2 fragment CI solvers converged
Cycle 4: max grad = 7.006500e-08 ; sigma = 5.055156e-11 ; 2/2 fragment CI solvers converged
Product_state fixed-point CI iteration converged after 4 cycles
LASCI state-average energy = -6302.04257925339
LASCI state 0 energy = -6302.17919826924
LASCI state 1 energy = -6302.66179347567
LASCI state 2 energy = -6302.7218673842
LASCI state 3 energy = -6301.3086749826
LASCI state 4 energy = -6301.34136215525
******** LAS space tables ********
LAS space 0: (16e+16e,20o) wfynsm=A
Converged? True
E(LAS) = -6302.17919826924
S^2 = 0.0000000 (Pure)
Space table
 frag    (ae+be,no)  2S+1   ir   lroots
    0   (8e+8e,10o)     1    A        1
    1   (8e+8e,10o)     1    A        1
LAS space 1: (16e+15e,20o) wfynsm=A
Converged? True
E(LAS) = -6302.66179347567
S^2 = 0.7500000 (Pure)
Space table
 frag    (ae+be,no)  2S+1   ir   lroots
    0   (8e+7e,10o)     2    A        1
    1   (8e+8e,10o)     1    A        1
LAS space 2: (16e+15e,20o) wfynsm=A
Converged? True
E(LAS) = -6302.7218673842
S^2 = 0.7500000 (Pure)
Space table
 frag    (ae+be,no)  2S+1   ir   lroots
    0   (8e+8e,10o)     1    A        1
    1   (8e+7e,10o)     2    A        1
LAS space 3: (17e+16e,20o) wfynsm=A
Converged? True
E(LAS) = -6301.3086749826
S^2 = 0.7500000 (Pure)
Space table
 frag    (ae+be,no)  2S+1   ir   lroots
    0   (9e+8e,10o)     2    A        1
    1   (8e+8e,10o)     1    A        1
LAS space 4: (17e+16e,20o) wfynsm=A
Converged? True
E(LAS) = -6301.34136215525
S^2 = 0.7500000 (Pure)
Space table
 frag    (ae+be,no)  2S+1   ir   lroots
    0   (8e+8e,10o)     1    A        1
    1   (9e+8e,10o)     2    A        1
LASSI op_o0 memory check: 1709.058096 MB needed of 943469.714432 MB available (950000 MB max)


******** <class 'pyscf.pbc.df.rsdf_builder._RSNucBuilder'> ********
mesh = [23 23 43] (22747 PWs)
ke_cutoff = 23.364002074963242
omega = 0.5208319628203033
exclude_d_aux = False
exclude_dd_block = True
j2c_eig_always = False
has_long_range = True
Symmetry analysis of 5 LAS rootspaces:
 ix            Energy  <S**2>  Neleca  Nelecb  Nelec   Wfnsym
  0  -6302.1791982692   0.000      16      16      32       A
  1  -6302.6617934757   0.750      16      15      31       A
  2  -6302.7218673842   0.750      16      15      31       A
  3  -6301.3086749826   0.750      17      16      33       A
  4  -6301.3413621552   0.750      17      16      33       A
Build + diag H matrix LASSI symmetry block 0
['neleca', 'nelecb', 'irrep'] = (17, 16, 0)
(2 rootspaces; 2 states)
2/2 linearly independent model states
Build + diag H matrix LASSI symmetry block 1
['neleca', 'nelecb', 'irrep'] = (16, 15, 0)
(2 rootspaces; 2 states)
2/2 linearly independent model states
Build + diag H matrix LASSI symmetry block 2
['neleca', 'nelecb', 'irrep'] = (16, 16, 0)
(1 rootspaces; 1 states)
LASSI eigenvalues (5 total):
 ix            Energy  <S**2>  Neleca  Nelecb  Wfnsym
  0  -6302.7218673842   0.750      16      15       A
  1  -6302.6617934757   0.750      16      15       A
  2  -6302.1791982692   0.000      16      16       A
  3  -6301.3414876057   0.750      17      16       A
  4  -6301.3085495322   0.750      17      16       A
Building t0.25*HF + 0.75*PBE, 0.25*HF + 0.75*PBE functional
Hybrid functional with [0.25, 0.25] CASSCF exchange
Building t0.25*HF + 0.75*PBE, 0.25*HF + 0.75*PBE functional
Hybrid functional with [0.25, 0.25] CASSCF exchange
Periodic OT-FNAL class is used
LASSI op_o0 memory check: 1709.058096 MB needed of 943449.771008 MB available (950000 MB max)


******** <class 'pyscf.pbc.df.rsdf_builder._RSNucBuilder'> ********
mesh = [23 23 43] (22747 PWs)
ke_cutoff = 23.364002074963242
omega = 0.5208319628203033
exclude_d_aux = False
exclude_dd_block = True
j2c_eig_always = False
has_long_range = True
MC-PDFT state 0 E = -6324.425705951965, Eot(t0.25*HF + 0.75*PBE, 0.25*HF + 0.75*PBE) = -214.0657604506544


******** <class 'pyscf.pbc.df.rsdf_builder._RSNucBuilder'> ********
mesh = [23 23 43] (22747 PWs)
ke_cutoff = 23.364002074963242
omega = 0.5208319628203033
exclude_d_aux = False
exclude_dd_block = True
j2c_eig_always = False
has_long_range = True
MC-PDFT state 1 E = -6324.34519987698, Eot(t0.25*HF + 0.75*PBE, 0.25*HF + 0.75*PBE) = -213.7511572963378


******** <class 'pyscf.pbc.df.rsdf_builder._RSNucBuilder'> ********
mesh = [23 23 43] (22747 PWs)
ke_cutoff = 23.364002074963242
omega = 0.5208319628203033
exclude_d_aux = False
exclude_dd_block = True
j2c_eig_always = False
has_long_range = True
MC-PDFT state 2 E = -6323.971695327684, Eot(t0.25*HF + 0.75*PBE, 0.25*HF + 0.75*PBE) = -214.59076361327467


******** <class 'pyscf.pbc.df.rsdf_builder._RSNucBuilder'> ********
mesh = [23 23 43] (22747 PWs)
ke_cutoff = 23.364002074963242
omega = 0.5208319628203033
exclude_d_aux = False
exclude_dd_block = True
j2c_eig_always = False
has_long_range = True
MC-PDFT state 3 E = -6323.317402243739, Eot(t0.25*HF + 0.75*PBE, 0.25*HF + 0.75*PBE) = -215.54942661298168


******** <class 'pyscf.pbc.df.rsdf_builder._RSNucBuilder'> ********
mesh = [23 23 43] (22747 PWs)
ke_cutoff = 23.364002074963242
omega = 0.5208319628203033
exclude_d_aux = False
exclude_dd_block = True
j2c_eig_always = False
has_long_range = True
MC-PDFT state 4 E = -6323.287704807058, Eot(t0.25*HF + 0.75*PBE, 0.25*HF + 0.75*PBE) = -215.42912133906145
