/project/lgagliardi/jangidbhavnesh/Re/PeriodicLAS/SmallerUnitCell/New/DMRG_LargerAS/NiO.py:14: FutureWarning: Most MC-PDFT and MC-DCFT modules have been moved to pyscf-forge (github.com/pyscf/pyscf-forge) and will be removed from mrh soon.
  from mrh.my_pyscf import mcpdft
WARN: HOMO 0.892719548023771 >= LUMO 0.892972701060267
WARN: HOMO 0.502743355444268 >= LUMO 0.503490472572403
WARN: Weak orthogonality for localized orbitals 1.5618208627472353e-09
overwrite output file: NiO_4.log_
tot grids = 276596
cell vol = 978.666588  sum(weights) = 980.007297
tot grids = 276596
cell vol = 978.666588  sum(weights) = 980.007297
tot grids = 276596
cell vol = 978.666588  sum(weights) = 980.007297
tot grids = 276596
cell vol = 978.666588  sum(weights) = 980.007297
tot grids = 276596
cell vol = 978.666588  sum(weights) = 980.007297
tot grids = 276596
cell vol = 978.666588  sum(weights) = 980.007297
tot grids = 276596
cell vol = 978.666588  sum(weights) = 980.007297
tot grids = 276596
cell vol = 978.666588  sum(weights) = 980.007297
tot grids = 276596
cell vol = 978.666588  sum(weights) = 980.007297
Results: LASSI 
Ionization Energy:  -7.9145402810036005
ElectAtt   Energy:  -21.470186346792982
Band Gap:  13.555646065789382
Results: PDFT
Ionization Energy:  -10.851943370869455
ElectAtt   Energy:  -15.110541243404281
Band Gap:  4.258597872534827
