Discarded 2 diffused primitive functions, 0 contracted functions
Discarded 2 diffused primitive functions, 0 contracted functions


******** <class 'pyscf.pbc.df.df.GDF'> ********
auxbasis = None
exp_to_discard = 0.1
_cderi_to_save = NiO_1.h5
len(kpts) = 1
Default auxbasis def2-svp-jkfit is used for Ni def2-svp
Default auxbasis def2-svp-jkfit is used for O def2-svp
Drop 6 primitive fitting functions
make aux basis, num shells = 160, num cGTOs = 660
auxcell.rcut 21.80811992707927


******** <class 'pyscf.pbc.df.rsdf_builder._RSGDFBuilder'> ********
mesh = [13 13 13] (2197 PWs)
ke_cutoff = 7.629061902028806
omega = 0.28962831490802027
exclude_d_aux = True
exclude_dd_block = True
j2c_eig_always = False
has_long_range = True


******** <class 'pyscf.pbc.scf.rohf.ROHF'> ********
method = ROHF
initial guess = minao
damping factor = 0
level_shift factor = 0
DIIS = <class 'pyscf.scf.diis.CDIIS'>
diis_start_cycle = 1
diis_space = 8
diis_damp = 0
SCF conv_tol = 1e-10
SCF conv_tol_grad = None
SCF max_cycles = 100
direct_scf = True
direct_scf_tol = 1e-13
chkfile to save SCF result = NiO_1.chk
max_memory 950000 MB (current use 2411 MB)
******** PBC SCF flags ********
kpt = [0. 0. 0.]
Exchange divergence treatment (exxdiv) = None
DF object = <pyscf.pbc.df.df.GDF object at 0x7fd636f3c590>
number of electrons per cell  alpha = 36 beta = 36
Set gradient conv threshold to 1e-05


******** <class 'pyscf.pbc.df.rsdf_builder._RSNucBuilder'> ********
mesh = [23 23 23] (12167 PWs)
ke_cutoff = 25.64212472626349
omega = 0.5447515101284917
exclude_d_aux = False
exclude_dd_block = True
j2c_eig_always = False
has_long_range = True
init E= -3154.17457145501
  HOMO = 1.05378037595821  LUMO = 1.08166970886429
cycle= 1 E= -3136.36848167293  delta_E= 17.8  |g|= 8.21  |ddm|= 4.74
  HOMO = 1.05180344974923  LUMO = 1.05405874643103
cycle= 2 E= -3130.85658390682  delta_E= 5.51  |g|= 8.13  |ddm|=  9.3
  HOMO = 0.714026514147805  LUMO = 0.724669682150649
cycle= 3 E= -3147.7581527631  delta_E= -16.9  |g|= 1.97  |ddm|= 8.83
  HOMO = 0.78210273370259  LUMO = 0.833611070025094
cycle= 4 E= -3148.02696999996  delta_E= -0.269  |g|= 1.48  |ddm|= 1.21
  HOMO = 0.760244918674171  LUMO = 0.871333835093124
cycle= 5 E= -3145.23529706624  delta_E= 2.79  |g|= 4.02  |ddm|= 2.16
  HOMO = 0.720496454510676  LUMO = 0.778820920134389
cycle= 6 E= -3147.71313065951  delta_E= -2.48  |g|= 2.05  |ddm|= 1.19
  HOMO = 0.728328491407887  LUMO = 0.763609539073622
cycle= 7 E= -3147.80546963859  delta_E= -0.0923  |g|= 1.94  |ddm|= 0.411
  HOMO = 0.729653773919474  LUMO = 0.762356931756644
cycle= 8 E= -3147.96196260751  delta_E= -0.156  |g|= 1.69  |ddm|= 0.183
  HOMO = 0.745029500153212  LUMO = 0.76486193985715
cycle= 9 E= -3148.39666283458  delta_E= -0.435  |g|= 0.0623  |ddm|= 0.642
  HOMO = 0.733748499074202  LUMO = 0.762226263942939
cycle= 10 E= -3148.38205368228  delta_E= 0.0146  |g|= 0.326  |ddm|= 0.118
  HOMO = 0.734747663163619  LUMO = 0.76300253451972
cycle= 11 E= -3148.39297649998  delta_E= -0.0109  |g|= 0.177  |ddm|= 0.0563
  HOMO = 0.734528901183577  LUMO = 0.761949833838366
cycle= 12 E= -3148.39655664744  delta_E= -0.00358  |g|= 0.133  |ddm|= 0.0906
  HOMO = 0.734644735890625  LUMO = 0.762007382922685
cycle= 13 E= -3148.3953601111  delta_E= 0.0012  |g|= 0.14  |ddm|= 0.0332
  HOMO = 0.734195018861594  LUMO = 0.761475049602653
cycle= 14 E= -3148.39735304361  delta_E= -0.00199  |g|= 0.0334  |ddm|= 0.0689
  HOMO = 0.734389927758812  LUMO = 0.761853463293858
cycle= 15 E= -3148.39702708567  delta_E= 0.000326  |g|= 0.0577  |ddm|= 0.0117
  HOMO = 0.734286765090896  LUMO = 0.761815622740664
cycle= 16 E= -3148.3973403829  delta_E= -0.000313  |g|= 0.0341  |ddm|= 0.00881
  HOMO = 0.734169425227726  LUMO = 0.761864167372231
cycle= 17 E= -3148.39750580148  delta_E= -0.000165  |g|= 0.00406  |ddm|= 0.0141
  HOMO = 0.734217407339671  LUMO = 0.761815452057695
cycle= 18 E= -3148.39750800589  delta_E= -2.2e-06  |g|= 0.000514  |ddm|= 0.0015
  HOMO = 0.734215937897708  LUMO = 0.76181932212656
cycle= 19 E= -3148.39750802876  delta_E= -2.29e-08  |g|= 0.000356  |ddm|= 0.000371
  HOMO = 0.734212513997783  LUMO = 0.761820254895622
cycle= 20 E= -3148.39750804995  delta_E= -2.12e-08  |g|= 5.09e-05  |ddm|= 0.000177
  HOMO = 0.734211449799726  LUMO = 0.761820506337249
cycle= 21 E= -3148.39750807255  delta_E= -2.26e-08  |g|= 0.00016  |ddm|= 0.000285
  HOMO = 0.734212492253134  LUMO = 0.761821315587664
cycle= 22 E= -3148.39750806023  delta_E= 1.23e-08  |g|= 0.000133  |ddm|= 0.000473
  HOMO = 0.734212629869232  LUMO = 0.76182211583674
cycle= 23 E= -3148.39750804748  delta_E= 1.27e-08  |g|= 0.000119  |ddm|= 0.000196
  HOMO = 0.734210682896814  LUMO = 0.761820207869163
cycle= 24 E= -3148.39750804754  delta_E= -6e-11  |g|= 4.36e-05  |ddm|= 9.88e-05
  HOMO = 0.734211214455409  LUMO = 0.761820535433958
cycle= 25 E= -3148.39750804767  delta_E= -1.29e-10  |g|= 2.54e-05  |ddm|= 4.32e-05
  HOMO = 0.734210707093178  LUMO = 0.761820522133248
cycle= 26 E= -3148.39750804776  delta_E= -8.46e-11  |g|= 2.24e-05  |ddm|= 3.58e-05
  HOMO = 0.734210672919134  LUMO = 0.761820447890869
cycle= 27 E= -3148.39750804782  delta_E= -6.46e-11  |g|= 6.82e-06  |ddm|= 1.57e-05
  HOMO = 0.734210639973054  LUMO = 0.761820398639408
Extra cycle  E= -3148.39750802946  delta_E= 1.84e-08  |g|= 0.000356  |ddm|= 0.000141
converged SCF energy = -3148.39750802946


******** <class 'pyscf.pbc.df.rsdf_builder._RSNucBuilder'> ********
mesh = [23 23 23] (12167 PWs)
ke_cutoff = 25.64212472626349
omega = 0.5447515101284917
exclude_d_aux = False
exclude_dd_block = True
j2c_eig_always = False
has_long_range = True


******** <class 'pyscf.pbc.df.rsdf_builder._RSNucBuilder'> ********
mesh = [23 23 23] (12167 PWs)
ke_cutoff = 25.64212472626349
omega = 0.5447515101284917
exclude_d_aux = False
exclude_dd_block = True
j2c_eig_always = False
has_long_range = True


******** <class 'pyscf.pbc.df.rsdf_builder._RSNucBuilder'> ********
mesh = [23 23 23] (12167 PWs)
ke_cutoff = 25.64212472626349
omega = 0.5447515101284917
exclude_d_aux = False
exclude_dd_block = True
j2c_eig_always = False
has_long_range = True
Entering product-state fixed-point CI iteration
Cycle 0: max grad = 2.024084e-01 ; sigma = 0.000000e+00 ; 0/1 fragment CI solvers converged
Cycle 1: max grad = 3.552714e-15 ; sigma = 0.000000e+00 ; 1/1 fragment CI solvers converged
Product_state fixed-point CI iteration converged after 1 cycles
Entering product-state fixed-point CI iteration
Cycle 0: max grad = 3.002101e-01 ; sigma = 0.000000e+00 ; 0/1 fragment CI solvers converged
Cycle 1: max grad = 1.493554e-06 ; sigma = 0.000000e+00 ; 1/1 fragment CI solvers converged
Product_state fixed-point CI iteration converged after 1 cycles
Entering product-state fixed-point CI iteration
Cycle 0: max grad = 7.426072e-02 ; sigma = 0.000000e+00 ; 0/1 fragment CI solvers converged
Cycle 1: max grad = 2.198129e-15 ; sigma = 0.000000e+00 ; 1/1 fragment CI solvers converged
Product_state fixed-point CI iteration converged after 1 cycles
LASCI state-average energy = -3148.64666424012
LASCI state 0 energy = -3148.7185717253
LASCI state 1 energy = -3149.3598709225
LASCI state 2 energy = -3147.86155007257
******** LAS space tables ********
LAS space 0: (8e+8e,10o) wfynsm=A
Converged? True
E(LAS) = -3148.7185717253
S^2 = 0.0000000 (Pure)
Space table
 frag    (ae+be,no)  2S+1   ir   lroots
    0   (8e+8e,10o)     1    A        1
LAS space 1: (8e+7e,10o) wfynsm=A
Converged? True
E(LAS) = -3149.3598709225
S^2 = 0.7500000 (Pure)
Space table
 frag    (ae+be,no)  2S+1   ir   lroots
    0   (8e+7e,10o)     2    A        1
LAS space 2: (9e+8e,10o) wfynsm=A
Converged? True
E(LAS) = -3147.86155007257
S^2 = 0.7500000 (Pure)
Space table
 frag    (ae+be,no)  2S+1   ir   lroots
    0   (9e+8e,10o)     2    A        1
LASSI op_o0 memory check: 0.17928 MB needed of 947022.5152 MB available (950000 MB max)


******** <class 'pyscf.pbc.df.rsdf_builder._RSNucBuilder'> ********
mesh = [23 23 23] (12167 PWs)
ke_cutoff = 25.64212472626349
omega = 0.5447515101284917
exclude_d_aux = False
exclude_dd_block = True
j2c_eig_always = False
has_long_range = True
Symmetry analysis of 3 LAS rootspaces:
 ix            Energy  <S**2>  Neleca  Nelecb  Nelec   Wfnsym
  0  -3148.7185717253   0.000       8       8      16       A
  1  -3149.3598709225   0.750       8       7      15       A
  2  -3147.8615500726   0.750       9       8      17       A
Build + diag H matrix LASSI symmetry block 0
['neleca', 'nelecb', 'irrep'] = (8, 7, 0)
(1 rootspaces; 1 states)
Build + diag H matrix LASSI symmetry block 1
['neleca', 'nelecb', 'irrep'] = (8, 8, 0)
(1 rootspaces; 1 states)
Build + diag H matrix LASSI symmetry block 2
['neleca', 'nelecb', 'irrep'] = (9, 8, 0)
(1 rootspaces; 1 states)
LASSI eigenvalues (3 total):
 ix            Energy  <S**2>  Neleca  Nelecb  Wfnsym
  0  -3149.3598709225   0.750       8       7       A
  1  -3148.7185717253   0.000       8       8       A
  2  -3147.8615500726   0.750       9       8       A
Building t0.25*HF + 0.75*PBE, 0.25*HF + 0.75*PBE functional
Hybrid functional with [0.25, 0.25] CASSCF exchange
Building t0.25*HF + 0.75*PBE, 0.25*HF + 0.75*PBE functional
Hybrid functional with [0.25, 0.25] CASSCF exchange
Periodic OT-FNAL class is used
LASSI op_o0 memory check: 0.17928 MB needed of 947023.666176 MB available (950000 MB max)


******** <class 'pyscf.pbc.df.rsdf_builder._RSNucBuilder'> ********
mesh = [23 23 23] (12167 PWs)
ke_cutoff = 25.64212472626349
omega = 0.5447515101284917
exclude_d_aux = False
exclude_dd_block = True
j2c_eig_always = False
has_long_range = True
MC-PDFT state 0 E = -3162.1188065748, Eot(t0.25*HF + 0.75*PBE, 0.25*HF + 0.75*PBE) = -106.48025348909282


******** <class 'pyscf.pbc.df.rsdf_builder._RSNucBuilder'> ********
mesh = [23 23 23] (12167 PWs)
ke_cutoff = 25.64212472626349
omega = 0.5447515101284917
exclude_d_aux = False
exclude_dd_block = True
j2c_eig_always = False
has_long_range = True
MC-PDFT state 1 E = -3161.600529280544, Eot(t0.25*HF + 0.75*PBE, 0.25*HF + 0.75*PBE) = -107.31417836046982


******** <class 'pyscf.pbc.df.rsdf_builder._RSNucBuilder'> ********
mesh = [23 23 23] (12167 PWs)
ke_cutoff = 25.64212472626349
omega = 0.5447515101284917
exclude_d_aux = False
exclude_dd_block = True
j2c_eig_always = False
has_long_range = True
MC-PDFT state 2 E = -3160.9287926466886, Eot(t0.25*HF + 0.75*PBE, 0.25*HF + 0.75*PBE) = -108.18723577878663
