#INFO: **** input file is /project/lgagliardi/jangidbhavnesh/Re/Final/H-Chain/LAS/hchain.py ****
import os
import sys
import pickle
import numpy as np
from pyscf import lib
from pyscf.pbc import scf, df
from pyscf.pbc import gto as pgto
from mrh.my_pyscf.mcscf.lasscf_o0 import LASSCF
from mrh.my_pyscf.lassi import lassi
from periodiclas.tools import sign_control, util

def getCell(nH, nHFrag, maxMem=200000, R=1.4):
    """
    Build the Cell object
    """
    cell = pgto.Cell()
    cell.basis='STO-6G'
    cell.a = np.diag([17.5, 17.5, nH * R])
    cell.atom = [['H', np.array([0, 0, i*R]) ] for i in range(nH)]
    cell.verbose = lib.logger.INFO
    cell.output = f"HChain.{nHFrag}.{nH}.log"
    cell.max_memory = maxMem
    cell.precision = 1e-12
    cell.build()
    return cell

def get_gdf(filename, restart=True):
    """
    Calculate the 2e Integrals
    Using the Gaussian Density Fitting.
    """
    if not os.path.exists(filename) or restart:
        gdf = df.GDF(cell)
        gdf._cderi_to_save = filename
        gdf.build()
    return filename

def runSCF(cell, nH):
    """
    Mean-Field Calculation
    """
    kmf = scf.ROHF(cell).density_fit()
    kmf.max_cycle=1000
    kmf.chkfile = f'Hchain.{nH}.chk'
    kmf.with_df._cderi = get_gdf(kmf.chkfile.rstrip('.chk')+'.h5')
    kmf.exxdiv = None
    kmf.conv_tol = 1e-12
    kmf.kernel()

    if not kmf.converged:
        kmf.newton().run()

    assert kmf, "mean-field didn't converge"
    return kmf

def genModelSpace(nfrags):
    """
    Model Space Creation for LAS Band Structure
    """
    identity = np.eye(nfrags, dtype=int)
    las_charges = [[0] * nfrags] + identity.tolist() + (-identity).tolist()
    las_spins = [[0] * nfrags] + identity.tolist() + identity.tolist()
    las_smults = [[1] * nfrags] + (identity + 1).tolist() + (identity + 1).tolist()
                    
    nrootspaces = len(las_charges)
    las_weights = np.full(nrootspaces, 1/nrootspaces)
                                
    return las_weights, las_charges, las_spins, las_smults

# Running LASSCF
def runLASSCF(nHfrag, nfrags, kmf):
    """
    Optimize the Individual Fragment LAS
    """

    # Active Space
    norb  = tuple([nHfrag,]*nfrags)
    nele  = tuple([nHfrag,]*nfrags)
    nspin = tuple([1,]*nfrags)
    
    # Fragmentation
    frags =tuple([list(range(nH))[i:i + nHfrag] \
            for i in range(0,nH, nHfrag)])
    
    las = LASSCF(kmf, norb, nele, spin_sub=nspin)
    las.mo_coeff = las.localize_init_guess(frags,kmf.mo_coeff)
    las.mo_coeff = sign_control.fix_mos(las)
    las_weights,las_charges,las_spins,las_smults=genModelSpace(nfrags)
    las = las.state_average(las_weights,las_charges,las_spins,las_smults)
    las.lasci_()
    return las

def processlas(las):
    """
    Sign-Fixing for the LAS CI Vectos
    """
    las.ci = sign_control.fix_sign(las)
    las.dump_spaces()
    return las

def runLASSI(las):
    """
    LAS State Interaction
    """
    lsi = lassi.LASSI(las)
    energies_lassi, civecs_lassi = lsi.kernel()
    return lsi, energies_lassi

def savepickel(mf, lsi, R=1.4,  pdftenergy=0, nHfrag=2, nH=2):
    """
    Save the LAS Band Structure Data
    """

    civec = lsi.get_sivec_vacuum_shuffle(state=0)
    nfrags = int(nH/nHfrag)
    charges = util.las_charges(lsi._las)

    data = {"energies_lassi":lsi.e_roots,
            "civecs":civec,
            "charges":charges,
            "nfrags":nfrags,
            "dist":R,
            "mf_coeff":mf.mo_coeff,
            "mf_occ":mf.mo_occ,
            "mf_ene":mf.mo_energy}

    with open(f"hchain.{nHfrag}.{nH}.pkl", "wb") as f:
        pickle.dump(data, f)

if __name__ == "__main__":

    for nH in [8, 16, 32, 64]:
        for i in [2, 4, 8]:
            nHfrag = min(i, nH)
            nfrags = int(nH/nHfrag)
            R = 1.4 # Distance between the H-atoms

            cell =  getCell(nH, nHfrag, maxMem=200000, R=R)
            kmf = runSCF(cell, nH)

            las = runLASSCF(nHfrag, nfrags, kmf)
            las = processlas(las)
            lsi, energies_lassi = runLASSI(las)
            
            # Save data
            savepickel(kmf, lsi, R=R, nHfrag=nHfrag, nH=nH)
    
#INFO: ******************** input file end ********************


System: uname_result(system='Linux', node='midway3-0555.rcc.local', release='4.18.0-305.3.1.el8.x86_64', version='#1 SMP Tue Jun 1 16:14:33 UTC 2021', machine='x86_64')  Threads 128
Python 3.9.13 (main, Aug 25 2022, 23:26:10) 
[GCC 11.2.0]
numpy 1.26.2  scipy 1.11.4  h5py 3.10.0
Date: Sat Mar 15 11:52:25 2025
PySCF version 2.8.0
PySCF path  /home/jangidbhavnesh/bin/pyscf
GIT ORIG_HEAD a0665c4a7bf54e33f01295b3eea390be7a17d76d
GIT HEAD (branch master) 6f6d3741bf42543e02ccaa1d4ef43d9bf83b3dda
mrh path  /home/jangidbhavnesh/bin/mrh
GIT ORIG_HEAD ed1f605b415d72e71fb56d97b9d163809b62b172
GIT HEAD (branch master) ea89791c15c26abd3b0f0efdeadd7a286ca4585a

[ENV] PYSCF_EXT_PATH /home/jangidbhavnesh/bin/pyscf:/home/jangidbhavnesh/bin/pyscf-forge:/home/jangidbhavnesh/bin/dmrgscf:/home/jangidbhavnesh/bin:
[CONFIG] conf_file /home/jangidbhavnesh/.pyscf_conf.py
[INPUT] verbose = 4
[INPUT] num. atoms = 32
[INPUT] num. electrons = 32
[INPUT] charge = 0
[INPUT] spin (= nelec alpha-beta = 2S) = 0
[INPUT] symmetry False subgroup None
[INPUT] Mole.unit = angstrom
[INPUT] Symbol           X                Y                Z      unit          X                Y                Z       unit  Magmom
[INPUT]  1 H      0.000000000000   0.000000000000   0.000000000000 AA    0.000000000000   0.000000000000   0.000000000000 Bohr   0.0
[INPUT]  2 H      0.000000000000   0.000000000000   1.400000000000 AA    0.000000000000   0.000000000000   2.645616574391 Bohr   0.0
[INPUT]  3 H      0.000000000000   0.000000000000   2.800000000000 AA    0.000000000000   0.000000000000   5.291233148782 Bohr   0.0
[INPUT]  4 H      0.000000000000   0.000000000000   4.200000000000 AA    0.000000000000   0.000000000000   7.936849723173 Bohr   0.0
[INPUT]  5 H      0.000000000000   0.000000000000   5.600000000000 AA    0.000000000000   0.000000000000  10.582466297564 Bohr   0.0
[INPUT]  6 H      0.000000000000   0.000000000000   7.000000000000 AA    0.000000000000   0.000000000000  13.228082871955 Bohr   0.0
[INPUT]  7 H      0.000000000000   0.000000000000   8.400000000000 AA    0.000000000000   0.000000000000  15.873699446347 Bohr   0.0
[INPUT]  8 H      0.000000000000   0.000000000000   9.800000000000 AA    0.000000000000   0.000000000000  18.519316020738 Bohr   0.0
[INPUT]  9 H      0.000000000000   0.000000000000  11.200000000000 AA    0.000000000000   0.000000000000  21.164932595129 Bohr   0.0
[INPUT] 10 H      0.000000000000   0.000000000000  12.600000000000 AA    0.000000000000   0.000000000000  23.810549169520 Bohr   0.0
[INPUT] 11 H      0.000000000000   0.000000000000  14.000000000000 AA    0.000000000000   0.000000000000  26.456165743911 Bohr   0.0
[INPUT] 12 H      0.000000000000   0.000000000000  15.400000000000 AA    0.000000000000   0.000000000000  29.101782318302 Bohr   0.0
[INPUT] 13 H      0.000000000000   0.000000000000  16.800000000000 AA    0.000000000000   0.000000000000  31.747398892693 Bohr   0.0
[INPUT] 14 H      0.000000000000   0.000000000000  18.200000000000 AA    0.000000000000   0.000000000000  34.393015467084 Bohr   0.0
[INPUT] 15 H      0.000000000000   0.000000000000  19.600000000000 AA    0.000000000000   0.000000000000  37.038632041475 Bohr   0.0
[INPUT] 16 H      0.000000000000   0.000000000000  21.000000000000 AA    0.000000000000   0.000000000000  39.684248615866 Bohr   0.0
[INPUT] 17 H      0.000000000000   0.000000000000  22.400000000000 AA    0.000000000000   0.000000000000  42.329865190257 Bohr   0.0
[INPUT] 18 H      0.000000000000   0.000000000000  23.800000000000 AA    0.000000000000   0.000000000000  44.975481764648 Bohr   0.0
[INPUT] 19 H      0.000000000000   0.000000000000  25.200000000000 AA    0.000000000000   0.000000000000  47.621098339040 Bohr   0.0
[INPUT] 20 H      0.000000000000   0.000000000000  26.600000000000 AA    0.000000000000   0.000000000000  50.266714913431 Bohr   0.0
[INPUT] 21 H      0.000000000000   0.000000000000  28.000000000000 AA    0.000000000000   0.000000000000  52.912331487822 Bohr   0.0
[INPUT] 22 H      0.000000000000   0.000000000000  29.400000000000 AA    0.000000000000   0.000000000000  55.557948062213 Bohr   0.0
[INPUT] 23 H      0.000000000000   0.000000000000  30.800000000000 AA    0.000000000000   0.000000000000  58.203564636604 Bohr   0.0
[INPUT] 24 H      0.000000000000   0.000000000000  32.200000000000 AA    0.000000000000   0.000000000000  60.849181210995 Bohr   0.0
[INPUT] 25 H      0.000000000000   0.000000000000  33.600000000000 AA    0.000000000000   0.000000000000  63.494797785386 Bohr   0.0
[INPUT] 26 H      0.000000000000   0.000000000000  35.000000000000 AA    0.000000000000   0.000000000000  66.140414359777 Bohr   0.0
[INPUT] 27 H      0.000000000000   0.000000000000  36.400000000000 AA    0.000000000000   0.000000000000  68.786030934168 Bohr   0.0
[INPUT] 28 H      0.000000000000   0.000000000000  37.800000000000 AA    0.000000000000   0.000000000000  71.431647508559 Bohr   0.0
[INPUT] 29 H      0.000000000000   0.000000000000  39.200000000000 AA    0.000000000000   0.000000000000  74.077264082950 Bohr   0.0
[INPUT] 30 H      0.000000000000   0.000000000000  40.600000000000 AA    0.000000000000   0.000000000000  76.722880657342 Bohr   0.0
[INPUT] 31 H      0.000000000000   0.000000000000  42.000000000000 AA    0.000000000000   0.000000000000  79.368497231733 Bohr   0.0
[INPUT] 32 H      0.000000000000   0.000000000000  43.400000000000 AA    0.000000000000   0.000000000000  82.014113806124 Bohr   0.0

nuclear repulsion = 13.2961271970119
number of shells = 32
number of NR pGTOs = 192
number of NR cGTOs = 32
basis = STO-6G
ecp = {}
CPU time:     14750.37
lattice vectors  a1 [33.070207180, 0.000000000, 0.000000000]
                 a2 [0.000000000, 33.070207180, 0.000000000]
                 a3 [0.000000000, 0.000000000, 84.659730381]
dimension = 3
low_dim_ft_type = None
Cell volume = 92587.1
rcut = 24.293288226937268 (nimgs = [1 1 1])
lattice sum = 37 cells
precision = 1e-12
pseudo = None
ke_cutoff = 3527.180576457948
    = [ 887  887 2265] mesh (1782031785 PWs)


******** <class 'pyscf.pbc.df.df.GDF'> ********
auxbasis = None
exp_to_discard = None
_cderi_to_save = Hchain.32.h5
len(kpts) = 1
ETB for H: l = 0, exps = 0.200224856 * 2^n , n = 0..8

WARN: Even tempered Gaussians are generated as DF auxbasis for  H

Drop 0 primitive fitting functions
make aux basis, num shells = 288, num cGTOs = 288
auxcell.rcut 17.068110412336893


******** <class 'pyscf.pbc.df.rsdf_builder._RSGDFBuilder'> ********
mesh = [ 47  47 115] (254035 PWs)
ke_cutoff = 8.947994126447938
omega = 0.3463408184886056
exclude_d_aux = True
exclude_dd_block = True
j2c_eig_always = False
has_long_range = True


******** <class 'pyscf.pbc.scf.rohf.ROHF'> ********
method = ROHF
initial guess = minao
damping factor = 0
level_shift factor = 0
DIIS = <class 'pyscf.scf.diis.CDIIS'>
diis_start_cycle = 1
diis_space = 8
diis_damp = 0
SCF conv_tol = 1e-12
SCF conv_tol_grad = None
SCF max_cycles = 1000
direct_scf = True
direct_scf_tol = 1e-13
chkfile to save SCF result = Hchain.32.chk
max_memory 200000 MB (current use 2282 MB)
******** PBC SCF flags ********
kpt = [0. 0. 0.]
Exchange divergence treatment (exxdiv) = None
DF object = <pyscf.pbc.df.df.GDF object at 0x7f732ab2fa30>
number of electrons per cell  alpha = 16 beta = 16
Set gradient conv threshold to 1e-06


******** <class 'pyscf.pbc.df.rsdf_builder._RSNucBuilder'> ********
mesh = [ 65  65 161] (680225 PWs)
ke_cutoff = 17.626088768626285
omega = 0.48609237682611317
exclude_d_aux = False
exclude_dd_block = True
j2c_eig_always = False
has_long_range = True
init E= -10.4930408856733
  HOMO = -0.0531535252308886  LUMO = -0.0514809415226069
cycle= 1 E= -14.6686275305391  delta_E= -4.18  |g|= 0.116  |ddm|= 2.86
  HOMO = -0.100763681123308  LUMO = -0.0581481481870607
cycle= 2 E= -14.7061995179701  delta_E= -0.0376  |g|= 0.089  |ddm|= 0.451
  HOMO = -0.145884377997862  LUMO = -0.0125683156726181
cycle= 3 E= -14.7312216779042  delta_E= -0.025  |g|= 0.0268  |ddm|= 0.506
  HOMO = -0.157344298687018  LUMO = -0.000490355078780669
cycle= 4 E= -14.7328943127436  delta_E= -0.00167  |g|= 0.00398  |ddm|= 0.168
  HOMO = -0.155605789503755  LUMO = -0.00217369252490612
cycle= 5 E= -14.7329208973001  delta_E= -2.66e-05  |g|= 0.000718  |ddm|= 0.0185
  HOMO = -0.155674297399023  LUMO = -0.00210407245925474
cycle= 6 E= -14.7329214661207  delta_E= -5.69e-07  |g|= 0.000216  |ddm|= 0.00166
  HOMO = -0.155756689848751  LUMO = -0.0020234060175603
cycle= 7 E= -14.7329215471164  delta_E= -8.1e-08  |g|= 6.51e-05  |ddm|= 0.000905
  HOMO = -0.155757289289294  LUMO = -0.00202255505655846
cycle= 8 E= -14.7329215544252  delta_E= -7.31e-09  |g|= 1.88e-05  |ddm|= 0.00023
  HOMO = -0.155751682972232  LUMO = -0.00202803566086187
cycle= 9 E= -14.7329215550352  delta_E= -6.1e-10  |g|= 6.92e-06  |ddm|= 7.59e-05
  HOMO = -0.155752665363819  LUMO = -0.00202708659875516
cycle= 10 E= -14.732921555118  delta_E= -8.28e-11  |g|= 1.68e-06  |ddm|= 2.64e-05
  HOMO = -0.155752472087396  LUMO = -0.00202729063327784
cycle= 11 E= -14.7329215551231  delta_E= -5.09e-12  |g|= 3.95e-07  |ddm|= 6.49e-06
  HOMO = -0.155752498265476  LUMO = -0.00202726209922237
cycle= 12 E= -14.7329215551233  delta_E= -2.2e-13  |g|= 1.29e-07  |ddm|= 1.29e-06
  HOMO = -0.155752493620457  LUMO = -0.00202726698605453
Extra cycle  E= -14.7329215551234  delta_E= -1.78e-14  |g|= 5.68e-08  |ddm|= 2.94e-07
converged SCF energy = -14.7329215551234


******** <class 'pyscf.pbc.df.rsdf_builder._RSNucBuilder'> ********
mesh = [ 65  65 161] (680225 PWs)
ke_cutoff = 17.626088768626285
omega = 0.48609237682611317
exclude_d_aux = False
exclude_dd_block = True
j2c_eig_always = False
has_long_range = True


******** <class 'pyscf.pbc.df.rsdf_builder._RSNucBuilder'> ********
mesh = [ 65  65 161] (680225 PWs)
ke_cutoff = 17.626088768626285
omega = 0.48609237682611317
exclude_d_aux = False
exclude_dd_block = True
j2c_eig_always = False
has_long_range = True


******** <class 'pyscf.pbc.df.rsdf_builder._RSNucBuilder'> ********
mesh = [ 65  65 161] (680225 PWs)
ke_cutoff = 17.626088768626285
omega = 0.48609237682611317
exclude_d_aux = False
exclude_dd_block = True
j2c_eig_always = False
has_long_range = True
Entering product-state fixed-point CI iteration
Cycle 0: max grad = 2.312838e-01 ; sigma = 0.000000e+00 ; 0/16 fragment CI solvers converged
Cycle 1: max grad = 4.026960e-04 ; sigma = 3.969092e-11 ; 16/16 fragment CI solvers converged
Cycle 2: max grad = 1.342296e-06 ; sigma = 1.314504e-13 ; 16/16 fragment CI solvers converged
Product_state fixed-point CI iteration converged after 2 cycles
Entering product-state fixed-point CI iteration
Cycle 0: max grad = 2.312847e-01 ; sigma = 0.000000e+00 ; 0/16 fragment CI solvers converged
Cycle 1: max grad = 4.499383e-03 ; sigma = 7.892505e-02 ; 16/16 fragment CI solvers converged
Cycle 2: max grad = 4.124125e-04 ; sigma = 3.246274e-05 ; 16/16 fragment CI solvers converged
Cycle 3: max grad = 5.923076e-05 ; sigma = 2.712430e-07 ; 16/16 fragment CI solvers converged
Cycle 4: max grad = 7.923323e-06 ; sigma = 5.657075e-09 ; 16/16 fragment CI solvers converged
Cycle 5: max grad = 9.990328e-07 ; sigma = 1.001226e-10 ; 16/16 fragment CI solvers converged
Cycle 6: max grad = 1.575034e-07 ; sigma = 1.616485e-12 ; 16/16 fragment CI solvers converged
Product_state fixed-point CI iteration converged after 6 cycles
Entering product-state fixed-point CI iteration
Cycle 0: max grad = 2.312847e-01 ; sigma = 0.000000e+00 ; 0/16 fragment CI solvers converged
Cycle 1: max grad = 4.499382e-03 ; sigma = 7.892505e-02 ; 16/16 fragment CI solvers converged
Cycle 2: max grad = 4.124125e-04 ; sigma = 3.246273e-05 ; 16/16 fragment CI solvers converged
Cycle 3: max grad = 5.923074e-05 ; sigma = 2.712430e-07 ; 16/16 fragment CI solvers converged
Cycle 4: max grad = 7.923321e-06 ; sigma = 5.657075e-09 ; 16/16 fragment CI solvers converged
Cycle 5: max grad = 9.990322e-07 ; sigma = 1.001190e-10 ; 16/16 fragment CI solvers converged
Cycle 6: max grad = 1.575034e-07 ; sigma = 1.620037e-12 ; 16/16 fragment CI solvers converged
Product_state fixed-point CI iteration converged after 6 cycles
Entering product-state fixed-point CI iteration
Cycle 0: max grad = 2.312847e-01 ; sigma = 0.000000e+00 ; 0/16 fragment CI solvers converged
Cycle 1: max grad = 4.499383e-03 ; sigma = 7.892505e-02 ; 16/16 fragment CI solvers converged
Cycle 2: max grad = 4.124126e-04 ; sigma = 3.246275e-05 ; 16/16 fragment CI solvers converged
Cycle 3: max grad = 5.923076e-05 ; sigma = 2.712431e-07 ; 16/16 fragment CI solvers converged
Cycle 4: max grad = 7.923323e-06 ; sigma = 5.657078e-09 ; 16/16 fragment CI solvers converged
Cycle 5: max grad = 9.990327e-07 ; sigma = 1.001190e-10 ; 16/16 fragment CI solvers converged
Cycle 6: max grad = 1.575034e-07 ; sigma = 1.612932e-12 ; 16/16 fragment CI solvers converged
Product_state fixed-point CI iteration converged after 6 cycles
Entering product-state fixed-point CI iteration
Cycle 0: max grad = 2.312847e-01 ; sigma = 0.000000e+00 ; 0/16 fragment CI solvers converged
Cycle 1: max grad = 4.499383e-03 ; sigma = 7.892505e-02 ; 16/16 fragment CI solvers converged
Cycle 2: max grad = 4.124124e-04 ; sigma = 3.246273e-05 ; 16/16 fragment CI solvers converged
Cycle 3: max grad = 5.923075e-05 ; sigma = 2.712430e-07 ; 16/16 fragment CI solvers converged
Cycle 4: max grad = 7.923321e-06 ; sigma = 5.657075e-09 ; 16/16 fragment CI solvers converged
Cycle 5: max grad = 9.990325e-07 ; sigma = 1.001190e-10 ; 16/16 fragment CI solvers converged
Cycle 6: max grad = 1.575034e-07 ; sigma = 1.620037e-12 ; 16/16 fragment CI solvers converged
Product_state fixed-point CI iteration converged after 6 cycles
Entering product-state fixed-point CI iteration
Cycle 0: max grad = 2.312847e-01 ; sigma = 0.000000e+00 ; 0/16 fragment CI solvers converged
Cycle 1: max grad = 4.499383e-03 ; sigma = 7.892505e-02 ; 16/16 fragment CI solvers converged
Cycle 2: max grad = 4.124125e-04 ; sigma = 3.246274e-05 ; 16/16 fragment CI solvers converged
Cycle 3: max grad = 5.923075e-05 ; sigma = 2.712431e-07 ; 16/16 fragment CI solvers converged
Cycle 4: max grad = 7.923323e-06 ; sigma = 5.657071e-09 ; 16/16 fragment CI solvers converged
Cycle 5: max grad = 9.990325e-07 ; sigma = 1.001226e-10 ; 16/16 fragment CI solvers converged
Cycle 6: max grad = 1.575034e-07 ; sigma = 1.612932e-12 ; 16/16 fragment CI solvers converged
Product_state fixed-point CI iteration converged after 6 cycles
Entering product-state fixed-point CI iteration
Cycle 0: max grad = 2.312847e-01 ; sigma = 0.000000e+00 ; 0/16 fragment CI solvers converged
Cycle 1: max grad = 4.499383e-03 ; sigma = 7.892505e-02 ; 16/16 fragment CI solvers converged
Cycle 2: max grad = 4.124125e-04 ; sigma = 3.246274e-05 ; 16/16 fragment CI solvers converged
Cycle 3: max grad = 5.923075e-05 ; sigma = 2.712430e-07 ; 16/16 fragment CI solvers converged
Cycle 4: max grad = 7.923322e-06 ; sigma = 5.657071e-09 ; 16/16 fragment CI solvers converged
Cycle 5: max grad = 9.990325e-07 ; sigma = 1.001190e-10 ; 16/16 fragment CI solvers converged
Cycle 6: max grad = 1.575034e-07 ; sigma = 1.620037e-12 ; 16/16 fragment CI solvers converged
Product_state fixed-point CI iteration converged after 6 cycles
Entering product-state fixed-point CI iteration
Cycle 0: max grad = 2.312847e-01 ; sigma = 0.000000e+00 ; 0/16 fragment CI solvers converged
Cycle 1: max grad = 4.499383e-03 ; sigma = 7.892505e-02 ; 16/16 fragment CI solvers converged
Cycle 2: max grad = 4.124125e-04 ; sigma = 3.246274e-05 ; 16/16 fragment CI solvers converged
Cycle 3: max grad = 5.923075e-05 ; sigma = 2.712430e-07 ; 16/16 fragment CI solvers converged
Cycle 4: max grad = 7.923322e-06 ; sigma = 5.657071e-09 ; 16/16 fragment CI solvers converged
Cycle 5: max grad = 9.990325e-07 ; sigma = 1.001226e-10 ; 16/16 fragment CI solvers converged
Cycle 6: max grad = 1.575034e-07 ; sigma = 1.612932e-12 ; 16/16 fragment CI solvers converged
Product_state fixed-point CI iteration converged after 6 cycles
Entering product-state fixed-point CI iteration
Cycle 0: max grad = 2.312847e-01 ; sigma = 0.000000e+00 ; 0/16 fragment CI solvers converged
Cycle 1: max grad = 4.499383e-03 ; sigma = 7.892505e-02 ; 16/16 fragment CI solvers converged
Cycle 2: max grad = 4.124125e-04 ; sigma = 3.246274e-05 ; 16/16 fragment CI solvers converged
Cycle 3: max grad = 5.923075e-05 ; sigma = 2.712431e-07 ; 16/16 fragment CI solvers converged
Cycle 4: max grad = 7.923322e-06 ; sigma = 5.657075e-09 ; 16/16 fragment CI solvers converged
Cycle 5: max grad = 9.990325e-07 ; sigma = 1.001226e-10 ; 16/16 fragment CI solvers converged
Cycle 6: max grad = 1.575034e-07 ; sigma = 1.616485e-12 ; 16/16 fragment CI solvers converged
Product_state fixed-point CI iteration converged after 6 cycles
Entering product-state fixed-point CI iteration
Cycle 0: max grad = 2.312847e-01 ; sigma = 0.000000e+00 ; 0/16 fragment CI solvers converged
Cycle 1: max grad = 4.499383e-03 ; sigma = 7.892505e-02 ; 16/16 fragment CI solvers converged
Cycle 2: max grad = 4.124125e-04 ; sigma = 3.246274e-05 ; 16/16 fragment CI solvers converged
Cycle 3: max grad = 5.923075e-05 ; sigma = 2.712430e-07 ; 16/16 fragment CI solvers converged
Cycle 4: max grad = 7.923322e-06 ; sigma = 5.657075e-09 ; 16/16 fragment CI solvers converged
Cycle 5: max grad = 9.990325e-07 ; sigma = 1.001226e-10 ; 16/16 fragment CI solvers converged
Cycle 6: max grad = 1.575034e-07 ; sigma = 1.612932e-12 ; 16/16 fragment CI solvers converged
Product_state fixed-point CI iteration converged after 6 cycles
Entering product-state fixed-point CI iteration
Cycle 0: max grad = 2.312847e-01 ; sigma = 0.000000e+00 ; 0/16 fragment CI solvers converged
Cycle 1: max grad = 4.499383e-03 ; sigma = 7.892505e-02 ; 16/16 fragment CI solvers converged
Cycle 2: max grad = 4.124125e-04 ; sigma = 3.246274e-05 ; 16/16 fragment CI solvers converged
Cycle 3: max grad = 5.923075e-05 ; sigma = 2.712430e-07 ; 16/16 fragment CI solvers converged
Cycle 4: max grad = 7.923322e-06 ; sigma = 5.657075e-09 ; 16/16 fragment CI solvers converged
Cycle 5: max grad = 9.990325e-07 ; sigma = 1.001226e-10 ; 16/16 fragment CI solvers converged
Cycle 6: max grad = 1.575034e-07 ; sigma = 1.612932e-12 ; 16/16 fragment CI solvers converged
Product_state fixed-point CI iteration converged after 6 cycles
Entering product-state fixed-point CI iteration
Cycle 0: max grad = 2.312847e-01 ; sigma = 0.000000e+00 ; 0/16 fragment CI solvers converged
Cycle 1: max grad = 4.499383e-03 ; sigma = 7.892505e-02 ; 16/16 fragment CI solvers converged
Cycle 2: max grad = 4.124125e-04 ; sigma = 3.246274e-05 ; 16/16 fragment CI solvers converged
Cycle 3: max grad = 5.923075e-05 ; sigma = 2.712430e-07 ; 16/16 fragment CI solvers converged
Cycle 4: max grad = 7.923322e-06 ; sigma = 5.657075e-09 ; 16/16 fragment CI solvers converged
Cycle 5: max grad = 9.990325e-07 ; sigma = 1.001190e-10 ; 16/16 fragment CI solvers converged
Cycle 6: max grad = 1.575034e-07 ; sigma = 1.609379e-12 ; 16/16 fragment CI solvers converged
Product_state fixed-point CI iteration converged after 6 cycles
Entering product-state fixed-point CI iteration
Cycle 0: max grad = 2.312847e-01 ; sigma = 0.000000e+00 ; 0/16 fragment CI solvers converged
Cycle 1: max grad = 4.499383e-03 ; sigma = 7.892505e-02 ; 16/16 fragment CI solvers converged
Cycle 2: max grad = 4.124125e-04 ; sigma = 3.246274e-05 ; 16/16 fragment CI solvers converged
Cycle 3: max grad = 5.923075e-05 ; sigma = 2.712430e-07 ; 16/16 fragment CI solvers converged
Cycle 4: max grad = 7.923322e-06 ; sigma = 5.657075e-09 ; 16/16 fragment CI solvers converged
Cycle 5: max grad = 9.990326e-07 ; sigma = 1.001226e-10 ; 16/16 fragment CI solvers converged
Cycle 6: max grad = 1.575034e-07 ; sigma = 1.616485e-12 ; 16/16 fragment CI solvers converged
Product_state fixed-point CI iteration converged after 6 cycles
Entering product-state fixed-point CI iteration
Cycle 0: max grad = 2.312847e-01 ; sigma = 0.000000e+00 ; 0/16 fragment CI solvers converged
Cycle 1: max grad = 4.499383e-03 ; sigma = 7.892505e-02 ; 16/16 fragment CI solvers converged
Cycle 2: max grad = 4.124125e-04 ; sigma = 3.246274e-05 ; 16/16 fragment CI solvers converged
Cycle 3: max grad = 5.923075e-05 ; sigma = 2.712430e-07 ; 16/16 fragment CI solvers converged
Cycle 4: max grad = 7.923322e-06 ; sigma = 5.657071e-09 ; 16/16 fragment CI solvers converged
Cycle 5: max grad = 9.990324e-07 ; sigma = 1.001226e-10 ; 16/16 fragment CI solvers converged
Cycle 6: max grad = 1.575034e-07 ; sigma = 1.616485e-12 ; 16/16 fragment CI solvers converged
Product_state fixed-point CI iteration converged after 6 cycles
Entering product-state fixed-point CI iteration
Cycle 0: max grad = 2.312847e-01 ; sigma = 0.000000e+00 ; 0/16 fragment CI solvers converged
Cycle 1: max grad = 4.499383e-03 ; sigma = 7.892505e-02 ; 16/16 fragment CI solvers converged
Cycle 2: max grad = 4.124125e-04 ; sigma = 3.246274e-05 ; 16/16 fragment CI solvers converged
Cycle 3: max grad = 5.923075e-05 ; sigma = 2.712430e-07 ; 16/16 fragment CI solvers converged
Cycle 4: max grad = 7.923322e-06 ; sigma = 5.657071e-09 ; 16/16 fragment CI solvers converged
Cycle 5: max grad = 9.990324e-07 ; sigma = 1.001190e-10 ; 16/16 fragment CI solvers converged
Cycle 6: max grad = 1.575034e-07 ; sigma = 1.620037e-12 ; 16/16 fragment CI solvers converged
Product_state fixed-point CI iteration converged after 6 cycles
Entering product-state fixed-point CI iteration
Cycle 0: max grad = 2.312847e-01 ; sigma = 0.000000e+00 ; 0/16 fragment CI solvers converged
Cycle 1: max grad = 4.499383e-03 ; sigma = 7.892505e-02 ; 16/16 fragment CI solvers converged
Cycle 2: max grad = 4.124125e-04 ; sigma = 3.246274e-05 ; 16/16 fragment CI solvers converged
Cycle 3: max grad = 5.923075e-05 ; sigma = 2.712430e-07 ; 16/16 fragment CI solvers converged
Cycle 4: max grad = 7.923322e-06 ; sigma = 5.657075e-09 ; 16/16 fragment CI solvers converged
Cycle 5: max grad = 9.990327e-07 ; sigma = 1.001190e-10 ; 16/16 fragment CI solvers converged
Cycle 6: max grad = 1.575034e-07 ; sigma = 1.612932e-12 ; 16/16 fragment CI solvers converged
Product_state fixed-point CI iteration converged after 6 cycles
Entering product-state fixed-point CI iteration
Cycle 0: max grad = 2.312847e-01 ; sigma = 0.000000e+00 ; 0/16 fragment CI solvers converged
Cycle 1: max grad = 4.499383e-03 ; sigma = 7.892505e-02 ; 16/16 fragment CI solvers converged
Cycle 2: max grad = 4.124125e-04 ; sigma = 3.246274e-05 ; 16/16 fragment CI solvers converged
Cycle 3: max grad = 5.923074e-05 ; sigma = 2.712430e-07 ; 16/16 fragment CI solvers converged
Cycle 4: max grad = 7.923322e-06 ; sigma = 5.657075e-09 ; 16/16 fragment CI solvers converged
Cycle 5: max grad = 9.990322e-07 ; sigma = 1.001226e-10 ; 16/16 fragment CI solvers converged
Cycle 6: max grad = 1.575034e-07 ; sigma = 1.612932e-12 ; 16/16 fragment CI solvers converged
Product_state fixed-point CI iteration converged after 6 cycles
Entering product-state fixed-point CI iteration
Cycle 0: max grad = 2.312845e-01 ; sigma = 0.000000e+00 ; 0/16 fragment CI solvers converged
Cycle 1: max grad = 4.786939e-03 ; sigma = 7.692304e-02 ; 16/16 fragment CI solvers converged
Cycle 2: max grad = 4.209572e-04 ; sigma = 3.677382e-05 ; 16/16 fragment CI solvers converged
Cycle 3: max grad = 6.301401e-05 ; sigma = 2.858700e-07 ; 16/16 fragment CI solvers converged
Cycle 4: max grad = 8.072696e-06 ; sigma = 6.360697e-09 ; 16/16 fragment CI solvers converged
Cycle 5: max grad = 1.031929e-06 ; sigma = 1.041940e-10 ; 16/16 fragment CI solvers converged
Cycle 6: max grad = 1.572865e-07 ; sigma = 1.698197e-12 ; 16/16 fragment CI solvers converged
Product_state fixed-point CI iteration converged after 6 cycles
Entering product-state fixed-point CI iteration
Cycle 0: max grad = 2.312845e-01 ; sigma = 0.000000e+00 ; 0/16 fragment CI solvers converged
Cycle 1: max grad = 4.786939e-03 ; sigma = 7.692304e-02 ; 16/16 fragment CI solvers converged
Cycle 2: max grad = 4.209572e-04 ; sigma = 3.677382e-05 ; 16/16 fragment CI solvers converged
Cycle 3: max grad = 6.301400e-05 ; sigma = 2.858700e-07 ; 16/16 fragment CI solvers converged
Cycle 4: max grad = 8.072695e-06 ; sigma = 6.360693e-09 ; 16/16 fragment CI solvers converged
Cycle 5: max grad = 1.031928e-06 ; sigma = 1.041904e-10 ; 16/16 fragment CI solvers converged
Cycle 6: max grad = 1.572865e-07 ; sigma = 1.701750e-12 ; 16/16 fragment CI solvers converged
Product_state fixed-point CI iteration converged after 6 cycles
Entering product-state fixed-point CI iteration
Cycle 0: max grad = 2.312845e-01 ; sigma = 0.000000e+00 ; 0/16 fragment CI solvers converged
Cycle 1: max grad = 4.786939e-03 ; sigma = 7.692304e-02 ; 16/16 fragment CI solvers converged
Cycle 2: max grad = 4.209572e-04 ; sigma = 3.677382e-05 ; 16/16 fragment CI solvers converged
Cycle 3: max grad = 6.301400e-05 ; sigma = 2.858700e-07 ; 16/16 fragment CI solvers converged
Cycle 4: max grad = 8.072695e-06 ; sigma = 6.360697e-09 ; 16/16 fragment CI solvers converged
Cycle 5: max grad = 1.031929e-06 ; sigma = 1.041975e-10 ; 16/16 fragment CI solvers converged
Cycle 6: max grad = 1.572865e-07 ; sigma = 1.694644e-12 ; 16/16 fragment CI solvers converged
Product_state fixed-point CI iteration converged after 6 cycles
Entering product-state fixed-point CI iteration
Cycle 0: max grad = 2.312845e-01 ; sigma = 0.000000e+00 ; 0/16 fragment CI solvers converged
Cycle 1: max grad = 4.786939e-03 ; sigma = 7.692304e-02 ; 16/16 fragment CI solvers converged
Cycle 2: max grad = 4.209572e-04 ; sigma = 3.677382e-05 ; 16/16 fragment CI solvers converged
Cycle 3: max grad = 6.301400e-05 ; sigma = 2.858700e-07 ; 16/16 fragment CI solvers converged
Cycle 4: max grad = 8.072696e-06 ; sigma = 6.360697e-09 ; 16/16 fragment CI solvers converged
Cycle 5: max grad = 1.031929e-06 ; sigma = 1.041904e-10 ; 16/16 fragment CI solvers converged
Cycle 6: max grad = 1.572865e-07 ; sigma = 1.698197e-12 ; 16/16 fragment CI solvers converged
Product_state fixed-point CI iteration converged after 6 cycles
Entering product-state fixed-point CI iteration
Cycle 0: max grad = 2.312845e-01 ; sigma = 0.000000e+00 ; 0/16 fragment CI solvers converged
Cycle 1: max grad = 4.786939e-03 ; sigma = 7.692304e-02 ; 16/16 fragment CI solvers converged
Cycle 2: max grad = 4.209572e-04 ; sigma = 3.677382e-05 ; 16/16 fragment CI solvers converged
Cycle 3: max grad = 6.301400e-05 ; sigma = 2.858700e-07 ; 16/16 fragment CI solvers converged
Cycle 4: max grad = 8.072695e-06 ; sigma = 6.360693e-09 ; 16/16 fragment CI solvers converged
Cycle 5: max grad = 1.031928e-06 ; sigma = 1.041869e-10 ; 16/16 fragment CI solvers converged
Cycle 6: max grad = 1.572865e-07 ; sigma = 1.701750e-12 ; 16/16 fragment CI solvers converged
Product_state fixed-point CI iteration converged after 6 cycles
Entering product-state fixed-point CI iteration
Cycle 0: max grad = 2.312845e-01 ; sigma = 0.000000e+00 ; 0/16 fragment CI solvers converged
Cycle 1: max grad = 4.786939e-03 ; sigma = 7.692304e-02 ; 16/16 fragment CI solvers converged
Cycle 2: max grad = 4.209572e-04 ; sigma = 3.677382e-05 ; 16/16 fragment CI solvers converged
Cycle 3: max grad = 6.301400e-05 ; sigma = 2.858700e-07 ; 16/16 fragment CI solvers converged
Cycle 4: max grad = 8.072695e-06 ; sigma = 6.360693e-09 ; 16/16 fragment CI solvers converged
Cycle 5: max grad = 1.031929e-06 ; sigma = 1.041940e-10 ; 16/16 fragment CI solvers converged
Cycle 6: max grad = 1.572865e-07 ; sigma = 1.698197e-12 ; 16/16 fragment CI solvers converged
Product_state fixed-point CI iteration converged after 6 cycles
Entering product-state fixed-point CI iteration
Cycle 0: max grad = 2.312845e-01 ; sigma = 0.000000e+00 ; 0/16 fragment CI solvers converged
Cycle 1: max grad = 4.786939e-03 ; sigma = 7.692304e-02 ; 16/16 fragment CI solvers converged
Cycle 2: max grad = 4.209572e-04 ; sigma = 3.677382e-05 ; 16/16 fragment CI solvers converged
Cycle 3: max grad = 6.301400e-05 ; sigma = 2.858700e-07 ; 16/16 fragment CI solvers converged
Cycle 4: max grad = 8.072695e-06 ; sigma = 6.360690e-09 ; 16/16 fragment CI solvers converged
Cycle 5: max grad = 1.031929e-06 ; sigma = 1.041904e-10 ; 16/16 fragment CI solvers converged
Cycle 6: max grad = 1.572865e-07 ; sigma = 1.705303e-12 ; 16/16 fragment CI solvers converged
Product_state fixed-point CI iteration converged after 6 cycles
Entering product-state fixed-point CI iteration
Cycle 0: max grad = 2.312845e-01 ; sigma = 0.000000e+00 ; 0/16 fragment CI solvers converged
Cycle 1: max grad = 4.786939e-03 ; sigma = 7.692304e-02 ; 16/16 fragment CI solvers converged
Cycle 2: max grad = 4.209572e-04 ; sigma = 3.677382e-05 ; 16/16 fragment CI solvers converged
Cycle 3: max grad = 6.301400e-05 ; sigma = 2.858700e-07 ; 16/16 fragment CI solvers converged
Cycle 4: max grad = 8.072696e-06 ; sigma = 6.360700e-09 ; 16/16 fragment CI solvers converged
Cycle 5: max grad = 1.031929e-06 ; sigma = 1.041904e-10 ; 16/16 fragment CI solvers converged
Cycle 6: max grad = 1.572865e-07 ; sigma = 1.694644e-12 ; 16/16 fragment CI solvers converged
Product_state fixed-point CI iteration converged after 6 cycles
Entering product-state fixed-point CI iteration
Cycle 0: max grad = 2.312845e-01 ; sigma = 0.000000e+00 ; 0/16 fragment CI solvers converged
Cycle 1: max grad = 4.786939e-03 ; sigma = 7.692304e-02 ; 16/16 fragment CI solvers converged
Cycle 2: max grad = 4.209572e-04 ; sigma = 3.677382e-05 ; 16/16 fragment CI solvers converged
Cycle 3: max grad = 6.301400e-05 ; sigma = 2.858700e-07 ; 16/16 fragment CI solvers converged
Cycle 4: max grad = 8.072695e-06 ; sigma = 6.360690e-09 ; 16/16 fragment CI solvers converged
Cycle 5: max grad = 1.031929e-06 ; sigma = 1.041869e-10 ; 16/16 fragment CI solvers converged
Cycle 6: max grad = 1.572865e-07 ; sigma = 1.701750e-12 ; 16/16 fragment CI solvers converged
Product_state fixed-point CI iteration converged after 6 cycles
Entering product-state fixed-point CI iteration
Cycle 0: max grad = 2.312845e-01 ; sigma = 0.000000e+00 ; 0/16 fragment CI solvers converged
Cycle 1: max grad = 4.786939e-03 ; sigma = 7.692304e-02 ; 16/16 fragment CI solvers converged
Cycle 2: max grad = 4.209572e-04 ; sigma = 3.677382e-05 ; 16/16 fragment CI solvers converged
Cycle 3: max grad = 6.301400e-05 ; sigma = 2.858700e-07 ; 16/16 fragment CI solvers converged
Cycle 4: max grad = 8.072695e-06 ; sigma = 6.360693e-09 ; 16/16 fragment CI solvers converged
Cycle 5: max grad = 1.031929e-06 ; sigma = 1.041940e-10 ; 16/16 fragment CI solvers converged
Cycle 6: max grad = 1.572865e-07 ; sigma = 1.698197e-12 ; 16/16 fragment CI solvers converged
Product_state fixed-point CI iteration converged after 6 cycles
Entering product-state fixed-point CI iteration
Cycle 0: max grad = 2.312845e-01 ; sigma = 0.000000e+00 ; 0/16 fragment CI solvers converged
Cycle 1: max grad = 4.786938e-03 ; sigma = 7.692304e-02 ; 16/16 fragment CI solvers converged
Cycle 2: max grad = 4.209572e-04 ; sigma = 3.677382e-05 ; 16/16 fragment CI solvers converged
Cycle 3: max grad = 6.301400e-05 ; sigma = 2.858700e-07 ; 16/16 fragment CI solvers converged
Cycle 4: max grad = 8.072696e-06 ; sigma = 6.360690e-09 ; 16/16 fragment CI solvers converged
Cycle 5: max grad = 1.031929e-06 ; sigma = 1.041904e-10 ; 16/16 fragment CI solvers converged
Cycle 6: max grad = 1.572865e-07 ; sigma = 1.698197e-12 ; 16/16 fragment CI solvers converged
Product_state fixed-point CI iteration converged after 6 cycles
Entering product-state fixed-point CI iteration
Cycle 0: max grad = 2.312845e-01 ; sigma = 0.000000e+00 ; 0/16 fragment CI solvers converged
Cycle 1: max grad = 4.786939e-03 ; sigma = 7.692304e-02 ; 16/16 fragment CI solvers converged
Cycle 2: max grad = 4.209572e-04 ; sigma = 3.677382e-05 ; 16/16 fragment CI solvers converged
Cycle 3: max grad = 6.301400e-05 ; sigma = 2.858699e-07 ; 16/16 fragment CI solvers converged
Cycle 4: max grad = 8.072695e-06 ; sigma = 6.360686e-09 ; 16/16 fragment CI solvers converged
Cycle 5: max grad = 1.031929e-06 ; sigma = 1.041904e-10 ; 16/16 fragment CI solvers converged
Cycle 6: max grad = 1.572865e-07 ; sigma = 1.701750e-12 ; 16/16 fragment CI solvers converged
Product_state fixed-point CI iteration converged after 6 cycles
Entering product-state fixed-point CI iteration
Cycle 0: max grad = 2.312845e-01 ; sigma = 0.000000e+00 ; 0/16 fragment CI solvers converged
Cycle 1: max grad = 4.786939e-03 ; sigma = 7.692304e-02 ; 16/16 fragment CI solvers converged
Cycle 2: max grad = 4.209573e-04 ; sigma = 3.677382e-05 ; 16/16 fragment CI solvers converged
Cycle 3: max grad = 6.301400e-05 ; sigma = 2.858701e-07 ; 16/16 fragment CI solvers converged
Cycle 4: max grad = 8.072696e-06 ; sigma = 6.360690e-09 ; 16/16 fragment CI solvers converged
Cycle 5: max grad = 1.031929e-06 ; sigma = 1.041833e-10 ; 16/16 fragment CI solvers converged
Cycle 6: max grad = 1.572865e-07 ; sigma = 1.698197e-12 ; 16/16 fragment CI solvers converged
Product_state fixed-point CI iteration converged after 6 cycles
Entering product-state fixed-point CI iteration
Cycle 0: max grad = 2.312845e-01 ; sigma = 0.000000e+00 ; 0/16 fragment CI solvers converged
Cycle 1: max grad = 4.786938e-03 ; sigma = 7.692304e-02 ; 16/16 fragment CI solvers converged
Cycle 2: max grad = 4.209572e-04 ; sigma = 3.677381e-05 ; 16/16 fragment CI solvers converged
Cycle 3: max grad = 6.301399e-05 ; sigma = 2.858699e-07 ; 16/16 fragment CI solvers converged
Cycle 4: max grad = 8.072694e-06 ; sigma = 6.360686e-09 ; 16/16 fragment CI solvers converged
Cycle 5: max grad = 1.031928e-06 ; sigma = 1.041869e-10 ; 16/16 fragment CI solvers converged
Cycle 6: max grad = 1.572865e-07 ; sigma = 1.698197e-12 ; 16/16 fragment CI solvers converged
Product_state fixed-point CI iteration converged after 6 cycles
Entering product-state fixed-point CI iteration
Cycle 0: max grad = 2.312845e-01 ; sigma = 0.000000e+00 ; 0/16 fragment CI solvers converged
Cycle 1: max grad = 4.786939e-03 ; sigma = 7.692304e-02 ; 16/16 fragment CI solvers converged
Cycle 2: max grad = 4.209573e-04 ; sigma = 3.677383e-05 ; 16/16 fragment CI solvers converged
Cycle 3: max grad = 6.301401e-05 ; sigma = 2.858701e-07 ; 16/16 fragment CI solvers converged
Cycle 4: max grad = 8.072696e-06 ; sigma = 6.360690e-09 ; 16/16 fragment CI solvers converged
Cycle 5: max grad = 1.031929e-06 ; sigma = 1.041940e-10 ; 16/16 fragment CI solvers converged
Cycle 6: max grad = 1.572865e-07 ; sigma = 1.701750e-12 ; 16/16 fragment CI solvers converged
Product_state fixed-point CI iteration converged after 6 cycles
Entering product-state fixed-point CI iteration
Cycle 0: max grad = 2.312845e-01 ; sigma = 0.000000e+00 ; 0/16 fragment CI solvers converged
Cycle 1: max grad = 4.786938e-03 ; sigma = 7.692304e-02 ; 16/16 fragment CI solvers converged
Cycle 2: max grad = 4.209572e-04 ; sigma = 3.677381e-05 ; 16/16 fragment CI solvers converged
Cycle 3: max grad = 6.301399e-05 ; sigma = 2.858700e-07 ; 16/16 fragment CI solvers converged
Cycle 4: max grad = 8.072695e-06 ; sigma = 6.360690e-09 ; 16/16 fragment CI solvers converged
Cycle 5: max grad = 1.031928e-06 ; sigma = 1.041940e-10 ; 16/16 fragment CI solvers converged
Cycle 6: max grad = 1.572865e-07 ; sigma = 1.701750e-12 ; 16/16 fragment CI solvers converged
Product_state fixed-point CI iteration converged after 6 cycles
LASCI state-average energy = -14.6239794313827
LASCI state 0 energy = -14.9979820754046
LASCI state 1 energy = -14.5990201302146
LASCI state 2 energy = -14.5990201302262
LASCI state 3 energy = -14.5990201302186
LASCI state 4 energy = -14.5990201302174
LASCI state 5 energy = -14.5990201302171
LASCI state 6 energy = -14.599020130217
LASCI state 7 energy = -14.599020130217
LASCI state 8 energy = -14.599020130217
LASCI state 9 energy = -14.599020130217
LASCI state 10 energy = -14.599020130217
LASCI state 11 energy = -14.599020130217
LASCI state 12 energy = -14.5990201302171
LASCI state 13 energy = -14.5990201302173
LASCI state 14 energy = -14.5990201302186
LASCI state 15 energy = -14.5990201302262
LASCI state 16 energy = -14.5990201302146
LASCI state 17 energy = -14.6255635673002
LASCI state 18 energy = -14.625563567284
LASCI state 19 energy = -14.625563567296
LASCI state 20 energy = -14.6255635672973
LASCI state 21 energy = -14.6255635672975
LASCI state 22 energy = -14.6255635672976
LASCI state 23 energy = -14.6255635672976
LASCI state 24 energy = -14.6255635672976
LASCI state 25 energy = -14.6255635672977
LASCI state 26 energy = -14.6255635672976
LASCI state 27 energy = -14.6255635672976
LASCI state 28 energy = -14.6255635672975
LASCI state 29 energy = -14.6255635672973
LASCI state 30 energy = -14.625563567296
LASCI state 31 energy = -14.625563567284
LASCI state 32 energy = -14.6255635673002
******** LAS space tables ********
LAS space 0: (16e+16e,32o) wfynsm=A
Converged? True
E(LAS) = -14.9979820754046
S^2 = 0.0000000 (Pure)
Space table
 frag    (ae+be,no)  2S+1   ir   lroots
    0    (1e+1e,2o)     1    A        1
    1    (1e+1e,2o)     1    A        1
    2    (1e+1e,2o)     1    A        1
    3    (1e+1e,2o)     1    A        1
    4    (1e+1e,2o)     1    A        1
    5    (1e+1e,2o)     1    A        1
    6    (1e+1e,2o)     1    A        1
    7    (1e+1e,2o)     1    A        1
    8    (1e+1e,2o)     1    A        1
    9    (1e+1e,2o)     1    A        1
   10    (1e+1e,2o)     1    A        1
   11    (1e+1e,2o)     1    A        1
   12    (1e+1e,2o)     1    A        1
   13    (1e+1e,2o)     1    A        1
   14    (1e+1e,2o)     1    A        1
   15    (1e+1e,2o)     1    A        1
LAS space 1: (16e+15e,32o) wfynsm=A
Converged? True
E(LAS) = -14.5990201302146
S^2 = 0.7500000 (Pure)
Space table
 frag    (ae+be,no)  2S+1   ir   lroots
    0    (1e+0e,2o)     2    A        1
    1    (1e+1e,2o)     1    A        1
    2    (1e+1e,2o)     1    A        1
    3    (1e+1e,2o)     1    A        1
    4    (1e+1e,2o)     1    A        1
    5    (1e+1e,2o)     1    A        1
    6    (1e+1e,2o)     1    A        1
    7    (1e+1e,2o)     1    A        1
    8    (1e+1e,2o)     1    A        1
    9    (1e+1e,2o)     1    A        1
   10    (1e+1e,2o)     1    A        1
   11    (1e+1e,2o)     1    A        1
   12    (1e+1e,2o)     1    A        1
   13    (1e+1e,2o)     1    A        1
   14    (1e+1e,2o)     1    A        1
   15    (1e+1e,2o)     1    A        1
LAS space 2: (16e+15e,32o) wfynsm=A
Converged? True
E(LAS) = -14.5990201302262
S^2 = 0.7500000 (Pure)
Space table
 frag    (ae+be,no)  2S+1   ir   lroots
    0    (1e+1e,2o)     1    A        1
    1    (1e+0e,2o)     2    A        1
    2    (1e+1e,2o)     1    A        1
    3    (1e+1e,2o)     1    A        1
    4    (1e+1e,2o)     1    A        1
    5    (1e+1e,2o)     1    A        1
    6    (1e+1e,2o)     1    A        1
    7    (1e+1e,2o)     1    A        1
    8    (1e+1e,2o)     1    A        1
    9    (1e+1e,2o)     1    A        1
   10    (1e+1e,2o)     1    A        1
   11    (1e+1e,2o)     1    A        1
   12    (1e+1e,2o)     1    A        1
   13    (1e+1e,2o)     1    A        1
   14    (1e+1e,2o)     1    A        1
   15    (1e+1e,2o)     1    A        1
LAS space 3: (16e+15e,32o) wfynsm=A
Converged? True
E(LAS) = -14.5990201302186
S^2 = 0.7500000 (Pure)
Space table
 frag    (ae+be,no)  2S+1   ir   lroots
    0    (1e+1e,2o)     1    A        1
    1    (1e+1e,2o)     1    A        1
    2    (1e+0e,2o)     2    A        1
    3    (1e+1e,2o)     1    A        1
    4    (1e+1e,2o)     1    A        1
    5    (1e+1e,2o)     1    A        1
    6    (1e+1e,2o)     1    A        1
    7    (1e+1e,2o)     1    A        1
    8    (1e+1e,2o)     1    A        1
    9    (1e+1e,2o)     1    A        1
   10    (1e+1e,2o)     1    A        1
   11    (1e+1e,2o)     1    A        1
   12    (1e+1e,2o)     1    A        1
   13    (1e+1e,2o)     1    A        1
   14    (1e+1e,2o)     1    A        1
   15    (1e+1e,2o)     1    A        1
LAS space 4: (16e+15e,32o) wfynsm=A
Converged? True
E(LAS) = -14.5990201302174
S^2 = 0.7500000 (Pure)
Space table
 frag    (ae+be,no)  2S+1   ir   lroots
    0    (1e+1e,2o)     1    A        1
    1    (1e+1e,2o)     1    A        1
    2    (1e+1e,2o)     1    A        1
    3    (1e+0e,2o)     2    A        1
    4    (1e+1e,2o)     1    A        1
    5    (1e+1e,2o)     1    A        1
    6    (1e+1e,2o)     1    A        1
    7    (1e+1e,2o)     1    A        1
    8    (1e+1e,2o)     1    A        1
    9    (1e+1e,2o)     1    A        1
   10    (1e+1e,2o)     1    A        1
   11    (1e+1e,2o)     1    A        1
   12    (1e+1e,2o)     1    A        1
   13    (1e+1e,2o)     1    A        1
   14    (1e+1e,2o)     1    A        1
   15    (1e+1e,2o)     1    A        1
LAS space 5: (16e+15e,32o) wfynsm=A
Converged? True
E(LAS) = -14.5990201302171
S^2 = 0.7500000 (Pure)
Space table
 frag    (ae+be,no)  2S+1   ir   lroots
    0    (1e+1e,2o)     1    A        1
    1    (1e+1e,2o)     1    A        1
    2    (1e+1e,2o)     1    A        1
    3    (1e+1e,2o)     1    A        1
    4    (1e+0e,2o)     2    A        1
    5    (1e+1e,2o)     1    A        1
    6    (1e+1e,2o)     1    A        1
    7    (1e+1e,2o)     1    A        1
    8    (1e+1e,2o)     1    A        1
    9    (1e+1e,2o)     1    A        1
   10    (1e+1e,2o)     1    A        1
   11    (1e+1e,2o)     1    A        1
   12    (1e+1e,2o)     1    A        1
   13    (1e+1e,2o)     1    A        1
   14    (1e+1e,2o)     1    A        1
   15    (1e+1e,2o)     1    A        1
LAS space 6: (16e+15e,32o) wfynsm=A
Converged? True
E(LAS) = -14.599020130217
S^2 = 0.7500000 (Pure)
Space table
 frag    (ae+be,no)  2S+1   ir   lroots
    0    (1e+1e,2o)     1    A        1
    1    (1e+1e,2o)     1    A        1
    2    (1e+1e,2o)     1    A        1
    3    (1e+1e,2o)     1    A        1
    4    (1e+1e,2o)     1    A        1
    5    (1e+0e,2o)     2    A        1
    6    (1e+1e,2o)     1    A        1
    7    (1e+1e,2o)     1    A        1
    8    (1e+1e,2o)     1    A        1
    9    (1e+1e,2o)     1    A        1
   10    (1e+1e,2o)     1    A        1
   11    (1e+1e,2o)     1    A        1
   12    (1e+1e,2o)     1    A        1
   13    (1e+1e,2o)     1    A        1
   14    (1e+1e,2o)     1    A        1
   15    (1e+1e,2o)     1    A        1
LAS space 7: (16e+15e,32o) wfynsm=A
Converged? True
E(LAS) = -14.599020130217
S^2 = 0.7500000 (Pure)
Space table
 frag    (ae+be,no)  2S+1   ir   lroots
    0    (1e+1e,2o)     1    A        1
    1    (1e+1e,2o)     1    A        1
    2    (1e+1e,2o)     1    A        1
    3    (1e+1e,2o)     1    A        1
    4    (1e+1e,2o)     1    A        1
    5    (1e+1e,2o)     1    A        1
    6    (1e+0e,2o)     2    A        1
    7    (1e+1e,2o)     1    A        1
    8    (1e+1e,2o)     1    A        1
    9    (1e+1e,2o)     1    A        1
   10    (1e+1e,2o)     1    A        1
   11    (1e+1e,2o)     1    A        1
   12    (1e+1e,2o)     1    A        1
   13    (1e+1e,2o)     1    A        1
   14    (1e+1e,2o)     1    A        1
   15    (1e+1e,2o)     1    A        1
LAS space 8: (16e+15e,32o) wfynsm=A
Converged? True
E(LAS) = -14.599020130217
S^2 = 0.7500000 (Pure)
Space table
 frag    (ae+be,no)  2S+1   ir   lroots
    0    (1e+1e,2o)     1    A        1
    1    (1e+1e,2o)     1    A        1
    2    (1e+1e,2o)     1    A        1
    3    (1e+1e,2o)     1    A        1
    4    (1e+1e,2o)     1    A        1
    5    (1e+1e,2o)     1    A        1
    6    (1e+1e,2o)     1    A        1
    7    (1e+0e,2o)     2    A        1
    8    (1e+1e,2o)     1    A        1
    9    (1e+1e,2o)     1    A        1
   10    (1e+1e,2o)     1    A        1
   11    (1e+1e,2o)     1    A        1
   12    (1e+1e,2o)     1    A        1
   13    (1e+1e,2o)     1    A        1
   14    (1e+1e,2o)     1    A        1
   15    (1e+1e,2o)     1    A        1
LAS space 9: (16e+15e,32o) wfynsm=A
Converged? True
E(LAS) = -14.599020130217
S^2 = 0.7500000 (Pure)
Space table
 frag    (ae+be,no)  2S+1   ir   lroots
    0    (1e+1e,2o)     1    A        1
    1    (1e+1e,2o)     1    A        1
    2    (1e+1e,2o)     1    A        1
    3    (1e+1e,2o)     1    A        1
    4    (1e+1e,2o)     1    A        1
    5    (1e+1e,2o)     1    A        1
    6    (1e+1e,2o)     1    A        1
    7    (1e+1e,2o)     1    A        1
    8    (1e+0e,2o)     2    A        1
    9    (1e+1e,2o)     1    A        1
   10    (1e+1e,2o)     1    A        1
   11    (1e+1e,2o)     1    A        1
   12    (1e+1e,2o)     1    A        1
   13    (1e+1e,2o)     1    A        1
   14    (1e+1e,2o)     1    A        1
   15    (1e+1e,2o)     1    A        1
LAS space 10: (16e+15e,32o) wfynsm=A
Converged? True
E(LAS) = -14.599020130217
S^2 = 0.7500000 (Pure)
Space table
 frag    (ae+be,no)  2S+1   ir   lroots
    0    (1e+1e,2o)     1    A        1
    1    (1e+1e,2o)     1    A        1
    2    (1e+1e,2o)     1    A        1
    3    (1e+1e,2o)     1    A        1
    4    (1e+1e,2o)     1    A        1
    5    (1e+1e,2o)     1    A        1
    6    (1e+1e,2o)     1    A        1
    7    (1e+1e,2o)     1    A        1
    8    (1e+1e,2o)     1    A        1
    9    (1e+0e,2o)     2    A        1
   10    (1e+1e,2o)     1    A        1
   11    (1e+1e,2o)     1    A        1
   12    (1e+1e,2o)     1    A        1
   13    (1e+1e,2o)     1    A        1
   14    (1e+1e,2o)     1    A        1
   15    (1e+1e,2o)     1    A        1
LAS space 11: (16e+15e,32o) wfynsm=A
Converged? True
E(LAS) = -14.599020130217
S^2 = 0.7500000 (Pure)
Space table
 frag    (ae+be,no)  2S+1   ir   lroots
    0    (1e+1e,2o)     1    A        1
    1    (1e+1e,2o)     1    A        1
    2    (1e+1e,2o)     1    A        1
    3    (1e+1e,2o)     1    A        1
    4    (1e+1e,2o)     1    A        1
    5    (1e+1e,2o)     1    A        1
    6    (1e+1e,2o)     1    A        1
    7    (1e+1e,2o)     1    A        1
    8    (1e+1e,2o)     1    A        1
    9    (1e+1e,2o)     1    A        1
   10    (1e+0e,2o)     2    A        1
   11    (1e+1e,2o)     1    A        1
   12    (1e+1e,2o)     1    A        1
   13    (1e+1e,2o)     1    A        1
   14    (1e+1e,2o)     1    A        1
   15    (1e+1e,2o)     1    A        1
LAS space 12: (16e+15e,32o) wfynsm=A
Converged? True
E(LAS) = -14.5990201302171
S^2 = 0.7500000 (Pure)
Space table
 frag    (ae+be,no)  2S+1   ir   lroots
    0    (1e+1e,2o)     1    A        1
    1    (1e+1e,2o)     1    A        1
    2    (1e+1e,2o)     1    A        1
    3    (1e+1e,2o)     1    A        1
    4    (1e+1e,2o)     1    A        1
    5    (1e+1e,2o)     1    A        1
    6    (1e+1e,2o)     1    A        1
    7    (1e+1e,2o)     1    A        1
    8    (1e+1e,2o)     1    A        1
    9    (1e+1e,2o)     1    A        1
   10    (1e+1e,2o)     1    A        1
   11    (1e+0e,2o)     2    A        1
   12    (1e+1e,2o)     1    A        1
   13    (1e+1e,2o)     1    A        1
   14    (1e+1e,2o)     1    A        1
   15    (1e+1e,2o)     1    A        1
LAS space 13: (16e+15e,32o) wfynsm=A
Converged? True
E(LAS) = -14.5990201302173
S^2 = 0.7500000 (Pure)
Space table
 frag    (ae+be,no)  2S+1   ir   lroots
    0    (1e+1e,2o)     1    A        1
    1    (1e+1e,2o)     1    A        1
    2    (1e+1e,2o)     1    A        1
    3    (1e+1e,2o)     1    A        1
    4    (1e+1e,2o)     1    A        1
    5    (1e+1e,2o)     1    A        1
    6    (1e+1e,2o)     1    A        1
    7    (1e+1e,2o)     1    A        1
    8    (1e+1e,2o)     1    A        1
    9    (1e+1e,2o)     1    A        1
   10    (1e+1e,2o)     1    A        1
   11    (1e+1e,2o)     1    A        1
   12    (1e+0e,2o)     2    A        1
   13    (1e+1e,2o)     1    A        1
   14    (1e+1e,2o)     1    A        1
   15    (1e+1e,2o)     1    A        1
LAS space 14: (16e+15e,32o) wfynsm=A
Converged? True
E(LAS) = -14.5990201302186
S^2 = 0.7500000 (Pure)
Space table
 frag    (ae+be,no)  2S+1   ir   lroots
    0    (1e+1e,2o)     1    A        1
    1    (1e+1e,2o)     1    A        1
    2    (1e+1e,2o)     1    A        1
    3    (1e+1e,2o)     1    A        1
    4    (1e+1e,2o)     1    A        1
    5    (1e+1e,2o)     1    A        1
    6    (1e+1e,2o)     1    A        1
    7    (1e+1e,2o)     1    A        1
    8    (1e+1e,2o)     1    A        1
    9    (1e+1e,2o)     1    A        1
   10    (1e+1e,2o)     1    A        1
   11    (1e+1e,2o)     1    A        1
   12    (1e+1e,2o)     1    A        1
   13    (1e+0e,2o)     2    A        1
   14    (1e+1e,2o)     1    A        1
   15    (1e+1e,2o)     1    A        1
LAS space 15: (16e+15e,32o) wfynsm=A
Converged? True
E(LAS) = -14.5990201302262
S^2 = 0.7500000 (Pure)
Space table
 frag    (ae+be,no)  2S+1   ir   lroots
    0    (1e+1e,2o)     1    A        1
    1    (1e+1e,2o)     1    A        1
    2    (1e+1e,2o)     1    A        1
    3    (1e+1e,2o)     1    A        1
    4    (1e+1e,2o)     1    A        1
    5    (1e+1e,2o)     1    A        1
    6    (1e+1e,2o)     1    A        1
    7    (1e+1e,2o)     1    A        1
    8    (1e+1e,2o)     1    A        1
    9    (1e+1e,2o)     1    A        1
   10    (1e+1e,2o)     1    A        1
   11    (1e+1e,2o)     1    A        1
   12    (1e+1e,2o)     1    A        1
   13    (1e+1e,2o)     1    A        1
   14    (1e+0e,2o)     2    A        1
   15    (1e+1e,2o)     1    A        1
LAS space 16: (16e+15e,32o) wfynsm=A
Converged? True
E(LAS) = -14.5990201302146
S^2 = 0.7500000 (Pure)
Space table
 frag    (ae+be,no)  2S+1   ir   lroots
    0    (1e+1e,2o)     1    A        1
    1    (1e+1e,2o)     1    A        1
    2    (1e+1e,2o)     1    A        1
    3    (1e+1e,2o)     1    A        1
    4    (1e+1e,2o)     1    A        1
    5    (1e+1e,2o)     1    A        1
    6    (1e+1e,2o)     1    A        1
    7    (1e+1e,2o)     1    A        1
    8    (1e+1e,2o)     1    A        1
    9    (1e+1e,2o)     1    A        1
   10    (1e+1e,2o)     1    A        1
   11    (1e+1e,2o)     1    A        1
   12    (1e+1e,2o)     1    A        1
   13    (1e+1e,2o)     1    A        1
   14    (1e+1e,2o)     1    A        1
   15    (1e+0e,2o)     2    A        1
LAS space 17: (17e+16e,32o) wfynsm=A
Converged? True
E(LAS) = -14.6255635673002
S^2 = 0.7500000 (Pure)
Space table
 frag    (ae+be,no)  2S+1   ir   lroots
    0    (2e+1e,2o)     2    A        1
    1    (1e+1e,2o)     1    A        1
    2    (1e+1e,2o)     1    A        1
    3    (1e+1e,2o)     1    A        1
    4    (1e+1e,2o)     1    A        1
    5    (1e+1e,2o)     1    A        1
    6    (1e+1e,2o)     1    A        1
    7    (1e+1e,2o)     1    A        1
    8    (1e+1e,2o)     1    A        1
    9    (1e+1e,2o)     1    A        1
   10    (1e+1e,2o)     1    A        1
   11    (1e+1e,2o)     1    A        1
   12    (1e+1e,2o)     1    A        1
   13    (1e+1e,2o)     1    A        1
   14    (1e+1e,2o)     1    A        1
   15    (1e+1e,2o)     1    A        1
LAS space 18: (17e+16e,32o) wfynsm=A
Converged? True
E(LAS) = -14.625563567284
S^2 = 0.7500000 (Pure)
Space table
 frag    (ae+be,no)  2S+1   ir   lroots
    0    (1e+1e,2o)     1    A        1
    1    (2e+1e,2o)     2    A        1
    2    (1e+1e,2o)     1    A        1
    3    (1e+1e,2o)     1    A        1
    4    (1e+1e,2o)     1    A        1
    5    (1e+1e,2o)     1    A        1
    6    (1e+1e,2o)     1    A        1
    7    (1e+1e,2o)     1    A        1
    8    (1e+1e,2o)     1    A        1
    9    (1e+1e,2o)     1    A        1
   10    (1e+1e,2o)     1    A        1
   11    (1e+1e,2o)     1    A        1
   12    (1e+1e,2o)     1    A        1
   13    (1e+1e,2o)     1    A        1
   14    (1e+1e,2o)     1    A        1
   15    (1e+1e,2o)     1    A        1
LAS space 19: (17e+16e,32o) wfynsm=A
Converged? True
E(LAS) = -14.625563567296
S^2 = 0.7500000 (Pure)
Space table
 frag    (ae+be,no)  2S+1   ir   lroots
    0    (1e+1e,2o)     1    A        1
    1    (1e+1e,2o)     1    A        1
    2    (2e+1e,2o)     2    A        1
    3    (1e+1e,2o)     1    A        1
    4    (1e+1e,2o)     1    A        1
    5    (1e+1e,2o)     1    A        1
    6    (1e+1e,2o)     1    A        1
    7    (1e+1e,2o)     1    A        1
    8    (1e+1e,2o)     1    A        1
    9    (1e+1e,2o)     1    A        1
   10    (1e+1e,2o)     1    A        1
   11    (1e+1e,2o)     1    A        1
   12    (1e+1e,2o)     1    A        1
   13    (1e+1e,2o)     1    A        1
   14    (1e+1e,2o)     1    A        1
   15    (1e+1e,2o)     1    A        1
LAS space 20: (17e+16e,32o) wfynsm=A
Converged? True
E(LAS) = -14.6255635672973
S^2 = 0.7500000 (Pure)
Space table
 frag    (ae+be,no)  2S+1   ir   lroots
    0    (1e+1e,2o)     1    A        1
    1    (1e+1e,2o)     1    A        1
    2    (1e+1e,2o)     1    A        1
    3    (2e+1e,2o)     2    A        1
    4    (1e+1e,2o)     1    A        1
    5    (1e+1e,2o)     1    A        1
    6    (1e+1e,2o)     1    A        1
    7    (1e+1e,2o)     1    A        1
    8    (1e+1e,2o)     1    A        1
    9    (1e+1e,2o)     1    A        1
   10    (1e+1e,2o)     1    A        1
   11    (1e+1e,2o)     1    A        1
   12    (1e+1e,2o)     1    A        1
   13    (1e+1e,2o)     1    A        1
   14    (1e+1e,2o)     1    A        1
   15    (1e+1e,2o)     1    A        1
LAS space 21: (17e+16e,32o) wfynsm=A
Converged? True
E(LAS) = -14.6255635672975
S^2 = 0.7500000 (Pure)
Space table
 frag    (ae+be,no)  2S+1   ir   lroots
    0    (1e+1e,2o)     1    A        1
    1    (1e+1e,2o)     1    A        1
    2    (1e+1e,2o)     1    A        1
    3    (1e+1e,2o)     1    A        1
    4    (2e+1e,2o)     2    A        1
    5    (1e+1e,2o)     1    A        1
    6    (1e+1e,2o)     1    A        1
    7    (1e+1e,2o)     1    A        1
    8    (1e+1e,2o)     1    A        1
    9    (1e+1e,2o)     1    A        1
   10    (1e+1e,2o)     1    A        1
   11    (1e+1e,2o)     1    A        1
   12    (1e+1e,2o)     1    A        1
   13    (1e+1e,2o)     1    A        1
   14    (1e+1e,2o)     1    A        1
   15    (1e+1e,2o)     1    A        1
LAS space 22: (17e+16e,32o) wfynsm=A
Converged? True
E(LAS) = -14.6255635672976
S^2 = 0.7500000 (Pure)
Space table
 frag    (ae+be,no)  2S+1   ir   lroots
    0    (1e+1e,2o)     1    A        1
    1    (1e+1e,2o)     1    A        1
    2    (1e+1e,2o)     1    A        1
    3    (1e+1e,2o)     1    A        1
    4    (1e+1e,2o)     1    A        1
    5    (2e+1e,2o)     2    A        1
    6    (1e+1e,2o)     1    A        1
    7    (1e+1e,2o)     1    A        1
    8    (1e+1e,2o)     1    A        1
    9    (1e+1e,2o)     1    A        1
   10    (1e+1e,2o)     1    A        1
   11    (1e+1e,2o)     1    A        1
   12    (1e+1e,2o)     1    A        1
   13    (1e+1e,2o)     1    A        1
   14    (1e+1e,2o)     1    A        1
   15    (1e+1e,2o)     1    A        1
LAS space 23: (17e+16e,32o) wfynsm=A
Converged? True
E(LAS) = -14.6255635672976
S^2 = 0.7500000 (Pure)
Space table
 frag    (ae+be,no)  2S+1   ir   lroots
    0    (1e+1e,2o)     1    A        1
    1    (1e+1e,2o)     1    A        1
    2    (1e+1e,2o)     1    A        1
    3    (1e+1e,2o)     1    A        1
    4    (1e+1e,2o)     1    A        1
    5    (1e+1e,2o)     1    A        1
    6    (2e+1e,2o)     2    A        1
    7    (1e+1e,2o)     1    A        1
    8    (1e+1e,2o)     1    A        1
    9    (1e+1e,2o)     1    A        1
   10    (1e+1e,2o)     1    A        1
   11    (1e+1e,2o)     1    A        1
   12    (1e+1e,2o)     1    A        1
   13    (1e+1e,2o)     1    A        1
   14    (1e+1e,2o)     1    A        1
   15    (1e+1e,2o)     1    A        1
LAS space 24: (17e+16e,32o) wfynsm=A
Converged? True
E(LAS) = -14.6255635672976
S^2 = 0.7500000 (Pure)
Space table
 frag    (ae+be,no)  2S+1   ir   lroots
    0    (1e+1e,2o)     1    A        1
    1    (1e+1e,2o)     1    A        1
    2    (1e+1e,2o)     1    A        1
    3    (1e+1e,2o)     1    A        1
    4    (1e+1e,2o)     1    A        1
    5    (1e+1e,2o)     1    A        1
    6    (1e+1e,2o)     1    A        1
    7    (2e+1e,2o)     2    A        1
    8    (1e+1e,2o)     1    A        1
    9    (1e+1e,2o)     1    A        1
   10    (1e+1e,2o)     1    A        1
   11    (1e+1e,2o)     1    A        1
   12    (1e+1e,2o)     1    A        1
   13    (1e+1e,2o)     1    A        1
   14    (1e+1e,2o)     1    A        1
   15    (1e+1e,2o)     1    A        1
LAS space 25: (17e+16e,32o) wfynsm=A
Converged? True
E(LAS) = -14.6255635672977
S^2 = 0.7500000 (Pure)
Space table
 frag    (ae+be,no)  2S+1   ir   lroots
    0    (1e+1e,2o)     1    A        1
    1    (1e+1e,2o)     1    A        1
    2    (1e+1e,2o)     1    A        1
    3    (1e+1e,2o)     1    A        1
    4    (1e+1e,2o)     1    A        1
    5    (1e+1e,2o)     1    A        1
    6    (1e+1e,2o)     1    A        1
    7    (1e+1e,2o)     1    A        1
    8    (2e+1e,2o)     2    A        1
    9    (1e+1e,2o)     1    A        1
   10    (1e+1e,2o)     1    A        1
   11    (1e+1e,2o)     1    A        1
   12    (1e+1e,2o)     1    A        1
   13    (1e+1e,2o)     1    A        1
   14    (1e+1e,2o)     1    A        1
   15    (1e+1e,2o)     1    A        1
LAS space 26: (17e+16e,32o) wfynsm=A
Converged? True
E(LAS) = -14.6255635672976
S^2 = 0.7500000 (Pure)
Space table
 frag    (ae+be,no)  2S+1   ir   lroots
    0    (1e+1e,2o)     1    A        1
    1    (1e+1e,2o)     1    A        1
    2    (1e+1e,2o)     1    A        1
    3    (1e+1e,2o)     1    A        1
    4    (1e+1e,2o)     1    A        1
    5    (1e+1e,2o)     1    A        1
    6    (1e+1e,2o)     1    A        1
    7    (1e+1e,2o)     1    A        1
    8    (1e+1e,2o)     1    A        1
    9    (2e+1e,2o)     2    A        1
   10    (1e+1e,2o)     1    A        1
   11    (1e+1e,2o)     1    A        1
   12    (1e+1e,2o)     1    A        1
   13    (1e+1e,2o)     1    A        1
   14    (1e+1e,2o)     1    A        1
   15    (1e+1e,2o)     1    A        1
LAS space 27: (17e+16e,32o) wfynsm=A
Converged? True
E(LAS) = -14.6255635672976
S^2 = 0.7500000 (Pure)
Space table
 frag    (ae+be,no)  2S+1   ir   lroots
    0    (1e+1e,2o)     1    A        1
    1    (1e+1e,2o)     1    A        1
    2    (1e+1e,2o)     1    A        1
    3    (1e+1e,2o)     1    A        1
    4    (1e+1e,2o)     1    A        1
    5    (1e+1e,2o)     1    A        1
    6    (1e+1e,2o)     1    A        1
    7    (1e+1e,2o)     1    A        1
    8    (1e+1e,2o)     1    A        1
    9    (1e+1e,2o)     1    A        1
   10    (2e+1e,2o)     2    A        1
   11    (1e+1e,2o)     1    A        1
   12    (1e+1e,2o)     1    A        1
   13    (1e+1e,2o)     1    A        1
   14    (1e+1e,2o)     1    A        1
   15    (1e+1e,2o)     1    A        1
LAS space 28: (17e+16e,32o) wfynsm=A
Converged? True
E(LAS) = -14.6255635672975
S^2 = 0.7500000 (Pure)
Space table
 frag    (ae+be,no)  2S+1   ir   lroots
    0    (1e+1e,2o)     1    A        1
    1    (1e+1e,2o)     1    A        1
    2    (1e+1e,2o)     1    A        1
    3    (1e+1e,2o)     1    A        1
    4    (1e+1e,2o)     1    A        1
    5    (1e+1e,2o)     1    A        1
    6    (1e+1e,2o)     1    A        1
    7    (1e+1e,2o)     1    A        1
    8    (1e+1e,2o)     1    A        1
    9    (1e+1e,2o)     1    A        1
   10    (1e+1e,2o)     1    A        1
   11    (2e+1e,2o)     2    A        1
   12    (1e+1e,2o)     1    A        1
   13    (1e+1e,2o)     1    A        1
   14    (1e+1e,2o)     1    A        1
   15    (1e+1e,2o)     1    A        1
LAS space 29: (17e+16e,32o) wfynsm=A
Converged? True
E(LAS) = -14.6255635672973
S^2 = 0.7500000 (Pure)
Space table
 frag    (ae+be,no)  2S+1   ir   lroots
    0    (1e+1e,2o)     1    A        1
    1    (1e+1e,2o)     1    A        1
    2    (1e+1e,2o)     1    A        1
    3    (1e+1e,2o)     1    A        1
    4    (1e+1e,2o)     1    A        1
    5    (1e+1e,2o)     1    A        1
    6    (1e+1e,2o)     1    A        1
    7    (1e+1e,2o)     1    A        1
    8    (1e+1e,2o)     1    A        1
    9    (1e+1e,2o)     1    A        1
   10    (1e+1e,2o)     1    A        1
   11    (1e+1e,2o)     1    A        1
   12    (2e+1e,2o)     2    A        1
   13    (1e+1e,2o)     1    A        1
   14    (1e+1e,2o)     1    A        1
   15    (1e+1e,2o)     1    A        1
LAS space 30: (17e+16e,32o) wfynsm=A
Converged? True
E(LAS) = -14.625563567296
S^2 = 0.7500000 (Pure)
Space table
 frag    (ae+be,no)  2S+1   ir   lroots
    0    (1e+1e,2o)     1    A        1
    1    (1e+1e,2o)     1    A        1
    2    (1e+1e,2o)     1    A        1
    3    (1e+1e,2o)     1    A        1
    4    (1e+1e,2o)     1    A        1
    5    (1e+1e,2o)     1    A        1
    6    (1e+1e,2o)     1    A        1
    7    (1e+1e,2o)     1    A        1
    8    (1e+1e,2o)     1    A        1
    9    (1e+1e,2o)     1    A        1
   10    (1e+1e,2o)     1    A        1
   11    (1e+1e,2o)     1    A        1
   12    (1e+1e,2o)     1    A        1
   13    (2e+1e,2o)     2    A        1
   14    (1e+1e,2o)     1    A        1
   15    (1e+1e,2o)     1    A        1
LAS space 31: (17e+16e,32o) wfynsm=A
Converged? True
E(LAS) = -14.625563567284
S^2 = 0.7500000 (Pure)
Space table
 frag    (ae+be,no)  2S+1   ir   lroots
    0    (1e+1e,2o)     1    A        1
    1    (1e+1e,2o)     1    A        1
    2    (1e+1e,2o)     1    A        1
    3    (1e+1e,2o)     1    A        1
    4    (1e+1e,2o)     1    A        1
    5    (1e+1e,2o)     1    A        1
    6    (1e+1e,2o)     1    A        1
    7    (1e+1e,2o)     1    A        1
    8    (1e+1e,2o)     1    A        1
    9    (1e+1e,2o)     1    A        1
   10    (1e+1e,2o)     1    A        1
   11    (1e+1e,2o)     1    A        1
   12    (1e+1e,2o)     1    A        1
   13    (1e+1e,2o)     1    A        1
   14    (2e+1e,2o)     2    A        1
   15    (1e+1e,2o)     1    A        1
LAS space 32: (17e+16e,32o) wfynsm=A
Converged? True
E(LAS) = -14.6255635673002
S^2 = 0.7500000 (Pure)
Space table
 frag    (ae+be,no)  2S+1   ir   lroots
    0    (1e+1e,2o)     1    A        1
    1    (1e+1e,2o)     1    A        1
    2    (1e+1e,2o)     1    A        1
    3    (1e+1e,2o)     1    A        1
    4    (1e+1e,2o)     1    A        1
    5    (1e+1e,2o)     1    A        1
    6    (1e+1e,2o)     1    A        1
    7    (1e+1e,2o)     1    A        1
    8    (1e+1e,2o)     1    A        1
    9    (1e+1e,2o)     1    A        1
   10    (1e+1e,2o)     1    A        1
   11    (1e+1e,2o)     1    A        1
   12    (1e+1e,2o)     1    A        1
   13    (1e+1e,2o)     1    A        1
   14    (1e+1e,2o)     1    A        1
   15    (2e+1e,2o)     2    A        1
LASSI op_o0 memory check: 6936915297595.663 MB needed of 197672.656896 MB available (200000 MB max)


******** <class 'pyscf.pbc.df.rsdf_builder._RSNucBuilder'> ********
mesh = [ 65  65 161] (680225 PWs)
ke_cutoff = 17.626088768626285
omega = 0.48609237682611317
exclude_d_aux = False
exclude_dd_block = True
j2c_eig_always = False
has_long_range = True
Symmetry analysis of 33 LAS rootspaces:
 ix            Energy  <S**2>  Neleca  Nelecb  Nelec   Wfnsym
  0    -14.9979820754   0.000      16      16      32       A
  1    -14.5990201302   0.750      16      15      31       A
  2    -14.5990201302   0.750      16      15      31       A
  3    -14.5990201302   0.750      16      15      31       A
  4    -14.5990201302   0.750      16      15      31       A
  5    -14.5990201302   0.750      16      15      31       A
  6    -14.5990201302   0.750      16      15      31       A
  7    -14.5990201302   0.750      16      15      31       A
  8    -14.5990201302   0.750      16      15      31       A
  9    -14.5990201302   0.750      16      15      31       A
 10    -14.5990201302   0.750      16      15      31       A
 11    -14.5990201302   0.750      16      15      31       A
 12    -14.5990201302   0.750      16      15      31       A
 13    -14.5990201302   0.750      16      15      31       A
 14    -14.5990201302   0.750      16      15      31       A
 15    -14.5990201302   0.750      16      15      31       A
 16    -14.5990201302   0.750      16      15      31       A
 17    -14.6255635673   0.750      17      16      33       A
 18    -14.6255635673   0.750      17      16      33       A
 19    -14.6255635673   0.750      17      16      33       A
 20    -14.6255635673   0.750      17      16      33       A
 21    -14.6255635673   0.750      17      16      33       A
 22    -14.6255635673   0.750      17      16      33       A
 23    -14.6255635673   0.750      17      16      33       A
 24    -14.6255635673   0.750      17      16      33       A
 25    -14.6255635673   0.750      17      16      33       A
 26    -14.6255635673   0.750      17      16      33       A
 27    -14.6255635673   0.750      17      16      33       A
 28    -14.6255635673   0.750      17      16      33       A
 29    -14.6255635673   0.750      17      16      33       A
 30    -14.6255635673   0.750      17      16      33       A
 31    -14.6255635673   0.750      17      16      33       A
 32    -14.6255635673   0.750      17      16      33       A
Build + diag H matrix LASSI symmetry block 0
['neleca', 'nelecb', 'irrep'] = (17, 16, 0)
(16 rootspaces; 16 states)
LASSI op_o0 memory check: 6528861126707.136 MB needed of 197672.607744 MB available (200000 MB max)
16/16 linearly independent model states
Build + diag H matrix LASSI symmetry block 1
['neleca', 'nelecb', 'irrep'] = (16, 15, 0)
(16 rootspaces; 16 states)
LASSI op_o0 memory check: 6528861126707.136 MB needed of 197670.510592 MB available (200000 MB max)
16/16 linearly independent model states
Build + diag H matrix LASSI symmetry block 2
['neleca', 'nelecb', 'irrep'] = (16, 16, 0)
(1 rootspaces; 1 states)
LASSI eigenvalues (33 total):
 ix            Energy  <S**2>  Neleca  Nelecb  Wfnsym
  0    -14.9979820754   0.000      16      16       A
  1    -14.8421406346   0.750      17      16       A
  2    -14.8269008970   0.750      17      16       A
  3    -14.8268815981   0.750      17      16       A
  4    -14.7828124656   0.750      17      16       A
  5    -14.7828094051   0.750      17      16       A
  6    -14.7149614879   0.750      17      16       A
  7    -14.7149429868   0.750      17      16       A
  8    -14.7118008553   0.750      16      15       A
  9    -14.7037208978   0.750      16      15       A
 10    -14.7037202809   0.750      16      15       A
 11    -14.6804436394   0.750      16      15       A
 12    -14.6804426592   0.750      16      15       A
 13    -14.6448357798   0.750      16      15       A
 14    -14.6448354362   0.750      16      15       A
 15    -14.6318160319   0.750      17      16       A
 16    -14.6317838726   0.750      17      16       A
 17    -14.6015664048   0.750      16      15       A
 18    -14.6015646151   0.750      16      15       A
 19    -14.5568105650   0.750      16      15       A
 20    -14.5568080293   0.750      16      15       A
 21    -14.5450197508   0.750      17      16       A
 22    -14.5449931003   0.750      17      16       A
 23    -14.5176047395   0.750      16      15       A
 24    -14.5176034776   0.750      16      15       A
 25    -14.4907163223   0.750      16      15       A
 26    -14.4907137319   0.750      16      15       A
 27    -14.4811346494   0.750      16      15       A
 28    -14.4683350620   0.750      17      16       A
 29    -14.4683312405   0.750      17      16       A
 30    -14.4154176303   0.750      17      16       A
 31    -14.4153911189   0.750      17      16       A
 32    -14.3964797944   0.750      17      16       A
