#INFO: **** input file is /project/lgagliardi/jangidbhavnesh/Re/Final/H-Chain/LAS/hchain.py ****
import os
import sys
import pickle
import numpy as np
from pyscf import lib
from pyscf.pbc import scf, df
from pyscf.pbc import gto as pgto
from mrh.my_pyscf.mcscf.lasscf_o0 import LASSCF
from mrh.my_pyscf.lassi import lassi
from periodiclas.tools import sign_control, util

def getCell(nH, nHFrag, maxMem=200000, R=1.4):
    """
    Build the Cell object
    """
    cell = pgto.Cell()
    cell.basis='STO-6G'
    cell.a = np.diag([17.5, 17.5, nH * R])
    cell.atom = [['H', np.array([0, 0, i*R]) ] for i in range(nH)]
    cell.verbose = lib.logger.INFO
    cell.output = f"HChain.{nHFrag}.{nH}.log"
    cell.max_memory = maxMem
    cell.precision = 1e-12
    cell.build()
    return cell

def get_gdf(filename, restart=True):
    """
    Calculate the 2e Integrals
    Using the Gaussian Density Fitting.
    """
    if not os.path.exists(filename) or restart:
        gdf = df.GDF(cell)
        gdf._cderi_to_save = filename
        gdf.build()
    return filename

def runSCF(cell, nH):
    """
    Mean-Field Calculation
    """
    kmf = scf.ROHF(cell).density_fit()
    kmf.max_cycle=1000
    kmf.chkfile = f'Hchain.{nH}.chk'
    kmf.with_df._cderi = get_gdf(kmf.chkfile.rstrip('.chk')+'.h5')
    kmf.exxdiv = None
    kmf.conv_tol = 1e-12
    kmf.kernel()

    if not kmf.converged:
        kmf.newton().run()

    assert kmf, "mean-field didn't converge"
    return kmf

def genModelSpace(nfrags):
    """
    Model Space Creation for LAS Band Structure
    """
    identity = np.eye(nfrags, dtype=int)
    las_charges = [[0] * nfrags] + identity.tolist() + (-identity).tolist()
    las_spins = [[0] * nfrags] + identity.tolist() + identity.tolist()
    las_smults = [[1] * nfrags] + (identity + 1).tolist() + (identity + 1).tolist()
                    
    nrootspaces = len(las_charges)
    las_weights = np.full(nrootspaces, 1/nrootspaces)
                                
    return las_weights, las_charges, las_spins, las_smults

# Running LASSCF
def runLASSCF(nHfrag, nfrags, kmf):
    """
    Optimize the Individual Fragment LAS
    """

    # Active Space
    norb  = tuple([nHfrag,]*nfrags)
    nele  = tuple([nHfrag,]*nfrags)
    nspin = tuple([1,]*nfrags)
    
    # Fragmentation
    frags =tuple([list(range(nH))[i:i + nHfrag] \
            for i in range(0,nH, nHfrag)])
    
    las = LASSCF(kmf, norb, nele, spin_sub=nspin)
    las.mo_coeff = las.localize_init_guess(frags,kmf.mo_coeff)
    las.mo_coeff = sign_control.fix_mos(las)
    las_weights,las_charges,las_spins,las_smults=genModelSpace(nfrags)
    las = las.state_average(las_weights,las_charges,las_spins,las_smults)
    las.lasci_()
    return las

def processlas(las):
    """
    Sign-Fixing for the LAS CI Vectos
    """
    las.ci = sign_control.fix_sign(las)
    las.dump_spaces()
    return las

def runLASSI(las):
    """
    LAS State Interaction
    """
    lsi = lassi.LASSI(las)
    energies_lassi, civecs_lassi = lsi.kernel()
    return lsi, energies_lassi

def savepickel(mf, lsi, R=1.4,  pdftenergy=0, nHfrag=2, nH=2):
    """
    Save the LAS Band Structure Data
    """

    civec = lsi.get_sivec_vacuum_shuffle(state=0)
    nfrags = int(nH/nHfrag)
    charges = util.las_charges(lsi._las)

    data = {"energies_lassi":lsi.e_roots,
            "civecs":civec,
            "charges":charges,
            "nfrags":nfrags,
            "dist":R,
            "mf_coeff":mf.mo_coeff,
            "mf_occ":mf.mo_occ,
            "mf_ene":mf.mo_energy}

    with open(f"hchain.{nHfrag}.{nH}.pkl", "wb") as f:
        pickle.dump(data, f)

if __name__ == "__main__":

    for nH in [8, 16, 32, 64]:
        for i in [2, 4, 8]:
            nHfrag = min(i, nH)
            nfrags = int(nH/nHfrag)
            R = 1.4 # Distance between the H-atoms

            cell =  getCell(nH, nHfrag, maxMem=200000, R=R)
            kmf = runSCF(cell, nH)

            las = runLASSCF(nHfrag, nfrags, kmf)
            las = processlas(las)
            lsi, energies_lassi = runLASSI(las)
            
            # Save data
            savepickel(kmf, lsi, R=R, nHfrag=nHfrag, nH=nH)
    
#INFO: ******************** input file end ********************


System: uname_result(system='Linux', node='midway3-0555.rcc.local', release='4.18.0-305.3.1.el8.x86_64', version='#1 SMP Tue Jun 1 16:14:33 UTC 2021', machine='x86_64')  Threads 128
Python 3.9.13 (main, Aug 25 2022, 23:26:10) 
[GCC 11.2.0]
numpy 1.26.2  scipy 1.11.4  h5py 3.10.0
Date: Sat Mar 15 12:09:11 2025
PySCF version 2.8.0
PySCF path  /home/jangidbhavnesh/bin/pyscf
GIT ORIG_HEAD a0665c4a7bf54e33f01295b3eea390be7a17d76d
GIT HEAD (branch master) 6f6d3741bf42543e02ccaa1d4ef43d9bf83b3dda
mrh path  /home/jangidbhavnesh/bin/mrh
GIT ORIG_HEAD ed1f605b415d72e71fb56d97b9d163809b62b172
GIT HEAD (branch master) ea89791c15c26abd3b0f0efdeadd7a286ca4585a

[ENV] PYSCF_EXT_PATH /home/jangidbhavnesh/bin/pyscf:/home/jangidbhavnesh/bin/pyscf-forge:/home/jangidbhavnesh/bin/dmrgscf:/home/jangidbhavnesh/bin:
[CONFIG] conf_file /home/jangidbhavnesh/.pyscf_conf.py
[INPUT] verbose = 4
[INPUT] num. atoms = 64
[INPUT] num. electrons = 64
[INPUT] charge = 0
[INPUT] spin (= nelec alpha-beta = 2S) = 0
[INPUT] symmetry False subgroup None
[INPUT] Mole.unit = angstrom
[INPUT] Symbol           X                Y                Z      unit          X                Y                Z       unit  Magmom
[INPUT]  1 H      0.000000000000   0.000000000000   0.000000000000 AA    0.000000000000   0.000000000000   0.000000000000 Bohr   0.0
[INPUT]  2 H      0.000000000000   0.000000000000   1.400000000000 AA    0.000000000000   0.000000000000   2.645616574391 Bohr   0.0
[INPUT]  3 H      0.000000000000   0.000000000000   2.800000000000 AA    0.000000000000   0.000000000000   5.291233148782 Bohr   0.0
[INPUT]  4 H      0.000000000000   0.000000000000   4.200000000000 AA    0.000000000000   0.000000000000   7.936849723173 Bohr   0.0
[INPUT]  5 H      0.000000000000   0.000000000000   5.600000000000 AA    0.000000000000   0.000000000000  10.582466297564 Bohr   0.0
[INPUT]  6 H      0.000000000000   0.000000000000   7.000000000000 AA    0.000000000000   0.000000000000  13.228082871955 Bohr   0.0
[INPUT]  7 H      0.000000000000   0.000000000000   8.400000000000 AA    0.000000000000   0.000000000000  15.873699446347 Bohr   0.0
[INPUT]  8 H      0.000000000000   0.000000000000   9.800000000000 AA    0.000000000000   0.000000000000  18.519316020738 Bohr   0.0
[INPUT]  9 H      0.000000000000   0.000000000000  11.200000000000 AA    0.000000000000   0.000000000000  21.164932595129 Bohr   0.0
[INPUT] 10 H      0.000000000000   0.000000000000  12.600000000000 AA    0.000000000000   0.000000000000  23.810549169520 Bohr   0.0
[INPUT] 11 H      0.000000000000   0.000000000000  14.000000000000 AA    0.000000000000   0.000000000000  26.456165743911 Bohr   0.0
[INPUT] 12 H      0.000000000000   0.000000000000  15.400000000000 AA    0.000000000000   0.000000000000  29.101782318302 Bohr   0.0
[INPUT] 13 H      0.000000000000   0.000000000000  16.800000000000 AA    0.000000000000   0.000000000000  31.747398892693 Bohr   0.0
[INPUT] 14 H      0.000000000000   0.000000000000  18.200000000000 AA    0.000000000000   0.000000000000  34.393015467084 Bohr   0.0
[INPUT] 15 H      0.000000000000   0.000000000000  19.600000000000 AA    0.000000000000   0.000000000000  37.038632041475 Bohr   0.0
[INPUT] 16 H      0.000000000000   0.000000000000  21.000000000000 AA    0.000000000000   0.000000000000  39.684248615866 Bohr   0.0
[INPUT] 17 H      0.000000000000   0.000000000000  22.400000000000 AA    0.000000000000   0.000000000000  42.329865190257 Bohr   0.0
[INPUT] 18 H      0.000000000000   0.000000000000  23.800000000000 AA    0.000000000000   0.000000000000  44.975481764648 Bohr   0.0
[INPUT] 19 H      0.000000000000   0.000000000000  25.200000000000 AA    0.000000000000   0.000000000000  47.621098339040 Bohr   0.0
[INPUT] 20 H      0.000000000000   0.000000000000  26.600000000000 AA    0.000000000000   0.000000000000  50.266714913431 Bohr   0.0
[INPUT] 21 H      0.000000000000   0.000000000000  28.000000000000 AA    0.000000000000   0.000000000000  52.912331487822 Bohr   0.0
[INPUT] 22 H      0.000000000000   0.000000000000  29.400000000000 AA    0.000000000000   0.000000000000  55.557948062213 Bohr   0.0
[INPUT] 23 H      0.000000000000   0.000000000000  30.800000000000 AA    0.000000000000   0.000000000000  58.203564636604 Bohr   0.0
[INPUT] 24 H      0.000000000000   0.000000000000  32.200000000000 AA    0.000000000000   0.000000000000  60.849181210995 Bohr   0.0
[INPUT] 25 H      0.000000000000   0.000000000000  33.600000000000 AA    0.000000000000   0.000000000000  63.494797785386 Bohr   0.0
[INPUT] 26 H      0.000000000000   0.000000000000  35.000000000000 AA    0.000000000000   0.000000000000  66.140414359777 Bohr   0.0
[INPUT] 27 H      0.000000000000   0.000000000000  36.400000000000 AA    0.000000000000   0.000000000000  68.786030934168 Bohr   0.0
[INPUT] 28 H      0.000000000000   0.000000000000  37.800000000000 AA    0.000000000000   0.000000000000  71.431647508559 Bohr   0.0
[INPUT] 29 H      0.000000000000   0.000000000000  39.200000000000 AA    0.000000000000   0.000000000000  74.077264082950 Bohr   0.0
[INPUT] 30 H      0.000000000000   0.000000000000  40.600000000000 AA    0.000000000000   0.000000000000  76.722880657342 Bohr   0.0
[INPUT] 31 H      0.000000000000   0.000000000000  42.000000000000 AA    0.000000000000   0.000000000000  79.368497231733 Bohr   0.0
[INPUT] 32 H      0.000000000000   0.000000000000  43.400000000000 AA    0.000000000000   0.000000000000  82.014113806124 Bohr   0.0
[INPUT] 33 H      0.000000000000   0.000000000000  44.800000000000 AA    0.000000000000   0.000000000000  84.659730380515 Bohr   0.0
[INPUT] 34 H      0.000000000000   0.000000000000  46.200000000000 AA    0.000000000000   0.000000000000  87.305346954906 Bohr   0.0
[INPUT] 35 H      0.000000000000   0.000000000000  47.600000000000 AA    0.000000000000   0.000000000000  89.950963529297 Bohr   0.0
[INPUT] 36 H      0.000000000000   0.000000000000  49.000000000000 AA    0.000000000000   0.000000000000  92.596580103688 Bohr   0.0
[INPUT] 37 H      0.000000000000   0.000000000000  50.400000000000 AA    0.000000000000   0.000000000000  95.242196678079 Bohr   0.0
[INPUT] 38 H      0.000000000000   0.000000000000  51.800000000000 AA    0.000000000000   0.000000000000  97.887813252470 Bohr   0.0
[INPUT] 39 H      0.000000000000   0.000000000000  53.200000000000 AA    0.000000000000   0.000000000000 100.533429826861 Bohr   0.0
[INPUT] 40 H      0.000000000000   0.000000000000  54.600000000000 AA    0.000000000000   0.000000000000 103.179046401252 Bohr   0.0
[INPUT] 41 H      0.000000000000   0.000000000000  56.000000000000 AA    0.000000000000   0.000000000000 105.824662975643 Bohr   0.0
[INPUT] 42 H      0.000000000000   0.000000000000  57.400000000000 AA    0.000000000000   0.000000000000 108.470279550035 Bohr   0.0
[INPUT] 43 H      0.000000000000   0.000000000000  58.800000000000 AA    0.000000000000   0.000000000000 111.115896124426 Bohr   0.0
[INPUT] 44 H      0.000000000000   0.000000000000  60.200000000000 AA    0.000000000000   0.000000000000 113.761512698817 Bohr   0.0
[INPUT] 45 H      0.000000000000   0.000000000000  61.600000000000 AA    0.000000000000   0.000000000000 116.407129273208 Bohr   0.0
[INPUT] 46 H      0.000000000000   0.000000000000  63.000000000000 AA    0.000000000000   0.000000000000 119.052745847599 Bohr   0.0
[INPUT] 47 H      0.000000000000   0.000000000000  64.400000000000 AA    0.000000000000   0.000000000000 121.698362421990 Bohr   0.0
[INPUT] 48 H      0.000000000000   0.000000000000  65.800000000000 AA    0.000000000000   0.000000000000 124.343978996381 Bohr   0.0
[INPUT] 49 H      0.000000000000   0.000000000000  67.200000000000 AA    0.000000000000   0.000000000000 126.989595570772 Bohr   0.0
[INPUT] 50 H      0.000000000000   0.000000000000  68.600000000000 AA    0.000000000000   0.000000000000 129.635212145163 Bohr   0.0
[INPUT] 51 H      0.000000000000   0.000000000000  70.000000000000 AA    0.000000000000   0.000000000000 132.280828719554 Bohr   0.0
[INPUT] 52 H      0.000000000000   0.000000000000  71.400000000000 AA    0.000000000000   0.000000000000 134.926445293945 Bohr   0.0
[INPUT] 53 H      0.000000000000   0.000000000000  72.800000000000 AA    0.000000000000   0.000000000000 137.572061868337 Bohr   0.0
[INPUT] 54 H      0.000000000000   0.000000000000  74.200000000000 AA    0.000000000000   0.000000000000 140.217678442728 Bohr   0.0
[INPUT] 55 H      0.000000000000   0.000000000000  75.600000000000 AA    0.000000000000   0.000000000000 142.863295017119 Bohr   0.0
[INPUT] 56 H      0.000000000000   0.000000000000  77.000000000000 AA    0.000000000000   0.000000000000 145.508911591510 Bohr   0.0
[INPUT] 57 H      0.000000000000   0.000000000000  78.400000000000 AA    0.000000000000   0.000000000000 148.154528165901 Bohr   0.0
[INPUT] 58 H      0.000000000000   0.000000000000  79.800000000000 AA    0.000000000000   0.000000000000 150.800144740292 Bohr   0.0
[INPUT] 59 H      0.000000000000   0.000000000000  81.200000000000 AA    0.000000000000   0.000000000000 153.445761314683 Bohr   0.0
[INPUT] 60 H      0.000000000000   0.000000000000  82.600000000000 AA    0.000000000000   0.000000000000 156.091377889074 Bohr   0.0
[INPUT] 61 H      0.000000000000   0.000000000000  84.000000000000 AA    0.000000000000   0.000000000000 158.736994463465 Bohr   0.0
[INPUT] 62 H      0.000000000000   0.000000000000  85.400000000000 AA    0.000000000000   0.000000000000 161.382611037856 Bohr   0.0
[INPUT] 63 H      0.000000000000   0.000000000000  86.800000000000 AA    0.000000000000   0.000000000000 164.028227612247 Bohr   0.0
[INPUT] 64 H      0.000000000000   0.000000000000  88.200000000000 AA    0.000000000000   0.000000000000 166.673844186638 Bohr   0.0

nuclear repulsion = 26.5922543940236
number of shells = 64
number of NR pGTOs = 384
number of NR cGTOs = 64
basis = STO-6G
ecp = {}
CPU time:    103163.53
lattice vectors  a1 [33.070207180, 0.000000000, 0.000000000]
                 a2 [0.000000000, 33.070207180, 0.000000000]
                 a3 [0.000000000, 0.000000000, 169.319460761]
dimension = 3
low_dim_ft_type = None
Cell volume = 185174
rcut = 24.293288226937268 (nimgs = [1 1 1])
lattice sum = 37 cells
precision = 1e-12
pseudo = None
ke_cutoff = 3527.180576457948
    = [ 887  887 4529] mesh (3563276801 PWs)


******** <class 'pyscf.pbc.df.df.GDF'> ********
auxbasis = None
exp_to_discard = None
_cderi_to_save = Hchain.64.h5
len(kpts) = 1
ETB for H: l = 0, exps = 0.200224856 * 2^n , n = 0..8

WARN: Even tempered Gaussians are generated as DF auxbasis for  H

Drop 0 primitive fitting functions
make aux basis, num shells = 576, num cGTOs = 576
auxcell.rcut 17.068110412336893


******** <class 'pyscf.pbc.df.rsdf_builder._RSGDFBuilder'> ********
mesh = [ 41  41 205] (344605 PWs)
ke_cutoff = 7.163352638624526
omega = 0.30988389022664714
exclude_d_aux = True
exclude_dd_block = True
j2c_eig_always = False
has_long_range = True


******** <class 'pyscf.pbc.scf.rohf.ROHF'> ********
method = ROHF
initial guess = minao
damping factor = 0
level_shift factor = 0
DIIS = <class 'pyscf.scf.diis.CDIIS'>
diis_start_cycle = 1
diis_space = 8
diis_damp = 0
SCF conv_tol = 1e-12
SCF conv_tol_grad = None
SCF max_cycles = 1000
direct_scf = True
direct_scf_tol = 1e-13
chkfile to save SCF result = Hchain.64.chk
max_memory 200000 MB (current use 4582 MB)
******** PBC SCF flags ********
kpt = [0. 0. 0.]
Exchange divergence treatment (exxdiv) = None
DF object = <pyscf.pbc.df.df.GDF object at 0x7f73230b28b0>
number of electrons per cell  alpha = 32 beta = 32
Set gradient conv threshold to 1e-06


******** <class 'pyscf.pbc.df.rsdf_builder._RSNucBuilder'> ********
mesh = [ 65  65 321] (1356225 PWs)
ke_cutoff = 17.626088768626285
omega = 0.48609237682611317
exclude_d_aux = False
exclude_dd_block = True
j2c_eig_always = False
has_long_range = True
init E= -22.686436211845
  HOMO = -0.0883373309128813  LUMO = -0.0872976951429178
cycle= 1 E= -31.8792389333875  delta_E= -9.19  |g|= 0.124  |ddm|= 4.03
  HOMO = -0.131491187785742  LUMO = -0.108833967962588
cycle= 2 E= -31.9438507245676  delta_E= -0.0646  |g|= 0.133  |ddm|= 0.692
  HOMO = -0.141193985994684  LUMO = -0.0989866927217777
cycle= 3 E= -31.9571979215874  delta_E= -0.0133  |g|= 0.129  |ddm|= 0.124
  HOMO = -0.195247684128026  LUMO = -0.0444122392247091
cycle= 4 E= -32.0325209980168  delta_E= -0.0753  |g|= 0.0678  |ddm|= 0.864
  HOMO = -0.241897801991487  LUMO = 0.00290324452230366
cycle= 5 E= -32.0468766036794  delta_E= -0.0144  |g|= 0.0147  |ddm|= 0.578
  HOMO = -0.2320052839265  LUMO = -0.00673865933825965
cycle= 6 E= -32.0474716482374  delta_E= -0.000595  |g|= 0.00314  |ddm|= 0.113
  HOMO = -0.233436666090503  LUMO = -0.00534233388852844
cycle= 7 E= -32.0474974987212  delta_E= -2.59e-05  |g|= 0.000356  |ddm|= 0.0173
  HOMO = -0.233789904682896  LUMO = -0.00498729294696977
cycle= 8 E= -32.0474975874601  delta_E= -8.87e-08  |g|= 0.000293  |ddm|= 0.00364
  HOMO = -0.233606206567952  LUMO = -0.00516940290826672
cycle= 9 E= -32.0474978196454  delta_E= -2.32e-07  |g|= 4.91e-05  |ddm|= 0.00212
  HOMO = -0.233614526405904  LUMO = -0.0051618619831804
cycle= 10 E= -32.0474978248676  delta_E= -5.22e-09  |g|= 1.97e-05  |ddm|= 0.00017
  HOMO = -0.23362858283654  LUMO = -0.0051478242496037
cycle= 11 E= -32.0474978258859  delta_E= -1.02e-09  |g|= 5.35e-06  |ddm|= 0.000154
  HOMO = -0.233625788290773  LUMO = -0.00515061170695276
cycle= 12 E= -32.0474978259628  delta_E= -7.7e-11  |g|= 5.35e-07  |ddm|= 3.21e-05
  HOMO = -0.233625802946117  LUMO = -0.00515059675348868
cycle= 13 E= -32.0474978259634  delta_E= -5.26e-13  |g|= 1.51e-07  |ddm|= 2.1e-06
  HOMO = -0.233625792907878  LUMO = -0.00515060682434221
Extra cycle  E= -32.0474978259634  delta_E= -4.26e-14  |g|= 7.77e-08  |ddm|= 3.39e-07
converged SCF energy = -32.0474978259634


******** <class 'pyscf.pbc.df.rsdf_builder._RSNucBuilder'> ********
mesh = [ 65  65 321] (1356225 PWs)
ke_cutoff = 17.626088768626285
omega = 0.48609237682611317
exclude_d_aux = False
exclude_dd_block = True
j2c_eig_always = False
has_long_range = True


******** <class 'pyscf.pbc.df.rsdf_builder._RSNucBuilder'> ********
mesh = [ 65  65 321] (1356225 PWs)
ke_cutoff = 17.626088768626285
omega = 0.48609237682611317
exclude_d_aux = False
exclude_dd_block = True
j2c_eig_always = False
has_long_range = True


******** <class 'pyscf.pbc.df.rsdf_builder._RSNucBuilder'> ********
mesh = [ 65  65 321] (1356225 PWs)
ke_cutoff = 17.626088768626285
omega = 0.48609237682611317
exclude_d_aux = False
exclude_dd_block = True
j2c_eig_always = False
has_long_range = True
Entering product-state fixed-point CI iteration
Cycle 0: max grad = 1.084529e-01 ; sigma = 0.000000e+00 ; 0/8 fragment CI solvers converged
Cycle 1: max grad = 1.854905e-03 ; sigma = 3.107644e-09 ; 8/8 fragment CI solvers converged
Cycle 2: max grad = 1.539067e-04 ; sigma = 1.066525e-11 ; 8/8 fragment CI solvers converged
Cycle 3: max grad = 1.299724e-05 ; sigma = 3.552714e-14 ; 8/8 fragment CI solvers converged
Product_state fixed-point CI iteration converged after 3 cycles
Entering product-state fixed-point CI iteration
Cycle 0: max grad = 1.084529e-01 ; sigma = 0.000000e+00 ; 0/8 fragment CI solvers converged
Cycle 1: max grad = 3.579389e-03 ; sigma = 7.241990e-02 ; 8/8 fragment CI solvers converged
Cycle 2: max grad = 3.572526e-04 ; sigma = 1.636947e-04 ; 8/8 fragment CI solvers converged
Cycle 3: max grad = 5.246719e-05 ; sigma = 1.267879e-06 ; 8/8 fragment CI solvers converged
Cycle 4: max grad = 5.042549e-06 ; sigma = 4.400906e-08 ; 8/8 fragment CI solvers converged
Cycle 5: max grad = 8.356892e-07 ; sigma = 3.532961e-10 ; 8/8 fragment CI solvers converged
Cycle 6: max grad = 8.445611e-08 ; sigma = 1.140421e-11 ; 8/8 fragment CI solvers converged
Product_state fixed-point CI iteration converged after 6 cycles
Entering product-state fixed-point CI iteration
Cycle 0: max grad = 1.084529e-01 ; sigma = 0.000000e+00 ; 0/8 fragment CI solvers converged
Cycle 1: max grad = 3.579388e-03 ; sigma = 7.241989e-02 ; 8/8 fragment CI solvers converged
Cycle 2: max grad = 3.572526e-04 ; sigma = 1.636947e-04 ; 8/8 fragment CI solvers converged
Cycle 3: max grad = 5.246719e-05 ; sigma = 1.267879e-06 ; 8/8 fragment CI solvers converged
Cycle 4: max grad = 5.042550e-06 ; sigma = 4.400906e-08 ; 8/8 fragment CI solvers converged
Cycle 5: max grad = 8.356892e-07 ; sigma = 3.532321e-10 ; 8/8 fragment CI solvers converged
Cycle 6: max grad = 8.445620e-08 ; sigma = 1.138289e-11 ; 8/8 fragment CI solvers converged
Product_state fixed-point CI iteration converged after 6 cycles
Entering product-state fixed-point CI iteration
Cycle 0: max grad = 1.084529e-01 ; sigma = 0.000000e+00 ; 0/8 fragment CI solvers converged
Cycle 1: max grad = 3.579388e-03 ; sigma = 7.241990e-02 ; 8/8 fragment CI solvers converged
Cycle 2: max grad = 3.572526e-04 ; sigma = 1.636947e-04 ; 8/8 fragment CI solvers converged
Cycle 3: max grad = 5.246719e-05 ; sigma = 1.267879e-06 ; 8/8 fragment CI solvers converged
Cycle 4: max grad = 5.042549e-06 ; sigma = 4.400905e-08 ; 8/8 fragment CI solvers converged
Cycle 5: max grad = 8.356892e-07 ; sigma = 3.532534e-10 ; 8/8 fragment CI solvers converged
Cycle 6: max grad = 8.445611e-08 ; sigma = 1.137579e-11 ; 8/8 fragment CI solvers converged
Product_state fixed-point CI iteration converged after 6 cycles
Entering product-state fixed-point CI iteration
Cycle 0: max grad = 1.084529e-01 ; sigma = 0.000000e+00 ; 0/8 fragment CI solvers converged
Cycle 1: max grad = 3.579389e-03 ; sigma = 7.241990e-02 ; 8/8 fragment CI solvers converged
Cycle 2: max grad = 3.572526e-04 ; sigma = 1.636947e-04 ; 8/8 fragment CI solvers converged
Cycle 3: max grad = 5.246720e-05 ; sigma = 1.267879e-06 ; 8/8 fragment CI solvers converged
Cycle 4: max grad = 5.042548e-06 ; sigma = 4.400908e-08 ; 8/8 fragment CI solvers converged
Cycle 5: max grad = 8.356893e-07 ; sigma = 3.532250e-10 ; 8/8 fragment CI solvers converged
Cycle 6: max grad = 8.445610e-08 ; sigma = 1.140421e-11 ; 8/8 fragment CI solvers converged
Product_state fixed-point CI iteration converged after 6 cycles
Entering product-state fixed-point CI iteration
Cycle 0: max grad = 1.084529e-01 ; sigma = 0.000000e+00 ; 0/8 fragment CI solvers converged
Cycle 1: max grad = 3.579389e-03 ; sigma = 7.241990e-02 ; 8/8 fragment CI solvers converged
Cycle 2: max grad = 3.572526e-04 ; sigma = 1.636947e-04 ; 8/8 fragment CI solvers converged
Cycle 3: max grad = 5.246720e-05 ; sigma = 1.267879e-06 ; 8/8 fragment CI solvers converged
Cycle 4: max grad = 5.042548e-06 ; sigma = 4.400904e-08 ; 8/8 fragment CI solvers converged
Cycle 5: max grad = 8.356893e-07 ; sigma = 3.532321e-10 ; 8/8 fragment CI solvers converged
Cycle 6: max grad = 8.445610e-08 ; sigma = 1.139711e-11 ; 8/8 fragment CI solvers converged
Product_state fixed-point CI iteration converged after 6 cycles
Entering product-state fixed-point CI iteration
Cycle 0: max grad = 1.084529e-01 ; sigma = 0.000000e+00 ; 0/8 fragment CI solvers converged
Cycle 1: max grad = 3.579388e-03 ; sigma = 7.241990e-02 ; 8/8 fragment CI solvers converged
Cycle 2: max grad = 3.572526e-04 ; sigma = 1.636947e-04 ; 8/8 fragment CI solvers converged
Cycle 3: max grad = 5.246719e-05 ; sigma = 1.267879e-06 ; 8/8 fragment CI solvers converged
Cycle 4: max grad = 5.042549e-06 ; sigma = 4.400905e-08 ; 8/8 fragment CI solvers converged
Cycle 5: max grad = 8.356892e-07 ; sigma = 3.532605e-10 ; 8/8 fragment CI solvers converged
Cycle 6: max grad = 8.445611e-08 ; sigma = 1.141842e-11 ; 8/8 fragment CI solvers converged
Product_state fixed-point CI iteration converged after 6 cycles
Entering product-state fixed-point CI iteration
Cycle 0: max grad = 1.084529e-01 ; sigma = 0.000000e+00 ; 0/8 fragment CI solvers converged
Cycle 1: max grad = 3.579388e-03 ; sigma = 7.241989e-02 ; 8/8 fragment CI solvers converged
Cycle 2: max grad = 3.572526e-04 ; sigma = 1.636947e-04 ; 8/8 fragment CI solvers converged
Cycle 3: max grad = 5.246719e-05 ; sigma = 1.267879e-06 ; 8/8 fragment CI solvers converged
Cycle 4: max grad = 5.042550e-06 ; sigma = 4.400904e-08 ; 8/8 fragment CI solvers converged
Cycle 5: max grad = 8.356892e-07 ; sigma = 3.532818e-10 ; 8/8 fragment CI solvers converged
Cycle 6: max grad = 8.445620e-08 ; sigma = 1.137579e-11 ; 8/8 fragment CI solvers converged
Product_state fixed-point CI iteration converged after 6 cycles
Entering product-state fixed-point CI iteration
Cycle 0: max grad = 1.084529e-01 ; sigma = 0.000000e+00 ; 0/8 fragment CI solvers converged
Cycle 1: max grad = 3.579389e-03 ; sigma = 7.241990e-02 ; 8/8 fragment CI solvers converged
Cycle 2: max grad = 3.572526e-04 ; sigma = 1.636947e-04 ; 8/8 fragment CI solvers converged
Cycle 3: max grad = 5.246719e-05 ; sigma = 1.267879e-06 ; 8/8 fragment CI solvers converged
Cycle 4: max grad = 5.042549e-06 ; sigma = 4.400906e-08 ; 8/8 fragment CI solvers converged
Cycle 5: max grad = 8.356892e-07 ; sigma = 3.532747e-10 ; 8/8 fragment CI solvers converged
Cycle 6: max grad = 8.445612e-08 ; sigma = 1.139711e-11 ; 8/8 fragment CI solvers converged
Product_state fixed-point CI iteration converged after 6 cycles
Entering product-state fixed-point CI iteration
Cycle 0: max grad = 1.084529e-01 ; sigma = 0.000000e+00 ; 0/8 fragment CI solvers converged
Cycle 1: max grad = 2.068228e-03 ; sigma = 7.416694e-02 ; 8/8 fragment CI solvers converged
Cycle 2: max grad = 1.580036e-04 ; sigma = 3.142635e-05 ; 8/8 fragment CI solvers converged
Cycle 3: max grad = 1.536598e-05 ; sigma = 2.032954e-07 ; 8/8 fragment CI solvers converged
Cycle 4: max grad = 1.316984e-06 ; sigma = 1.916220e-09 ; 8/8 fragment CI solvers converged
Cycle 5: max grad = 1.240022e-07 ; sigma = 1.688960e-11 ; 8/8 fragment CI solvers converged
Product_state fixed-point CI iteration converged after 5 cycles
Entering product-state fixed-point CI iteration
Cycle 0: max grad = 1.084529e-01 ; sigma = 0.000000e+00 ; 0/8 fragment CI solvers converged
Cycle 1: max grad = 2.068228e-03 ; sigma = 7.416693e-02 ; 8/8 fragment CI solvers converged
Cycle 2: max grad = 1.580036e-04 ; sigma = 3.142636e-05 ; 8/8 fragment CI solvers converged
Cycle 3: max grad = 1.536598e-05 ; sigma = 2.032955e-07 ; 8/8 fragment CI solvers converged
Cycle 4: max grad = 1.316985e-06 ; sigma = 1.916192e-09 ; 8/8 fragment CI solvers converged
Cycle 5: max grad = 1.240022e-07 ; sigma = 1.688250e-11 ; 8/8 fragment CI solvers converged
Product_state fixed-point CI iteration converged after 5 cycles
Entering product-state fixed-point CI iteration
Cycle 0: max grad = 1.084529e-01 ; sigma = 0.000000e+00 ; 0/8 fragment CI solvers converged
Cycle 1: max grad = 2.068228e-03 ; sigma = 7.416694e-02 ; 8/8 fragment CI solvers converged
Cycle 2: max grad = 1.580036e-04 ; sigma = 3.142636e-05 ; 8/8 fragment CI solvers converged
Cycle 3: max grad = 1.536599e-05 ; sigma = 2.032954e-07 ; 8/8 fragment CI solvers converged
Cycle 4: max grad = 1.316984e-06 ; sigma = 1.916227e-09 ; 8/8 fragment CI solvers converged
Cycle 5: max grad = 1.240022e-07 ; sigma = 1.685407e-11 ; 8/8 fragment CI solvers converged
Product_state fixed-point CI iteration converged after 5 cycles
Entering product-state fixed-point CI iteration
Cycle 0: max grad = 1.084529e-01 ; sigma = 0.000000e+00 ; 0/8 fragment CI solvers converged
Cycle 1: max grad = 2.068228e-03 ; sigma = 7.416694e-02 ; 8/8 fragment CI solvers converged
Cycle 2: max grad = 1.580036e-04 ; sigma = 3.142635e-05 ; 8/8 fragment CI solvers converged
Cycle 3: max grad = 1.536598e-05 ; sigma = 2.032954e-07 ; 8/8 fragment CI solvers converged
Cycle 4: max grad = 1.316984e-06 ; sigma = 1.916177e-09 ; 8/8 fragment CI solvers converged
Cycle 5: max grad = 1.240022e-07 ; sigma = 1.681855e-11 ; 8/8 fragment CI solvers converged
Product_state fixed-point CI iteration converged after 5 cycles
Entering product-state fixed-point CI iteration
Cycle 0: max grad = 1.084529e-01 ; sigma = 0.000000e+00 ; 0/8 fragment CI solvers converged
Cycle 1: max grad = 2.068228e-03 ; sigma = 7.416694e-02 ; 8/8 fragment CI solvers converged
Cycle 2: max grad = 1.580036e-04 ; sigma = 3.142635e-05 ; 8/8 fragment CI solvers converged
Cycle 3: max grad = 1.536598e-05 ; sigma = 2.032954e-07 ; 8/8 fragment CI solvers converged
Cycle 4: max grad = 1.316984e-06 ; sigma = 1.916149e-09 ; 8/8 fragment CI solvers converged
Cycle 5: max grad = 1.240022e-07 ; sigma = 1.683276e-11 ; 8/8 fragment CI solvers converged
Product_state fixed-point CI iteration converged after 5 cycles
Entering product-state fixed-point CI iteration
Cycle 0: max grad = 1.084529e-01 ; sigma = 0.000000e+00 ; 0/8 fragment CI solvers converged
Cycle 1: max grad = 2.068228e-03 ; sigma = 7.416694e-02 ; 8/8 fragment CI solvers converged
Cycle 2: max grad = 1.580036e-04 ; sigma = 3.142636e-05 ; 8/8 fragment CI solvers converged
Cycle 3: max grad = 1.536599e-05 ; sigma = 2.032954e-07 ; 8/8 fragment CI solvers converged
Cycle 4: max grad = 1.316984e-06 ; sigma = 1.916185e-09 ; 8/8 fragment CI solvers converged
Cycle 5: max grad = 1.240022e-07 ; sigma = 1.686828e-11 ; 8/8 fragment CI solvers converged
Product_state fixed-point CI iteration converged after 5 cycles
Entering product-state fixed-point CI iteration
Cycle 0: max grad = 1.084529e-01 ; sigma = 0.000000e+00 ; 0/8 fragment CI solvers converged
Cycle 1: max grad = 2.068228e-03 ; sigma = 7.416693e-02 ; 8/8 fragment CI solvers converged
Cycle 2: max grad = 1.580036e-04 ; sigma = 3.142636e-05 ; 8/8 fragment CI solvers converged
Cycle 3: max grad = 1.536598e-05 ; sigma = 2.032955e-07 ; 8/8 fragment CI solvers converged
Cycle 4: max grad = 1.316985e-06 ; sigma = 1.916185e-09 ; 8/8 fragment CI solvers converged
Cycle 5: max grad = 1.240022e-07 ; sigma = 1.689671e-11 ; 8/8 fragment CI solvers converged
Product_state fixed-point CI iteration converged after 5 cycles
Entering product-state fixed-point CI iteration
Cycle 0: max grad = 1.084529e-01 ; sigma = 0.000000e+00 ; 0/8 fragment CI solvers converged
Cycle 1: max grad = 2.068228e-03 ; sigma = 7.416694e-02 ; 8/8 fragment CI solvers converged
Cycle 2: max grad = 1.580036e-04 ; sigma = 3.142635e-05 ; 8/8 fragment CI solvers converged
Cycle 3: max grad = 1.536598e-05 ; sigma = 2.032954e-07 ; 8/8 fragment CI solvers converged
Cycle 4: max grad = 1.316984e-06 ; sigma = 1.916213e-09 ; 8/8 fragment CI solvers converged
Cycle 5: max grad = 1.240022e-07 ; sigma = 1.689671e-11 ; 8/8 fragment CI solvers converged
Product_state fixed-point CI iteration converged after 5 cycles
LASCI state-average energy = -33.5053200022761
LASCI state 0 energy = -33.7523772006859
LASCI state 1 energy = -33.389413301457
LASCI state 2 energy = -33.3894133014537
LASCI state 3 energy = -33.3894133014536
LASCI state 4 energy = -33.3894133014536
LASCI state 5 energy = -33.3894133014536
LASCI state 6 energy = -33.3894133014536
LASCI state 7 energy = -33.3894133014537
LASCI state 8 energy = -33.3894133014571
LASCI state 9 energy = -33.5903445532951
LASCI state 10 energy = -33.5903445532969
LASCI state 11 energy = -33.590344553297
LASCI state 12 energy = -33.5903445532971
LASCI state 13 energy = -33.590344553297
LASCI state 14 energy = -33.590344553297
LASCI state 15 energy = -33.5903445532969
LASCI state 16 energy = -33.5903445532951
******** LAS space tables ********
LAS space 0: (32e+32e,64o) wfynsm=A
Converged? True
E(LAS) = -33.7523772006859
S^2 = 0.0000000 (Pure)
Space table
 frag    (ae+be,no)  2S+1   ir   lroots
    0    (4e+4e,8o)     1    A        1
    1    (4e+4e,8o)     1    A        1
    2    (4e+4e,8o)     1    A        1
    3    (4e+4e,8o)     1    A        1
    4    (4e+4e,8o)     1    A        1
    5    (4e+4e,8o)     1    A        1
    6    (4e+4e,8o)     1    A        1
    7    (4e+4e,8o)     1    A        1
LAS space 1: (32e+31e,64o) wfynsm=A
Converged? True
E(LAS) = -33.389413301457
S^2 = 0.7500000 (Pure)
Space table
 frag    (ae+be,no)  2S+1   ir   lroots
    0    (4e+3e,8o)     2    A        1
    1    (4e+4e,8o)     1    A        1
    2    (4e+4e,8o)     1    A        1
    3    (4e+4e,8o)     1    A        1
    4    (4e+4e,8o)     1    A        1
    5    (4e+4e,8o)     1    A        1
    6    (4e+4e,8o)     1    A        1
    7    (4e+4e,8o)     1    A        1
LAS space 2: (32e+31e,64o) wfynsm=A
Converged? True
E(LAS) = -33.3894133014537
S^2 = 0.7500000 (Pure)
Space table
 frag    (ae+be,no)  2S+1   ir   lroots
    0    (4e+4e,8o)     1    A        1
    1    (4e+3e,8o)     2    A        1
    2    (4e+4e,8o)     1    A        1
    3    (4e+4e,8o)     1    A        1
    4    (4e+4e,8o)     1    A        1
    5    (4e+4e,8o)     1    A        1
    6    (4e+4e,8o)     1    A        1
    7    (4e+4e,8o)     1    A        1
LAS space 3: (32e+31e,64o) wfynsm=A
Converged? True
E(LAS) = -33.3894133014536
S^2 = 0.7500000 (Pure)
Space table
 frag    (ae+be,no)  2S+1   ir   lroots
    0    (4e+4e,8o)     1    A        1
    1    (4e+4e,8o)     1    A        1
    2    (4e+3e,8o)     2    A        1
    3    (4e+4e,8o)     1    A        1
    4    (4e+4e,8o)     1    A        1
    5    (4e+4e,8o)     1    A        1
    6    (4e+4e,8o)     1    A        1
    7    (4e+4e,8o)     1    A        1
LAS space 4: (32e+31e,64o) wfynsm=A
Converged? True
E(LAS) = -33.3894133014536
S^2 = 0.7500000 (Pure)
Space table
 frag    (ae+be,no)  2S+1   ir   lroots
    0    (4e+4e,8o)     1    A        1
    1    (4e+4e,8o)     1    A        1
    2    (4e+4e,8o)     1    A        1
    3    (4e+3e,8o)     2    A        1
    4    (4e+4e,8o)     1    A        1
    5    (4e+4e,8o)     1    A        1
    6    (4e+4e,8o)     1    A        1
    7    (4e+4e,8o)     1    A        1
LAS space 5: (32e+31e,64o) wfynsm=A
Converged? True
E(LAS) = -33.3894133014536
S^2 = 0.7500000 (Pure)
Space table
 frag    (ae+be,no)  2S+1   ir   lroots
    0    (4e+4e,8o)     1    A        1
    1    (4e+4e,8o)     1    A        1
    2    (4e+4e,8o)     1    A        1
    3    (4e+4e,8o)     1    A        1
    4    (4e+3e,8o)     2    A        1
    5    (4e+4e,8o)     1    A        1
    6    (4e+4e,8o)     1    A        1
    7    (4e+4e,8o)     1    A        1
LAS space 6: (32e+31e,64o) wfynsm=A
Converged? True
E(LAS) = -33.3894133014536
S^2 = 0.7500000 (Pure)
Space table
 frag    (ae+be,no)  2S+1   ir   lroots
    0    (4e+4e,8o)     1    A        1
    1    (4e+4e,8o)     1    A        1
    2    (4e+4e,8o)     1    A        1
    3    (4e+4e,8o)     1    A        1
    4    (4e+4e,8o)     1    A        1
    5    (4e+3e,8o)     2    A        1
    6    (4e+4e,8o)     1    A        1
    7    (4e+4e,8o)     1    A        1
LAS space 7: (32e+31e,64o) wfynsm=A
Converged? True
E(LAS) = -33.3894133014537
S^2 = 0.7500000 (Pure)
Space table
 frag    (ae+be,no)  2S+1   ir   lroots
    0    (4e+4e,8o)     1    A        1
    1    (4e+4e,8o)     1    A        1
    2    (4e+4e,8o)     1    A        1
    3    (4e+4e,8o)     1    A        1
    4    (4e+4e,8o)     1    A        1
    5    (4e+4e,8o)     1    A        1
    6    (4e+3e,8o)     2    A        1
    7    (4e+4e,8o)     1    A        1
LAS space 8: (32e+31e,64o) wfynsm=A
Converged? True
E(LAS) = -33.3894133014571
S^2 = 0.7500000 (Pure)
Space table
 frag    (ae+be,no)  2S+1   ir   lroots
    0    (4e+4e,8o)     1    A        1
    1    (4e+4e,8o)     1    A        1
    2    (4e+4e,8o)     1    A        1
    3    (4e+4e,8o)     1    A        1
    4    (4e+4e,8o)     1    A        1
    5    (4e+4e,8o)     1    A        1
    6    (4e+4e,8o)     1    A        1
    7    (4e+3e,8o)     2    A        1
LAS space 9: (33e+32e,64o) wfynsm=A
Converged? True
E(LAS) = -33.5903445532951
S^2 = 0.7500000 (Pure)
Space table
 frag    (ae+be,no)  2S+1   ir   lroots
    0    (5e+4e,8o)     2    A        1
    1    (4e+4e,8o)     1    A        1
    2    (4e+4e,8o)     1    A        1
    3    (4e+4e,8o)     1    A        1
    4    (4e+4e,8o)     1    A        1
    5    (4e+4e,8o)     1    A        1
    6    (4e+4e,8o)     1    A        1
    7    (4e+4e,8o)     1    A        1
LAS space 10: (33e+32e,64o) wfynsm=A
Converged? True
E(LAS) = -33.5903445532969
S^2 = 0.7500000 (Pure)
Space table
 frag    (ae+be,no)  2S+1   ir   lroots
    0    (4e+4e,8o)     1    A        1
    1    (5e+4e,8o)     2    A        1
    2    (4e+4e,8o)     1    A        1
    3    (4e+4e,8o)     1    A        1
    4    (4e+4e,8o)     1    A        1
    5    (4e+4e,8o)     1    A        1
    6    (4e+4e,8o)     1    A        1
    7    (4e+4e,8o)     1    A        1
LAS space 11: (33e+32e,64o) wfynsm=A
Converged? True
E(LAS) = -33.590344553297
S^2 = 0.7500000 (Pure)
Space table
 frag    (ae+be,no)  2S+1   ir   lroots
    0    (4e+4e,8o)     1    A        1
    1    (4e+4e,8o)     1    A        1
    2    (5e+4e,8o)     2    A        1
    3    (4e+4e,8o)     1    A        1
    4    (4e+4e,8o)     1    A        1
    5    (4e+4e,8o)     1    A        1
    6    (4e+4e,8o)     1    A        1
    7    (4e+4e,8o)     1    A        1
LAS space 12: (33e+32e,64o) wfynsm=A
Converged? True
E(LAS) = -33.5903445532971
S^2 = 0.7500000 (Pure)
Space table
 frag    (ae+be,no)  2S+1   ir   lroots
    0    (4e+4e,8o)     1    A        1
    1    (4e+4e,8o)     1    A        1
    2    (4e+4e,8o)     1    A        1
    3    (5e+4e,8o)     2    A        1
    4    (4e+4e,8o)     1    A        1
    5    (4e+4e,8o)     1    A        1
    6    (4e+4e,8o)     1    A        1
    7    (4e+4e,8o)     1    A        1
LAS space 13: (33e+32e,64o) wfynsm=A
Converged? True
E(LAS) = -33.590344553297
S^2 = 0.7500000 (Pure)
Space table
 frag    (ae+be,no)  2S+1   ir   lroots
    0    (4e+4e,8o)     1    A        1
    1    (4e+4e,8o)     1    A        1
    2    (4e+4e,8o)     1    A        1
    3    (4e+4e,8o)     1    A        1
    4    (5e+4e,8o)     2    A        1
    5    (4e+4e,8o)     1    A        1
    6    (4e+4e,8o)     1    A        1
    7    (4e+4e,8o)     1    A        1
LAS space 14: (33e+32e,64o) wfynsm=A
Converged? True
E(LAS) = -33.590344553297
S^2 = 0.7500000 (Pure)
Space table
 frag    (ae+be,no)  2S+1   ir   lroots
    0    (4e+4e,8o)     1    A        1
    1    (4e+4e,8o)     1    A        1
    2    (4e+4e,8o)     1    A        1
    3    (4e+4e,8o)     1    A        1
    4    (4e+4e,8o)     1    A        1
    5    (5e+4e,8o)     2    A        1
    6    (4e+4e,8o)     1    A        1
    7    (4e+4e,8o)     1    A        1
LAS space 15: (33e+32e,64o) wfynsm=A
Converged? True
E(LAS) = -33.5903445532969
S^2 = 0.7500000 (Pure)
Space table
 frag    (ae+be,no)  2S+1   ir   lroots
    0    (4e+4e,8o)     1    A        1
    1    (4e+4e,8o)     1    A        1
    2    (4e+4e,8o)     1    A        1
    3    (4e+4e,8o)     1    A        1
    4    (4e+4e,8o)     1    A        1
    5    (4e+4e,8o)     1    A        1
    6    (5e+4e,8o)     2    A        1
    7    (4e+4e,8o)     1    A        1
LAS space 16: (33e+32e,64o) wfynsm=A
Converged? True
E(LAS) = -33.5903445532951
S^2 = 0.7500000 (Pure)
Space table
 frag    (ae+be,no)  2S+1   ir   lroots
    0    (4e+4e,8o)     1    A        1
    1    (4e+4e,8o)     1    A        1
    2    (4e+4e,8o)     1    A        1
    3    (4e+4e,8o)     1    A        1
    4    (4e+4e,8o)     1    A        1
    5    (4e+4e,8o)     1    A        1
    6    (4e+4e,8o)     1    A        1
    7    (5e+4e,8o)     2    A        1
LASSI op_o0 memory check: 6.448345987272531e+31 MB needed of 195397.578752 MB available (200000 MB max)


******** <class 'pyscf.pbc.df.rsdf_builder._RSNucBuilder'> ********
mesh = [ 65  65 321] (1356225 PWs)
ke_cutoff = 17.626088768626285
omega = 0.48609237682611317
exclude_d_aux = False
exclude_dd_block = True
j2c_eig_always = False
has_long_range = True
Symmetry analysis of 17 LAS rootspaces:
 ix            Energy  <S**2>  Neleca  Nelecb  Nelec   Wfnsym
  0    -33.7523772007   0.000      32      32      64       A
  1    -33.3894133015   0.750      32      31      63       A
  2    -33.3894133015   0.750      32      31      63       A
  3    -33.3894133015   0.750      32      31      63       A
  4    -33.3894133015   0.750      32      31      63       A
  5    -33.3894133015   0.750      32      31      63       A
  6    -33.3894133015   0.750      32      31      63       A
  7    -33.3894133015   0.750      32      31      63       A
  8    -33.3894133015   0.750      32      31      63       A
  9    -33.5903445533   0.750      33      32      65       A
 10    -33.5903445533   0.750      33      32      65       A
 11    -33.5903445533   0.750      33      32      65       A
 12    -33.5903445533   0.750      33      32      65       A
 13    -33.5903445533   0.750      33      32      65       A
 14    -33.5903445533   0.750      33      32      65       A
 15    -33.5903445533   0.750      33      32      65       A
 16    -33.5903445533   0.750      33      32      65       A
Build + diag H matrix LASSI symmetry block 0
['neleca', 'nelecb', 'irrep'] = (32, 32, 0)
(1 rootspaces; 1 states)
Build + diag H matrix LASSI symmetry block 1
['neleca', 'nelecb', 'irrep'] = (33, 32, 0)
(8 rootspaces; 8 states)
LASSI op_o0 memory check: 6.252939335963512e+31 MB needed of 195294.84288 MB available (200000 MB max)
8/8 linearly independent model states
Build + diag H matrix LASSI symmetry block 2
['neleca', 'nelecb', 'irrep'] = (32, 31, 0)
(8 rootspaces; 8 states)
LASSI op_o0 memory check: 6.252939335963512e+31 MB needed of 195294.543872 MB available (200000 MB max)
8/8 linearly independent model states
LASSI eigenvalues (17 total):
 ix            Energy  <S**2>  Neleca  Nelecb  Wfnsym
  0    -33.7523772007   0.000      32      32       A
  1    -33.6311228676   0.750      33      32       A
  2    -33.6191789888   0.750      33      32       A
  3    -33.6191789888   0.750      33      32       A
  4    -33.5903442887   0.750      33      32       A
  5    -33.5903442887   0.750      33      32       A
  6    -33.5615101178   0.750      33      32       A
  7    -33.5615101178   0.750      33      32       A
  8    -33.5495667681   0.750      33      32       A
  9    -33.4191639228   0.750      32      31       A
 10    -33.4104500006   0.750      32      31       A
 11    -33.4104500006   0.750      32      31       A
 12    -33.3894130654   0.750      32      31       A
 13    -33.3894130654   0.750      32      31       A
 14    -33.3683766023   0.750      32      31       A
 15    -33.3683766023   0.750      32      31       A
 16    -33.3596631523   0.750      32      31       A
